[2026-02-19T19:47:27.906+0000] {processor.py:161} INFO - Started process (PID=71) to work on /opt/airflow/dags/minio_to_snowflak.py
[2026-02-19T19:47:27.906+0000] {processor.py:830} INFO - Processing file /opt/airflow/dags/minio_to_snowflak.py for tasks to queue
[2026-02-19T19:47:27.908+0000] {logging_mixin.py:188} INFO - [2026-02-19T19:47:27.908+0000] {dagbag.py:545} INFO - Filling up the DagBag from /opt/airflow/dags/minio_to_snowflak.py
[2026-02-19T19:47:28.738+0000] {processor.py:840} INFO - DAG(s) 'minio_to_snowflake' retrieved from /opt/airflow/dags/minio_to_snowflak.py
[2026-02-19T19:47:28.770+0000] {logging_mixin.py:188} INFO - [2026-02-19T19:47:28.770+0000] {dag.py:3089} INFO - Sync 1 DAGs
[2026-02-19T19:47:28.786+0000] {logging_mixin.py:188} INFO - [2026-02-19T19:47:28.786+0000] {dag.py:3947} INFO - Setting next_dagrun for minio_to_snowflake to 2026-02-19 19:46:00+00:00, run_after=2026-02-19 19:47:00+00:00
[2026-02-19T19:47:28.797+0000] {processor.py:183} INFO - Processing /opt/airflow/dags/minio_to_snowflak.py took 0.895 seconds
[2026-02-19T19:47:58.974+0000] {processor.py:161} INFO - Started process (PID=4179) to work on /opt/airflow/dags/minio_to_snowflak.py
[2026-02-19T19:47:58.975+0000] {processor.py:830} INFO - Processing file /opt/airflow/dags/minio_to_snowflak.py for tasks to queue
[2026-02-19T19:47:58.978+0000] {logging_mixin.py:188} INFO - [2026-02-19T19:47:58.978+0000] {dagbag.py:545} INFO - Filling up the DagBag from /opt/airflow/dags/minio_to_snowflak.py
[2026-02-19T19:47:59.400+0000] {processor.py:840} INFO - DAG(s) 'minio_to_snowflake' retrieved from /opt/airflow/dags/minio_to_snowflak.py
[2026-02-19T19:47:59.421+0000] {logging_mixin.py:188} INFO - [2026-02-19T19:47:59.421+0000] {dag.py:3089} INFO - Sync 1 DAGs
[2026-02-19T19:47:59.433+0000] {logging_mixin.py:188} INFO - [2026-02-19T19:47:59.433+0000] {dag.py:3947} INFO - Setting next_dagrun for minio_to_snowflake to 2026-02-19 19:47:00+00:00, run_after=2026-02-19 19:48:00+00:00
[2026-02-19T19:47:59.444+0000] {processor.py:183} INFO - Processing /opt/airflow/dags/minio_to_snowflak.py took 0.479 seconds
[2026-02-19T19:48:29.685+0000] {processor.py:161} INFO - Started process (PID=6221) to work on /opt/airflow/dags/minio_to_snowflak.py
[2026-02-19T19:48:29.688+0000] {processor.py:830} INFO - Processing file /opt/airflow/dags/minio_to_snowflak.py for tasks to queue
[2026-02-19T19:48:29.693+0000] {logging_mixin.py:188} INFO - [2026-02-19T19:48:29.692+0000] {dagbag.py:545} INFO - Filling up the DagBag from /opt/airflow/dags/minio_to_snowflak.py
[2026-02-19T19:48:30.260+0000] {processor.py:840} INFO - DAG(s) 'minio_to_snowflake' retrieved from /opt/airflow/dags/minio_to_snowflak.py
[2026-02-19T19:48:30.284+0000] {logging_mixin.py:188} INFO - [2026-02-19T19:48:30.283+0000] {dag.py:3089} INFO - Sync 1 DAGs
[2026-02-19T19:48:30.294+0000] {logging_mixin.py:188} INFO - [2026-02-19T19:48:30.294+0000] {dag.py:3947} INFO - Setting next_dagrun for minio_to_snowflake to 2026-02-19 19:48:00+00:00, run_after=2026-02-19 19:49:00+00:00
[2026-02-19T19:48:30.302+0000] {processor.py:183} INFO - Processing /opt/airflow/dags/minio_to_snowflak.py took 0.627 seconds
[2026-02-19T19:49:00.529+0000] {processor.py:161} INFO - Started process (PID=6224) to work on /opt/airflow/dags/minio_to_snowflak.py
[2026-02-19T19:49:00.531+0000] {processor.py:830} INFO - Processing file /opt/airflow/dags/minio_to_snowflak.py for tasks to queue
[2026-02-19T19:49:00.534+0000] {logging_mixin.py:188} INFO - [2026-02-19T19:49:00.533+0000] {dagbag.py:545} INFO - Filling up the DagBag from /opt/airflow/dags/minio_to_snowflak.py
[2026-02-19T19:49:01.065+0000] {processor.py:840} INFO - DAG(s) 'minio_to_snowflake' retrieved from /opt/airflow/dags/minio_to_snowflak.py
[2026-02-19T19:49:01.086+0000] {logging_mixin.py:188} INFO - [2026-02-19T19:49:01.085+0000] {dag.py:3089} INFO - Sync 1 DAGs
[2026-02-19T19:49:01.098+0000] {logging_mixin.py:188} INFO - [2026-02-19T19:49:01.098+0000] {dag.py:3947} INFO - Setting next_dagrun for minio_to_snowflake to 2026-02-19 19:49:00+00:00, run_after=2026-02-19 19:50:00+00:00
[2026-02-19T19:49:01.107+0000] {processor.py:183} INFO - Processing /opt/airflow/dags/minio_to_snowflak.py took 0.586 seconds
[2026-02-19T19:49:31.374+0000] {processor.py:161} INFO - Started process (PID=8253) to work on /opt/airflow/dags/minio_to_snowflak.py
[2026-02-19T19:49:31.376+0000] {processor.py:830} INFO - Processing file /opt/airflow/dags/minio_to_snowflak.py for tasks to queue
[2026-02-19T19:49:31.379+0000] {logging_mixin.py:188} INFO - [2026-02-19T19:49:31.379+0000] {dagbag.py:545} INFO - Filling up the DagBag from /opt/airflow/dags/minio_to_snowflak.py
[2026-02-19T19:49:31.958+0000] {processor.py:840} INFO - DAG(s) 'minio_to_snowflake' retrieved from /opt/airflow/dags/minio_to_snowflak.py
[2026-02-19T19:49:31.975+0000] {logging_mixin.py:188} INFO - [2026-02-19T19:49:31.975+0000] {dag.py:3089} INFO - Sync 1 DAGs
[2026-02-19T19:49:31.986+0000] {logging_mixin.py:188} INFO - [2026-02-19T19:49:31.986+0000] {dag.py:3947} INFO - Setting next_dagrun for minio_to_snowflake to 2026-02-19 19:49:00+00:00, run_after=2026-02-19 19:50:00+00:00
[2026-02-19T19:49:32.015+0000] {processor.py:183} INFO - Processing /opt/airflow/dags/minio_to_snowflak.py took 0.654 seconds
[2026-02-19T19:50:02.195+0000] {processor.py:161} INFO - Started process (PID=9523) to work on /opt/airflow/dags/minio_to_snowflak.py
[2026-02-19T19:50:02.197+0000] {processor.py:830} INFO - Processing file /opt/airflow/dags/minio_to_snowflak.py for tasks to queue
[2026-02-19T19:50:02.199+0000] {logging_mixin.py:188} INFO - [2026-02-19T19:50:02.199+0000] {dagbag.py:545} INFO - Filling up the DagBag from /opt/airflow/dags/minio_to_snowflak.py
[2026-02-19T19:50:02.762+0000] {processor.py:840} INFO - DAG(s) 'minio_to_snowflake' retrieved from /opt/airflow/dags/minio_to_snowflak.py
[2026-02-19T19:50:02.801+0000] {logging_mixin.py:188} INFO - [2026-02-19T19:50:02.800+0000] {dag.py:3089} INFO - Sync 1 DAGs
[2026-02-19T19:50:02.817+0000] {logging_mixin.py:188} INFO - [2026-02-19T19:50:02.817+0000] {dag.py:3947} INFO - Setting next_dagrun for minio_to_snowflake to 2026-02-19 19:49:00+00:00, run_after=2026-02-19 19:50:00+00:00
[2026-02-19T19:50:02.835+0000] {processor.py:183} INFO - Processing /opt/airflow/dags/minio_to_snowflak.py took 0.645 seconds
[2026-02-19T19:50:33.031+0000] {processor.py:161} INFO - Started process (PID=16337) to work on /opt/airflow/dags/minio_to_snowflak.py
[2026-02-19T19:50:33.033+0000] {processor.py:830} INFO - Processing file /opt/airflow/dags/minio_to_snowflak.py for tasks to queue
[2026-02-19T19:50:33.035+0000] {logging_mixin.py:188} INFO - [2026-02-19T19:50:33.035+0000] {dagbag.py:545} INFO - Filling up the DagBag from /opt/airflow/dags/minio_to_snowflak.py
[2026-02-19T19:50:33.497+0000] {processor.py:840} INFO - DAG(s) 'minio_to_snowflake' retrieved from /opt/airflow/dags/minio_to_snowflak.py
[2026-02-19T19:50:33.513+0000] {logging_mixin.py:188} INFO - [2026-02-19T19:50:33.513+0000] {dag.py:3089} INFO - Sync 1 DAGs
[2026-02-19T19:50:33.527+0000] {logging_mixin.py:188} INFO - [2026-02-19T19:50:33.527+0000] {dag.py:3947} INFO - Setting next_dagrun for minio_to_snowflake to 2026-02-19 19:50:00+00:00, run_after=2026-02-19 19:51:00+00:00
[2026-02-19T19:50:33.538+0000] {processor.py:183} INFO - Processing /opt/airflow/dags/minio_to_snowflak.py took 0.514 seconds
[2026-02-19T19:51:03.634+0000] {processor.py:161} INFO - Started process (PID=16700) to work on /opt/airflow/dags/minio_to_snowflak.py
[2026-02-19T19:51:03.635+0000] {processor.py:830} INFO - Processing file /opt/airflow/dags/minio_to_snowflak.py for tasks to queue
[2026-02-19T19:51:03.638+0000] {logging_mixin.py:188} INFO - [2026-02-19T19:51:03.637+0000] {dagbag.py:545} INFO - Filling up the DagBag from /opt/airflow/dags/minio_to_snowflak.py
[2026-02-19T19:51:04.204+0000] {processor.py:840} INFO - DAG(s) 'minio_to_snowflake' retrieved from /opt/airflow/dags/minio_to_snowflak.py
[2026-02-19T19:51:04.222+0000] {logging_mixin.py:188} INFO - [2026-02-19T19:51:04.221+0000] {dag.py:3089} INFO - Sync 1 DAGs
[2026-02-19T19:51:04.237+0000] {logging_mixin.py:188} INFO - [2026-02-19T19:51:04.237+0000] {dag.py:3947} INFO - Setting next_dagrun for minio_to_snowflake to 2026-02-19 19:51:00+00:00, run_after=2026-02-19 19:52:00+00:00
[2026-02-19T19:51:04.251+0000] {processor.py:183} INFO - Processing /opt/airflow/dags/minio_to_snowflak.py took 0.623 seconds
[2026-02-19T19:51:34.505+0000] {processor.py:161} INFO - Started process (PID=18395) to work on /opt/airflow/dags/minio_to_snowflak.py
[2026-02-19T19:51:34.506+0000] {processor.py:830} INFO - Processing file /opt/airflow/dags/minio_to_snowflak.py for tasks to queue
[2026-02-19T19:51:34.508+0000] {logging_mixin.py:188} INFO - [2026-02-19T19:51:34.508+0000] {dagbag.py:545} INFO - Filling up the DagBag from /opt/airflow/dags/minio_to_snowflak.py
[2026-02-19T19:51:34.946+0000] {processor.py:840} INFO - DAG(s) 'minio_to_snowflake' retrieved from /opt/airflow/dags/minio_to_snowflak.py
[2026-02-19T19:51:34.962+0000] {logging_mixin.py:188} INFO - [2026-02-19T19:51:34.961+0000] {dag.py:3089} INFO - Sync 1 DAGs
[2026-02-19T19:51:34.972+0000] {logging_mixin.py:188} INFO - [2026-02-19T19:51:34.972+0000] {dag.py:3947} INFO - Setting next_dagrun for minio_to_snowflake to 2026-02-19 19:51:00+00:00, run_after=2026-02-19 19:52:00+00:00
[2026-02-19T19:51:34.979+0000] {processor.py:183} INFO - Processing /opt/airflow/dags/minio_to_snowflak.py took 0.481 seconds
[2026-02-19T19:52:05.303+0000] {processor.py:161} INFO - Started process (PID=19095) to work on /opt/airflow/dags/minio_to_snowflak.py
[2026-02-19T19:52:05.304+0000] {processor.py:830} INFO - Processing file /opt/airflow/dags/minio_to_snowflak.py for tasks to queue
[2026-02-19T19:52:05.310+0000] {logging_mixin.py:188} INFO - [2026-02-19T19:52:05.309+0000] {dagbag.py:545} INFO - Filling up the DagBag from /opt/airflow/dags/minio_to_snowflak.py
[2026-02-19T19:52:06.135+0000] {processor.py:840} INFO - DAG(s) 'minio_to_snowflake' retrieved from /opt/airflow/dags/minio_to_snowflak.py
[2026-02-19T19:52:06.172+0000] {logging_mixin.py:188} INFO - [2026-02-19T19:52:06.172+0000] {dag.py:3089} INFO - Sync 1 DAGs
[2026-02-19T19:52:06.184+0000] {logging_mixin.py:188} INFO - [2026-02-19T19:52:06.184+0000] {dag.py:3947} INFO - Setting next_dagrun for minio_to_snowflake to 2026-02-19 19:52:00+00:00, run_after=2026-02-19 19:53:00+00:00
[2026-02-19T19:52:06.198+0000] {processor.py:183} INFO - Processing /opt/airflow/dags/minio_to_snowflak.py took 0.902 seconds
[2026-02-19T19:52:36.548+0000] {processor.py:161} INFO - Started process (PID=20427) to work on /opt/airflow/dags/minio_to_snowflak.py
[2026-02-19T19:52:36.551+0000] {processor.py:830} INFO - Processing file /opt/airflow/dags/minio_to_snowflak.py for tasks to queue
[2026-02-19T19:52:36.558+0000] {logging_mixin.py:188} INFO - [2026-02-19T19:52:36.557+0000] {dagbag.py:545} INFO - Filling up the DagBag from /opt/airflow/dags/minio_to_snowflak.py
[2026-02-19T19:52:37.382+0000] {processor.py:840} INFO - DAG(s) 'minio_to_snowflake' retrieved from /opt/airflow/dags/minio_to_snowflak.py
[2026-02-19T19:52:37.409+0000] {logging_mixin.py:188} INFO - [2026-02-19T19:52:37.408+0000] {dag.py:3089} INFO - Sync 1 DAGs
[2026-02-19T19:52:37.422+0000] {logging_mixin.py:188} INFO - [2026-02-19T19:52:37.422+0000] {dag.py:3947} INFO - Setting next_dagrun for minio_to_snowflake to 2026-02-19 19:52:00+00:00, run_after=2026-02-19 19:53:00+00:00
[2026-02-19T19:52:37.432+0000] {processor.py:183} INFO - Processing /opt/airflow/dags/minio_to_snowflak.py took 0.899 seconds
[2026-02-19T19:53:07.691+0000] {processor.py:161} INFO - Started process (PID=20468) to work on /opt/airflow/dags/minio_to_snowflak.py
[2026-02-19T19:53:07.694+0000] {processor.py:830} INFO - Processing file /opt/airflow/dags/minio_to_snowflak.py for tasks to queue
[2026-02-19T19:53:07.698+0000] {logging_mixin.py:188} INFO - [2026-02-19T19:53:07.697+0000] {dagbag.py:545} INFO - Filling up the DagBag from /opt/airflow/dags/minio_to_snowflak.py
[2026-02-19T19:53:08.161+0000] {processor.py:840} INFO - DAG(s) 'minio_to_snowflake' retrieved from /opt/airflow/dags/minio_to_snowflak.py
[2026-02-19T19:53:08.176+0000] {logging_mixin.py:188} INFO - [2026-02-19T19:53:08.176+0000] {dag.py:3089} INFO - Sync 1 DAGs
[2026-02-19T19:53:08.186+0000] {logging_mixin.py:188} INFO - [2026-02-19T19:53:08.186+0000] {dag.py:3947} INFO - Setting next_dagrun for minio_to_snowflake to 2026-02-19 19:53:00+00:00, run_after=2026-02-19 19:54:00+00:00
[2026-02-19T19:53:08.195+0000] {processor.py:183} INFO - Processing /opt/airflow/dags/minio_to_snowflak.py took 0.514 seconds
[2026-02-19T19:53:38.452+0000] {processor.py:161} INFO - Started process (PID=20498) to work on /opt/airflow/dags/minio_to_snowflak.py
[2026-02-19T19:53:38.455+0000] {processor.py:830} INFO - Processing file /opt/airflow/dags/minio_to_snowflak.py for tasks to queue
[2026-02-19T19:53:38.460+0000] {logging_mixin.py:188} INFO - [2026-02-19T19:53:38.458+0000] {dagbag.py:545} INFO - Filling up the DagBag from /opt/airflow/dags/minio_to_snowflak.py
[2026-02-19T19:53:39.052+0000] {processor.py:840} INFO - DAG(s) 'minio_to_snowflake' retrieved from /opt/airflow/dags/minio_to_snowflak.py
[2026-02-19T19:53:39.074+0000] {logging_mixin.py:188} INFO - [2026-02-19T19:53:39.074+0000] {dag.py:3089} INFO - Sync 1 DAGs
[2026-02-19T19:53:39.087+0000] {logging_mixin.py:188} INFO - [2026-02-19T19:53:39.087+0000] {dag.py:3947} INFO - Setting next_dagrun for minio_to_snowflake to 2026-02-19 19:53:00+00:00, run_after=2026-02-19 19:54:00+00:00
[2026-02-19T19:53:39.094+0000] {processor.py:183} INFO - Processing /opt/airflow/dags/minio_to_snowflak.py took 0.664 seconds
[2026-02-19T19:54:09.371+0000] {processor.py:161} INFO - Started process (PID=20527) to work on /opt/airflow/dags/minio_to_snowflak.py
[2026-02-19T19:54:09.373+0000] {processor.py:830} INFO - Processing file /opt/airflow/dags/minio_to_snowflak.py for tasks to queue
[2026-02-19T19:54:09.376+0000] {logging_mixin.py:188} INFO - [2026-02-19T19:54:09.375+0000] {dagbag.py:545} INFO - Filling up the DagBag from /opt/airflow/dags/minio_to_snowflak.py
[2026-02-19T19:54:09.972+0000] {processor.py:840} INFO - DAG(s) 'minio_to_snowflake' retrieved from /opt/airflow/dags/minio_to_snowflak.py
[2026-02-19T19:54:10.005+0000] {logging_mixin.py:188} INFO - [2026-02-19T19:54:10.005+0000] {dag.py:3089} INFO - Sync 1 DAGs
[2026-02-19T19:54:10.020+0000] {logging_mixin.py:188} INFO - [2026-02-19T19:54:10.020+0000] {dag.py:3947} INFO - Setting next_dagrun for minio_to_snowflake to 2026-02-19 19:54:00+00:00, run_after=2026-02-19 19:55:00+00:00
[2026-02-19T19:54:10.030+0000] {processor.py:183} INFO - Processing /opt/airflow/dags/minio_to_snowflak.py took 0.677 seconds
[2026-02-19T19:54:40.296+0000] {processor.py:161} INFO - Started process (PID=20543) to work on /opt/airflow/dags/minio_to_snowflak.py
[2026-02-19T19:54:40.298+0000] {processor.py:830} INFO - Processing file /opt/airflow/dags/minio_to_snowflak.py for tasks to queue
[2026-02-19T19:54:40.301+0000] {logging_mixin.py:188} INFO - [2026-02-19T19:54:40.300+0000] {dagbag.py:545} INFO - Filling up the DagBag from /opt/airflow/dags/minio_to_snowflak.py
[2026-02-19T19:54:40.905+0000] {processor.py:840} INFO - DAG(s) 'minio_to_snowflake' retrieved from /opt/airflow/dags/minio_to_snowflak.py
[2026-02-19T19:54:40.924+0000] {logging_mixin.py:188} INFO - [2026-02-19T19:54:40.924+0000] {dag.py:3089} INFO - Sync 1 DAGs
[2026-02-19T19:54:40.938+0000] {logging_mixin.py:188} INFO - [2026-02-19T19:54:40.938+0000] {dag.py:3947} INFO - Setting next_dagrun for minio_to_snowflake to 2026-02-19 19:54:00+00:00, run_after=2026-02-19 19:55:00+00:00
[2026-02-19T19:54:40.947+0000] {processor.py:183} INFO - Processing /opt/airflow/dags/minio_to_snowflak.py took 0.666 seconds
[2026-02-19T19:55:11.222+0000] {processor.py:161} INFO - Started process (PID=20572) to work on /opt/airflow/dags/minio_to_snowflak.py
[2026-02-19T19:55:11.227+0000] {processor.py:830} INFO - Processing file /opt/airflow/dags/minio_to_snowflak.py for tasks to queue
[2026-02-19T19:55:11.233+0000] {logging_mixin.py:188} INFO - [2026-02-19T19:55:11.232+0000] {dagbag.py:545} INFO - Filling up the DagBag from /opt/airflow/dags/minio_to_snowflak.py
[2026-02-19T19:55:11.702+0000] {processor.py:840} INFO - DAG(s) 'minio_to_snowflake' retrieved from /opt/airflow/dags/minio_to_snowflak.py
[2026-02-19T19:55:11.718+0000] {logging_mixin.py:188} INFO - [2026-02-19T19:55:11.717+0000] {dag.py:3089} INFO - Sync 1 DAGs
[2026-02-19T19:55:11.729+0000] {logging_mixin.py:188} INFO - [2026-02-19T19:55:11.729+0000] {dag.py:3947} INFO - Setting next_dagrun for minio_to_snowflake to 2026-02-19 19:55:00+00:00, run_after=2026-02-19 19:56:00+00:00
[2026-02-19T19:55:11.736+0000] {processor.py:183} INFO - Processing /opt/airflow/dags/minio_to_snowflak.py took 0.527 seconds
[2026-02-19T19:55:41.951+0000] {processor.py:161} INFO - Started process (PID=20575) to work on /opt/airflow/dags/minio_to_snowflak.py
[2026-02-19T19:55:41.953+0000] {processor.py:830} INFO - Processing file /opt/airflow/dags/minio_to_snowflak.py for tasks to queue
[2026-02-19T19:55:41.957+0000] {logging_mixin.py:188} INFO - [2026-02-19T19:55:41.956+0000] {dagbag.py:545} INFO - Filling up the DagBag from /opt/airflow/dags/minio_to_snowflak.py
[2026-02-19T19:55:42.565+0000] {processor.py:840} INFO - DAG(s) 'minio_to_snowflake' retrieved from /opt/airflow/dags/minio_to_snowflak.py
[2026-02-19T19:55:42.641+0000] {logging_mixin.py:188} INFO - [2026-02-19T19:55:42.640+0000] {dag.py:3089} INFO - Sync 1 DAGs
[2026-02-19T19:55:42.645+0000] {logging_mixin.py:188} INFO - [2026-02-19T19:55:42.645+0000] {dag.py:3111} INFO - Creating ORM DAG for minio_to_snowflake
[2026-02-19T19:55:42.652+0000] {logging_mixin.py:188} INFO - [2026-02-19T19:55:42.651+0000] {dag.py:3947} INFO - Setting next_dagrun for minio_to_snowflake to 2026-02-19 19:54:00+00:00, run_after=2026-02-19 19:55:00+00:00
[2026-02-19T19:55:42.660+0000] {processor.py:183} INFO - Processing /opt/airflow/dags/minio_to_snowflak.py took 0.728 seconds
[2026-02-19T19:56:12.911+0000] {processor.py:161} INFO - Started process (PID=20578) to work on /opt/airflow/dags/minio_to_snowflak.py
[2026-02-19T19:56:12.912+0000] {processor.py:830} INFO - Processing file /opt/airflow/dags/minio_to_snowflak.py for tasks to queue
[2026-02-19T19:56:12.915+0000] {logging_mixin.py:188} INFO - [2026-02-19T19:56:12.915+0000] {dagbag.py:545} INFO - Filling up the DagBag from /opt/airflow/dags/minio_to_snowflak.py
[2026-02-19T19:56:13.337+0000] {processor.py:840} INFO - DAG(s) 'minio_to_snowflake' retrieved from /opt/airflow/dags/minio_to_snowflak.py
[2026-02-19T19:56:13.350+0000] {logging_mixin.py:188} INFO - [2026-02-19T19:56:13.349+0000] {dag.py:3089} INFO - Sync 1 DAGs
[2026-02-19T19:56:13.360+0000] {logging_mixin.py:188} INFO - [2026-02-19T19:56:13.360+0000] {dag.py:3947} INFO - Setting next_dagrun for minio_to_snowflake to 2026-02-19 19:55:00+00:00, run_after=2026-02-19 19:56:00+00:00
[2026-02-19T19:56:13.367+0000] {processor.py:183} INFO - Processing /opt/airflow/dags/minio_to_snowflak.py took 0.464 seconds
[2026-02-19T19:56:43.654+0000] {processor.py:161} INFO - Started process (PID=20581) to work on /opt/airflow/dags/minio_to_snowflak.py
[2026-02-19T19:56:43.655+0000] {processor.py:830} INFO - Processing file /opt/airflow/dags/minio_to_snowflak.py for tasks to queue
[2026-02-19T19:56:43.659+0000] {logging_mixin.py:188} INFO - [2026-02-19T19:56:43.658+0000] {dagbag.py:545} INFO - Filling up the DagBag from /opt/airflow/dags/minio_to_snowflak.py
[2026-02-19T19:56:44.284+0000] {processor.py:840} INFO - DAG(s) 'minio_to_snowflake' retrieved from /opt/airflow/dags/minio_to_snowflak.py
[2026-02-19T19:56:44.300+0000] {logging_mixin.py:188} INFO - [2026-02-19T19:56:44.300+0000] {dag.py:3089} INFO - Sync 1 DAGs
[2026-02-19T19:56:44.311+0000] {logging_mixin.py:188} INFO - [2026-02-19T19:56:44.311+0000] {dag.py:3947} INFO - Setting next_dagrun for minio_to_snowflake to 2026-02-19 19:55:00+00:00, run_after=2026-02-19 19:56:00+00:00
[2026-02-19T19:56:44.320+0000] {processor.py:183} INFO - Processing /opt/airflow/dags/minio_to_snowflak.py took 0.677 seconds
[2026-02-19T19:57:14.727+0000] {processor.py:161} INFO - Started process (PID=20584) to work on /opt/airflow/dags/minio_to_snowflak.py
[2026-02-19T19:57:14.729+0000] {processor.py:830} INFO - Processing file /opt/airflow/dags/minio_to_snowflak.py for tasks to queue
[2026-02-19T19:57:14.732+0000] {logging_mixin.py:188} INFO - [2026-02-19T19:57:14.732+0000] {dagbag.py:545} INFO - Filling up the DagBag from /opt/airflow/dags/minio_to_snowflak.py
[2026-02-19T19:57:15.353+0000] {processor.py:840} INFO - DAG(s) 'minio_to_snowflake' retrieved from /opt/airflow/dags/minio_to_snowflak.py
[2026-02-19T19:57:15.373+0000] {logging_mixin.py:188} INFO - [2026-02-19T19:57:15.372+0000] {dag.py:3089} INFO - Sync 1 DAGs
[2026-02-19T19:57:15.385+0000] {logging_mixin.py:188} INFO - [2026-02-19T19:57:15.384+0000] {dag.py:3947} INFO - Setting next_dagrun for minio_to_snowflake to 2026-02-19 19:56:00+00:00, run_after=2026-02-19 19:57:00+00:00
[2026-02-19T19:57:15.393+0000] {processor.py:183} INFO - Processing /opt/airflow/dags/minio_to_snowflak.py took 0.679 seconds
[2026-02-19T19:57:45.702+0000] {processor.py:161} INFO - Started process (PID=20587) to work on /opt/airflow/dags/minio_to_snowflak.py
[2026-02-19T19:57:45.704+0000] {processor.py:830} INFO - Processing file /opt/airflow/dags/minio_to_snowflak.py for tasks to queue
[2026-02-19T19:57:45.707+0000] {logging_mixin.py:188} INFO - [2026-02-19T19:57:45.706+0000] {dagbag.py:545} INFO - Filling up the DagBag from /opt/airflow/dags/minio_to_snowflak.py
[2026-02-19T19:57:46.390+0000] {processor.py:840} INFO - DAG(s) 'minio_to_snowflake' retrieved from /opt/airflow/dags/minio_to_snowflak.py
[2026-02-19T19:57:46.412+0000] {logging_mixin.py:188} INFO - [2026-02-19T19:57:46.411+0000] {dag.py:3089} INFO - Sync 1 DAGs
[2026-02-19T19:57:46.424+0000] {logging_mixin.py:188} INFO - [2026-02-19T19:57:46.424+0000] {dag.py:3947} INFO - Setting next_dagrun for minio_to_snowflake to 2026-02-19 19:56:00+00:00, run_after=2026-02-19 19:57:00+00:00
[2026-02-19T19:57:46.432+0000] {processor.py:183} INFO - Processing /opt/airflow/dags/minio_to_snowflak.py took 0.751 seconds
[2026-02-19T19:58:16.507+0000] {processor.py:161} INFO - Started process (PID=20590) to work on /opt/airflow/dags/minio_to_snowflak.py
[2026-02-19T19:58:16.509+0000] {processor.py:830} INFO - Processing file /opt/airflow/dags/minio_to_snowflak.py for tasks to queue
[2026-02-19T19:58:16.513+0000] {logging_mixin.py:188} INFO - [2026-02-19T19:58:16.512+0000] {dagbag.py:545} INFO - Filling up the DagBag from /opt/airflow/dags/minio_to_snowflak.py
[2026-02-19T19:58:17.188+0000] {processor.py:840} INFO - DAG(s) 'minio_to_snowflake' retrieved from /opt/airflow/dags/minio_to_snowflak.py
[2026-02-19T19:58:17.209+0000] {logging_mixin.py:188} INFO - [2026-02-19T19:58:17.208+0000] {dag.py:3089} INFO - Sync 1 DAGs
[2026-02-19T19:58:17.220+0000] {logging_mixin.py:188} INFO - [2026-02-19T19:58:17.220+0000] {dag.py:3947} INFO - Setting next_dagrun for minio_to_snowflake to 2026-02-19 19:57:00+00:00, run_after=2026-02-19 19:58:00+00:00
[2026-02-19T19:58:17.236+0000] {processor.py:183} INFO - Processing /opt/airflow/dags/minio_to_snowflak.py took 0.744 seconds
[2026-02-19T19:58:47.544+0000] {processor.py:161} INFO - Started process (PID=20593) to work on /opt/airflow/dags/minio_to_snowflak.py
[2026-02-19T19:58:47.547+0000] {processor.py:830} INFO - Processing file /opt/airflow/dags/minio_to_snowflak.py for tasks to queue
[2026-02-19T19:58:47.551+0000] {logging_mixin.py:188} INFO - [2026-02-19T19:58:47.551+0000] {dagbag.py:545} INFO - Filling up the DagBag from /opt/airflow/dags/minio_to_snowflak.py
[2026-02-19T19:58:48.232+0000] {processor.py:840} INFO - DAG(s) 'minio_to_snowflake' retrieved from /opt/airflow/dags/minio_to_snowflak.py
[2026-02-19T19:58:48.251+0000] {logging_mixin.py:188} INFO - [2026-02-19T19:58:48.251+0000] {dag.py:3089} INFO - Sync 1 DAGs
[2026-02-19T19:58:48.265+0000] {logging_mixin.py:188} INFO - [2026-02-19T19:58:48.265+0000] {dag.py:3947} INFO - Setting next_dagrun for minio_to_snowflake to 2026-02-19 19:57:00+00:00, run_after=2026-02-19 19:58:00+00:00
[2026-02-19T19:58:48.274+0000] {processor.py:183} INFO - Processing /opt/airflow/dags/minio_to_snowflak.py took 0.753 seconds
[2026-02-19T19:59:18.711+0000] {processor.py:161} INFO - Started process (PID=20596) to work on /opt/airflow/dags/minio_to_snowflak.py
[2026-02-19T19:59:18.716+0000] {processor.py:830} INFO - Processing file /opt/airflow/dags/minio_to_snowflak.py for tasks to queue
[2026-02-19T19:59:18.722+0000] {logging_mixin.py:188} INFO - [2026-02-19T19:59:18.721+0000] {dagbag.py:545} INFO - Filling up the DagBag from /opt/airflow/dags/minio_to_snowflak.py
[2026-02-19T19:59:19.512+0000] {processor.py:840} INFO - DAG(s) 'minio_to_snowflake' retrieved from /opt/airflow/dags/minio_to_snowflak.py
[2026-02-19T19:59:19.534+0000] {logging_mixin.py:188} INFO - [2026-02-19T19:59:19.533+0000] {dag.py:3089} INFO - Sync 1 DAGs
[2026-02-19T19:59:19.545+0000] {logging_mixin.py:188} INFO - [2026-02-19T19:59:19.545+0000] {dag.py:3947} INFO - Setting next_dagrun for minio_to_snowflake to 2026-02-19 19:58:00+00:00, run_after=2026-02-19 19:59:00+00:00
[2026-02-19T19:59:19.561+0000] {processor.py:183} INFO - Processing /opt/airflow/dags/minio_to_snowflak.py took 0.878 seconds
[2026-02-19T19:59:49.834+0000] {processor.py:161} INFO - Started process (PID=20599) to work on /opt/airflow/dags/minio_to_snowflak.py
[2026-02-19T19:59:49.836+0000] {processor.py:830} INFO - Processing file /opt/airflow/dags/minio_to_snowflak.py for tasks to queue
[2026-02-19T19:59:49.844+0000] {logging_mixin.py:188} INFO - [2026-02-19T19:59:49.843+0000] {dagbag.py:545} INFO - Filling up the DagBag from /opt/airflow/dags/minio_to_snowflak.py
[2026-02-19T19:59:50.498+0000] {processor.py:840} INFO - DAG(s) 'minio_to_snowflake' retrieved from /opt/airflow/dags/minio_to_snowflak.py
[2026-02-19T19:59:50.518+0000] {logging_mixin.py:188} INFO - [2026-02-19T19:59:50.518+0000] {dag.py:3089} INFO - Sync 1 DAGs
[2026-02-19T19:59:50.538+0000] {logging_mixin.py:188} INFO - [2026-02-19T19:59:50.538+0000] {dag.py:3947} INFO - Setting next_dagrun for minio_to_snowflake to 2026-02-19 19:58:00+00:00, run_after=2026-02-19 19:59:00+00:00
[2026-02-19T19:59:50.550+0000] {processor.py:183} INFO - Processing /opt/airflow/dags/minio_to_snowflak.py took 0.732 seconds
[2026-02-19T20:00:20.881+0000] {processor.py:161} INFO - Started process (PID=20602) to work on /opt/airflow/dags/minio_to_snowflak.py
[2026-02-19T20:00:20.883+0000] {processor.py:830} INFO - Processing file /opt/airflow/dags/minio_to_snowflak.py for tasks to queue
[2026-02-19T20:00:20.887+0000] {logging_mixin.py:188} INFO - [2026-02-19T20:00:20.887+0000] {dagbag.py:545} INFO - Filling up the DagBag from /opt/airflow/dags/minio_to_snowflak.py
[2026-02-19T20:00:21.308+0000] {processor.py:840} INFO - DAG(s) 'minio_to_snowflake' retrieved from /opt/airflow/dags/minio_to_snowflak.py
[2026-02-19T20:00:21.320+0000] {logging_mixin.py:188} INFO - [2026-02-19T20:00:21.320+0000] {dag.py:3089} INFO - Sync 1 DAGs
[2026-02-19T20:00:21.330+0000] {logging_mixin.py:188} INFO - [2026-02-19T20:00:21.330+0000] {dag.py:3947} INFO - Setting next_dagrun for minio_to_snowflake to 2026-02-19 19:59:00+00:00, run_after=2026-02-19 20:00:00+00:00
[2026-02-19T20:00:21.337+0000] {processor.py:183} INFO - Processing /opt/airflow/dags/minio_to_snowflak.py took 0.473 seconds
[2026-02-19T20:00:51.637+0000] {processor.py:161} INFO - Started process (PID=20605) to work on /opt/airflow/dags/minio_to_snowflak.py
[2026-02-19T20:00:51.641+0000] {processor.py:830} INFO - Processing file /opt/airflow/dags/minio_to_snowflak.py for tasks to queue
[2026-02-19T20:00:51.647+0000] {logging_mixin.py:188} INFO - [2026-02-19T20:00:51.646+0000] {dagbag.py:545} INFO - Filling up the DagBag from /opt/airflow/dags/minio_to_snowflak.py
[2026-02-19T20:00:52.194+0000] {processor.py:840} INFO - DAG(s) 'minio_to_snowflake' retrieved from /opt/airflow/dags/minio_to_snowflak.py
[2026-02-19T20:00:52.214+0000] {logging_mixin.py:188} INFO - [2026-02-19T20:00:52.213+0000] {dag.py:3089} INFO - Sync 1 DAGs
[2026-02-19T20:00:52.226+0000] {logging_mixin.py:188} INFO - [2026-02-19T20:00:52.226+0000] {dag.py:3947} INFO - Setting next_dagrun for minio_to_snowflake to 2026-02-19 19:59:00+00:00, run_after=2026-02-19 20:00:00+00:00
[2026-02-19T20:00:52.235+0000] {processor.py:183} INFO - Processing /opt/airflow/dags/minio_to_snowflak.py took 0.609 seconds
[2026-02-19T20:01:22.537+0000] {processor.py:161} INFO - Started process (PID=20608) to work on /opt/airflow/dags/minio_to_snowflak.py
[2026-02-19T20:01:22.539+0000] {processor.py:830} INFO - Processing file /opt/airflow/dags/minio_to_snowflak.py for tasks to queue
[2026-02-19T20:01:22.545+0000] {logging_mixin.py:188} INFO - [2026-02-19T20:01:22.544+0000] {dagbag.py:545} INFO - Filling up the DagBag from /opt/airflow/dags/minio_to_snowflak.py
[2026-02-19T20:01:23.194+0000] {processor.py:840} INFO - DAG(s) 'minio_to_snowflake' retrieved from /opt/airflow/dags/minio_to_snowflak.py
[2026-02-19T20:01:23.213+0000] {logging_mixin.py:188} INFO - [2026-02-19T20:01:23.213+0000] {dag.py:3089} INFO - Sync 1 DAGs
[2026-02-19T20:01:23.226+0000] {logging_mixin.py:188} INFO - [2026-02-19T20:01:23.226+0000] {dag.py:3947} INFO - Setting next_dagrun for minio_to_snowflake to 2026-02-19 20:00:00+00:00, run_after=2026-02-19 20:01:00+00:00
[2026-02-19T20:01:23.237+0000] {processor.py:183} INFO - Processing /opt/airflow/dags/minio_to_snowflak.py took 0.719 seconds
[2026-02-19T20:01:53.573+0000] {processor.py:161} INFO - Started process (PID=20611) to work on /opt/airflow/dags/minio_to_snowflak.py
[2026-02-19T20:01:53.576+0000] {processor.py:830} INFO - Processing file /opt/airflow/dags/minio_to_snowflak.py for tasks to queue
[2026-02-19T20:01:53.580+0000] {logging_mixin.py:188} INFO - [2026-02-19T20:01:53.579+0000] {dagbag.py:545} INFO - Filling up the DagBag from /opt/airflow/dags/minio_to_snowflak.py
[2026-02-19T20:01:54.186+0000] {processor.py:840} INFO - DAG(s) 'minio_to_snowflake' retrieved from /opt/airflow/dags/minio_to_snowflak.py
[2026-02-19T20:01:54.207+0000] {logging_mixin.py:188} INFO - [2026-02-19T20:01:54.206+0000] {dag.py:3089} INFO - Sync 1 DAGs
[2026-02-19T20:01:54.219+0000] {logging_mixin.py:188} INFO - [2026-02-19T20:01:54.219+0000] {dag.py:3947} INFO - Setting next_dagrun for minio_to_snowflake to 2026-02-19 20:00:00+00:00, run_after=2026-02-19 20:01:00+00:00
[2026-02-19T20:01:54.228+0000] {processor.py:183} INFO - Processing /opt/airflow/dags/minio_to_snowflak.py took 0.673 seconds
[2026-02-19T20:02:24.501+0000] {processor.py:161} INFO - Started process (PID=20614) to work on /opt/airflow/dags/minio_to_snowflak.py
[2026-02-19T20:02:24.503+0000] {processor.py:830} INFO - Processing file /opt/airflow/dags/minio_to_snowflak.py for tasks to queue
[2026-02-19T20:02:24.506+0000] {logging_mixin.py:188} INFO - [2026-02-19T20:02:24.505+0000] {dagbag.py:545} INFO - Filling up the DagBag from /opt/airflow/dags/minio_to_snowflak.py
[2026-02-19T20:02:25.228+0000] {processor.py:840} INFO - DAG(s) 'minio_to_snowflake' retrieved from /opt/airflow/dags/minio_to_snowflak.py
[2026-02-19T20:02:25.259+0000] {logging_mixin.py:188} INFO - [2026-02-19T20:02:25.258+0000] {dag.py:3089} INFO - Sync 1 DAGs
[2026-02-19T20:02:25.276+0000] {logging_mixin.py:188} INFO - [2026-02-19T20:02:25.275+0000] {dag.py:3947} INFO - Setting next_dagrun for minio_to_snowflake to 2026-02-19 20:01:00+00:00, run_after=2026-02-19 20:02:00+00:00
[2026-02-19T20:02:25.290+0000] {processor.py:183} INFO - Processing /opt/airflow/dags/minio_to_snowflak.py took 0.809 seconds
[2026-02-19T20:02:55.635+0000] {processor.py:161} INFO - Started process (PID=20617) to work on /opt/airflow/dags/minio_to_snowflak.py
[2026-02-19T20:02:55.638+0000] {processor.py:830} INFO - Processing file /opt/airflow/dags/minio_to_snowflak.py for tasks to queue
[2026-02-19T20:02:55.644+0000] {logging_mixin.py:188} INFO - [2026-02-19T20:02:55.643+0000] {dagbag.py:545} INFO - Filling up the DagBag from /opt/airflow/dags/minio_to_snowflak.py
[2026-02-19T20:02:56.144+0000] {processor.py:840} INFO - DAG(s) 'minio_to_snowflake' retrieved from /opt/airflow/dags/minio_to_snowflak.py
[2026-02-19T20:02:56.161+0000] {logging_mixin.py:188} INFO - [2026-02-19T20:02:56.160+0000] {dag.py:3089} INFO - Sync 1 DAGs
[2026-02-19T20:02:56.172+0000] {logging_mixin.py:188} INFO - [2026-02-19T20:02:56.172+0000] {dag.py:3947} INFO - Setting next_dagrun for minio_to_snowflake to 2026-02-19 20:01:00+00:00, run_after=2026-02-19 20:02:00+00:00
[2026-02-19T20:02:56.180+0000] {processor.py:183} INFO - Processing /opt/airflow/dags/minio_to_snowflak.py took 0.566 seconds
[2026-02-19T20:03:26.441+0000] {processor.py:161} INFO - Started process (PID=20620) to work on /opt/airflow/dags/minio_to_snowflak.py
[2026-02-19T20:03:26.442+0000] {processor.py:830} INFO - Processing file /opt/airflow/dags/minio_to_snowflak.py for tasks to queue
[2026-02-19T20:03:26.444+0000] {logging_mixin.py:188} INFO - [2026-02-19T20:03:26.443+0000] {dagbag.py:545} INFO - Filling up the DagBag from /opt/airflow/dags/minio_to_snowflak.py
[2026-02-19T20:03:26.846+0000] {processor.py:840} INFO - DAG(s) 'minio_to_snowflake' retrieved from /opt/airflow/dags/minio_to_snowflak.py
[2026-02-19T20:03:26.860+0000] {logging_mixin.py:188} INFO - [2026-02-19T20:03:26.860+0000] {dag.py:3089} INFO - Sync 1 DAGs
[2026-02-19T20:03:26.872+0000] {logging_mixin.py:188} INFO - [2026-02-19T20:03:26.872+0000] {dag.py:3947} INFO - Setting next_dagrun for minio_to_snowflake to 2026-02-19 20:02:00+00:00, run_after=2026-02-19 20:03:00+00:00
[2026-02-19T20:03:26.881+0000] {processor.py:183} INFO - Processing /opt/airflow/dags/minio_to_snowflak.py took 0.447 seconds
[2026-02-19T20:03:57.226+0000] {processor.py:161} INFO - Started process (PID=20623) to work on /opt/airflow/dags/minio_to_snowflak.py
[2026-02-19T20:03:57.232+0000] {processor.py:830} INFO - Processing file /opt/airflow/dags/minio_to_snowflak.py for tasks to queue
[2026-02-19T20:03:57.237+0000] {logging_mixin.py:188} INFO - [2026-02-19T20:03:57.236+0000] {dagbag.py:545} INFO - Filling up the DagBag from /opt/airflow/dags/minio_to_snowflak.py
[2026-02-19T20:03:57.900+0000] {processor.py:840} INFO - DAG(s) 'minio_to_snowflake' retrieved from /opt/airflow/dags/minio_to_snowflak.py
[2026-02-19T20:03:57.925+0000] {logging_mixin.py:188} INFO - [2026-02-19T20:03:57.924+0000] {dag.py:3089} INFO - Sync 1 DAGs
[2026-02-19T20:03:57.936+0000] {logging_mixin.py:188} INFO - [2026-02-19T20:03:57.936+0000] {dag.py:3947} INFO - Setting next_dagrun for minio_to_snowflake to 2026-02-19 20:02:00+00:00, run_after=2026-02-19 20:03:00+00:00
[2026-02-19T20:03:57.945+0000] {processor.py:183} INFO - Processing /opt/airflow/dags/minio_to_snowflak.py took 0.745 seconds
[2026-02-19T20:04:28.257+0000] {processor.py:161} INFO - Started process (PID=20626) to work on /opt/airflow/dags/minio_to_snowflak.py
[2026-02-19T20:04:28.260+0000] {processor.py:830} INFO - Processing file /opt/airflow/dags/minio_to_snowflak.py for tasks to queue
[2026-02-19T20:04:28.264+0000] {logging_mixin.py:188} INFO - [2026-02-19T20:04:28.263+0000] {dagbag.py:545} INFO - Filling up the DagBag from /opt/airflow/dags/minio_to_snowflak.py
[2026-02-19T20:04:28.910+0000] {processor.py:840} INFO - DAG(s) 'minio_to_snowflake' retrieved from /opt/airflow/dags/minio_to_snowflak.py
[2026-02-19T20:04:28.932+0000] {logging_mixin.py:188} INFO - [2026-02-19T20:04:28.932+0000] {dag.py:3089} INFO - Sync 1 DAGs
[2026-02-19T20:04:28.945+0000] {logging_mixin.py:188} INFO - [2026-02-19T20:04:28.945+0000] {dag.py:3947} INFO - Setting next_dagrun for minio_to_snowflake to 2026-02-19 20:03:00+00:00, run_after=2026-02-19 20:04:00+00:00
[2026-02-19T20:04:28.955+0000] {processor.py:183} INFO - Processing /opt/airflow/dags/minio_to_snowflak.py took 0.724 seconds
[2026-02-19T20:04:59.274+0000] {processor.py:161} INFO - Started process (PID=20629) to work on /opt/airflow/dags/minio_to_snowflak.py
[2026-02-19T20:04:59.277+0000] {processor.py:830} INFO - Processing file /opt/airflow/dags/minio_to_snowflak.py for tasks to queue
[2026-02-19T20:04:59.283+0000] {logging_mixin.py:188} INFO - [2026-02-19T20:04:59.282+0000] {dagbag.py:545} INFO - Filling up the DagBag from /opt/airflow/dags/minio_to_snowflak.py
[2026-02-19T20:04:59.895+0000] {processor.py:840} INFO - DAG(s) 'minio_to_snowflake' retrieved from /opt/airflow/dags/minio_to_snowflak.py
[2026-02-19T20:04:59.917+0000] {logging_mixin.py:188} INFO - [2026-02-19T20:04:59.916+0000] {dag.py:3089} INFO - Sync 1 DAGs
[2026-02-19T20:04:59.928+0000] {logging_mixin.py:188} INFO - [2026-02-19T20:04:59.928+0000] {dag.py:3947} INFO - Setting next_dagrun for minio_to_snowflake to 2026-02-19 20:03:00+00:00, run_after=2026-02-19 20:04:00+00:00
[2026-02-19T20:04:59.936+0000] {processor.py:183} INFO - Processing /opt/airflow/dags/minio_to_snowflak.py took 0.680 seconds
[2026-02-19T20:05:30.233+0000] {processor.py:161} INFO - Started process (PID=20632) to work on /opt/airflow/dags/minio_to_snowflak.py
[2026-02-19T20:05:30.235+0000] {processor.py:830} INFO - Processing file /opt/airflow/dags/minio_to_snowflak.py for tasks to queue
[2026-02-19T20:05:30.242+0000] {logging_mixin.py:188} INFO - [2026-02-19T20:05:30.240+0000] {dagbag.py:545} INFO - Filling up the DagBag from /opt/airflow/dags/minio_to_snowflak.py
[2026-02-19T20:05:30.937+0000] {processor.py:840} INFO - DAG(s) 'minio_to_snowflake' retrieved from /opt/airflow/dags/minio_to_snowflak.py
[2026-02-19T20:05:30.958+0000] {logging_mixin.py:188} INFO - [2026-02-19T20:05:30.958+0000] {dag.py:3089} INFO - Sync 1 DAGs
[2026-02-19T20:05:30.971+0000] {logging_mixin.py:188} INFO - [2026-02-19T20:05:30.971+0000] {dag.py:3947} INFO - Setting next_dagrun for minio_to_snowflake to 2026-02-19 20:04:00+00:00, run_after=2026-02-19 20:05:00+00:00
[2026-02-19T20:05:30.981+0000] {processor.py:183} INFO - Processing /opt/airflow/dags/minio_to_snowflak.py took 0.762 seconds
[2026-02-19T20:06:01.255+0000] {processor.py:161} INFO - Started process (PID=20635) to work on /opt/airflow/dags/minio_to_snowflak.py
[2026-02-19T20:06:01.258+0000] {processor.py:830} INFO - Processing file /opt/airflow/dags/minio_to_snowflak.py for tasks to queue
[2026-02-19T20:06:01.260+0000] {logging_mixin.py:188} INFO - [2026-02-19T20:06:01.260+0000] {dagbag.py:545} INFO - Filling up the DagBag from /opt/airflow/dags/minio_to_snowflak.py
[2026-02-19T20:06:01.911+0000] {processor.py:840} INFO - DAG(s) 'minio_to_snowflake' retrieved from /opt/airflow/dags/minio_to_snowflak.py
[2026-02-19T20:06:01.928+0000] {logging_mixin.py:188} INFO - [2026-02-19T20:06:01.927+0000] {dag.py:3089} INFO - Sync 1 DAGs
[2026-02-19T20:06:01.939+0000] {logging_mixin.py:188} INFO - [2026-02-19T20:06:01.939+0000] {dag.py:3947} INFO - Setting next_dagrun for minio_to_snowflake to 2026-02-19 20:05:00+00:00, run_after=2026-02-19 20:06:00+00:00
[2026-02-19T20:06:01.947+0000] {processor.py:183} INFO - Processing /opt/airflow/dags/minio_to_snowflak.py took 0.706 seconds
[2026-02-19T20:06:32.029+0000] {processor.py:161} INFO - Started process (PID=20638) to work on /opt/airflow/dags/minio_to_snowflak.py
[2026-02-19T20:06:32.033+0000] {processor.py:830} INFO - Processing file /opt/airflow/dags/minio_to_snowflak.py for tasks to queue
[2026-02-19T20:06:32.045+0000] {logging_mixin.py:188} INFO - [2026-02-19T20:06:32.043+0000] {dagbag.py:545} INFO - Filling up the DagBag from /opt/airflow/dags/minio_to_snowflak.py
[2026-02-19T20:06:32.656+0000] {processor.py:840} INFO - DAG(s) 'minio_to_snowflake' retrieved from /opt/airflow/dags/minio_to_snowflak.py
[2026-02-19T20:06:32.677+0000] {logging_mixin.py:188} INFO - [2026-02-19T20:06:32.676+0000] {dag.py:3089} INFO - Sync 1 DAGs
[2026-02-19T20:06:32.689+0000] {logging_mixin.py:188} INFO - [2026-02-19T20:06:32.689+0000] {dag.py:3947} INFO - Setting next_dagrun for minio_to_snowflake to 2026-02-19 20:05:00+00:00, run_after=2026-02-19 20:06:00+00:00
[2026-02-19T20:06:32.697+0000] {processor.py:183} INFO - Processing /opt/airflow/dags/minio_to_snowflak.py took 0.701 seconds
[2026-02-19T20:07:02.987+0000] {processor.py:161} INFO - Started process (PID=20641) to work on /opt/airflow/dags/minio_to_snowflak.py
[2026-02-19T20:07:02.988+0000] {processor.py:830} INFO - Processing file /opt/airflow/dags/minio_to_snowflak.py for tasks to queue
[2026-02-19T20:07:02.990+0000] {logging_mixin.py:188} INFO - [2026-02-19T20:07:02.990+0000] {dagbag.py:545} INFO - Filling up the DagBag from /opt/airflow/dags/minio_to_snowflak.py
[2026-02-19T20:07:03.349+0000] {processor.py:840} INFO - DAG(s) 'minio_to_snowflake' retrieved from /opt/airflow/dags/minio_to_snowflak.py
[2026-02-19T20:07:03.362+0000] {logging_mixin.py:188} INFO - [2026-02-19T20:07:03.362+0000] {dag.py:3089} INFO - Sync 1 DAGs
[2026-02-19T20:07:03.371+0000] {logging_mixin.py:188} INFO - [2026-02-19T20:07:03.371+0000] {dag.py:3947} INFO - Setting next_dagrun for minio_to_snowflake to 2026-02-19 20:06:00+00:00, run_after=2026-02-19 20:07:00+00:00
[2026-02-19T20:07:03.380+0000] {processor.py:183} INFO - Processing /opt/airflow/dags/minio_to_snowflak.py took 0.402 seconds
[2026-02-19T20:07:33.718+0000] {processor.py:161} INFO - Started process (PID=20644) to work on /opt/airflow/dags/minio_to_snowflak.py
[2026-02-19T20:07:33.720+0000] {processor.py:830} INFO - Processing file /opt/airflow/dags/minio_to_snowflak.py for tasks to queue
[2026-02-19T20:07:33.723+0000] {logging_mixin.py:188} INFO - [2026-02-19T20:07:33.723+0000] {dagbag.py:545} INFO - Filling up the DagBag from /opt/airflow/dags/minio_to_snowflak.py
[2026-02-19T20:07:34.324+0000] {processor.py:840} INFO - DAG(s) 'minio_to_snowflake' retrieved from /opt/airflow/dags/minio_to_snowflak.py
[2026-02-19T20:07:34.345+0000] {logging_mixin.py:188} INFO - [2026-02-19T20:07:34.345+0000] {dag.py:3089} INFO - Sync 1 DAGs
[2026-02-19T20:07:34.356+0000] {logging_mixin.py:188} INFO - [2026-02-19T20:07:34.356+0000] {dag.py:3947} INFO - Setting next_dagrun for minio_to_snowflake to 2026-02-19 20:06:00+00:00, run_after=2026-02-19 20:07:00+00:00
[2026-02-19T20:07:34.364+0000] {processor.py:183} INFO - Processing /opt/airflow/dags/minio_to_snowflak.py took 0.660 seconds
[2026-02-19T20:08:04.583+0000] {processor.py:161} INFO - Started process (PID=20647) to work on /opt/airflow/dags/minio_to_snowflak.py
[2026-02-19T20:08:04.586+0000] {processor.py:830} INFO - Processing file /opt/airflow/dags/minio_to_snowflak.py for tasks to queue
[2026-02-19T20:08:04.590+0000] {logging_mixin.py:188} INFO - [2026-02-19T20:08:04.589+0000] {dagbag.py:545} INFO - Filling up the DagBag from /opt/airflow/dags/minio_to_snowflak.py
[2026-02-19T20:08:05.447+0000] {processor.py:840} INFO - DAG(s) 'minio_to_snowflake' retrieved from /opt/airflow/dags/minio_to_snowflak.py
[2026-02-19T20:08:05.468+0000] {logging_mixin.py:188} INFO - [2026-02-19T20:08:05.467+0000] {dag.py:3089} INFO - Sync 1 DAGs
[2026-02-19T20:08:05.481+0000] {logging_mixin.py:188} INFO - [2026-02-19T20:08:05.481+0000] {dag.py:3947} INFO - Setting next_dagrun for minio_to_snowflake to 2026-02-19 20:07:00+00:00, run_after=2026-02-19 20:08:00+00:00
[2026-02-19T20:08:05.493+0000] {processor.py:183} INFO - Processing /opt/airflow/dags/minio_to_snowflak.py took 0.928 seconds
