[2026-02-19T20:44:02.382+0000] {local_task_job_runner.py:120} INFO - ::group::Pre task execution logs
[2026-02-19T20:44:02.402+0000] {taskinstance.py:2076} INFO - Dependencies all met for dep_context=non-requeueable deps ti=<TaskInstance: minio_to_snowflake.download_minio scheduled__2026-02-19T20:43:00+00:00 [queued]>
[2026-02-19T20:44:02.406+0000] {taskinstance.py:2076} INFO - Dependencies all met for dep_context=requeueable deps ti=<TaskInstance: minio_to_snowflake.download_minio scheduled__2026-02-19T20:43:00+00:00 [queued]>
[2026-02-19T20:44:02.407+0000] {taskinstance.py:2306} INFO - Starting attempt 1 of 2
[2026-02-19T20:44:02.414+0000] {taskinstance.py:2330} INFO - Executing <Task(PythonOperator): download_minio> on 2026-02-19 20:43:00+00:00
[2026-02-19T20:44:02.419+0000] {standard_task_runner.py:90} INFO - Running: ['***', 'tasks', 'run', 'minio_to_snowflake', 'download_minio', 'scheduled__2026-02-19T20:43:00+00:00', '--job-id', '156', '--raw', '--subdir', 'DAGS_FOLDER/minio_to_snowflake.py', '--cfg-path', '/tmp/tmphb9evzs6']
[2026-02-19T20:44:02.421+0000] {standard_task_runner.py:91} INFO - Job 156: Subtask download_minio
[2026-02-19T20:44:02.421+0000] {logging_mixin.py:188} WARNING - /home/***/.local/lib/python3.12/site-packages/***/task/task_runner/standard_task_runner.py:62 DeprecationWarning: This process (pid=23409) is multi-threaded, use of fork() may lead to deadlocks in the child.
[2026-02-19T20:44:02.421+0000] {standard_task_runner.py:64} INFO - Started process 23421 to run task
[2026-02-19T20:44:02.462+0000] {task_command.py:426} INFO - Running <TaskInstance: minio_to_snowflake.download_minio scheduled__2026-02-19T20:43:00+00:00 [running]> on host 0c2666b81705
[2026-02-19T20:44:02.571+0000] {taskinstance.py:2648} INFO - Exporting env vars: AIRFLOW_CTX_DAG_OWNER='***' AIRFLOW_CTX_DAG_ID='minio_to_snowflake' AIRFLOW_CTX_TASK_ID='download_minio' AIRFLOW_CTX_EXECUTION_DATE='2026-02-19T20:43:00+00:00' AIRFLOW_CTX_TRY_NUMBER='1' AIRFLOW_CTX_DAG_RUN_ID='scheduled__2026-02-19T20:43:00+00:00'
[2026-02-19T20:44:02.573+0000] {taskinstance.py:430} INFO - ::endgroup::
[2026-02-19T20:44:03.309+0000] {logging_mixin.py:188} INFO - Downloaded AAPL/1771533416.json -> /tmp/minio_downloads/1771533416.json
[2026-02-19T20:44:03.342+0000] {logging_mixin.py:188} INFO - Downloaded AAPL/1771533424.json -> /tmp/minio_downloads/1771533424.json
[2026-02-19T20:44:03.366+0000] {logging_mixin.py:188} INFO - Downloaded AAPL/1771533432.json -> /tmp/minio_downloads/1771533432.json
[2026-02-19T20:44:03.373+0000] {logging_mixin.py:188} INFO - Downloaded AAPL/1771533440.json -> /tmp/minio_downloads/1771533440.json
[2026-02-19T20:44:03.378+0000] {logging_mixin.py:188} INFO - Downloaded AAPL/1771533447.json -> /tmp/minio_downloads/1771533447.json
[2026-02-19T20:44:03.387+0000] {logging_mixin.py:188} INFO - Downloaded AAPL/1771533455.json -> /tmp/minio_downloads/1771533455.json
[2026-02-19T20:44:03.392+0000] {logging_mixin.py:188} INFO - Downloaded AAPL/1771533463.json -> /tmp/minio_downloads/1771533463.json
[2026-02-19T20:44:03.397+0000] {logging_mixin.py:188} INFO - Downloaded AAPL/1771533471.json -> /tmp/minio_downloads/1771533471.json
[2026-02-19T20:44:03.400+0000] {logging_mixin.py:188} INFO - Downloaded AAPL/1771533479.json -> /tmp/minio_downloads/1771533479.json
[2026-02-19T20:44:03.404+0000] {logging_mixin.py:188} INFO - Downloaded AAPL/1771533487.json -> /tmp/minio_downloads/1771533487.json
[2026-02-19T20:44:03.408+0000] {logging_mixin.py:188} INFO - Downloaded AAPL/1771533495.json -> /tmp/minio_downloads/1771533495.json
[2026-02-19T20:44:03.412+0000] {logging_mixin.py:188} INFO - Downloaded AAPL/1771533503.json -> /tmp/minio_downloads/1771533503.json
[2026-02-19T20:44:03.416+0000] {logging_mixin.py:188} INFO - Downloaded AAPL/1771533511.json -> /tmp/minio_downloads/1771533511.json
[2026-02-19T20:44:03.420+0000] {logging_mixin.py:188} INFO - Downloaded AAPL/1771533519.json -> /tmp/minio_downloads/1771533519.json
[2026-02-19T20:44:03.424+0000] {logging_mixin.py:188} INFO - Downloaded AAPL/1771533527.json -> /tmp/minio_downloads/1771533527.json
[2026-02-19T20:44:03.428+0000] {logging_mixin.py:188} INFO - Downloaded AAPL/1771533535.json -> /tmp/minio_downloads/1771533535.json
[2026-02-19T20:44:03.433+0000] {logging_mixin.py:188} INFO - Downloaded AAPL/1771533543.json -> /tmp/minio_downloads/1771533543.json
[2026-02-19T20:44:03.437+0000] {logging_mixin.py:188} INFO - Downloaded AAPL/1771533551.json -> /tmp/minio_downloads/1771533551.json
[2026-02-19T20:44:03.441+0000] {logging_mixin.py:188} INFO - Downloaded AAPL/1771533559.json -> /tmp/minio_downloads/1771533559.json
[2026-02-19T20:44:03.446+0000] {logging_mixin.py:188} INFO - Downloaded AAPL/1771533567.json -> /tmp/minio_downloads/1771533567.json
[2026-02-19T20:44:03.456+0000] {logging_mixin.py:188} INFO - Downloaded AAPL/1771533574.json -> /tmp/minio_downloads/1771533574.json
[2026-02-19T20:44:03.462+0000] {logging_mixin.py:188} INFO - Downloaded AAPL/1771533582.json -> /tmp/minio_downloads/1771533582.json
[2026-02-19T20:44:03.478+0000] {logging_mixin.py:188} INFO - Downloaded AAPL/1771533590.json -> /tmp/minio_downloads/1771533590.json
[2026-02-19T20:44:03.492+0000] {logging_mixin.py:188} INFO - Downloaded AAPL/1771533598.json -> /tmp/minio_downloads/1771533598.json
[2026-02-19T20:44:03.503+0000] {logging_mixin.py:188} INFO - Downloaded AAPL/1771533606.json -> /tmp/minio_downloads/1771533606.json
[2026-02-19T20:44:03.511+0000] {logging_mixin.py:188} INFO - Downloaded AAPL/1771533615.json -> /tmp/minio_downloads/1771533615.json
[2026-02-19T20:44:03.522+0000] {logging_mixin.py:188} INFO - Downloaded AAPL/1771533623.json -> /tmp/minio_downloads/1771533623.json
[2026-02-19T20:44:03.547+0000] {logging_mixin.py:188} INFO - Downloaded AAPL/1771533631.json -> /tmp/minio_downloads/1771533631.json
[2026-02-19T20:44:03.558+0000] {logging_mixin.py:188} INFO - Downloaded AAPL/1771533639.json -> /tmp/minio_downloads/1771533639.json
[2026-02-19T20:44:03.565+0000] {logging_mixin.py:188} INFO - Downloaded AAPL/1771533647.json -> /tmp/minio_downloads/1771533647.json
[2026-02-19T20:44:03.577+0000] {logging_mixin.py:188} INFO - Downloaded AAPL/1771533655.json -> /tmp/minio_downloads/1771533655.json
[2026-02-19T20:44:03.631+0000] {logging_mixin.py:188} INFO - Downloaded AAPL/1771533663.json -> /tmp/minio_downloads/1771533663.json
[2026-02-19T20:44:03.641+0000] {logging_mixin.py:188} INFO - Downloaded AAPL/1771533671.json -> /tmp/minio_downloads/1771533671.json
[2026-02-19T20:44:03.651+0000] {logging_mixin.py:188} INFO - Downloaded AAPL/1771533679.json -> /tmp/minio_downloads/1771533679.json
[2026-02-19T20:44:03.657+0000] {logging_mixin.py:188} INFO - Downloaded AAPL/1771533687.json -> /tmp/minio_downloads/1771533687.json
[2026-02-19T20:44:03.874+0000] {logging_mixin.py:188} INFO - Downloaded AAPL/1771533695.json -> /tmp/minio_downloads/1771533695.json
[2026-02-19T20:44:04.066+0000] {logging_mixin.py:188} INFO - Downloaded AAPL/1771533703.json -> /tmp/minio_downloads/1771533703.json
[2026-02-19T20:44:04.177+0000] {logging_mixin.py:188} INFO - Downloaded AAPL/1771533711.json -> /tmp/minio_downloads/1771533711.json
[2026-02-19T20:44:04.187+0000] {logging_mixin.py:188} INFO - Downloaded AAPL/1771533719.json -> /tmp/minio_downloads/1771533719.json
[2026-02-19T20:44:04.195+0000] {logging_mixin.py:188} INFO - Downloaded AAPL/1771533727.json -> /tmp/minio_downloads/1771533727.json
[2026-02-19T20:44:04.203+0000] {logging_mixin.py:188} INFO - Downloaded AAPL/1771533734.json -> /tmp/minio_downloads/1771533734.json
[2026-02-19T20:44:04.209+0000] {logging_mixin.py:188} INFO - Downloaded AAPL/1771533743.json -> /tmp/minio_downloads/1771533743.json
[2026-02-19T20:44:04.216+0000] {logging_mixin.py:188} INFO - Downloaded AAPL/1771533751.json -> /tmp/minio_downloads/1771533751.json
[2026-02-19T20:44:04.221+0000] {logging_mixin.py:188} INFO - Downloaded AAPL/1771533760.json -> /tmp/minio_downloads/1771533760.json
[2026-02-19T20:44:04.227+0000] {logging_mixin.py:188} INFO - Downloaded AAPL/1771533768.json -> /tmp/minio_downloads/1771533768.json
[2026-02-19T20:44:04.231+0000] {logging_mixin.py:188} INFO - Downloaded AAPL/1771533777.json -> /tmp/minio_downloads/1771533777.json
[2026-02-19T20:44:04.236+0000] {logging_mixin.py:188} INFO - Downloaded AAPL/1771533785.json -> /tmp/minio_downloads/1771533785.json
[2026-02-19T20:44:04.241+0000] {logging_mixin.py:188} INFO - Downloaded AAPL/1771533793.json -> /tmp/minio_downloads/1771533793.json
[2026-02-19T20:44:04.245+0000] {logging_mixin.py:188} INFO - Downloaded AAPL/1771533801.json -> /tmp/minio_downloads/1771533801.json
[2026-02-19T20:44:04.249+0000] {logging_mixin.py:188} INFO - Downloaded AAPL/1771533809.json -> /tmp/minio_downloads/1771533809.json
[2026-02-19T20:44:04.254+0000] {logging_mixin.py:188} INFO - Downloaded AAPL/1771533817.json -> /tmp/minio_downloads/1771533817.json
[2026-02-19T20:44:04.259+0000] {logging_mixin.py:188} INFO - Downloaded AAPL/1771533825.json -> /tmp/minio_downloads/1771533825.json
[2026-02-19T20:44:04.263+0000] {logging_mixin.py:188} INFO - Downloaded AAPL/1771533833.json -> /tmp/minio_downloads/1771533833.json
[2026-02-19T20:44:04.268+0000] {logging_mixin.py:188} INFO - Downloaded AAPL/1771533841.json -> /tmp/minio_downloads/1771533841.json
[2026-02-19T20:44:04.274+0000] {logging_mixin.py:188} INFO - Downloaded AMZN/1771533417.json -> /tmp/minio_downloads/1771533417.json
[2026-02-19T20:44:04.278+0000] {logging_mixin.py:188} INFO - Downloaded AMZN/1771533425.json -> /tmp/minio_downloads/1771533425.json
[2026-02-19T20:44:04.283+0000] {logging_mixin.py:188} INFO - Downloaded AMZN/1771533433.json -> /tmp/minio_downloads/1771533433.json
[2026-02-19T20:44:04.289+0000] {logging_mixin.py:188} INFO - Downloaded AMZN/1771533441.json -> /tmp/minio_downloads/1771533441.json
[2026-02-19T20:44:04.295+0000] {logging_mixin.py:188} INFO - Downloaded AMZN/1771533449.json -> /tmp/minio_downloads/1771533449.json
[2026-02-19T20:44:04.299+0000] {logging_mixin.py:188} INFO - Downloaded AMZN/1771533457.json -> /tmp/minio_downloads/1771533457.json
[2026-02-19T20:44:04.303+0000] {logging_mixin.py:188} INFO - Downloaded AMZN/1771533465.json -> /tmp/minio_downloads/1771533465.json
[2026-02-19T20:44:04.311+0000] {logging_mixin.py:188} INFO - Downloaded AMZN/1771533473.json -> /tmp/minio_downloads/1771533473.json
[2026-02-19T20:44:04.316+0000] {logging_mixin.py:188} INFO - Downloaded AMZN/1771533481.json -> /tmp/minio_downloads/1771533481.json
[2026-02-19T20:44:04.321+0000] {logging_mixin.py:188} INFO - Downloaded AMZN/1771533489.json -> /tmp/minio_downloads/1771533489.json
[2026-02-19T20:44:04.325+0000] {logging_mixin.py:188} INFO - Downloaded AMZN/1771533497.json -> /tmp/minio_downloads/1771533497.json
[2026-02-19T20:44:04.330+0000] {logging_mixin.py:188} INFO - Downloaded AMZN/1771533505.json -> /tmp/minio_downloads/1771533505.json
[2026-02-19T20:44:04.335+0000] {logging_mixin.py:188} INFO - Downloaded AMZN/1771533513.json -> /tmp/minio_downloads/1771533513.json
[2026-02-19T20:44:04.340+0000] {logging_mixin.py:188} INFO - Downloaded AMZN/1771533520.json -> /tmp/minio_downloads/1771533520.json
[2026-02-19T20:44:04.344+0000] {logging_mixin.py:188} INFO - Downloaded AMZN/1771533529.json -> /tmp/minio_downloads/1771533529.json
[2026-02-19T20:44:04.349+0000] {logging_mixin.py:188} INFO - Downloaded AMZN/1771533536.json -> /tmp/minio_downloads/1771533536.json
[2026-02-19T20:44:04.357+0000] {logging_mixin.py:188} INFO - Downloaded AMZN/1771533545.json -> /tmp/minio_downloads/1771533545.json
[2026-02-19T20:44:04.366+0000] {logging_mixin.py:188} INFO - Downloaded AMZN/1771533552.json -> /tmp/minio_downloads/1771533552.json
[2026-02-19T20:44:04.371+0000] {logging_mixin.py:188} INFO - Downloaded AMZN/1771533560.json -> /tmp/minio_downloads/1771533560.json
[2026-02-19T20:44:04.377+0000] {logging_mixin.py:188} INFO - Downloaded AMZN/1771533568.json -> /tmp/minio_downloads/1771533568.json
[2026-02-19T20:44:04.382+0000] {logging_mixin.py:188} INFO - Downloaded AMZN/1771533576.json -> /tmp/minio_downloads/1771533576.json
[2026-02-19T20:44:04.388+0000] {logging_mixin.py:188} INFO - Downloaded AMZN/1771533584.json -> /tmp/minio_downloads/1771533584.json
[2026-02-19T20:44:04.394+0000] {logging_mixin.py:188} INFO - Downloaded AMZN/1771533592.json -> /tmp/minio_downloads/1771533592.json
[2026-02-19T20:44:04.399+0000] {logging_mixin.py:188} INFO - Downloaded AMZN/1771533600.json -> /tmp/minio_downloads/1771533600.json
[2026-02-19T20:44:04.405+0000] {logging_mixin.py:188} INFO - Downloaded AMZN/1771533608.json -> /tmp/minio_downloads/1771533608.json
[2026-02-19T20:44:04.411+0000] {logging_mixin.py:188} INFO - Downloaded AMZN/1771533617.json -> /tmp/minio_downloads/1771533617.json
[2026-02-19T20:44:04.416+0000] {logging_mixin.py:188} INFO - Downloaded AMZN/1771533624.json -> /tmp/minio_downloads/1771533624.json
[2026-02-19T20:44:04.429+0000] {logging_mixin.py:188} INFO - Downloaded AMZN/1771533632.json -> /tmp/minio_downloads/1771533632.json
[2026-02-19T20:44:04.440+0000] {logging_mixin.py:188} INFO - Downloaded AMZN/1771533640.json -> /tmp/minio_downloads/1771533640.json
[2026-02-19T20:44:04.452+0000] {logging_mixin.py:188} INFO - Downloaded AMZN/1771533648.json -> /tmp/minio_downloads/1771533648.json
[2026-02-19T20:44:04.462+0000] {logging_mixin.py:188} INFO - Downloaded AMZN/1771533656.json -> /tmp/minio_downloads/1771533656.json
[2026-02-19T20:44:04.468+0000] {logging_mixin.py:188} INFO - Downloaded AMZN/1771533665.json -> /tmp/minio_downloads/1771533665.json
[2026-02-19T20:44:04.473+0000] {logging_mixin.py:188} INFO - Downloaded AMZN/1771533672.json -> /tmp/minio_downloads/1771533672.json
[2026-02-19T20:44:04.498+0000] {logging_mixin.py:188} INFO - Downloaded AMZN/1771533680.json -> /tmp/minio_downloads/1771533680.json
[2026-02-19T20:44:04.506+0000] {logging_mixin.py:188} INFO - Downloaded AMZN/1771533688.json -> /tmp/minio_downloads/1771533688.json
[2026-02-19T20:44:04.514+0000] {logging_mixin.py:188} INFO - Downloaded AMZN/1771533696.json -> /tmp/minio_downloads/1771533696.json
[2026-02-19T20:44:04.522+0000] {logging_mixin.py:188} INFO - Downloaded AMZN/1771533704.json -> /tmp/minio_downloads/1771533704.json
[2026-02-19T20:44:04.529+0000] {logging_mixin.py:188} INFO - Downloaded AMZN/1771533712.json -> /tmp/minio_downloads/1771533712.json
[2026-02-19T20:44:04.537+0000] {logging_mixin.py:188} INFO - Downloaded AMZN/1771533720.json -> /tmp/minio_downloads/1771533720.json
[2026-02-19T20:44:04.542+0000] {logging_mixin.py:188} INFO - Downloaded AMZN/1771533728.json -> /tmp/minio_downloads/1771533728.json
[2026-02-19T20:44:04.549+0000] {logging_mixin.py:188} INFO - Downloaded AMZN/1771533736.json -> /tmp/minio_downloads/1771533736.json
[2026-02-19T20:44:04.620+0000] {logging_mixin.py:188} INFO - Downloaded AMZN/1771533745.json -> /tmp/minio_downloads/1771533745.json
[2026-02-19T20:44:04.633+0000] {logging_mixin.py:188} INFO - Downloaded AMZN/1771533753.json -> /tmp/minio_downloads/1771533753.json
[2026-02-19T20:44:04.658+0000] {logging_mixin.py:188} INFO - Downloaded AMZN/1771533761.json -> /tmp/minio_downloads/1771533761.json
[2026-02-19T20:44:04.699+0000] {logging_mixin.py:188} INFO - Downloaded AMZN/1771533770.json -> /tmp/minio_downloads/1771533770.json
[2026-02-19T20:44:04.716+0000] {logging_mixin.py:188} INFO - Downloaded AMZN/1771533778.json -> /tmp/minio_downloads/1771533778.json
[2026-02-19T20:44:04.745+0000] {logging_mixin.py:188} INFO - Downloaded AMZN/1771533786.json -> /tmp/minio_downloads/1771533786.json
[2026-02-19T20:44:04.775+0000] {logging_mixin.py:188} INFO - Downloaded AMZN/1771533794.json -> /tmp/minio_downloads/1771533794.json
[2026-02-19T20:44:04.820+0000] {logging_mixin.py:188} INFO - Downloaded AMZN/1771533803.json -> /tmp/minio_downloads/1771533803.json
[2026-02-19T20:44:04.847+0000] {logging_mixin.py:188} INFO - Downloaded AMZN/1771533811.json -> /tmp/minio_downloads/1771533811.json
[2026-02-19T20:44:04.863+0000] {logging_mixin.py:188} INFO - Downloaded AMZN/1771533819.json -> /tmp/minio_downloads/1771533819.json
[2026-02-19T20:44:04.883+0000] {logging_mixin.py:188} INFO - Downloaded AMZN/1771533827.json -> /tmp/minio_downloads/1771533827.json
[2026-02-19T20:44:04.919+0000] {logging_mixin.py:188} INFO - Downloaded AMZN/1771533835.json -> /tmp/minio_downloads/1771533835.json
[2026-02-19T20:44:04.960+0000] {logging_mixin.py:188} INFO - Downloaded GOOGL/1771533417.json -> /tmp/minio_downloads/1771533417.json
[2026-02-19T20:44:04.969+0000] {logging_mixin.py:188} INFO - Downloaded GOOGL/1771533425.json -> /tmp/minio_downloads/1771533425.json
[2026-02-19T20:44:04.999+0000] {logging_mixin.py:188} INFO - Downloaded GOOGL/1771533433.json -> /tmp/minio_downloads/1771533433.json
[2026-02-19T20:44:05.020+0000] {logging_mixin.py:188} INFO - Downloaded GOOGL/1771533441.json -> /tmp/minio_downloads/1771533441.json
[2026-02-19T20:44:05.029+0000] {logging_mixin.py:188} INFO - Downloaded GOOGL/1771533449.json -> /tmp/minio_downloads/1771533449.json
[2026-02-19T20:44:05.041+0000] {logging_mixin.py:188} INFO - Downloaded GOOGL/1771533456.json -> /tmp/minio_downloads/1771533456.json
[2026-02-19T20:44:05.053+0000] {logging_mixin.py:188} INFO - Downloaded GOOGL/1771533464.json -> /tmp/minio_downloads/1771533464.json
[2026-02-19T20:44:05.062+0000] {logging_mixin.py:188} INFO - Downloaded GOOGL/1771533472.json -> /tmp/minio_downloads/1771533472.json
[2026-02-19T20:44:05.068+0000] {logging_mixin.py:188} INFO - Downloaded GOOGL/1771533480.json -> /tmp/minio_downloads/1771533480.json
[2026-02-19T20:44:05.073+0000] {logging_mixin.py:188} INFO - Downloaded GOOGL/1771533488.json -> /tmp/minio_downloads/1771533488.json
[2026-02-19T20:44:05.078+0000] {logging_mixin.py:188} INFO - Downloaded GOOGL/1771533496.json -> /tmp/minio_downloads/1771533496.json
[2026-02-19T20:44:05.083+0000] {logging_mixin.py:188} INFO - Downloaded GOOGL/1771533504.json -> /tmp/minio_downloads/1771533504.json
[2026-02-19T20:44:05.088+0000] {logging_mixin.py:188} INFO - Downloaded GOOGL/1771533512.json -> /tmp/minio_downloads/1771533512.json
[2026-02-19T20:44:05.092+0000] {logging_mixin.py:188} INFO - Downloaded GOOGL/1771533520.json -> /tmp/minio_downloads/1771533520.json
[2026-02-19T20:44:05.104+0000] {logging_mixin.py:188} INFO - Downloaded GOOGL/1771533528.json -> /tmp/minio_downloads/1771533528.json
[2026-02-19T20:44:05.109+0000] {logging_mixin.py:188} INFO - Downloaded GOOGL/1771533536.json -> /tmp/minio_downloads/1771533536.json
[2026-02-19T20:44:05.136+0000] {logging_mixin.py:188} INFO - Downloaded GOOGL/1771533544.json -> /tmp/minio_downloads/1771533544.json
[2026-02-19T20:44:05.141+0000] {logging_mixin.py:188} INFO - Downloaded GOOGL/1771533552.json -> /tmp/minio_downloads/1771533552.json
[2026-02-19T20:44:05.148+0000] {logging_mixin.py:188} INFO - Downloaded GOOGL/1771533560.json -> /tmp/minio_downloads/1771533560.json
[2026-02-19T20:44:05.153+0000] {logging_mixin.py:188} INFO - Downloaded GOOGL/1771533568.json -> /tmp/minio_downloads/1771533568.json
[2026-02-19T20:44:05.159+0000] {logging_mixin.py:188} INFO - Downloaded GOOGL/1771533576.json -> /tmp/minio_downloads/1771533576.json
[2026-02-19T20:44:05.167+0000] {logging_mixin.py:188} INFO - Downloaded GOOGL/1771533583.json -> /tmp/minio_downloads/1771533583.json
[2026-02-19T20:44:05.176+0000] {logging_mixin.py:188} INFO - Downloaded GOOGL/1771533591.json -> /tmp/minio_downloads/1771533591.json
[2026-02-19T20:44:05.183+0000] {logging_mixin.py:188} INFO - Downloaded GOOGL/1771533600.json -> /tmp/minio_downloads/1771533600.json
[2026-02-19T20:44:05.189+0000] {logging_mixin.py:188} INFO - Downloaded GOOGL/1771533608.json -> /tmp/minio_downloads/1771533608.json
[2026-02-19T20:44:05.197+0000] {logging_mixin.py:188} INFO - Downloaded GOOGL/1771533616.json -> /tmp/minio_downloads/1771533616.json
[2026-02-19T20:44:05.207+0000] {logging_mixin.py:188} INFO - Downloaded GOOGL/1771533624.json -> /tmp/minio_downloads/1771533624.json
[2026-02-19T20:44:05.221+0000] {logging_mixin.py:188} INFO - Downloaded GOOGL/1771533632.json -> /tmp/minio_downloads/1771533632.json
[2026-02-19T20:44:05.227+0000] {logging_mixin.py:188} INFO - Downloaded GOOGL/1771533640.json -> /tmp/minio_downloads/1771533640.json
[2026-02-19T20:44:05.232+0000] {logging_mixin.py:188} INFO - Downloaded GOOGL/1771533648.json -> /tmp/minio_downloads/1771533648.json
[2026-02-19T20:44:05.237+0000] {logging_mixin.py:188} INFO - Downloaded GOOGL/1771533656.json -> /tmp/minio_downloads/1771533656.json
[2026-02-19T20:44:05.242+0000] {logging_mixin.py:188} INFO - Downloaded GOOGL/1771533664.json -> /tmp/minio_downloads/1771533664.json
[2026-02-19T20:44:05.247+0000] {logging_mixin.py:188} INFO - Downloaded GOOGL/1771533672.json -> /tmp/minio_downloads/1771533672.json
[2026-02-19T20:44:05.252+0000] {logging_mixin.py:188} INFO - Downloaded GOOGL/1771533680.json -> /tmp/minio_downloads/1771533680.json
[2026-02-19T20:44:05.256+0000] {logging_mixin.py:188} INFO - Downloaded GOOGL/1771533688.json -> /tmp/minio_downloads/1771533688.json
[2026-02-19T20:44:05.262+0000] {logging_mixin.py:188} INFO - Downloaded GOOGL/1771533696.json -> /tmp/minio_downloads/1771533696.json
[2026-02-19T20:44:05.267+0000] {logging_mixin.py:188} INFO - Downloaded GOOGL/1771533704.json -> /tmp/minio_downloads/1771533704.json
[2026-02-19T20:44:05.272+0000] {logging_mixin.py:188} INFO - Downloaded GOOGL/1771533712.json -> /tmp/minio_downloads/1771533712.json
[2026-02-19T20:44:05.277+0000] {logging_mixin.py:188} INFO - Downloaded GOOGL/1771533720.json -> /tmp/minio_downloads/1771533720.json
[2026-02-19T20:44:05.283+0000] {logging_mixin.py:188} INFO - Downloaded GOOGL/1771533728.json -> /tmp/minio_downloads/1771533728.json
[2026-02-19T20:44:05.289+0000] {logging_mixin.py:188} INFO - Downloaded GOOGL/1771533736.json -> /tmp/minio_downloads/1771533736.json
[2026-02-19T20:44:05.294+0000] {logging_mixin.py:188} INFO - Downloaded GOOGL/1771533744.json -> /tmp/minio_downloads/1771533744.json
[2026-02-19T20:44:05.299+0000] {logging_mixin.py:188} INFO - Downloaded GOOGL/1771533753.json -> /tmp/minio_downloads/1771533753.json
[2026-02-19T20:44:05.303+0000] {logging_mixin.py:188} INFO - Downloaded GOOGL/1771533761.json -> /tmp/minio_downloads/1771533761.json
[2026-02-19T20:44:05.307+0000] {logging_mixin.py:188} INFO - Downloaded GOOGL/1771533769.json -> /tmp/minio_downloads/1771533769.json
[2026-02-19T20:44:05.312+0000] {logging_mixin.py:188} INFO - Downloaded GOOGL/1771533778.json -> /tmp/minio_downloads/1771533778.json
[2026-02-19T20:44:05.316+0000] {logging_mixin.py:188} INFO - Downloaded GOOGL/1771533786.json -> /tmp/minio_downloads/1771533786.json
[2026-02-19T20:44:05.321+0000] {logging_mixin.py:188} INFO - Downloaded GOOGL/1771533794.json -> /tmp/minio_downloads/1771533794.json
[2026-02-19T20:44:05.326+0000] {logging_mixin.py:188} INFO - Downloaded GOOGL/1771533803.json -> /tmp/minio_downloads/1771533803.json
[2026-02-19T20:44:05.330+0000] {logging_mixin.py:188} INFO - Downloaded GOOGL/1771533810.json -> /tmp/minio_downloads/1771533810.json
[2026-02-19T20:44:05.335+0000] {logging_mixin.py:188} INFO - Downloaded GOOGL/1771533818.json -> /tmp/minio_downloads/1771533818.json
[2026-02-19T20:44:05.339+0000] {logging_mixin.py:188} INFO - Downloaded GOOGL/1771533826.json -> /tmp/minio_downloads/1771533826.json
[2026-02-19T20:44:05.342+0000] {logging_mixin.py:188} INFO - Downloaded GOOGL/1771533834.json -> /tmp/minio_downloads/1771533834.json
[2026-02-19T20:44:05.347+0000] {logging_mixin.py:188} INFO - Downloaded MSFT/1771533416.json -> /tmp/minio_downloads/1771533416.json
[2026-02-19T20:44:05.352+0000] {logging_mixin.py:188} INFO - Downloaded MSFT/1771533424.json -> /tmp/minio_downloads/1771533424.json
[2026-02-19T20:44:05.356+0000] {logging_mixin.py:188} INFO - Downloaded MSFT/1771533432.json -> /tmp/minio_downloads/1771533432.json
[2026-02-19T20:44:05.361+0000] {logging_mixin.py:188} INFO - Downloaded MSFT/1771533440.json -> /tmp/minio_downloads/1771533440.json
[2026-02-19T20:44:05.365+0000] {logging_mixin.py:188} INFO - Downloaded MSFT/1771533448.json -> /tmp/minio_downloads/1771533448.json
[2026-02-19T20:44:05.370+0000] {logging_mixin.py:188} INFO - Downloaded MSFT/1771533456.json -> /tmp/minio_downloads/1771533456.json
[2026-02-19T20:44:05.373+0000] {logging_mixin.py:188} INFO - Downloaded MSFT/1771533464.json -> /tmp/minio_downloads/1771533464.json
[2026-02-19T20:44:05.378+0000] {logging_mixin.py:188} INFO - Downloaded MSFT/1771533472.json -> /tmp/minio_downloads/1771533472.json
[2026-02-19T20:44:05.382+0000] {logging_mixin.py:188} INFO - Downloaded MSFT/1771533479.json -> /tmp/minio_downloads/1771533479.json
[2026-02-19T20:44:05.387+0000] {logging_mixin.py:188} INFO - Downloaded MSFT/1771533488.json -> /tmp/minio_downloads/1771533488.json
[2026-02-19T20:44:05.392+0000] {logging_mixin.py:188} INFO - Downloaded MSFT/1771533496.json -> /tmp/minio_downloads/1771533496.json
[2026-02-19T20:44:05.396+0000] {logging_mixin.py:188} INFO - Downloaded MSFT/1771533504.json -> /tmp/minio_downloads/1771533504.json
[2026-02-19T20:44:05.400+0000] {logging_mixin.py:188} INFO - Downloaded MSFT/1771533511.json -> /tmp/minio_downloads/1771533511.json
[2026-02-19T20:44:05.405+0000] {logging_mixin.py:188} INFO - Downloaded MSFT/1771533519.json -> /tmp/minio_downloads/1771533519.json
[2026-02-19T20:44:05.408+0000] {logging_mixin.py:188} INFO - Downloaded MSFT/1771533527.json -> /tmp/minio_downloads/1771533527.json
[2026-02-19T20:44:05.413+0000] {logging_mixin.py:188} INFO - Downloaded MSFT/1771533535.json -> /tmp/minio_downloads/1771533535.json
[2026-02-19T20:44:05.419+0000] {logging_mixin.py:188} INFO - Downloaded MSFT/1771533543.json -> /tmp/minio_downloads/1771533543.json
[2026-02-19T20:44:05.424+0000] {logging_mixin.py:188} INFO - Downloaded MSFT/1771533551.json -> /tmp/minio_downloads/1771533551.json
[2026-02-19T20:44:05.428+0000] {logging_mixin.py:188} INFO - Downloaded MSFT/1771533559.json -> /tmp/minio_downloads/1771533559.json
[2026-02-19T20:44:05.432+0000] {logging_mixin.py:188} INFO - Downloaded MSFT/1771533567.json -> /tmp/minio_downloads/1771533567.json
[2026-02-19T20:44:05.436+0000] {logging_mixin.py:188} INFO - Downloaded MSFT/1771533575.json -> /tmp/minio_downloads/1771533575.json
[2026-02-19T20:44:05.441+0000] {logging_mixin.py:188} INFO - Downloaded MSFT/1771533583.json -> /tmp/minio_downloads/1771533583.json
[2026-02-19T20:44:05.447+0000] {logging_mixin.py:188} INFO - Downloaded MSFT/1771533591.json -> /tmp/minio_downloads/1771533591.json
[2026-02-19T20:44:05.451+0000] {logging_mixin.py:188} INFO - Downloaded MSFT/1771533599.json -> /tmp/minio_downloads/1771533599.json
[2026-02-19T20:44:05.455+0000] {logging_mixin.py:188} INFO - Downloaded MSFT/1771533607.json -> /tmp/minio_downloads/1771533607.json
[2026-02-19T20:44:05.460+0000] {logging_mixin.py:188} INFO - Downloaded MSFT/1771533615.json -> /tmp/minio_downloads/1771533615.json
[2026-02-19T20:44:05.465+0000] {logging_mixin.py:188} INFO - Downloaded MSFT/1771533623.json -> /tmp/minio_downloads/1771533623.json
[2026-02-19T20:44:05.469+0000] {logging_mixin.py:188} INFO - Downloaded MSFT/1771533631.json -> /tmp/minio_downloads/1771533631.json
[2026-02-19T20:44:05.473+0000] {logging_mixin.py:188} INFO - Downloaded MSFT/1771533639.json -> /tmp/minio_downloads/1771533639.json
[2026-02-19T20:44:05.480+0000] {logging_mixin.py:188} INFO - Downloaded MSFT/1771533647.json -> /tmp/minio_downloads/1771533647.json
[2026-02-19T20:44:05.484+0000] {logging_mixin.py:188} INFO - Downloaded MSFT/1771533655.json -> /tmp/minio_downloads/1771533655.json
[2026-02-19T20:44:05.489+0000] {logging_mixin.py:188} INFO - Downloaded MSFT/1771533663.json -> /tmp/minio_downloads/1771533663.json
[2026-02-19T20:44:05.494+0000] {logging_mixin.py:188} INFO - Downloaded MSFT/1771533671.json -> /tmp/minio_downloads/1771533671.json
[2026-02-19T20:44:05.498+0000] {logging_mixin.py:188} INFO - Downloaded MSFT/1771533679.json -> /tmp/minio_downloads/1771533679.json
[2026-02-19T20:44:05.502+0000] {logging_mixin.py:188} INFO - Downloaded MSFT/1771533687.json -> /tmp/minio_downloads/1771533687.json
[2026-02-19T20:44:05.506+0000] {logging_mixin.py:188} INFO - Downloaded MSFT/1771533695.json -> /tmp/minio_downloads/1771533695.json
[2026-02-19T20:44:05.511+0000] {logging_mixin.py:188} INFO - Downloaded MSFT/1771533703.json -> /tmp/minio_downloads/1771533703.json
[2026-02-19T20:44:05.514+0000] {logging_mixin.py:188} INFO - Downloaded MSFT/1771533711.json -> /tmp/minio_downloads/1771533711.json
[2026-02-19T20:44:05.519+0000] {logging_mixin.py:188} INFO - Downloaded MSFT/1771533719.json -> /tmp/minio_downloads/1771533719.json
[2026-02-19T20:44:05.523+0000] {logging_mixin.py:188} INFO - Downloaded MSFT/1771533727.json -> /tmp/minio_downloads/1771533727.json
[2026-02-19T20:44:05.529+0000] {logging_mixin.py:188} INFO - Downloaded MSFT/1771533735.json -> /tmp/minio_downloads/1771533735.json
[2026-02-19T20:44:05.533+0000] {logging_mixin.py:188} INFO - Downloaded MSFT/1771533743.json -> /tmp/minio_downloads/1771533743.json
[2026-02-19T20:44:05.537+0000] {logging_mixin.py:188} INFO - Downloaded MSFT/1771533752.json -> /tmp/minio_downloads/1771533752.json
[2026-02-19T20:44:05.541+0000] {logging_mixin.py:188} INFO - Downloaded MSFT/1771533760.json -> /tmp/minio_downloads/1771533760.json
[2026-02-19T20:44:05.545+0000] {logging_mixin.py:188} INFO - Downloaded MSFT/1771533768.json -> /tmp/minio_downloads/1771533768.json
[2026-02-19T20:44:05.549+0000] {logging_mixin.py:188} INFO - Downloaded MSFT/1771533777.json -> /tmp/minio_downloads/1771533777.json
[2026-02-19T20:44:05.555+0000] {logging_mixin.py:188} INFO - Downloaded MSFT/1771533785.json -> /tmp/minio_downloads/1771533785.json
[2026-02-19T20:44:05.560+0000] {logging_mixin.py:188} INFO - Downloaded MSFT/1771533793.json -> /tmp/minio_downloads/1771533793.json
[2026-02-19T20:44:05.565+0000] {logging_mixin.py:188} INFO - Downloaded MSFT/1771533801.json -> /tmp/minio_downloads/1771533801.json
[2026-02-19T20:44:05.571+0000] {logging_mixin.py:188} INFO - Downloaded MSFT/1771533810.json -> /tmp/minio_downloads/1771533810.json
[2026-02-19T20:44:05.578+0000] {logging_mixin.py:188} INFO - Downloaded MSFT/1771533818.json -> /tmp/minio_downloads/1771533818.json
[2026-02-19T20:44:05.583+0000] {logging_mixin.py:188} INFO - Downloaded MSFT/1771533826.json -> /tmp/minio_downloads/1771533826.json
[2026-02-19T20:44:05.588+0000] {logging_mixin.py:188} INFO - Downloaded MSFT/1771533833.json -> /tmp/minio_downloads/1771533833.json
[2026-02-19T20:44:05.592+0000] {logging_mixin.py:188} INFO - Downloaded MSFT/1771533842.json -> /tmp/minio_downloads/1771533842.json
[2026-02-19T20:44:05.596+0000] {logging_mixin.py:188} INFO - Downloaded TSLA/1771533417.json -> /tmp/minio_downloads/1771533417.json
[2026-02-19T20:44:05.602+0000] {logging_mixin.py:188} INFO - Downloaded TSLA/1771533424.json -> /tmp/minio_downloads/1771533424.json
[2026-02-19T20:44:05.606+0000] {logging_mixin.py:188} INFO - Downloaded TSLA/1771533433.json -> /tmp/minio_downloads/1771533433.json
[2026-02-19T20:44:05.613+0000] {logging_mixin.py:188} INFO - Downloaded TSLA/1771533440.json -> /tmp/minio_downloads/1771533440.json
[2026-02-19T20:44:05.620+0000] {logging_mixin.py:188} INFO - Downloaded TSLA/1771533448.json -> /tmp/minio_downloads/1771533448.json
[2026-02-19T20:44:05.626+0000] {logging_mixin.py:188} INFO - Downloaded TSLA/1771533456.json -> /tmp/minio_downloads/1771533456.json
[2026-02-19T20:44:05.632+0000] {logging_mixin.py:188} INFO - Downloaded TSLA/1771533464.json -> /tmp/minio_downloads/1771533464.json
[2026-02-19T20:44:05.637+0000] {logging_mixin.py:188} INFO - Downloaded TSLA/1771533472.json -> /tmp/minio_downloads/1771533472.json
[2026-02-19T20:44:05.642+0000] {logging_mixin.py:188} INFO - Downloaded TSLA/1771533480.json -> /tmp/minio_downloads/1771533480.json
[2026-02-19T20:44:05.648+0000] {logging_mixin.py:188} INFO - Downloaded TSLA/1771533488.json -> /tmp/minio_downloads/1771533488.json
[2026-02-19T20:44:05.655+0000] {logging_mixin.py:188} INFO - Downloaded TSLA/1771533496.json -> /tmp/minio_downloads/1771533496.json
[2026-02-19T20:44:05.660+0000] {logging_mixin.py:188} INFO - Downloaded TSLA/1771533504.json -> /tmp/minio_downloads/1771533504.json
[2026-02-19T20:44:05.665+0000] {logging_mixin.py:188} INFO - Downloaded TSLA/1771533512.json -> /tmp/minio_downloads/1771533512.json
[2026-02-19T20:44:05.670+0000] {logging_mixin.py:188} INFO - Downloaded TSLA/1771533520.json -> /tmp/minio_downloads/1771533520.json
[2026-02-19T20:44:05.674+0000] {logging_mixin.py:188} INFO - Downloaded TSLA/1771533528.json -> /tmp/minio_downloads/1771533528.json
[2026-02-19T20:44:05.679+0000] {logging_mixin.py:188} INFO - Downloaded TSLA/1771533536.json -> /tmp/minio_downloads/1771533536.json
[2026-02-19T20:44:05.683+0000] {logging_mixin.py:188} INFO - Downloaded TSLA/1771533544.json -> /tmp/minio_downloads/1771533544.json
[2026-02-19T20:44:05.688+0000] {logging_mixin.py:188} INFO - Downloaded TSLA/1771533552.json -> /tmp/minio_downloads/1771533552.json
[2026-02-19T20:44:05.692+0000] {logging_mixin.py:188} INFO - Downloaded TSLA/1771533560.json -> /tmp/minio_downloads/1771533560.json
[2026-02-19T20:44:05.697+0000] {logging_mixin.py:188} INFO - Downloaded TSLA/1771533567.json -> /tmp/minio_downloads/1771533567.json
[2026-02-19T20:44:05.701+0000] {logging_mixin.py:188} INFO - Downloaded TSLA/1771533575.json -> /tmp/minio_downloads/1771533575.json
[2026-02-19T20:44:05.706+0000] {logging_mixin.py:188} INFO - Downloaded TSLA/1771533583.json -> /tmp/minio_downloads/1771533583.json
[2026-02-19T20:44:05.710+0000] {logging_mixin.py:188} INFO - Downloaded TSLA/1771533591.json -> /tmp/minio_downloads/1771533591.json
[2026-02-19T20:44:05.715+0000] {logging_mixin.py:188} INFO - Downloaded TSLA/1771533599.json -> /tmp/minio_downloads/1771533599.json
[2026-02-19T20:44:05.720+0000] {logging_mixin.py:188} INFO - Downloaded TSLA/1771533607.json -> /tmp/minio_downloads/1771533607.json
[2026-02-19T20:44:05.725+0000] {logging_mixin.py:188} INFO - Downloaded TSLA/1771533616.json -> /tmp/minio_downloads/1771533616.json
[2026-02-19T20:44:05.730+0000] {logging_mixin.py:188} INFO - Downloaded TSLA/1771533624.json -> /tmp/minio_downloads/1771533624.json
[2026-02-19T20:44:05.736+0000] {logging_mixin.py:188} INFO - Downloaded TSLA/1771533632.json -> /tmp/minio_downloads/1771533632.json
[2026-02-19T20:44:05.740+0000] {logging_mixin.py:188} INFO - Downloaded TSLA/1771533640.json -> /tmp/minio_downloads/1771533640.json
[2026-02-19T20:44:05.745+0000] {logging_mixin.py:188} INFO - Downloaded TSLA/1771533647.json -> /tmp/minio_downloads/1771533647.json
[2026-02-19T20:44:05.749+0000] {logging_mixin.py:188} INFO - Downloaded TSLA/1771533655.json -> /tmp/minio_downloads/1771533655.json
[2026-02-19T20:44:05.754+0000] {logging_mixin.py:188} INFO - Downloaded TSLA/1771533664.json -> /tmp/minio_downloads/1771533664.json
[2026-02-19T20:44:05.758+0000] {logging_mixin.py:188} INFO - Downloaded TSLA/1771533672.json -> /tmp/minio_downloads/1771533672.json
[2026-02-19T20:44:05.763+0000] {logging_mixin.py:188} INFO - Downloaded TSLA/1771533680.json -> /tmp/minio_downloads/1771533680.json
[2026-02-19T20:44:05.768+0000] {logging_mixin.py:188} INFO - Downloaded TSLA/1771533688.json -> /tmp/minio_downloads/1771533688.json
[2026-02-19T20:44:05.774+0000] {logging_mixin.py:188} INFO - Downloaded TSLA/1771533695.json -> /tmp/minio_downloads/1771533695.json
[2026-02-19T20:44:05.779+0000] {logging_mixin.py:188} INFO - Downloaded TSLA/1771533703.json -> /tmp/minio_downloads/1771533703.json
[2026-02-19T20:44:05.784+0000] {logging_mixin.py:188} INFO - Downloaded TSLA/1771533712.json -> /tmp/minio_downloads/1771533712.json
[2026-02-19T20:44:05.789+0000] {logging_mixin.py:188} INFO - Downloaded TSLA/1771533719.json -> /tmp/minio_downloads/1771533719.json
[2026-02-19T20:44:05.796+0000] {logging_mixin.py:188} INFO - Downloaded TSLA/1771533727.json -> /tmp/minio_downloads/1771533727.json
[2026-02-19T20:44:05.801+0000] {logging_mixin.py:188} INFO - Downloaded TSLA/1771533735.json -> /tmp/minio_downloads/1771533735.json
[2026-02-19T20:44:05.805+0000] {logging_mixin.py:188} INFO - Downloaded TSLA/1771533743.json -> /tmp/minio_downloads/1771533743.json
[2026-02-19T20:44:05.810+0000] {logging_mixin.py:188} INFO - Downloaded TSLA/1771533752.json -> /tmp/minio_downloads/1771533752.json
[2026-02-19T20:44:05.814+0000] {logging_mixin.py:188} INFO - Downloaded TSLA/1771533760.json -> /tmp/minio_downloads/1771533760.json
[2026-02-19T20:44:05.818+0000] {logging_mixin.py:188} INFO - Downloaded TSLA/1771533769.json -> /tmp/minio_downloads/1771533769.json
[2026-02-19T20:44:05.823+0000] {logging_mixin.py:188} INFO - Downloaded TSLA/1771533778.json -> /tmp/minio_downloads/1771533778.json
[2026-02-19T20:44:05.827+0000] {logging_mixin.py:188} INFO - Downloaded TSLA/1771533786.json -> /tmp/minio_downloads/1771533786.json
[2026-02-19T20:44:05.833+0000] {logging_mixin.py:188} INFO - Downloaded TSLA/1771533794.json -> /tmp/minio_downloads/1771533794.json
[2026-02-19T20:44:05.840+0000] {logging_mixin.py:188} INFO - Downloaded TSLA/1771533802.json -> /tmp/minio_downloads/1771533802.json
[2026-02-19T20:44:05.844+0000] {logging_mixin.py:188} INFO - Downloaded TSLA/1771533810.json -> /tmp/minio_downloads/1771533810.json
[2026-02-19T20:44:05.849+0000] {logging_mixin.py:188} INFO - Downloaded TSLA/1771533818.json -> /tmp/minio_downloads/1771533818.json
[2026-02-19T20:44:05.853+0000] {logging_mixin.py:188} INFO - Downloaded TSLA/1771533826.json -> /tmp/minio_downloads/1771533826.json
[2026-02-19T20:44:05.856+0000] {logging_mixin.py:188} INFO - Downloaded TSLA/1771533834.json -> /tmp/minio_downloads/1771533834.json
[2026-02-19T20:44:05.860+0000] {logging_mixin.py:188} INFO - Downloaded TSLA/1771533842.json -> /tmp/minio_downloads/1771533842.json
[2026-02-19T20:44:05.863+0000] {python.py:237} INFO - Done. Returned value was: ['/tmp/minio_downloads/1771533416.json', '/tmp/minio_downloads/1771533424.json', '/tmp/minio_downloads/1771533432.json', '/tmp/minio_downloads/1771533440.json', '/tmp/minio_downloads/1771533447.json', '/tmp/minio_downloads/1771533455.json', '/tmp/minio_downloads/1771533463.json', '/tmp/minio_downloads/1771533471.json', '/tmp/minio_downloads/1771533479.json', '/tmp/minio_downloads/1771533487.json', '/tmp/minio_downloads/1771533495.json', '/tmp/minio_downloads/1771533503.json', '/tmp/minio_downloads/1771533511.json', '/tmp/minio_downloads/1771533519.json', '/tmp/minio_downloads/1771533527.json', '/tmp/minio_downloads/1771533535.json', '/tmp/minio_downloads/1771533543.json', '/tmp/minio_downloads/1771533551.json', '/tmp/minio_downloads/1771533559.json', '/tmp/minio_downloads/1771533567.json', '/tmp/minio_downloads/1771533574.json', '/tmp/minio_downloads/1771533582.json', '/tmp/minio_downloads/1771533590.json', '/tmp/minio_downloads/1771533598.json', '/tmp/minio_downloads/1771533606.json', '/tmp/minio_downloads/1771533615.json', '/tmp/minio_downloads/1771533623.json', '/tmp/minio_downloads/1771533631.json', '/tmp/minio_downloads/1771533639.json', '/tmp/minio_downloads/1771533647.json', '/tmp/minio_downloads/1771533655.json', '/tmp/minio_downloads/1771533663.json', '/tmp/minio_downloads/1771533671.json', '/tmp/minio_downloads/1771533679.json', '/tmp/minio_downloads/1771533687.json', '/tmp/minio_downloads/1771533695.json', '/tmp/minio_downloads/1771533703.json', '/tmp/minio_downloads/1771533711.json', '/tmp/minio_downloads/1771533719.json', '/tmp/minio_downloads/1771533727.json', '/tmp/minio_downloads/1771533734.json', '/tmp/minio_downloads/1771533743.json', '/tmp/minio_downloads/1771533751.json', '/tmp/minio_downloads/1771533760.json', '/tmp/minio_downloads/1771533768.json', '/tmp/minio_downloads/1771533777.json', '/tmp/minio_downloads/1771533785.json', '/tmp/minio_downloads/1771533793.json', '/tmp/minio_downloads/1771533801.json', '/tmp/minio_downloads/1771533809.json', '/tmp/minio_downloads/1771533817.json', '/tmp/minio_downloads/1771533825.json', '/tmp/minio_downloads/1771533833.json', '/tmp/minio_downloads/1771533841.json', '/tmp/minio_downloads/1771533417.json', '/tmp/minio_downloads/1771533425.json', '/tmp/minio_downloads/1771533433.json', '/tmp/minio_downloads/1771533441.json', '/tmp/minio_downloads/1771533449.json', '/tmp/minio_downloads/1771533457.json', '/tmp/minio_downloads/1771533465.json', '/tmp/minio_downloads/1771533473.json', '/tmp/minio_downloads/1771533481.json', '/tmp/minio_downloads/1771533489.json', '/tmp/minio_downloads/1771533497.json', '/tmp/minio_downloads/1771533505.json', '/tmp/minio_downloads/1771533513.json', '/tmp/minio_downloads/1771533520.json', '/tmp/minio_downloads/1771533529.json', '/tmp/minio_downloads/1771533536.json', '/tmp/minio_downloads/1771533545.json', '/tmp/minio_downloads/1771533552.json', '/tmp/minio_downloads/1771533560.json', '/tmp/minio_downloads/1771533568.json', '/tmp/minio_downloads/1771533576.json', '/tmp/minio_downloads/1771533584.json', '/tmp/minio_downloads/1771533592.json', '/tmp/minio_downloads/1771533600.json', '/tmp/minio_downloads/1771533608.json', '/tmp/minio_downloads/1771533617.json', '/tmp/minio_downloads/1771533624.json', '/tmp/minio_downloads/1771533632.json', '/tmp/minio_downloads/1771533640.json', '/tmp/minio_downloads/1771533648.json', '/tmp/minio_downloads/1771533656.json', '/tmp/minio_downloads/1771533665.json', '/tmp/minio_downloads/1771533672.json', '/tmp/minio_downloads/1771533680.json', '/tmp/minio_downloads/1771533688.json', '/tmp/minio_downloads/1771533696.json', '/tmp/minio_downloads/1771533704.json', '/tmp/minio_downloads/1771533712.json', '/tmp/minio_downloads/1771533720.json', '/tmp/minio_downloads/1771533728.json', '/tmp/minio_downloads/1771533736.json', '/tmp/minio_downloads/1771533745.json', '/tmp/minio_downloads/1771533753.json', '/tmp/minio_downloads/1771533761.json', '/tmp/minio_downloads/1771533770.json', '/tmp/minio_downloads/1771533778.json', '/tmp/minio_downloads/1771533786.json', '/tmp/minio_downloads/1771533794.json', '/tmp/minio_downloads/1771533803.json', '/tmp/minio_downloads/1771533811.json', '/tmp/minio_downloads/1771533819.json', '/tmp/minio_downloads/1771533827.json', '/tmp/minio_downloads/1771533835.json', '/tmp/minio_downloads/1771533417.json', '/tmp/minio_downloads/1771533425.json', '/tmp/minio_downloads/1771533433.json', '/tmp/minio_downloads/1771533441.json', '/tmp/minio_downloads/1771533449.json', '/tmp/minio_downloads/1771533456.json', '/tmp/minio_downloads/1771533464.json', '/tmp/minio_downloads/1771533472.json', '/tmp/minio_downloads/1771533480.json', '/tmp/minio_downloads/1771533488.json', '/tmp/minio_downloads/1771533496.json', '/tmp/minio_downloads/1771533504.json', '/tmp/minio_downloads/1771533512.json', '/tmp/minio_downloads/1771533520.json', '/tmp/minio_downloads/1771533528.json', '/tmp/minio_downloads/1771533536.json', '/tmp/minio_downloads/1771533544.json', '/tmp/minio_downloads/1771533552.json', '/tmp/minio_downloads/1771533560.json', '/tmp/minio_downloads/1771533568.json', '/tmp/minio_downloads/1771533576.json', '/tmp/minio_downloads/1771533583.json', '/tmp/minio_downloads/1771533591.json', '/tmp/minio_downloads/1771533600.json', '/tmp/minio_downloads/1771533608.json', '/tmp/minio_downloads/1771533616.json', '/tmp/minio_downloads/1771533624.json', '/tmp/minio_downloads/1771533632.json', '/tmp/minio_downloads/1771533640.json', '/tmp/minio_downloads/1771533648.json', '/tmp/minio_downloads/1771533656.json', '/tmp/minio_downloads/1771533664.json', '/tmp/minio_downloads/1771533672.json', '/tmp/minio_downloads/1771533680.json', '/tmp/minio_downloads/1771533688.json', '/tmp/minio_downloads/1771533696.json', '/tmp/minio_downloads/1771533704.json', '/tmp/minio_downloads/1771533712.json', '/tmp/minio_downloads/1771533720.json', '/tmp/minio_downloads/1771533728.json', '/tmp/minio_downloads/1771533736.json', '/tmp/minio_downloads/1771533744.json', '/tmp/minio_downloads/1771533753.json', '/tmp/minio_downloads/1771533761.json', '/tmp/minio_downloads/1771533769.json', '/tmp/minio_downloads/1771533778.json', '/tmp/minio_downloads/1771533786.json', '/tmp/minio_downloads/1771533794.json', '/tmp/minio_downloads/1771533803.json', '/tmp/minio_downloads/1771533810.json', '/tmp/minio_downloads/1771533818.json', '/tmp/minio_downloads/1771533826.json', '/tmp/minio_downloads/1771533834.json', '/tmp/minio_downloads/1771533416.json', '/tmp/minio_downloads/1771533424.json', '/tmp/minio_downloads/1771533432.json', '/tmp/minio_downloads/1771533440.json', '/tmp/minio_downloads/1771533448.json', '/tmp/minio_downloads/1771533456.json', '/tmp/minio_downloads/1771533464.json', '/tmp/minio_downloads/1771533472.json', '/tmp/minio_downloads/1771533479.json', '/tmp/minio_downloads/1771533488.json', '/tmp/minio_downloads/1771533496.json', '/tmp/minio_downloads/1771533504.json', '/tmp/minio_downloads/1771533511.json', '/tmp/minio_downloads/1771533519.json', '/tmp/minio_downloads/1771533527.json', '/tmp/minio_downloads/1771533535.json', '/tmp/minio_downloads/1771533543.json', '/tmp/minio_downloads/1771533551.json', '/tmp/minio_downloads/1771533559.json', '/tmp/minio_downloads/1771533567.json', '/tmp/minio_downloads/1771533575.json', '/tmp/minio_downloads/1771533583.json', '/tmp/minio_downloads/1771533591.json', '/tmp/minio_downloads/1771533599.json', '/tmp/minio_downloads/1771533607.json', '/tmp/minio_downloads/1771533615.json', '/tmp/minio_downloads/1771533623.json', '/tmp/minio_downloads/1771533631.json', '/tmp/minio_downloads/1771533639.json', '/tmp/minio_downloads/1771533647.json', '/tmp/minio_downloads/1771533655.json', '/tmp/minio_downloads/1771533663.json', '/tmp/minio_downloads/1771533671.json', '/tmp/minio_downloads/1771533679.json', '/tmp/minio_downloads/1771533687.json', '/tmp/minio_downloads/1771533695.json', '/tmp/minio_downloads/1771533703.json', '/tmp/minio_downloads/1771533711.json', '/tmp/minio_downloads/1771533719.json', '/tmp/minio_downloads/1771533727.json', '/tmp/minio_downloads/1771533735.json', '/tmp/minio_downloads/1771533743.json', '/tmp/minio_downloads/1771533752.json', '/tmp/minio_downloads/1771533760.json', '/tmp/minio_downloads/1771533768.json', '/tmp/minio_downloads/1771533777.json', '/tmp/minio_downloads/1771533785.json', '/tmp/minio_downloads/1771533793.json', '/tmp/minio_downloads/1771533801.json', '/tmp/minio_downloads/1771533810.json', '/tmp/minio_downloads/1771533818.json', '/tmp/minio_downloads/1771533826.json', '/tmp/minio_downloads/1771533833.json', '/tmp/minio_downloads/1771533842.json', '/tmp/minio_downloads/1771533417.json', '/tmp/minio_downloads/1771533424.json', '/tmp/minio_downloads/1771533433.json', '/tmp/minio_downloads/1771533440.json', '/tmp/minio_downloads/1771533448.json', '/tmp/minio_downloads/1771533456.json', '/tmp/minio_downloads/1771533464.json', '/tmp/minio_downloads/1771533472.json', '/tmp/minio_downloads/1771533480.json', '/tmp/minio_downloads/1771533488.json', '/tmp/minio_downloads/1771533496.json', '/tmp/minio_downloads/1771533504.json', '/tmp/minio_downloads/1771533512.json', '/tmp/minio_downloads/1771533520.json', '/tmp/minio_downloads/1771533528.json', '/tmp/minio_downloads/1771533536.json', '/tmp/minio_downloads/1771533544.json', '/tmp/minio_downloads/1771533552.json', '/tmp/minio_downloads/1771533560.json', '/tmp/minio_downloads/1771533567.json', '/tmp/minio_downloads/1771533575.json', '/tmp/minio_downloads/1771533583.json', '/tmp/minio_downloads/1771533591.json', '/tmp/minio_downloads/1771533599.json', '/tmp/minio_downloads/1771533607.json', '/tmp/minio_downloads/1771533616.json', '/tmp/minio_downloads/1771533624.json', '/tmp/minio_downloads/1771533632.json', '/tmp/minio_downloads/1771533640.json', '/tmp/minio_downloads/1771533647.json', '/tmp/minio_downloads/1771533655.json', '/tmp/minio_downloads/1771533664.json', '/tmp/minio_downloads/1771533672.json', '/tmp/minio_downloads/1771533680.json', '/tmp/minio_downloads/1771533688.json', '/tmp/minio_downloads/1771533695.json', '/tmp/minio_downloads/1771533703.json', '/tmp/minio_downloads/1771533712.json', '/tmp/minio_downloads/1771533719.json', '/tmp/minio_downloads/1771533727.json', '/tmp/minio_downloads/1771533735.json', '/tmp/minio_downloads/1771533743.json', '/tmp/minio_downloads/1771533752.json', '/tmp/minio_downloads/1771533760.json', '/tmp/minio_downloads/1771533769.json', '/tmp/minio_downloads/1771533778.json', '/tmp/minio_downloads/1771533786.json', '/tmp/minio_downloads/1771533794.json', '/tmp/minio_downloads/1771533802.json', '/tmp/minio_downloads/1771533810.json', '/tmp/minio_downloads/1771533818.json', '/tmp/minio_downloads/1771533826.json', '/tmp/minio_downloads/1771533834.json', '/tmp/minio_downloads/1771533842.json']
[2026-02-19T20:44:05.865+0000] {taskinstance.py:441} INFO - ::group::Post task execution logs
[2026-02-19T20:44:05.935+0000] {taskinstance.py:1206} INFO - Marking task as SUCCESS. dag_id=minio_to_snowflake, task_id=download_minio, run_id=scheduled__2026-02-19T20:43:00+00:00, execution_date=20260219T204300, start_date=20260219T204402, end_date=20260219T204405
[2026-02-19T20:44:05.995+0000] {local_task_job_runner.py:243} INFO - Task exited with return code 0
[2026-02-19T20:44:06.061+0000] {taskinstance.py:3503} INFO - 1 downstream tasks scheduled from follow-on schedule check
[2026-02-19T20:44:06.063+0000] {local_task_job_runner.py:222} INFO - ::endgroup::
