[2026-02-19T20:50:31.625+0000] {local_task_job_runner.py:120} INFO - ::group::Pre task execution logs
[2026-02-19T20:50:31.640+0000] {taskinstance.py:2076} INFO - Dependencies all met for dep_context=non-requeueable deps ti=<TaskInstance: minio_to_snowflake.load_snowflake scheduled__2026-02-19T20:45:00+00:00 [queued]>
[2026-02-19T20:50:31.644+0000] {taskinstance.py:2076} INFO - Dependencies all met for dep_context=requeueable deps ti=<TaskInstance: minio_to_snowflake.load_snowflake scheduled__2026-02-19T20:45:00+00:00 [queued]>
[2026-02-19T20:50:31.644+0000] {taskinstance.py:2306} INFO - Starting attempt 1 of 2
[2026-02-19T20:50:31.650+0000] {taskinstance.py:2330} INFO - Executing <Task(PythonOperator): load_snowflake> on 2026-02-19 20:45:00+00:00
[2026-02-19T20:50:31.655+0000] {standard_task_runner.py:90} INFO - Running: ['***', 'tasks', 'run', 'minio_to_snowflake', 'load_snowflake', 'scheduled__2026-02-19T20:45:00+00:00', '--job-id', '167', '--raw', '--subdir', 'DAGS_FOLDER/minio_to_snowflake.py', '--cfg-path', '/tmp/tmpjx6zsa83']
[2026-02-19T20:50:31.657+0000] {standard_task_runner.py:91} INFO - Job 167: Subtask load_snowflake
[2026-02-19T20:50:31.657+0000] {logging_mixin.py:188} WARNING - /home/***/.local/lib/python3.12/site-packages/***/task/task_runner/standard_task_runner.py:62 DeprecationWarning: This process (pid=27507) is multi-threaded, use of fork() may lead to deadlocks in the child.
[2026-02-19T20:50:31.659+0000] {standard_task_runner.py:64} INFO - Started process 27519 to run task
[2026-02-19T20:50:31.691+0000] {task_command.py:426} INFO - Running <TaskInstance: minio_to_snowflake.load_snowflake scheduled__2026-02-19T20:45:00+00:00 [running]> on host 0c2666b81705
[2026-02-19T20:50:31.747+0000] {taskinstance.py:2648} INFO - Exporting env vars: AIRFLOW_CTX_DAG_OWNER='***' AIRFLOW_CTX_DAG_ID='minio_to_snowflake' AIRFLOW_CTX_TASK_ID='load_snowflake' AIRFLOW_CTX_EXECUTION_DATE='2026-02-19T20:45:00+00:00' AIRFLOW_CTX_TRY_NUMBER='1' AIRFLOW_CTX_DAG_RUN_ID='scheduled__2026-02-19T20:45:00+00:00'
[2026-02-19T20:50:31.748+0000] {taskinstance.py:430} INFO - ::endgroup::
[2026-02-19T20:50:31.765+0000] {connection.py:408} INFO - Snowflake Connector for Python Version: 3.11.0, Python Version: 3.12.4, Platform: Linux-6.12.67-linuxkit-aarch64-with-glibc2.36
[2026-02-19T20:50:31.765+0000] {connection.py:1258} INFO - This connection is in OCSP Fail Open Mode. TLS Certificates would be checked for validity and revocation status. Any other Certificate Revocation related exceptions or OCSP Responder failures would be disregarded in favor of connectivity.
[2026-02-19T20:50:33.349+0000] {logging_mixin.py:188} INFO - Uploaded /tmp/minio_downloads/1771533416.json to Snowflake stage
[2026-02-19T20:50:33.885+0000] {logging_mixin.py:188} INFO - Uploaded /tmp/minio_downloads/1771533424.json to Snowflake stage
[2026-02-19T20:50:34.225+0000] {logging_mixin.py:188} INFO - Uploaded /tmp/minio_downloads/1771533432.json to Snowflake stage
[2026-02-19T20:50:34.489+0000] {logging_mixin.py:188} INFO - Uploaded /tmp/minio_downloads/1771533440.json to Snowflake stage
[2026-02-19T20:50:34.791+0000] {logging_mixin.py:188} INFO - Uploaded /tmp/minio_downloads/1771533447.json to Snowflake stage
[2026-02-19T20:50:35.044+0000] {logging_mixin.py:188} INFO - Uploaded /tmp/minio_downloads/1771533455.json to Snowflake stage
[2026-02-19T20:50:35.285+0000] {logging_mixin.py:188} INFO - Uploaded /tmp/minio_downloads/1771533463.json to Snowflake stage
[2026-02-19T20:50:35.570+0000] {logging_mixin.py:188} INFO - Uploaded /tmp/minio_downloads/1771533471.json to Snowflake stage
[2026-02-19T20:50:35.850+0000] {logging_mixin.py:188} INFO - Uploaded /tmp/minio_downloads/1771533479.json to Snowflake stage
[2026-02-19T20:50:36.140+0000] {logging_mixin.py:188} INFO - Uploaded /tmp/minio_downloads/1771533487.json to Snowflake stage
[2026-02-19T20:50:36.416+0000] {logging_mixin.py:188} INFO - Uploaded /tmp/minio_downloads/1771533495.json to Snowflake stage
[2026-02-19T20:50:36.665+0000] {logging_mixin.py:188} INFO - Uploaded /tmp/minio_downloads/1771533503.json to Snowflake stage
[2026-02-19T20:50:36.926+0000] {logging_mixin.py:188} INFO - Uploaded /tmp/minio_downloads/1771533511.json to Snowflake stage
[2026-02-19T20:50:37.170+0000] {logging_mixin.py:188} INFO - Uploaded /tmp/minio_downloads/1771533519.json to Snowflake stage
[2026-02-19T20:50:37.428+0000] {logging_mixin.py:188} INFO - Uploaded /tmp/minio_downloads/1771533527.json to Snowflake stage
[2026-02-19T20:50:37.718+0000] {logging_mixin.py:188} INFO - Uploaded /tmp/minio_downloads/1771533535.json to Snowflake stage
[2026-02-19T20:50:37.904+0000] {logging_mixin.py:188} INFO - Uploaded /tmp/minio_downloads/1771533543.json to Snowflake stage
[2026-02-19T20:50:38.213+0000] {logging_mixin.py:188} INFO - Uploaded /tmp/minio_downloads/1771533551.json to Snowflake stage
[2026-02-19T20:50:38.518+0000] {logging_mixin.py:188} INFO - Uploaded /tmp/minio_downloads/1771533559.json to Snowflake stage
[2026-02-19T20:50:38.805+0000] {logging_mixin.py:188} INFO - Uploaded /tmp/minio_downloads/1771533567.json to Snowflake stage
[2026-02-19T20:50:39.058+0000] {logging_mixin.py:188} INFO - Uploaded /tmp/minio_downloads/1771533574.json to Snowflake stage
[2026-02-19T20:50:39.318+0000] {logging_mixin.py:188} INFO - Uploaded /tmp/minio_downloads/1771533582.json to Snowflake stage
[2026-02-19T20:50:39.586+0000] {logging_mixin.py:188} INFO - Uploaded /tmp/minio_downloads/1771533590.json to Snowflake stage
[2026-02-19T20:50:39.866+0000] {logging_mixin.py:188} INFO - Uploaded /tmp/minio_downloads/1771533598.json to Snowflake stage
[2026-02-19T20:50:40.134+0000] {logging_mixin.py:188} INFO - Uploaded /tmp/minio_downloads/1771533606.json to Snowflake stage
[2026-02-19T20:50:40.616+0000] {logging_mixin.py:188} INFO - Uploaded /tmp/minio_downloads/1771533615.json to Snowflake stage
[2026-02-19T20:50:40.853+0000] {logging_mixin.py:188} INFO - Uploaded /tmp/minio_downloads/1771533623.json to Snowflake stage
[2026-02-19T20:50:41.470+0000] {logging_mixin.py:188} INFO - Uploaded /tmp/minio_downloads/1771533631.json to Snowflake stage
[2026-02-19T20:50:41.721+0000] {logging_mixin.py:188} INFO - Uploaded /tmp/minio_downloads/1771533639.json to Snowflake stage
[2026-02-19T20:50:41.947+0000] {logging_mixin.py:188} INFO - Uploaded /tmp/minio_downloads/1771533647.json to Snowflake stage
[2026-02-19T20:50:42.219+0000] {logging_mixin.py:188} INFO - Uploaded /tmp/minio_downloads/1771533655.json to Snowflake stage
[2026-02-19T20:50:42.468+0000] {logging_mixin.py:188} INFO - Uploaded /tmp/minio_downloads/1771533663.json to Snowflake stage
[2026-02-19T20:50:42.744+0000] {logging_mixin.py:188} INFO - Uploaded /tmp/minio_downloads/1771533671.json to Snowflake stage
[2026-02-19T20:50:42.994+0000] {logging_mixin.py:188} INFO - Uploaded /tmp/minio_downloads/1771533679.json to Snowflake stage
[2026-02-19T20:50:43.236+0000] {logging_mixin.py:188} INFO - Uploaded /tmp/minio_downloads/1771533687.json to Snowflake stage
[2026-02-19T20:50:43.486+0000] {logging_mixin.py:188} INFO - Uploaded /tmp/minio_downloads/1771533695.json to Snowflake stage
[2026-02-19T20:50:43.734+0000] {logging_mixin.py:188} INFO - Uploaded /tmp/minio_downloads/1771533703.json to Snowflake stage
[2026-02-19T20:50:43.991+0000] {logging_mixin.py:188} INFO - Uploaded /tmp/minio_downloads/1771533711.json to Snowflake stage
[2026-02-19T20:50:44.283+0000] {logging_mixin.py:188} INFO - Uploaded /tmp/minio_downloads/1771533719.json to Snowflake stage
[2026-02-19T20:50:44.568+0000] {logging_mixin.py:188} INFO - Uploaded /tmp/minio_downloads/1771533727.json to Snowflake stage
[2026-02-19T20:50:44.807+0000] {logging_mixin.py:188} INFO - Uploaded /tmp/minio_downloads/1771533734.json to Snowflake stage
[2026-02-19T20:50:45.044+0000] {logging_mixin.py:188} INFO - Uploaded /tmp/minio_downloads/1771533743.json to Snowflake stage
[2026-02-19T20:50:45.314+0000] {logging_mixin.py:188} INFO - Uploaded /tmp/minio_downloads/1771533751.json to Snowflake stage
[2026-02-19T20:50:45.576+0000] {logging_mixin.py:188} INFO - Uploaded /tmp/minio_downloads/1771533760.json to Snowflake stage
[2026-02-19T20:50:45.827+0000] {logging_mixin.py:188} INFO - Uploaded /tmp/minio_downloads/1771533768.json to Snowflake stage
[2026-02-19T20:50:46.072+0000] {logging_mixin.py:188} INFO - Uploaded /tmp/minio_downloads/1771533777.json to Snowflake stage
[2026-02-19T20:50:46.341+0000] {logging_mixin.py:188} INFO - Uploaded /tmp/minio_downloads/1771533785.json to Snowflake stage
[2026-02-19T20:50:46.606+0000] {logging_mixin.py:188} INFO - Uploaded /tmp/minio_downloads/1771533793.json to Snowflake stage
[2026-02-19T20:50:46.889+0000] {logging_mixin.py:188} INFO - Uploaded /tmp/minio_downloads/1771533801.json to Snowflake stage
[2026-02-19T20:50:47.131+0000] {logging_mixin.py:188} INFO - Uploaded /tmp/minio_downloads/1771533809.json to Snowflake stage
[2026-02-19T20:50:47.711+0000] {logging_mixin.py:188} INFO - Uploaded /tmp/minio_downloads/1771533817.json to Snowflake stage
[2026-02-19T20:50:47.992+0000] {logging_mixin.py:188} INFO - Uploaded /tmp/minio_downloads/1771533825.json to Snowflake stage
[2026-02-19T20:50:48.247+0000] {logging_mixin.py:188} INFO - Uploaded /tmp/minio_downloads/1771533833.json to Snowflake stage
[2026-02-19T20:50:48.503+0000] {logging_mixin.py:188} INFO - Uploaded /tmp/minio_downloads/1771533841.json to Snowflake stage
[2026-02-19T20:50:48.798+0000] {logging_mixin.py:188} INFO - Uploaded /tmp/minio_downloads/1771533849.json to Snowflake stage
[2026-02-19T20:50:49.068+0000] {logging_mixin.py:188} INFO - Uploaded /tmp/minio_downloads/1771533857.json to Snowflake stage
[2026-02-19T20:50:49.342+0000] {logging_mixin.py:188} INFO - Uploaded /tmp/minio_downloads/1771533865.json to Snowflake stage
[2026-02-19T20:50:49.588+0000] {logging_mixin.py:188} INFO - Uploaded /tmp/minio_downloads/1771533873.json to Snowflake stage
[2026-02-19T20:50:49.850+0000] {logging_mixin.py:188} INFO - Uploaded /tmp/minio_downloads/1771533881.json to Snowflake stage
[2026-02-19T20:50:50.101+0000] {logging_mixin.py:188} INFO - Uploaded /tmp/minio_downloads/1771533889.json to Snowflake stage
[2026-02-19T20:50:50.389+0000] {logging_mixin.py:188} INFO - Uploaded /tmp/minio_downloads/1771533897.json to Snowflake stage
[2026-02-19T20:50:50.745+0000] {logging_mixin.py:188} INFO - Uploaded /tmp/minio_downloads/1771533904.json to Snowflake stage
[2026-02-19T20:50:51.465+0000] {logging_mixin.py:188} INFO - Uploaded /tmp/minio_downloads/1771533912.json to Snowflake stage
[2026-02-19T20:50:51.825+0000] {logging_mixin.py:188} INFO - Uploaded /tmp/minio_downloads/1771533920.json to Snowflake stage
[2026-02-19T20:50:52.165+0000] {logging_mixin.py:188} INFO - Uploaded /tmp/minio_downloads/1771533930.json to Snowflake stage
[2026-02-19T20:50:52.510+0000] {logging_mixin.py:188} INFO - Uploaded /tmp/minio_downloads/1771533938.json to Snowflake stage
[2026-02-19T20:50:52.845+0000] {logging_mixin.py:188} INFO - Uploaded /tmp/minio_downloads/1771533946.json to Snowflake stage
[2026-02-19T20:50:53.196+0000] {logging_mixin.py:188} INFO - Uploaded /tmp/minio_downloads/1771533953.json to Snowflake stage
[2026-02-19T20:50:53.554+0000] {logging_mixin.py:188} INFO - Uploaded /tmp/minio_downloads/1771533961.json to Snowflake stage
[2026-02-19T20:50:53.922+0000] {logging_mixin.py:188} INFO - Uploaded /tmp/minio_downloads/1771533969.json to Snowflake stage
[2026-02-19T20:50:54.250+0000] {logging_mixin.py:188} INFO - Uploaded /tmp/minio_downloads/1771533977.json to Snowflake stage
[2026-02-19T20:50:54.668+0000] {logging_mixin.py:188} INFO - Uploaded /tmp/minio_downloads/1771533985.json to Snowflake stage
[2026-02-19T20:50:54.998+0000] {logging_mixin.py:188} INFO - Uploaded /tmp/minio_downloads/1771533993.json to Snowflake stage
[2026-02-19T20:50:55.352+0000] {logging_mixin.py:188} INFO - Uploaded /tmp/minio_downloads/1771534001.json to Snowflake stage
[2026-02-19T20:50:55.715+0000] {logging_mixin.py:188} INFO - Uploaded /tmp/minio_downloads/1771534009.json to Snowflake stage
[2026-02-19T20:50:56.495+0000] {logging_mixin.py:188} INFO - Uploaded /tmp/minio_downloads/1771533417.json to Snowflake stage
[2026-02-19T20:50:56.729+0000] {logging_mixin.py:188} INFO - Uploaded /tmp/minio_downloads/1771533425.json to Snowflake stage
[2026-02-19T20:50:56.983+0000] {logging_mixin.py:188} INFO - Uploaded /tmp/minio_downloads/1771533433.json to Snowflake stage
[2026-02-19T20:50:57.225+0000] {logging_mixin.py:188} INFO - Uploaded /tmp/minio_downloads/1771533441.json to Snowflake stage
[2026-02-19T20:50:57.480+0000] {logging_mixin.py:188} INFO - Uploaded /tmp/minio_downloads/1771533449.json to Snowflake stage
[2026-02-19T20:50:57.750+0000] {logging_mixin.py:188} INFO - Uploaded /tmp/minio_downloads/1771533457.json to Snowflake stage
[2026-02-19T20:50:57.984+0000] {logging_mixin.py:188} INFO - Uploaded /tmp/minio_downloads/1771533465.json to Snowflake stage
[2026-02-19T20:50:58.288+0000] {logging_mixin.py:188} INFO - Uploaded /tmp/minio_downloads/1771533473.json to Snowflake stage
[2026-02-19T20:50:58.561+0000] {logging_mixin.py:188} INFO - Uploaded /tmp/minio_downloads/1771533481.json to Snowflake stage
[2026-02-19T20:50:58.789+0000] {logging_mixin.py:188} INFO - Uploaded /tmp/minio_downloads/1771533489.json to Snowflake stage
[2026-02-19T20:50:59.034+0000] {logging_mixin.py:188} INFO - Uploaded /tmp/minio_downloads/1771533497.json to Snowflake stage
[2026-02-19T20:50:59.297+0000] {logging_mixin.py:188} INFO - Uploaded /tmp/minio_downloads/1771533505.json to Snowflake stage
[2026-02-19T20:50:59.561+0000] {logging_mixin.py:188} INFO - Uploaded /tmp/minio_downloads/1771533513.json to Snowflake stage
[2026-02-19T20:50:59.792+0000] {logging_mixin.py:188} INFO - Uploaded /tmp/minio_downloads/1771533520.json to Snowflake stage
[2026-02-19T20:51:00.098+0000] {logging_mixin.py:188} INFO - Uploaded /tmp/minio_downloads/1771533529.json to Snowflake stage
[2026-02-19T20:51:00.376+0000] {logging_mixin.py:188} INFO - Uploaded /tmp/minio_downloads/1771533536.json to Snowflake stage
[2026-02-19T20:51:00.714+0000] {logging_mixin.py:188} INFO - Uploaded /tmp/minio_downloads/1771533545.json to Snowflake stage
[2026-02-19T20:51:00.990+0000] {logging_mixin.py:188} INFO - Uploaded /tmp/minio_downloads/1771533552.json to Snowflake stage
[2026-02-19T20:51:01.407+0000] {logging_mixin.py:188} INFO - Uploaded /tmp/minio_downloads/1771533560.json to Snowflake stage
[2026-02-19T20:51:01.779+0000] {logging_mixin.py:188} INFO - Uploaded /tmp/minio_downloads/1771533568.json to Snowflake stage
[2026-02-19T20:51:02.039+0000] {logging_mixin.py:188} INFO - Uploaded /tmp/minio_downloads/1771533576.json to Snowflake stage
[2026-02-19T20:51:02.295+0000] {logging_mixin.py:188} INFO - Uploaded /tmp/minio_downloads/1771533584.json to Snowflake stage
[2026-02-19T20:51:02.549+0000] {logging_mixin.py:188} INFO - Uploaded /tmp/minio_downloads/1771533592.json to Snowflake stage
[2026-02-19T20:51:02.855+0000] {logging_mixin.py:188} INFO - Uploaded /tmp/minio_downloads/1771533600.json to Snowflake stage
[2026-02-19T20:51:03.102+0000] {logging_mixin.py:188} INFO - Uploaded /tmp/minio_downloads/1771533608.json to Snowflake stage
[2026-02-19T20:51:03.486+0000] {logging_mixin.py:188} INFO - Uploaded /tmp/minio_downloads/1771533617.json to Snowflake stage
[2026-02-19T20:51:03.750+0000] {logging_mixin.py:188} INFO - Uploaded /tmp/minio_downloads/1771533624.json to Snowflake stage
[2026-02-19T20:51:04.058+0000] {logging_mixin.py:188} INFO - Uploaded /tmp/minio_downloads/1771533632.json to Snowflake stage
[2026-02-19T20:51:04.384+0000] {logging_mixin.py:188} INFO - Uploaded /tmp/minio_downloads/1771533640.json to Snowflake stage
[2026-02-19T20:51:04.662+0000] {logging_mixin.py:188} INFO - Uploaded /tmp/minio_downloads/1771533648.json to Snowflake stage
[2026-02-19T20:51:04.915+0000] {logging_mixin.py:188} INFO - Uploaded /tmp/minio_downloads/1771533656.json to Snowflake stage
[2026-02-19T20:51:05.189+0000] {logging_mixin.py:188} INFO - Uploaded /tmp/minio_downloads/1771533665.json to Snowflake stage
[2026-02-19T20:51:05.462+0000] {logging_mixin.py:188} INFO - Uploaded /tmp/minio_downloads/1771533672.json to Snowflake stage
[2026-02-19T20:51:05.711+0000] {logging_mixin.py:188} INFO - Uploaded /tmp/minio_downloads/1771533680.json to Snowflake stage
[2026-02-19T20:51:05.975+0000] {logging_mixin.py:188} INFO - Uploaded /tmp/minio_downloads/1771533688.json to Snowflake stage
[2026-02-19T20:51:06.209+0000] {logging_mixin.py:188} INFO - Uploaded /tmp/minio_downloads/1771533696.json to Snowflake stage
[2026-02-19T20:51:06.517+0000] {logging_mixin.py:188} INFO - Uploaded /tmp/minio_downloads/1771533704.json to Snowflake stage
[2026-02-19T20:51:06.802+0000] {logging_mixin.py:188} INFO - Uploaded /tmp/minio_downloads/1771533712.json to Snowflake stage
[2026-02-19T20:51:07.038+0000] {logging_mixin.py:188} INFO - Uploaded /tmp/minio_downloads/1771533720.json to Snowflake stage
[2026-02-19T20:51:07.307+0000] {logging_mixin.py:188} INFO - Uploaded /tmp/minio_downloads/1771533728.json to Snowflake stage
[2026-02-19T20:51:07.566+0000] {logging_mixin.py:188} INFO - Uploaded /tmp/minio_downloads/1771533736.json to Snowflake stage
[2026-02-19T20:51:07.771+0000] {logging_mixin.py:188} INFO - Uploaded /tmp/minio_downloads/1771533745.json to Snowflake stage
[2026-02-19T20:51:08.010+0000] {logging_mixin.py:188} INFO - Uploaded /tmp/minio_downloads/1771533753.json to Snowflake stage
[2026-02-19T20:51:08.303+0000] {logging_mixin.py:188} INFO - Uploaded /tmp/minio_downloads/1771533761.json to Snowflake stage
[2026-02-19T20:51:08.540+0000] {logging_mixin.py:188} INFO - Uploaded /tmp/minio_downloads/1771533770.json to Snowflake stage
[2026-02-19T20:51:08.795+0000] {logging_mixin.py:188} INFO - Uploaded /tmp/minio_downloads/1771533778.json to Snowflake stage
[2026-02-19T20:51:09.026+0000] {logging_mixin.py:188} INFO - Uploaded /tmp/minio_downloads/1771533786.json to Snowflake stage
[2026-02-19T20:51:09.256+0000] {logging_mixin.py:188} INFO - Uploaded /tmp/minio_downloads/1771533794.json to Snowflake stage
[2026-02-19T20:51:09.509+0000] {logging_mixin.py:188} INFO - Uploaded /tmp/minio_downloads/1771533803.json to Snowflake stage
[2026-02-19T20:51:09.810+0000] {logging_mixin.py:188} INFO - Uploaded /tmp/minio_downloads/1771533811.json to Snowflake stage
[2026-02-19T20:51:10.087+0000] {logging_mixin.py:188} INFO - Uploaded /tmp/minio_downloads/1771533819.json to Snowflake stage
[2026-02-19T20:51:10.346+0000] {logging_mixin.py:188} INFO - Uploaded /tmp/minio_downloads/1771533827.json to Snowflake stage
[2026-02-19T20:51:10.614+0000] {logging_mixin.py:188} INFO - Uploaded /tmp/minio_downloads/1771533835.json to Snowflake stage
[2026-02-19T20:51:10.883+0000] {logging_mixin.py:188} INFO - Uploaded /tmp/minio_downloads/1771533843.json to Snowflake stage
[2026-02-19T20:51:11.146+0000] {logging_mixin.py:188} INFO - Uploaded /tmp/minio_downloads/1771533851.json to Snowflake stage
[2026-02-19T20:51:11.409+0000] {logging_mixin.py:188} INFO - Uploaded /tmp/minio_downloads/1771533859.json to Snowflake stage
[2026-02-19T20:51:11.653+0000] {logging_mixin.py:188} INFO - Uploaded /tmp/minio_downloads/1771533867.json to Snowflake stage
[2026-02-19T20:51:11.905+0000] {logging_mixin.py:188} INFO - Uploaded /tmp/minio_downloads/1771533874.json to Snowflake stage
[2026-02-19T20:51:12.152+0000] {logging_mixin.py:188} INFO - Uploaded /tmp/minio_downloads/1771533882.json to Snowflake stage
[2026-02-19T20:51:12.404+0000] {logging_mixin.py:188} INFO - Uploaded /tmp/minio_downloads/1771533890.json to Snowflake stage
[2026-02-19T20:51:12.678+0000] {logging_mixin.py:188} INFO - Uploaded /tmp/minio_downloads/1771533898.json to Snowflake stage
[2026-02-19T20:51:13.037+0000] {logging_mixin.py:188} INFO - Uploaded /tmp/minio_downloads/1771533906.json to Snowflake stage
[2026-02-19T20:51:13.371+0000] {logging_mixin.py:188} INFO - Uploaded /tmp/minio_downloads/1771533914.json to Snowflake stage
[2026-02-19T20:51:13.721+0000] {logging_mixin.py:188} INFO - Uploaded /tmp/minio_downloads/1771533923.json to Snowflake stage
[2026-02-19T20:51:14.064+0000] {logging_mixin.py:188} INFO - Uploaded /tmp/minio_downloads/1771533931.json to Snowflake stage
[2026-02-19T20:51:14.934+0000] {logging_mixin.py:188} INFO - Uploaded /tmp/minio_downloads/1771533939.json to Snowflake stage
[2026-02-19T20:51:15.263+0000] {logging_mixin.py:188} INFO - Uploaded /tmp/minio_downloads/1771533947.json to Snowflake stage
[2026-02-19T20:51:15.609+0000] {logging_mixin.py:188} INFO - Uploaded /tmp/minio_downloads/1771533955.json to Snowflake stage
[2026-02-19T20:51:15.944+0000] {logging_mixin.py:188} INFO - Uploaded /tmp/minio_downloads/1771533963.json to Snowflake stage
[2026-02-19T20:51:16.309+0000] {logging_mixin.py:188} INFO - Uploaded /tmp/minio_downloads/1771533971.json to Snowflake stage
[2026-02-19T20:51:16.660+0000] {logging_mixin.py:188} INFO - Uploaded /tmp/minio_downloads/1771533979.json to Snowflake stage
[2026-02-19T20:51:16.974+0000] {logging_mixin.py:188} INFO - Uploaded /tmp/minio_downloads/1771533987.json to Snowflake stage
[2026-02-19T20:51:17.306+0000] {logging_mixin.py:188} INFO - Uploaded /tmp/minio_downloads/1771533994.json to Snowflake stage
[2026-02-19T20:51:17.697+0000] {logging_mixin.py:188} INFO - Uploaded /tmp/minio_downloads/1771534002.json to Snowflake stage
[2026-02-19T20:51:18.025+0000] {logging_mixin.py:188} INFO - Uploaded /tmp/minio_downloads/1771534010.json to Snowflake stage
[2026-02-19T20:51:18.248+0000] {logging_mixin.py:188} INFO - Uploaded /tmp/minio_downloads/1771533417.json to Snowflake stage
[2026-02-19T20:51:18.495+0000] {logging_mixin.py:188} INFO - Uploaded /tmp/minio_downloads/1771533425.json to Snowflake stage
[2026-02-19T20:51:18.768+0000] {logging_mixin.py:188} INFO - Uploaded /tmp/minio_downloads/1771533433.json to Snowflake stage
[2026-02-19T20:51:19.089+0000] {logging_mixin.py:188} INFO - Uploaded /tmp/minio_downloads/1771533441.json to Snowflake stage
[2026-02-19T20:51:19.343+0000] {logging_mixin.py:188} INFO - Uploaded /tmp/minio_downloads/1771533449.json to Snowflake stage
[2026-02-19T20:51:19.603+0000] {logging_mixin.py:188} INFO - Uploaded /tmp/minio_downloads/1771533456.json to Snowflake stage
[2026-02-19T20:51:19.860+0000] {logging_mixin.py:188} INFO - Uploaded /tmp/minio_downloads/1771533464.json to Snowflake stage
[2026-02-19T20:51:20.097+0000] {logging_mixin.py:188} INFO - Uploaded /tmp/minio_downloads/1771533472.json to Snowflake stage
[2026-02-19T20:51:20.388+0000] {logging_mixin.py:188} INFO - Uploaded /tmp/minio_downloads/1771533480.json to Snowflake stage
[2026-02-19T20:51:20.627+0000] {logging_mixin.py:188} INFO - Uploaded /tmp/minio_downloads/1771533488.json to Snowflake stage
[2026-02-19T20:51:20.868+0000] {logging_mixin.py:188} INFO - Uploaded /tmp/minio_downloads/1771533496.json to Snowflake stage
[2026-02-19T20:51:21.120+0000] {logging_mixin.py:188} INFO - Uploaded /tmp/minio_downloads/1771533504.json to Snowflake stage
[2026-02-19T20:51:21.387+0000] {logging_mixin.py:188} INFO - Uploaded /tmp/minio_downloads/1771533512.json to Snowflake stage
[2026-02-19T20:51:21.650+0000] {logging_mixin.py:188} INFO - Uploaded /tmp/minio_downloads/1771533520.json to Snowflake stage
[2026-02-19T20:51:21.934+0000] {logging_mixin.py:188} INFO - Uploaded /tmp/minio_downloads/1771533528.json to Snowflake stage
[2026-02-19T20:51:22.169+0000] {logging_mixin.py:188} INFO - Uploaded /tmp/minio_downloads/1771533536.json to Snowflake stage
[2026-02-19T20:51:22.434+0000] {logging_mixin.py:188} INFO - Uploaded /tmp/minio_downloads/1771533544.json to Snowflake stage
[2026-02-19T20:51:22.712+0000] {logging_mixin.py:188} INFO - Uploaded /tmp/minio_downloads/1771533552.json to Snowflake stage
[2026-02-19T20:51:22.996+0000] {logging_mixin.py:188} INFO - Uploaded /tmp/minio_downloads/1771533560.json to Snowflake stage
[2026-02-19T20:51:23.274+0000] {logging_mixin.py:188} INFO - Uploaded /tmp/minio_downloads/1771533568.json to Snowflake stage
[2026-02-19T20:51:23.514+0000] {logging_mixin.py:188} INFO - Uploaded /tmp/minio_downloads/1771533576.json to Snowflake stage
[2026-02-19T20:51:23.771+0000] {logging_mixin.py:188} INFO - Uploaded /tmp/minio_downloads/1771533583.json to Snowflake stage
[2026-02-19T20:51:24.013+0000] {logging_mixin.py:188} INFO - Uploaded /tmp/minio_downloads/1771533591.json to Snowflake stage
[2026-02-19T20:51:24.243+0000] {logging_mixin.py:188} INFO - Uploaded /tmp/minio_downloads/1771533600.json to Snowflake stage
[2026-02-19T20:51:24.501+0000] {logging_mixin.py:188} INFO - Uploaded /tmp/minio_downloads/1771533608.json to Snowflake stage
[2026-02-19T20:51:24.757+0000] {logging_mixin.py:188} INFO - Uploaded /tmp/minio_downloads/1771533616.json to Snowflake stage
[2026-02-19T20:51:25.010+0000] {logging_mixin.py:188} INFO - Uploaded /tmp/minio_downloads/1771533624.json to Snowflake stage
[2026-02-19T20:51:25.245+0000] {logging_mixin.py:188} INFO - Uploaded /tmp/minio_downloads/1771533632.json to Snowflake stage
[2026-02-19T20:51:25.504+0000] {logging_mixin.py:188} INFO - Uploaded /tmp/minio_downloads/1771533640.json to Snowflake stage
[2026-02-19T20:51:25.790+0000] {logging_mixin.py:188} INFO - Uploaded /tmp/minio_downloads/1771533648.json to Snowflake stage
[2026-02-19T20:51:26.047+0000] {logging_mixin.py:188} INFO - Uploaded /tmp/minio_downloads/1771533656.json to Snowflake stage
[2026-02-19T20:51:26.307+0000] {logging_mixin.py:188} INFO - Uploaded /tmp/minio_downloads/1771533664.json to Snowflake stage
[2026-02-19T20:51:26.604+0000] {logging_mixin.py:188} INFO - Uploaded /tmp/minio_downloads/1771533672.json to Snowflake stage
[2026-02-19T20:51:26.878+0000] {logging_mixin.py:188} INFO - Uploaded /tmp/minio_downloads/1771533680.json to Snowflake stage
[2026-02-19T20:51:27.179+0000] {logging_mixin.py:188} INFO - Uploaded /tmp/minio_downloads/1771533688.json to Snowflake stage
[2026-02-19T20:51:27.479+0000] {logging_mixin.py:188} INFO - Uploaded /tmp/minio_downloads/1771533696.json to Snowflake stage
[2026-02-19T20:51:27.934+0000] {logging_mixin.py:188} INFO - Uploaded /tmp/minio_downloads/1771533704.json to Snowflake stage
[2026-02-19T20:51:28.179+0000] {logging_mixin.py:188} INFO - Uploaded /tmp/minio_downloads/1771533712.json to Snowflake stage
[2026-02-19T20:51:28.430+0000] {logging_mixin.py:188} INFO - Uploaded /tmp/minio_downloads/1771533720.json to Snowflake stage
[2026-02-19T20:51:28.983+0000] {logging_mixin.py:188} INFO - Uploaded /tmp/minio_downloads/1771533728.json to Snowflake stage
[2026-02-19T20:51:29.214+0000] {logging_mixin.py:188} INFO - Uploaded /tmp/minio_downloads/1771533736.json to Snowflake stage
[2026-02-19T20:51:29.568+0000] {logging_mixin.py:188} INFO - Uploaded /tmp/minio_downloads/1771533744.json to Snowflake stage
[2026-02-19T20:51:29.847+0000] {logging_mixin.py:188} INFO - Uploaded /tmp/minio_downloads/1771533753.json to Snowflake stage
[2026-02-19T20:51:30.236+0000] {logging_mixin.py:188} INFO - Uploaded /tmp/minio_downloads/1771533761.json to Snowflake stage
[2026-02-19T20:51:30.486+0000] {logging_mixin.py:188} INFO - Uploaded /tmp/minio_downloads/1771533769.json to Snowflake stage
[2026-02-19T20:51:30.792+0000] {logging_mixin.py:188} INFO - Uploaded /tmp/minio_downloads/1771533778.json to Snowflake stage
[2026-02-19T20:51:31.047+0000] {logging_mixin.py:188} INFO - Uploaded /tmp/minio_downloads/1771533786.json to Snowflake stage
[2026-02-19T20:51:31.288+0000] {logging_mixin.py:188} INFO - Uploaded /tmp/minio_downloads/1771533794.json to Snowflake stage
[2026-02-19T20:51:31.535+0000] {logging_mixin.py:188} INFO - Uploaded /tmp/minio_downloads/1771533803.json to Snowflake stage
[2026-02-19T20:51:31.768+0000] {logging_mixin.py:188} INFO - Uploaded /tmp/minio_downloads/1771533810.json to Snowflake stage
[2026-02-19T20:51:32.038+0000] {logging_mixin.py:188} INFO - Uploaded /tmp/minio_downloads/1771533818.json to Snowflake stage
[2026-02-19T20:51:32.317+0000] {logging_mixin.py:188} INFO - Uploaded /tmp/minio_downloads/1771533826.json to Snowflake stage
[2026-02-19T20:51:32.640+0000] {logging_mixin.py:188} INFO - Uploaded /tmp/minio_downloads/1771533834.json to Snowflake stage
[2026-02-19T20:51:32.900+0000] {logging_mixin.py:188} INFO - Uploaded /tmp/minio_downloads/1771533843.json to Snowflake stage
[2026-02-19T20:51:33.172+0000] {logging_mixin.py:188} INFO - Uploaded /tmp/minio_downloads/1771533851.json to Snowflake stage
[2026-02-19T20:51:33.466+0000] {logging_mixin.py:188} INFO - Uploaded /tmp/minio_downloads/1771533859.json to Snowflake stage
[2026-02-19T20:51:33.764+0000] {logging_mixin.py:188} INFO - Uploaded /tmp/minio_downloads/1771533866.json to Snowflake stage
[2026-02-19T20:51:34.113+0000] {logging_mixin.py:188} INFO - Uploaded /tmp/minio_downloads/1771533874.json to Snowflake stage
[2026-02-19T20:51:34.392+0000] {logging_mixin.py:188} INFO - Uploaded /tmp/minio_downloads/1771533882.json to Snowflake stage
[2026-02-19T20:51:34.637+0000] {logging_mixin.py:188} INFO - Uploaded /tmp/minio_downloads/1771533890.json to Snowflake stage
[2026-02-19T20:51:34.907+0000] {logging_mixin.py:188} INFO - Uploaded /tmp/minio_downloads/1771533898.json to Snowflake stage
[2026-02-19T20:51:35.168+0000] {logging_mixin.py:188} INFO - Uploaded /tmp/minio_downloads/1771533906.json to Snowflake stage
[2026-02-19T20:51:35.429+0000] {logging_mixin.py:188} INFO - Uploaded /tmp/minio_downloads/1771533914.json to Snowflake stage
[2026-02-19T20:51:35.792+0000] {logging_mixin.py:188} INFO - Uploaded /tmp/minio_downloads/1771533922.json to Snowflake stage
[2026-02-19T20:51:36.046+0000] {logging_mixin.py:188} INFO - Uploaded /tmp/minio_downloads/1771533931.json to Snowflake stage
[2026-02-19T20:51:36.300+0000] {logging_mixin.py:188} INFO - Uploaded /tmp/minio_downloads/1771533939.json to Snowflake stage
[2026-02-19T20:51:36.588+0000] {logging_mixin.py:188} INFO - Uploaded /tmp/minio_downloads/1771533947.json to Snowflake stage
[2026-02-19T20:51:36.933+0000] {logging_mixin.py:188} INFO - Uploaded /tmp/minio_downloads/1771533954.json to Snowflake stage
[2026-02-19T20:51:37.215+0000] {logging_mixin.py:188} INFO - Uploaded /tmp/minio_downloads/1771533963.json to Snowflake stage
[2026-02-19T20:51:37.643+0000] {logging_mixin.py:188} INFO - Uploaded /tmp/minio_downloads/1771533970.json to Snowflake stage
[2026-02-19T20:51:37.877+0000] {logging_mixin.py:188} INFO - Uploaded /tmp/minio_downloads/1771533978.json to Snowflake stage
[2026-02-19T20:51:38.153+0000] {logging_mixin.py:188} INFO - Uploaded /tmp/minio_downloads/1771533986.json to Snowflake stage
[2026-02-19T20:51:38.398+0000] {logging_mixin.py:188} INFO - Uploaded /tmp/minio_downloads/1771533994.json to Snowflake stage
[2026-02-19T20:51:38.630+0000] {logging_mixin.py:188} INFO - Uploaded /tmp/minio_downloads/1771534002.json to Snowflake stage
[2026-02-19T20:51:38.864+0000] {logging_mixin.py:188} INFO - Uploaded /tmp/minio_downloads/1771534010.json to Snowflake stage
[2026-02-19T20:51:39.128+0000] {logging_mixin.py:188} INFO - Uploaded /tmp/minio_downloads/1771533416.json to Snowflake stage
[2026-02-19T20:51:39.437+0000] {logging_mixin.py:188} INFO - Uploaded /tmp/minio_downloads/1771533424.json to Snowflake stage
[2026-02-19T20:51:39.719+0000] {logging_mixin.py:188} INFO - Uploaded /tmp/minio_downloads/1771533432.json to Snowflake stage
[2026-02-19T20:51:40.017+0000] {logging_mixin.py:188} INFO - Uploaded /tmp/minio_downloads/1771533440.json to Snowflake stage
[2026-02-19T20:51:40.277+0000] {logging_mixin.py:188} INFO - Uploaded /tmp/minio_downloads/1771533448.json to Snowflake stage
[2026-02-19T20:51:40.610+0000] {logging_mixin.py:188} INFO - Uploaded /tmp/minio_downloads/1771533456.json to Snowflake stage
[2026-02-19T20:51:40.855+0000] {logging_mixin.py:188} INFO - Uploaded /tmp/minio_downloads/1771533464.json to Snowflake stage
[2026-02-19T20:51:41.166+0000] {logging_mixin.py:188} INFO - Uploaded /tmp/minio_downloads/1771533472.json to Snowflake stage
[2026-02-19T20:51:41.674+0000] {logging_mixin.py:188} INFO - Uploaded /tmp/minio_downloads/1771533479.json to Snowflake stage
[2026-02-19T20:51:41.912+0000] {logging_mixin.py:188} INFO - Uploaded /tmp/minio_downloads/1771533488.json to Snowflake stage
[2026-02-19T20:51:42.170+0000] {logging_mixin.py:188} INFO - Uploaded /tmp/minio_downloads/1771533496.json to Snowflake stage
[2026-02-19T20:51:42.420+0000] {logging_mixin.py:188} INFO - Uploaded /tmp/minio_downloads/1771533504.json to Snowflake stage
[2026-02-19T20:51:42.676+0000] {logging_mixin.py:188} INFO - Uploaded /tmp/minio_downloads/1771533511.json to Snowflake stage
[2026-02-19T20:51:42.919+0000] {logging_mixin.py:188} INFO - Uploaded /tmp/minio_downloads/1771533519.json to Snowflake stage
[2026-02-19T20:51:43.183+0000] {logging_mixin.py:188} INFO - Uploaded /tmp/minio_downloads/1771533527.json to Snowflake stage
[2026-02-19T20:51:43.443+0000] {logging_mixin.py:188} INFO - Uploaded /tmp/minio_downloads/1771533535.json to Snowflake stage
[2026-02-19T20:51:43.707+0000] {logging_mixin.py:188} INFO - Uploaded /tmp/minio_downloads/1771533543.json to Snowflake stage
[2026-02-19T20:51:43.981+0000] {logging_mixin.py:188} INFO - Uploaded /tmp/minio_downloads/1771533551.json to Snowflake stage
[2026-02-19T20:51:44.247+0000] {logging_mixin.py:188} INFO - Uploaded /tmp/minio_downloads/1771533559.json to Snowflake stage
[2026-02-19T20:51:44.516+0000] {logging_mixin.py:188} INFO - Uploaded /tmp/minio_downloads/1771533567.json to Snowflake stage
[2026-02-19T20:51:44.772+0000] {logging_mixin.py:188} INFO - Uploaded /tmp/minio_downloads/1771533575.json to Snowflake stage
[2026-02-19T20:51:45.048+0000] {logging_mixin.py:188} INFO - Uploaded /tmp/minio_downloads/1771533583.json to Snowflake stage
[2026-02-19T20:51:45.322+0000] {logging_mixin.py:188} INFO - Uploaded /tmp/minio_downloads/1771533591.json to Snowflake stage
[2026-02-19T20:51:45.603+0000] {logging_mixin.py:188} INFO - Uploaded /tmp/minio_downloads/1771533599.json to Snowflake stage
[2026-02-19T20:51:45.856+0000] {logging_mixin.py:188} INFO - Uploaded /tmp/minio_downloads/1771533607.json to Snowflake stage
[2026-02-19T20:51:46.101+0000] {logging_mixin.py:188} INFO - Uploaded /tmp/minio_downloads/1771533615.json to Snowflake stage
[2026-02-19T20:51:46.382+0000] {logging_mixin.py:188} INFO - Uploaded /tmp/minio_downloads/1771533623.json to Snowflake stage
[2026-02-19T20:51:46.632+0000] {logging_mixin.py:188} INFO - Uploaded /tmp/minio_downloads/1771533631.json to Snowflake stage
[2026-02-19T20:51:46.882+0000] {logging_mixin.py:188} INFO - Uploaded /tmp/minio_downloads/1771533639.json to Snowflake stage
[2026-02-19T20:51:47.138+0000] {logging_mixin.py:188} INFO - Uploaded /tmp/minio_downloads/1771533647.json to Snowflake stage
[2026-02-19T20:51:47.398+0000] {logging_mixin.py:188} INFO - Uploaded /tmp/minio_downloads/1771533655.json to Snowflake stage
[2026-02-19T20:51:47.628+0000] {logging_mixin.py:188} INFO - Uploaded /tmp/minio_downloads/1771533663.json to Snowflake stage
[2026-02-19T20:51:47.864+0000] {logging_mixin.py:188} INFO - Uploaded /tmp/minio_downloads/1771533671.json to Snowflake stage
[2026-02-19T20:51:48.134+0000] {logging_mixin.py:188} INFO - Uploaded /tmp/minio_downloads/1771533679.json to Snowflake stage
[2026-02-19T20:51:48.384+0000] {logging_mixin.py:188} INFO - Uploaded /tmp/minio_downloads/1771533687.json to Snowflake stage
[2026-02-19T20:51:48.638+0000] {logging_mixin.py:188} INFO - Uploaded /tmp/minio_downloads/1771533695.json to Snowflake stage
[2026-02-19T20:51:48.924+0000] {logging_mixin.py:188} INFO - Uploaded /tmp/minio_downloads/1771533703.json to Snowflake stage
[2026-02-19T20:51:49.178+0000] {logging_mixin.py:188} INFO - Uploaded /tmp/minio_downloads/1771533711.json to Snowflake stage
[2026-02-19T20:51:49.461+0000] {logging_mixin.py:188} INFO - Uploaded /tmp/minio_downloads/1771533719.json to Snowflake stage
[2026-02-19T20:51:49.700+0000] {logging_mixin.py:188} INFO - Uploaded /tmp/minio_downloads/1771533727.json to Snowflake stage
[2026-02-19T20:51:49.952+0000] {logging_mixin.py:188} INFO - Uploaded /tmp/minio_downloads/1771533735.json to Snowflake stage
[2026-02-19T20:51:50.220+0000] {logging_mixin.py:188} INFO - Uploaded /tmp/minio_downloads/1771533743.json to Snowflake stage
[2026-02-19T20:51:50.523+0000] {logging_mixin.py:188} INFO - Uploaded /tmp/minio_downloads/1771533752.json to Snowflake stage
[2026-02-19T20:51:50.797+0000] {logging_mixin.py:188} INFO - Uploaded /tmp/minio_downloads/1771533760.json to Snowflake stage
[2026-02-19T20:51:51.048+0000] {logging_mixin.py:188} INFO - Uploaded /tmp/minio_downloads/1771533768.json to Snowflake stage
[2026-02-19T20:51:51.283+0000] {logging_mixin.py:188} INFO - Uploaded /tmp/minio_downloads/1771533777.json to Snowflake stage
[2026-02-19T20:51:51.528+0000] {logging_mixin.py:188} INFO - Uploaded /tmp/minio_downloads/1771533785.json to Snowflake stage
[2026-02-19T20:51:51.792+0000] {logging_mixin.py:188} INFO - Uploaded /tmp/minio_downloads/1771533793.json to Snowflake stage
[2026-02-19T20:51:52.045+0000] {logging_mixin.py:188} INFO - Uploaded /tmp/minio_downloads/1771533801.json to Snowflake stage
[2026-02-19T20:51:52.317+0000] {logging_mixin.py:188} INFO - Uploaded /tmp/minio_downloads/1771533810.json to Snowflake stage
[2026-02-19T20:51:52.588+0000] {logging_mixin.py:188} INFO - Uploaded /tmp/minio_downloads/1771533818.json to Snowflake stage
[2026-02-19T20:51:52.824+0000] {logging_mixin.py:188} INFO - Uploaded /tmp/minio_downloads/1771533826.json to Snowflake stage
[2026-02-19T20:51:53.086+0000] {logging_mixin.py:188} INFO - Uploaded /tmp/minio_downloads/1771533833.json to Snowflake stage
[2026-02-19T20:51:53.344+0000] {logging_mixin.py:188} INFO - Uploaded /tmp/minio_downloads/1771533842.json to Snowflake stage
[2026-02-19T20:51:53.640+0000] {logging_mixin.py:188} INFO - Uploaded /tmp/minio_downloads/1771533850.json to Snowflake stage
[2026-02-19T20:51:53.916+0000] {logging_mixin.py:188} INFO - Uploaded /tmp/minio_downloads/1771533858.json to Snowflake stage
[2026-02-19T20:51:54.156+0000] {logging_mixin.py:188} INFO - Uploaded /tmp/minio_downloads/1771533866.json to Snowflake stage
[2026-02-19T20:51:54.425+0000] {logging_mixin.py:188} INFO - Uploaded /tmp/minio_downloads/1771533873.json to Snowflake stage
[2026-02-19T20:51:54.893+0000] {logging_mixin.py:188} INFO - Uploaded /tmp/minio_downloads/1771533881.json to Snowflake stage
[2026-02-19T20:51:55.175+0000] {logging_mixin.py:188} INFO - Uploaded /tmp/minio_downloads/1771533889.json to Snowflake stage
[2026-02-19T20:51:55.481+0000] {logging_mixin.py:188} INFO - Uploaded /tmp/minio_downloads/1771533897.json to Snowflake stage
[2026-02-19T20:51:55.813+0000] {logging_mixin.py:188} INFO - Uploaded /tmp/minio_downloads/1771533905.json to Snowflake stage
[2026-02-19T20:51:56.148+0000] {logging_mixin.py:188} INFO - Uploaded /tmp/minio_downloads/1771533913.json to Snowflake stage
[2026-02-19T20:51:56.460+0000] {logging_mixin.py:188} INFO - Uploaded /tmp/minio_downloads/1771533922.json to Snowflake stage
[2026-02-19T20:51:56.741+0000] {logging_mixin.py:188} INFO - Uploaded /tmp/minio_downloads/1771533930.json to Snowflake stage
[2026-02-19T20:51:57.032+0000] {logging_mixin.py:188} INFO - Uploaded /tmp/minio_downloads/1771533938.json to Snowflake stage
[2026-02-19T20:51:57.295+0000] {logging_mixin.py:188} INFO - Uploaded /tmp/minio_downloads/1771533946.json to Snowflake stage
[2026-02-19T20:51:57.569+0000] {logging_mixin.py:188} INFO - Uploaded /tmp/minio_downloads/1771533954.json to Snowflake stage
[2026-02-19T20:51:57.879+0000] {logging_mixin.py:188} INFO - Uploaded /tmp/minio_downloads/1771533962.json to Snowflake stage
[2026-02-19T20:51:58.145+0000] {logging_mixin.py:188} INFO - Uploaded /tmp/minio_downloads/1771533970.json to Snowflake stage
[2026-02-19T20:51:58.408+0000] {logging_mixin.py:188} INFO - Uploaded /tmp/minio_downloads/1771533978.json to Snowflake stage
[2026-02-19T20:51:58.672+0000] {logging_mixin.py:188} INFO - Uploaded /tmp/minio_downloads/1771533986.json to Snowflake stage
[2026-02-19T20:51:58.952+0000] {logging_mixin.py:188} INFO - Uploaded /tmp/minio_downloads/1771533993.json to Snowflake stage
[2026-02-19T20:51:59.236+0000] {logging_mixin.py:188} INFO - Uploaded /tmp/minio_downloads/1771534001.json to Snowflake stage
[2026-02-19T20:51:59.518+0000] {logging_mixin.py:188} INFO - Uploaded /tmp/minio_downloads/1771534009.json to Snowflake stage
[2026-02-19T20:51:59.764+0000] {logging_mixin.py:188} INFO - Uploaded /tmp/minio_downloads/1771533417.json to Snowflake stage
[2026-02-19T20:52:00.129+0000] {logging_mixin.py:188} INFO - Uploaded /tmp/minio_downloads/1771533424.json to Snowflake stage
[2026-02-19T20:52:00.403+0000] {logging_mixin.py:188} INFO - Uploaded /tmp/minio_downloads/1771533433.json to Snowflake stage
[2026-02-19T20:52:00.650+0000] {logging_mixin.py:188} INFO - Uploaded /tmp/minio_downloads/1771533440.json to Snowflake stage
[2026-02-19T20:52:00.942+0000] {logging_mixin.py:188} INFO - Uploaded /tmp/minio_downloads/1771533448.json to Snowflake stage
[2026-02-19T20:52:01.204+0000] {logging_mixin.py:188} INFO - Uploaded /tmp/minio_downloads/1771533456.json to Snowflake stage
[2026-02-19T20:52:01.465+0000] {logging_mixin.py:188} INFO - Uploaded /tmp/minio_downloads/1771533464.json to Snowflake stage
[2026-02-19T20:52:01.736+0000] {logging_mixin.py:188} INFO - Uploaded /tmp/minio_downloads/1771533472.json to Snowflake stage
[2026-02-19T20:52:02.061+0000] {logging_mixin.py:188} INFO - Uploaded /tmp/minio_downloads/1771533480.json to Snowflake stage
[2026-02-19T20:52:02.299+0000] {logging_mixin.py:188} INFO - Uploaded /tmp/minio_downloads/1771533488.json to Snowflake stage
[2026-02-19T20:52:02.551+0000] {logging_mixin.py:188} INFO - Uploaded /tmp/minio_downloads/1771533496.json to Snowflake stage
[2026-02-19T20:52:02.806+0000] {logging_mixin.py:188} INFO - Uploaded /tmp/minio_downloads/1771533504.json to Snowflake stage
[2026-02-19T20:52:03.118+0000] {logging_mixin.py:188} INFO - Uploaded /tmp/minio_downloads/1771533512.json to Snowflake stage
[2026-02-19T20:52:03.363+0000] {logging_mixin.py:188} INFO - Uploaded /tmp/minio_downloads/1771533520.json to Snowflake stage
[2026-02-19T20:52:03.615+0000] {logging_mixin.py:188} INFO - Uploaded /tmp/minio_downloads/1771533528.json to Snowflake stage
[2026-02-19T20:52:03.863+0000] {logging_mixin.py:188} INFO - Uploaded /tmp/minio_downloads/1771533536.json to Snowflake stage
[2026-02-19T20:52:04.109+0000] {logging_mixin.py:188} INFO - Uploaded /tmp/minio_downloads/1771533544.json to Snowflake stage
[2026-02-19T20:52:04.371+0000] {logging_mixin.py:188} INFO - Uploaded /tmp/minio_downloads/1771533552.json to Snowflake stage
[2026-02-19T20:52:04.632+0000] {logging_mixin.py:188} INFO - Uploaded /tmp/minio_downloads/1771533560.json to Snowflake stage
[2026-02-19T20:52:04.874+0000] {logging_mixin.py:188} INFO - Uploaded /tmp/minio_downloads/1771533567.json to Snowflake stage
[2026-02-19T20:52:05.095+0000] {logging_mixin.py:188} INFO - Uploaded /tmp/minio_downloads/1771533575.json to Snowflake stage
[2026-02-19T20:52:05.375+0000] {logging_mixin.py:188} INFO - Uploaded /tmp/minio_downloads/1771533583.json to Snowflake stage
[2026-02-19T20:52:05.626+0000] {logging_mixin.py:188} INFO - Uploaded /tmp/minio_downloads/1771533591.json to Snowflake stage
[2026-02-19T20:52:05.910+0000] {logging_mixin.py:188} INFO - Uploaded /tmp/minio_downloads/1771533599.json to Snowflake stage
[2026-02-19T20:52:06.169+0000] {logging_mixin.py:188} INFO - Uploaded /tmp/minio_downloads/1771533607.json to Snowflake stage
[2026-02-19T20:52:06.689+0000] {logging_mixin.py:188} INFO - Uploaded /tmp/minio_downloads/1771533616.json to Snowflake stage
[2026-02-19T20:52:06.926+0000] {logging_mixin.py:188} INFO - Uploaded /tmp/minio_downloads/1771533624.json to Snowflake stage
[2026-02-19T20:52:07.168+0000] {logging_mixin.py:188} INFO - Uploaded /tmp/minio_downloads/1771533632.json to Snowflake stage
[2026-02-19T20:52:07.399+0000] {logging_mixin.py:188} INFO - Uploaded /tmp/minio_downloads/1771533640.json to Snowflake stage
[2026-02-19T20:52:07.717+0000] {logging_mixin.py:188} INFO - Uploaded /tmp/minio_downloads/1771533647.json to Snowflake stage
[2026-02-19T20:52:08.007+0000] {logging_mixin.py:188} INFO - Uploaded /tmp/minio_downloads/1771533655.json to Snowflake stage
[2026-02-19T20:52:08.330+0000] {logging_mixin.py:188} INFO - Uploaded /tmp/minio_downloads/1771533664.json to Snowflake stage
[2026-02-19T20:52:09.146+0000] {logging_mixin.py:188} INFO - Uploaded /tmp/minio_downloads/1771533672.json to Snowflake stage
[2026-02-19T20:52:09.400+0000] {logging_mixin.py:188} INFO - Uploaded /tmp/minio_downloads/1771533680.json to Snowflake stage
[2026-02-19T20:52:09.633+0000] {logging_mixin.py:188} INFO - Uploaded /tmp/minio_downloads/1771533688.json to Snowflake stage
[2026-02-19T20:52:09.887+0000] {logging_mixin.py:188} INFO - Uploaded /tmp/minio_downloads/1771533695.json to Snowflake stage
[2026-02-19T20:52:10.145+0000] {logging_mixin.py:188} INFO - Uploaded /tmp/minio_downloads/1771533703.json to Snowflake stage
[2026-02-19T20:52:10.417+0000] {logging_mixin.py:188} INFO - Uploaded /tmp/minio_downloads/1771533712.json to Snowflake stage
[2026-02-19T20:52:10.678+0000] {logging_mixin.py:188} INFO - Uploaded /tmp/minio_downloads/1771533719.json to Snowflake stage
[2026-02-19T20:52:11.007+0000] {logging_mixin.py:188} INFO - Uploaded /tmp/minio_downloads/1771533727.json to Snowflake stage
[2026-02-19T20:52:11.229+0000] {logging_mixin.py:188} INFO - Uploaded /tmp/minio_downloads/1771533735.json to Snowflake stage
[2026-02-19T20:52:11.500+0000] {logging_mixin.py:188} INFO - Uploaded /tmp/minio_downloads/1771533743.json to Snowflake stage
[2026-02-19T20:52:11.781+0000] {logging_mixin.py:188} INFO - Uploaded /tmp/minio_downloads/1771533752.json to Snowflake stage
[2026-02-19T20:52:12.026+0000] {logging_mixin.py:188} INFO - Uploaded /tmp/minio_downloads/1771533760.json to Snowflake stage
[2026-02-19T20:52:12.260+0000] {logging_mixin.py:188} INFO - Uploaded /tmp/minio_downloads/1771533769.json to Snowflake stage
[2026-02-19T20:52:12.545+0000] {logging_mixin.py:188} INFO - Uploaded /tmp/minio_downloads/1771533778.json to Snowflake stage
[2026-02-19T20:52:12.790+0000] {logging_mixin.py:188} INFO - Uploaded /tmp/minio_downloads/1771533786.json to Snowflake stage
[2026-02-19T20:52:13.063+0000] {logging_mixin.py:188} INFO - Uploaded /tmp/minio_downloads/1771533794.json to Snowflake stage
[2026-02-19T20:52:13.412+0000] {logging_mixin.py:188} INFO - Uploaded /tmp/minio_downloads/1771533802.json to Snowflake stage
[2026-02-19T20:52:13.643+0000] {logging_mixin.py:188} INFO - Uploaded /tmp/minio_downloads/1771533810.json to Snowflake stage
[2026-02-19T20:52:13.933+0000] {logging_mixin.py:188} INFO - Uploaded /tmp/minio_downloads/1771533818.json to Snowflake stage
[2026-02-19T20:52:14.180+0000] {logging_mixin.py:188} INFO - Uploaded /tmp/minio_downloads/1771533826.json to Snowflake stage
[2026-02-19T20:52:14.444+0000] {logging_mixin.py:188} INFO - Uploaded /tmp/minio_downloads/1771533834.json to Snowflake stage
[2026-02-19T20:52:14.711+0000] {logging_mixin.py:188} INFO - Uploaded /tmp/minio_downloads/1771533842.json to Snowflake stage
[2026-02-19T20:52:14.993+0000] {logging_mixin.py:188} INFO - Uploaded /tmp/minio_downloads/1771533850.json to Snowflake stage
[2026-02-19T20:52:15.223+0000] {logging_mixin.py:188} INFO - Uploaded /tmp/minio_downloads/1771533858.json to Snowflake stage
[2026-02-19T20:52:15.511+0000] {logging_mixin.py:188} INFO - Uploaded /tmp/minio_downloads/1771533866.json to Snowflake stage
[2026-02-19T20:52:15.758+0000] {logging_mixin.py:188} INFO - Uploaded /tmp/minio_downloads/1771533874.json to Snowflake stage
[2026-02-19T20:52:16.037+0000] {logging_mixin.py:188} INFO - Uploaded /tmp/minio_downloads/1771533882.json to Snowflake stage
[2026-02-19T20:52:16.312+0000] {logging_mixin.py:188} INFO - Uploaded /tmp/minio_downloads/1771533889.json to Snowflake stage
[2026-02-19T20:52:16.557+0000] {logging_mixin.py:188} INFO - Uploaded /tmp/minio_downloads/1771533897.json to Snowflake stage
[2026-02-19T20:52:16.789+0000] {logging_mixin.py:188} INFO - Uploaded /tmp/minio_downloads/1771533905.json to Snowflake stage
[2026-02-19T20:52:17.085+0000] {logging_mixin.py:188} INFO - Uploaded /tmp/minio_downloads/1771533913.json to Snowflake stage
[2026-02-19T20:52:17.360+0000] {logging_mixin.py:188} INFO - Uploaded /tmp/minio_downloads/1771533922.json to Snowflake stage
[2026-02-19T20:52:17.670+0000] {logging_mixin.py:188} INFO - Uploaded /tmp/minio_downloads/1771533931.json to Snowflake stage
[2026-02-19T20:52:17.969+0000] {logging_mixin.py:188} INFO - Uploaded /tmp/minio_downloads/1771533938.json to Snowflake stage
[2026-02-19T20:52:18.198+0000] {logging_mixin.py:188} INFO - Uploaded /tmp/minio_downloads/1771533946.json to Snowflake stage
[2026-02-19T20:52:18.452+0000] {logging_mixin.py:188} INFO - Uploaded /tmp/minio_downloads/1771533954.json to Snowflake stage
[2026-02-19T20:52:18.720+0000] {logging_mixin.py:188} INFO - Uploaded /tmp/minio_downloads/1771533962.json to Snowflake stage
[2026-02-19T20:52:19.231+0000] {logging_mixin.py:188} INFO - Uploaded /tmp/minio_downloads/1771533970.json to Snowflake stage
[2026-02-19T20:52:19.514+0000] {logging_mixin.py:188} INFO - Uploaded /tmp/minio_downloads/1771533978.json to Snowflake stage
[2026-02-19T20:52:19.805+0000] {logging_mixin.py:188} INFO - Uploaded /tmp/minio_downloads/1771533986.json to Snowflake stage
[2026-02-19T20:52:20.053+0000] {logging_mixin.py:188} INFO - Uploaded /tmp/minio_downloads/1771533994.json to Snowflake stage
[2026-02-19T20:52:20.305+0000] {logging_mixin.py:188} INFO - Uploaded /tmp/minio_downloads/1771534002.json to Snowflake stage
[2026-02-19T20:52:20.645+0000] {logging_mixin.py:188} INFO - Uploaded /tmp/minio_downloads/1771534009.json to Snowflake stage
[2026-02-19T20:52:20.761+0000] {taskinstance.py:441} INFO - ::group::Post task execution logs
[2026-02-19T20:52:20.766+0000] {taskinstance.py:2905} ERROR - Task failed with exception
Traceback (most recent call last):
  File "/home/airflow/.local/lib/python3.12/site-packages/airflow/models/taskinstance.py", line 465, in _execute_task
    result = _execute_callable(context=context, **execute_callable_kwargs)
             ^^^^^^^^^^^^^^^^^^^^^^^^^^^^^^^^^^^^^^^^^^^^^^^^^^^^^^^^^^^^^
  File "/home/airflow/.local/lib/python3.12/site-packages/airflow/models/taskinstance.py", line 432, in _execute_callable
    return execute_callable(context=context, **execute_callable_kwargs)
           ^^^^^^^^^^^^^^^^^^^^^^^^^^^^^^^^^^^^^^^^^^^^^^^^^^^^^^^^^^^^
  File "/home/airflow/.local/lib/python3.12/site-packages/airflow/models/baseoperator.py", line 401, in wrapper
    return func(self, *args, **kwargs)
           ^^^^^^^^^^^^^^^^^^^^^^^^^^^
  File "/home/airflow/.local/lib/python3.12/site-packages/airflow/operators/python.py", line 235, in execute
    return_value = self.execute_callable()
                   ^^^^^^^^^^^^^^^^^^^^^^^
  File "/home/airflow/.local/lib/python3.12/site-packages/airflow/operators/python.py", line 252, in execute_callable
    return self.python_callable(*self.op_args, **self.op_kwargs)
           ^^^^^^^^^^^^^^^^^^^^^^^^^^^^^^^^^^^^^^^^^^^^^^^^^^^^^
  File "/opt/airflow/dags/minio_to_snowflake.py", line 59, in load_to_snowflake
    cur.execute("""
  File "/home/airflow/.local/lib/python3.12/site-packages/snowflake/connector/cursor.py", line 1080, in execute
    Error.errorhandler_wrapper(self.connection, self, error_class, errvalue)
  File "/home/airflow/.local/lib/python3.12/site-packages/snowflake/connector/errors.py", line 290, in errorhandler_wrapper
    handed_over = Error.hand_to_other_handler(
                  ^^^^^^^^^^^^^^^^^^^^^^^^^^^^
  File "/home/airflow/.local/lib/python3.12/site-packages/snowflake/connector/errors.py", line 345, in hand_to_other_handler
    cursor.errorhandler(connection, cursor, error_class, error_value)
  File "/home/airflow/.local/lib/python3.12/site-packages/snowflake/connector/errors.py", line 221, in default_errorhandler
    raise error_class(
snowflake.connector.errors.ProgrammingError: 002003 (02000): 01c28644-0206-2255-0000-000494aac931: SQL compilation error:
Stage 'STOCKDATA.COMMON."%BBRONZE_DATA"' does not exist or not authorized.
[2026-02-19T20:52:20.812+0000] {taskinstance.py:1206} INFO - Marking task as UP_FOR_RETRY. dag_id=minio_to_snowflake, task_id=load_snowflake, run_id=scheduled__2026-02-19T20:45:00+00:00, execution_date=20260219T204500, start_date=20260219T205031, end_date=20260219T205220
[2026-02-19T20:52:20.840+0000] {standard_task_runner.py:110} ERROR - Failed to execute job 167 for task load_snowflake (002003 (02000): 01c28644-0206-2255-0000-000494aac931: SQL compilation error:
Stage 'STOCKDATA.COMMON."%BBRONZE_DATA"' does not exist or not authorized.; 27519)
[2026-02-19T20:52:20.891+0000] {local_task_job_runner.py:243} INFO - Task exited with return code 1
[2026-02-19T20:52:20.913+0000] {taskinstance.py:3503} INFO - 0 downstream tasks scheduled from follow-on schedule check
[2026-02-19T20:52:20.914+0000] {local_task_job_runner.py:222} INFO - ::endgroup::
