[2026-02-19T20:46:53.873+0000] {local_task_job_runner.py:120} INFO - ::group::Pre task execution logs
[2026-02-19T20:46:53.889+0000] {taskinstance.py:2076} INFO - Dependencies all met for dep_context=non-requeueable deps ti=<TaskInstance: minio_to_snowflake.download_minio scheduled__2026-02-19T20:45:00+00:00 [queued]>
[2026-02-19T20:46:53.893+0000] {taskinstance.py:2076} INFO - Dependencies all met for dep_context=requeueable deps ti=<TaskInstance: minio_to_snowflake.download_minio scheduled__2026-02-19T20:45:00+00:00 [queued]>
[2026-02-19T20:46:53.893+0000] {taskinstance.py:2306} INFO - Starting attempt 1 of 2
[2026-02-19T20:46:53.900+0000] {taskinstance.py:2330} INFO - Executing <Task(PythonOperator): download_minio> on 2026-02-19 20:45:00+00:00
[2026-02-19T20:46:53.906+0000] {logging_mixin.py:188} WARNING - /home/***/.local/lib/python3.12/site-packages/***/task/task_runner/standard_task_runner.py:62 DeprecationWarning: This process (pid=25096) is multi-threaded, use of fork() may lead to deadlocks in the child.
[2026-02-19T20:46:53.905+0000] {standard_task_runner.py:90} INFO - Running: ['***', 'tasks', 'run', 'minio_to_snowflake', 'download_minio', 'scheduled__2026-02-19T20:45:00+00:00', '--job-id', '161', '--raw', '--subdir', 'DAGS_FOLDER/minio_to_snowflake.py', '--cfg-path', '/tmp/tmprdztwqi8']
[2026-02-19T20:46:53.907+0000] {standard_task_runner.py:91} INFO - Job 161: Subtask download_minio
[2026-02-19T20:46:53.907+0000] {standard_task_runner.py:64} INFO - Started process 25108 to run task
[2026-02-19T20:46:53.937+0000] {task_command.py:426} INFO - Running <TaskInstance: minio_to_snowflake.download_minio scheduled__2026-02-19T20:45:00+00:00 [running]> on host 0c2666b81705
[2026-02-19T20:46:53.989+0000] {taskinstance.py:2648} INFO - Exporting env vars: AIRFLOW_CTX_DAG_OWNER='***' AIRFLOW_CTX_DAG_ID='minio_to_snowflake' AIRFLOW_CTX_TASK_ID='download_minio' AIRFLOW_CTX_EXECUTION_DATE='2026-02-19T20:45:00+00:00' AIRFLOW_CTX_TRY_NUMBER='1' AIRFLOW_CTX_DAG_RUN_ID='scheduled__2026-02-19T20:45:00+00:00'
[2026-02-19T20:46:53.990+0000] {taskinstance.py:430} INFO - ::endgroup::
[2026-02-19T20:46:54.228+0000] {logging_mixin.py:188} INFO - Downloaded AAPL/1771533416.json -> /tmp/minio_downloads/1771533416.json
[2026-02-19T20:46:54.231+0000] {logging_mixin.py:188} INFO - Downloaded AAPL/1771533424.json -> /tmp/minio_downloads/1771533424.json
[2026-02-19T20:46:54.234+0000] {logging_mixin.py:188} INFO - Downloaded AAPL/1771533432.json -> /tmp/minio_downloads/1771533432.json
[2026-02-19T20:46:54.237+0000] {logging_mixin.py:188} INFO - Downloaded AAPL/1771533440.json -> /tmp/minio_downloads/1771533440.json
[2026-02-19T20:46:54.240+0000] {logging_mixin.py:188} INFO - Downloaded AAPL/1771533447.json -> /tmp/minio_downloads/1771533447.json
[2026-02-19T20:46:54.243+0000] {logging_mixin.py:188} INFO - Downloaded AAPL/1771533455.json -> /tmp/minio_downloads/1771533455.json
[2026-02-19T20:46:54.246+0000] {logging_mixin.py:188} INFO - Downloaded AAPL/1771533463.json -> /tmp/minio_downloads/1771533463.json
[2026-02-19T20:46:54.249+0000] {logging_mixin.py:188} INFO - Downloaded AAPL/1771533471.json -> /tmp/minio_downloads/1771533471.json
[2026-02-19T20:46:54.252+0000] {logging_mixin.py:188} INFO - Downloaded AAPL/1771533479.json -> /tmp/minio_downloads/1771533479.json
[2026-02-19T20:46:54.255+0000] {logging_mixin.py:188} INFO - Downloaded AAPL/1771533487.json -> /tmp/minio_downloads/1771533487.json
[2026-02-19T20:46:54.258+0000] {logging_mixin.py:188} INFO - Downloaded AAPL/1771533495.json -> /tmp/minio_downloads/1771533495.json
[2026-02-19T20:46:54.261+0000] {logging_mixin.py:188} INFO - Downloaded AAPL/1771533503.json -> /tmp/minio_downloads/1771533503.json
[2026-02-19T20:46:54.264+0000] {logging_mixin.py:188} INFO - Downloaded AAPL/1771533511.json -> /tmp/minio_downloads/1771533511.json
[2026-02-19T20:46:54.267+0000] {logging_mixin.py:188} INFO - Downloaded AAPL/1771533519.json -> /tmp/minio_downloads/1771533519.json
[2026-02-19T20:46:54.270+0000] {logging_mixin.py:188} INFO - Downloaded AAPL/1771533527.json -> /tmp/minio_downloads/1771533527.json
[2026-02-19T20:46:54.273+0000] {logging_mixin.py:188} INFO - Downloaded AAPL/1771533535.json -> /tmp/minio_downloads/1771533535.json
[2026-02-19T20:46:54.276+0000] {logging_mixin.py:188} INFO - Downloaded AAPL/1771533543.json -> /tmp/minio_downloads/1771533543.json
[2026-02-19T20:46:54.280+0000] {logging_mixin.py:188} INFO - Downloaded AAPL/1771533551.json -> /tmp/minio_downloads/1771533551.json
[2026-02-19T20:46:54.283+0000] {logging_mixin.py:188} INFO - Downloaded AAPL/1771533559.json -> /tmp/minio_downloads/1771533559.json
[2026-02-19T20:46:54.286+0000] {logging_mixin.py:188} INFO - Downloaded AAPL/1771533567.json -> /tmp/minio_downloads/1771533567.json
[2026-02-19T20:46:54.289+0000] {logging_mixin.py:188} INFO - Downloaded AAPL/1771533574.json -> /tmp/minio_downloads/1771533574.json
[2026-02-19T20:46:54.292+0000] {logging_mixin.py:188} INFO - Downloaded AAPL/1771533582.json -> /tmp/minio_downloads/1771533582.json
[2026-02-19T20:46:54.296+0000] {logging_mixin.py:188} INFO - Downloaded AAPL/1771533590.json -> /tmp/minio_downloads/1771533590.json
[2026-02-19T20:46:54.299+0000] {logging_mixin.py:188} INFO - Downloaded AAPL/1771533598.json -> /tmp/minio_downloads/1771533598.json
[2026-02-19T20:46:54.302+0000] {logging_mixin.py:188} INFO - Downloaded AAPL/1771533606.json -> /tmp/minio_downloads/1771533606.json
[2026-02-19T20:46:54.305+0000] {logging_mixin.py:188} INFO - Downloaded AAPL/1771533615.json -> /tmp/minio_downloads/1771533615.json
[2026-02-19T20:46:54.308+0000] {logging_mixin.py:188} INFO - Downloaded AAPL/1771533623.json -> /tmp/minio_downloads/1771533623.json
[2026-02-19T20:46:54.311+0000] {logging_mixin.py:188} INFO - Downloaded AAPL/1771533631.json -> /tmp/minio_downloads/1771533631.json
[2026-02-19T20:46:54.314+0000] {logging_mixin.py:188} INFO - Downloaded AAPL/1771533639.json -> /tmp/minio_downloads/1771533639.json
[2026-02-19T20:46:54.317+0000] {logging_mixin.py:188} INFO - Downloaded AAPL/1771533647.json -> /tmp/minio_downloads/1771533647.json
[2026-02-19T20:46:54.320+0000] {logging_mixin.py:188} INFO - Downloaded AAPL/1771533655.json -> /tmp/minio_downloads/1771533655.json
[2026-02-19T20:46:54.323+0000] {logging_mixin.py:188} INFO - Downloaded AAPL/1771533663.json -> /tmp/minio_downloads/1771533663.json
[2026-02-19T20:46:54.326+0000] {logging_mixin.py:188} INFO - Downloaded AAPL/1771533671.json -> /tmp/minio_downloads/1771533671.json
[2026-02-19T20:46:54.329+0000] {logging_mixin.py:188} INFO - Downloaded AAPL/1771533679.json -> /tmp/minio_downloads/1771533679.json
[2026-02-19T20:46:54.332+0000] {logging_mixin.py:188} INFO - Downloaded AAPL/1771533687.json -> /tmp/minio_downloads/1771533687.json
[2026-02-19T20:46:54.335+0000] {logging_mixin.py:188} INFO - Downloaded AAPL/1771533695.json -> /tmp/minio_downloads/1771533695.json
[2026-02-19T20:46:54.338+0000] {logging_mixin.py:188} INFO - Downloaded AAPL/1771533703.json -> /tmp/minio_downloads/1771533703.json
[2026-02-19T20:46:54.341+0000] {logging_mixin.py:188} INFO - Downloaded AAPL/1771533711.json -> /tmp/minio_downloads/1771533711.json
[2026-02-19T20:46:54.344+0000] {logging_mixin.py:188} INFO - Downloaded AAPL/1771533719.json -> /tmp/minio_downloads/1771533719.json
[2026-02-19T20:46:54.347+0000] {logging_mixin.py:188} INFO - Downloaded AAPL/1771533727.json -> /tmp/minio_downloads/1771533727.json
[2026-02-19T20:46:54.350+0000] {logging_mixin.py:188} INFO - Downloaded AAPL/1771533734.json -> /tmp/minio_downloads/1771533734.json
[2026-02-19T20:46:54.353+0000] {logging_mixin.py:188} INFO - Downloaded AAPL/1771533743.json -> /tmp/minio_downloads/1771533743.json
[2026-02-19T20:46:54.356+0000] {logging_mixin.py:188} INFO - Downloaded AAPL/1771533751.json -> /tmp/minio_downloads/1771533751.json
[2026-02-19T20:46:54.360+0000] {logging_mixin.py:188} INFO - Downloaded AAPL/1771533760.json -> /tmp/minio_downloads/1771533760.json
[2026-02-19T20:46:54.363+0000] {logging_mixin.py:188} INFO - Downloaded AAPL/1771533768.json -> /tmp/minio_downloads/1771533768.json
[2026-02-19T20:46:54.366+0000] {logging_mixin.py:188} INFO - Downloaded AAPL/1771533777.json -> /tmp/minio_downloads/1771533777.json
[2026-02-19T20:46:54.369+0000] {logging_mixin.py:188} INFO - Downloaded AAPL/1771533785.json -> /tmp/minio_downloads/1771533785.json
[2026-02-19T20:46:54.371+0000] {logging_mixin.py:188} INFO - Downloaded AAPL/1771533793.json -> /tmp/minio_downloads/1771533793.json
[2026-02-19T20:46:54.374+0000] {logging_mixin.py:188} INFO - Downloaded AAPL/1771533801.json -> /tmp/minio_downloads/1771533801.json
[2026-02-19T20:46:54.377+0000] {logging_mixin.py:188} INFO - Downloaded AAPL/1771533809.json -> /tmp/minio_downloads/1771533809.json
[2026-02-19T20:46:54.380+0000] {logging_mixin.py:188} INFO - Downloaded AAPL/1771533817.json -> /tmp/minio_downloads/1771533817.json
[2026-02-19T20:46:54.383+0000] {logging_mixin.py:188} INFO - Downloaded AAPL/1771533825.json -> /tmp/minio_downloads/1771533825.json
[2026-02-19T20:46:54.386+0000] {logging_mixin.py:188} INFO - Downloaded AAPL/1771533833.json -> /tmp/minio_downloads/1771533833.json
[2026-02-19T20:46:54.389+0000] {logging_mixin.py:188} INFO - Downloaded AAPL/1771533841.json -> /tmp/minio_downloads/1771533841.json
[2026-02-19T20:46:54.392+0000] {logging_mixin.py:188} INFO - Downloaded AAPL/1771533849.json -> /tmp/minio_downloads/1771533849.json
[2026-02-19T20:46:54.396+0000] {logging_mixin.py:188} INFO - Downloaded AAPL/1771533857.json -> /tmp/minio_downloads/1771533857.json
[2026-02-19T20:46:54.399+0000] {logging_mixin.py:188} INFO - Downloaded AAPL/1771533865.json -> /tmp/minio_downloads/1771533865.json
[2026-02-19T20:46:54.402+0000] {logging_mixin.py:188} INFO - Downloaded AAPL/1771533873.json -> /tmp/minio_downloads/1771533873.json
[2026-02-19T20:46:54.405+0000] {logging_mixin.py:188} INFO - Downloaded AAPL/1771533881.json -> /tmp/minio_downloads/1771533881.json
[2026-02-19T20:46:54.408+0000] {logging_mixin.py:188} INFO - Downloaded AAPL/1771533889.json -> /tmp/minio_downloads/1771533889.json
[2026-02-19T20:46:54.411+0000] {logging_mixin.py:188} INFO - Downloaded AAPL/1771533897.json -> /tmp/minio_downloads/1771533897.json
[2026-02-19T20:46:54.413+0000] {logging_mixin.py:188} INFO - Downloaded AAPL/1771533904.json -> /tmp/minio_downloads/1771533904.json
[2026-02-19T20:46:54.416+0000] {logging_mixin.py:188} INFO - Downloaded AAPL/1771533912.json -> /tmp/minio_downloads/1771533912.json
[2026-02-19T20:46:54.419+0000] {logging_mixin.py:188} INFO - Downloaded AAPL/1771533920.json -> /tmp/minio_downloads/1771533920.json
[2026-02-19T20:46:54.422+0000] {logging_mixin.py:188} INFO - Downloaded AAPL/1771533930.json -> /tmp/minio_downloads/1771533930.json
[2026-02-19T20:46:54.425+0000] {logging_mixin.py:188} INFO - Downloaded AAPL/1771533938.json -> /tmp/minio_downloads/1771533938.json
[2026-02-19T20:46:54.428+0000] {logging_mixin.py:188} INFO - Downloaded AAPL/1771533946.json -> /tmp/minio_downloads/1771533946.json
[2026-02-19T20:46:54.431+0000] {logging_mixin.py:188} INFO - Downloaded AAPL/1771533953.json -> /tmp/minio_downloads/1771533953.json
[2026-02-19T20:46:54.434+0000] {logging_mixin.py:188} INFO - Downloaded AAPL/1771533961.json -> /tmp/minio_downloads/1771533961.json
[2026-02-19T20:46:54.438+0000] {logging_mixin.py:188} INFO - Downloaded AAPL/1771533969.json -> /tmp/minio_downloads/1771533969.json
[2026-02-19T20:46:54.440+0000] {logging_mixin.py:188} INFO - Downloaded AAPL/1771533977.json -> /tmp/minio_downloads/1771533977.json
[2026-02-19T20:46:54.443+0000] {logging_mixin.py:188} INFO - Downloaded AAPL/1771533985.json -> /tmp/minio_downloads/1771533985.json
[2026-02-19T20:46:54.446+0000] {logging_mixin.py:188} INFO - Downloaded AAPL/1771533993.json -> /tmp/minio_downloads/1771533993.json
[2026-02-19T20:46:54.449+0000] {logging_mixin.py:188} INFO - Downloaded AAPL/1771534001.json -> /tmp/minio_downloads/1771534001.json
[2026-02-19T20:46:54.453+0000] {logging_mixin.py:188} INFO - Downloaded AAPL/1771534009.json -> /tmp/minio_downloads/1771534009.json
[2026-02-19T20:46:54.456+0000] {logging_mixin.py:188} INFO - Downloaded AMZN/1771533417.json -> /tmp/minio_downloads/1771533417.json
[2026-02-19T20:46:54.458+0000] {logging_mixin.py:188} INFO - Downloaded AMZN/1771533425.json -> /tmp/minio_downloads/1771533425.json
[2026-02-19T20:46:54.461+0000] {logging_mixin.py:188} INFO - Downloaded AMZN/1771533433.json -> /tmp/minio_downloads/1771533433.json
[2026-02-19T20:46:54.464+0000] {logging_mixin.py:188} INFO - Downloaded AMZN/1771533441.json -> /tmp/minio_downloads/1771533441.json
[2026-02-19T20:46:54.467+0000] {logging_mixin.py:188} INFO - Downloaded AMZN/1771533449.json -> /tmp/minio_downloads/1771533449.json
[2026-02-19T20:46:54.470+0000] {logging_mixin.py:188} INFO - Downloaded AMZN/1771533457.json -> /tmp/minio_downloads/1771533457.json
[2026-02-19T20:46:54.473+0000] {logging_mixin.py:188} INFO - Downloaded AMZN/1771533465.json -> /tmp/minio_downloads/1771533465.json
[2026-02-19T20:46:54.477+0000] {logging_mixin.py:188} INFO - Downloaded AMZN/1771533473.json -> /tmp/minio_downloads/1771533473.json
[2026-02-19T20:46:54.480+0000] {logging_mixin.py:188} INFO - Downloaded AMZN/1771533481.json -> /tmp/minio_downloads/1771533481.json
[2026-02-19T20:46:54.482+0000] {logging_mixin.py:188} INFO - Downloaded AMZN/1771533489.json -> /tmp/minio_downloads/1771533489.json
[2026-02-19T20:46:54.485+0000] {logging_mixin.py:188} INFO - Downloaded AMZN/1771533497.json -> /tmp/minio_downloads/1771533497.json
[2026-02-19T20:46:54.488+0000] {logging_mixin.py:188} INFO - Downloaded AMZN/1771533505.json -> /tmp/minio_downloads/1771533505.json
[2026-02-19T20:46:54.491+0000] {logging_mixin.py:188} INFO - Downloaded AMZN/1771533513.json -> /tmp/minio_downloads/1771533513.json
[2026-02-19T20:46:54.494+0000] {logging_mixin.py:188} INFO - Downloaded AMZN/1771533520.json -> /tmp/minio_downloads/1771533520.json
[2026-02-19T20:46:54.498+0000] {logging_mixin.py:188} INFO - Downloaded AMZN/1771533529.json -> /tmp/minio_downloads/1771533529.json
[2026-02-19T20:46:54.501+0000] {logging_mixin.py:188} INFO - Downloaded AMZN/1771533536.json -> /tmp/minio_downloads/1771533536.json
[2026-02-19T20:46:54.504+0000] {logging_mixin.py:188} INFO - Downloaded AMZN/1771533545.json -> /tmp/minio_downloads/1771533545.json
[2026-02-19T20:46:54.507+0000] {logging_mixin.py:188} INFO - Downloaded AMZN/1771533552.json -> /tmp/minio_downloads/1771533552.json
[2026-02-19T20:46:54.510+0000] {logging_mixin.py:188} INFO - Downloaded AMZN/1771533560.json -> /tmp/minio_downloads/1771533560.json
[2026-02-19T20:46:54.512+0000] {logging_mixin.py:188} INFO - Downloaded AMZN/1771533568.json -> /tmp/minio_downloads/1771533568.json
[2026-02-19T20:46:54.515+0000] {logging_mixin.py:188} INFO - Downloaded AMZN/1771533576.json -> /tmp/minio_downloads/1771533576.json
[2026-02-19T20:46:54.518+0000] {logging_mixin.py:188} INFO - Downloaded AMZN/1771533584.json -> /tmp/minio_downloads/1771533584.json
[2026-02-19T20:46:54.521+0000] {logging_mixin.py:188} INFO - Downloaded AMZN/1771533592.json -> /tmp/minio_downloads/1771533592.json
[2026-02-19T20:46:54.524+0000] {logging_mixin.py:188} INFO - Downloaded AMZN/1771533600.json -> /tmp/minio_downloads/1771533600.json
[2026-02-19T20:46:54.527+0000] {logging_mixin.py:188} INFO - Downloaded AMZN/1771533608.json -> /tmp/minio_downloads/1771533608.json
[2026-02-19T20:46:54.530+0000] {logging_mixin.py:188} INFO - Downloaded AMZN/1771533617.json -> /tmp/minio_downloads/1771533617.json
[2026-02-19T20:46:54.533+0000] {logging_mixin.py:188} INFO - Downloaded AMZN/1771533624.json -> /tmp/minio_downloads/1771533624.json
[2026-02-19T20:46:54.536+0000] {logging_mixin.py:188} INFO - Downloaded AMZN/1771533632.json -> /tmp/minio_downloads/1771533632.json
[2026-02-19T20:46:54.539+0000] {logging_mixin.py:188} INFO - Downloaded AMZN/1771533640.json -> /tmp/minio_downloads/1771533640.json
[2026-02-19T20:46:54.542+0000] {logging_mixin.py:188} INFO - Downloaded AMZN/1771533648.json -> /tmp/minio_downloads/1771533648.json
[2026-02-19T20:46:54.545+0000] {logging_mixin.py:188} INFO - Downloaded AMZN/1771533656.json -> /tmp/minio_downloads/1771533656.json
[2026-02-19T20:46:54.549+0000] {logging_mixin.py:188} INFO - Downloaded AMZN/1771533665.json -> /tmp/minio_downloads/1771533665.json
[2026-02-19T20:46:54.553+0000] {logging_mixin.py:188} INFO - Downloaded AMZN/1771533672.json -> /tmp/minio_downloads/1771533672.json
[2026-02-19T20:46:54.556+0000] {logging_mixin.py:188} INFO - Downloaded AMZN/1771533680.json -> /tmp/minio_downloads/1771533680.json
[2026-02-19T20:46:54.560+0000] {logging_mixin.py:188} INFO - Downloaded AMZN/1771533688.json -> /tmp/minio_downloads/1771533688.json
[2026-02-19T20:46:54.564+0000] {logging_mixin.py:188} INFO - Downloaded AMZN/1771533696.json -> /tmp/minio_downloads/1771533696.json
[2026-02-19T20:46:54.567+0000] {logging_mixin.py:188} INFO - Downloaded AMZN/1771533704.json -> /tmp/minio_downloads/1771533704.json
[2026-02-19T20:46:54.570+0000] {logging_mixin.py:188} INFO - Downloaded AMZN/1771533712.json -> /tmp/minio_downloads/1771533712.json
[2026-02-19T20:46:54.573+0000] {logging_mixin.py:188} INFO - Downloaded AMZN/1771533720.json -> /tmp/minio_downloads/1771533720.json
[2026-02-19T20:46:54.577+0000] {logging_mixin.py:188} INFO - Downloaded AMZN/1771533728.json -> /tmp/minio_downloads/1771533728.json
[2026-02-19T20:46:54.580+0000] {logging_mixin.py:188} INFO - Downloaded AMZN/1771533736.json -> /tmp/minio_downloads/1771533736.json
[2026-02-19T20:46:54.583+0000] {logging_mixin.py:188} INFO - Downloaded AMZN/1771533745.json -> /tmp/minio_downloads/1771533745.json
[2026-02-19T20:46:54.586+0000] {logging_mixin.py:188} INFO - Downloaded AMZN/1771533753.json -> /tmp/minio_downloads/1771533753.json
[2026-02-19T20:46:54.589+0000] {logging_mixin.py:188} INFO - Downloaded AMZN/1771533761.json -> /tmp/minio_downloads/1771533761.json
[2026-02-19T20:46:54.592+0000] {logging_mixin.py:188} INFO - Downloaded AMZN/1771533770.json -> /tmp/minio_downloads/1771533770.json
[2026-02-19T20:46:54.595+0000] {logging_mixin.py:188} INFO - Downloaded AMZN/1771533778.json -> /tmp/minio_downloads/1771533778.json
[2026-02-19T20:46:54.598+0000] {logging_mixin.py:188} INFO - Downloaded AMZN/1771533786.json -> /tmp/minio_downloads/1771533786.json
[2026-02-19T20:46:54.601+0000] {logging_mixin.py:188} INFO - Downloaded AMZN/1771533794.json -> /tmp/minio_downloads/1771533794.json
[2026-02-19T20:46:54.604+0000] {logging_mixin.py:188} INFO - Downloaded AMZN/1771533803.json -> /tmp/minio_downloads/1771533803.json
[2026-02-19T20:46:54.607+0000] {logging_mixin.py:188} INFO - Downloaded AMZN/1771533811.json -> /tmp/minio_downloads/1771533811.json
[2026-02-19T20:46:54.610+0000] {logging_mixin.py:188} INFO - Downloaded AMZN/1771533819.json -> /tmp/minio_downloads/1771533819.json
[2026-02-19T20:46:54.614+0000] {logging_mixin.py:188} INFO - Downloaded AMZN/1771533827.json -> /tmp/minio_downloads/1771533827.json
[2026-02-19T20:46:54.617+0000] {logging_mixin.py:188} INFO - Downloaded AMZN/1771533835.json -> /tmp/minio_downloads/1771533835.json
[2026-02-19T20:46:54.619+0000] {logging_mixin.py:188} INFO - Downloaded AMZN/1771533843.json -> /tmp/minio_downloads/1771533843.json
[2026-02-19T20:46:54.622+0000] {logging_mixin.py:188} INFO - Downloaded AMZN/1771533851.json -> /tmp/minio_downloads/1771533851.json
[2026-02-19T20:46:54.627+0000] {logging_mixin.py:188} INFO - Downloaded AMZN/1771533859.json -> /tmp/minio_downloads/1771533859.json
[2026-02-19T20:46:54.630+0000] {logging_mixin.py:188} INFO - Downloaded AMZN/1771533867.json -> /tmp/minio_downloads/1771533867.json
[2026-02-19T20:46:54.633+0000] {logging_mixin.py:188} INFO - Downloaded AMZN/1771533874.json -> /tmp/minio_downloads/1771533874.json
[2026-02-19T20:46:54.636+0000] {logging_mixin.py:188} INFO - Downloaded AMZN/1771533882.json -> /tmp/minio_downloads/1771533882.json
[2026-02-19T20:46:54.639+0000] {logging_mixin.py:188} INFO - Downloaded AMZN/1771533890.json -> /tmp/minio_downloads/1771533890.json
[2026-02-19T20:46:54.642+0000] {logging_mixin.py:188} INFO - Downloaded AMZN/1771533898.json -> /tmp/minio_downloads/1771533898.json
[2026-02-19T20:46:54.645+0000] {logging_mixin.py:188} INFO - Downloaded AMZN/1771533906.json -> /tmp/minio_downloads/1771533906.json
[2026-02-19T20:46:54.648+0000] {logging_mixin.py:188} INFO - Downloaded AMZN/1771533914.json -> /tmp/minio_downloads/1771533914.json
[2026-02-19T20:46:54.651+0000] {logging_mixin.py:188} INFO - Downloaded AMZN/1771533923.json -> /tmp/minio_downloads/1771533923.json
[2026-02-19T20:46:54.656+0000] {logging_mixin.py:188} INFO - Downloaded AMZN/1771533931.json -> /tmp/minio_downloads/1771533931.json
[2026-02-19T20:46:54.658+0000] {logging_mixin.py:188} INFO - Downloaded AMZN/1771533939.json -> /tmp/minio_downloads/1771533939.json
[2026-02-19T20:46:54.661+0000] {logging_mixin.py:188} INFO - Downloaded AMZN/1771533947.json -> /tmp/minio_downloads/1771533947.json
[2026-02-19T20:46:54.664+0000] {logging_mixin.py:188} INFO - Downloaded AMZN/1771533955.json -> /tmp/minio_downloads/1771533955.json
[2026-02-19T20:46:54.667+0000] {logging_mixin.py:188} INFO - Downloaded AMZN/1771533963.json -> /tmp/minio_downloads/1771533963.json
[2026-02-19T20:46:54.670+0000] {logging_mixin.py:188} INFO - Downloaded AMZN/1771533971.json -> /tmp/minio_downloads/1771533971.json
[2026-02-19T20:46:54.673+0000] {logging_mixin.py:188} INFO - Downloaded AMZN/1771533979.json -> /tmp/minio_downloads/1771533979.json
[2026-02-19T20:46:54.675+0000] {logging_mixin.py:188} INFO - Downloaded AMZN/1771533987.json -> /tmp/minio_downloads/1771533987.json
[2026-02-19T20:46:54.678+0000] {logging_mixin.py:188} INFO - Downloaded AMZN/1771533994.json -> /tmp/minio_downloads/1771533994.json
[2026-02-19T20:46:54.681+0000] {logging_mixin.py:188} INFO - Downloaded AMZN/1771534002.json -> /tmp/minio_downloads/1771534002.json
[2026-02-19T20:46:54.684+0000] {logging_mixin.py:188} INFO - Downloaded AMZN/1771534010.json -> /tmp/minio_downloads/1771534010.json
[2026-02-19T20:46:54.687+0000] {logging_mixin.py:188} INFO - Downloaded GOOGL/1771533417.json -> /tmp/minio_downloads/1771533417.json
[2026-02-19T20:46:54.690+0000] {logging_mixin.py:188} INFO - Downloaded GOOGL/1771533425.json -> /tmp/minio_downloads/1771533425.json
[2026-02-19T20:46:54.693+0000] {logging_mixin.py:188} INFO - Downloaded GOOGL/1771533433.json -> /tmp/minio_downloads/1771533433.json
[2026-02-19T20:46:54.695+0000] {logging_mixin.py:188} INFO - Downloaded GOOGL/1771533441.json -> /tmp/minio_downloads/1771533441.json
[2026-02-19T20:46:54.698+0000] {logging_mixin.py:188} INFO - Downloaded GOOGL/1771533449.json -> /tmp/minio_downloads/1771533449.json
[2026-02-19T20:46:54.701+0000] {logging_mixin.py:188} INFO - Downloaded GOOGL/1771533456.json -> /tmp/minio_downloads/1771533456.json
[2026-02-19T20:46:54.704+0000] {logging_mixin.py:188} INFO - Downloaded GOOGL/1771533464.json -> /tmp/minio_downloads/1771533464.json
[2026-02-19T20:46:54.708+0000] {logging_mixin.py:188} INFO - Downloaded GOOGL/1771533472.json -> /tmp/minio_downloads/1771533472.json
[2026-02-19T20:46:54.711+0000] {logging_mixin.py:188} INFO - Downloaded GOOGL/1771533480.json -> /tmp/minio_downloads/1771533480.json
[2026-02-19T20:46:54.714+0000] {logging_mixin.py:188} INFO - Downloaded GOOGL/1771533488.json -> /tmp/minio_downloads/1771533488.json
[2026-02-19T20:46:54.717+0000] {logging_mixin.py:188} INFO - Downloaded GOOGL/1771533496.json -> /tmp/minio_downloads/1771533496.json
[2026-02-19T20:46:54.720+0000] {logging_mixin.py:188} INFO - Downloaded GOOGL/1771533504.json -> /tmp/minio_downloads/1771533504.json
[2026-02-19T20:46:54.724+0000] {logging_mixin.py:188} INFO - Downloaded GOOGL/1771533512.json -> /tmp/minio_downloads/1771533512.json
[2026-02-19T20:46:54.727+0000] {logging_mixin.py:188} INFO - Downloaded GOOGL/1771533520.json -> /tmp/minio_downloads/1771533520.json
[2026-02-19T20:46:54.730+0000] {logging_mixin.py:188} INFO - Downloaded GOOGL/1771533528.json -> /tmp/minio_downloads/1771533528.json
[2026-02-19T20:46:54.733+0000] {logging_mixin.py:188} INFO - Downloaded GOOGL/1771533536.json -> /tmp/minio_downloads/1771533536.json
[2026-02-19T20:46:54.736+0000] {logging_mixin.py:188} INFO - Downloaded GOOGL/1771533544.json -> /tmp/minio_downloads/1771533544.json
[2026-02-19T20:46:54.739+0000] {logging_mixin.py:188} INFO - Downloaded GOOGL/1771533552.json -> /tmp/minio_downloads/1771533552.json
[2026-02-19T20:46:54.742+0000] {logging_mixin.py:188} INFO - Downloaded GOOGL/1771533560.json -> /tmp/minio_downloads/1771533560.json
[2026-02-19T20:46:54.745+0000] {logging_mixin.py:188} INFO - Downloaded GOOGL/1771533568.json -> /tmp/minio_downloads/1771533568.json
[2026-02-19T20:46:54.749+0000] {logging_mixin.py:188} INFO - Downloaded GOOGL/1771533576.json -> /tmp/minio_downloads/1771533576.json
[2026-02-19T20:46:54.752+0000] {logging_mixin.py:188} INFO - Downloaded GOOGL/1771533583.json -> /tmp/minio_downloads/1771533583.json
[2026-02-19T20:46:54.755+0000] {logging_mixin.py:188} INFO - Downloaded GOOGL/1771533591.json -> /tmp/minio_downloads/1771533591.json
[2026-02-19T20:46:54.759+0000] {logging_mixin.py:188} INFO - Downloaded GOOGL/1771533600.json -> /tmp/minio_downloads/1771533600.json
[2026-02-19T20:46:54.765+0000] {logging_mixin.py:188} INFO - Downloaded GOOGL/1771533608.json -> /tmp/minio_downloads/1771533608.json
[2026-02-19T20:46:54.769+0000] {logging_mixin.py:188} INFO - Downloaded GOOGL/1771533616.json -> /tmp/minio_downloads/1771533616.json
[2026-02-19T20:46:54.774+0000] {logging_mixin.py:188} INFO - Downloaded GOOGL/1771533624.json -> /tmp/minio_downloads/1771533624.json
[2026-02-19T20:46:54.778+0000] {logging_mixin.py:188} INFO - Downloaded GOOGL/1771533632.json -> /tmp/minio_downloads/1771533632.json
[2026-02-19T20:46:54.784+0000] {logging_mixin.py:188} INFO - Downloaded GOOGL/1771533640.json -> /tmp/minio_downloads/1771533640.json
[2026-02-19T20:46:54.788+0000] {logging_mixin.py:188} INFO - Downloaded GOOGL/1771533648.json -> /tmp/minio_downloads/1771533648.json
[2026-02-19T20:46:54.793+0000] {logging_mixin.py:188} INFO - Downloaded GOOGL/1771533656.json -> /tmp/minio_downloads/1771533656.json
[2026-02-19T20:46:54.798+0000] {logging_mixin.py:188} INFO - Downloaded GOOGL/1771533664.json -> /tmp/minio_downloads/1771533664.json
[2026-02-19T20:46:54.802+0000] {logging_mixin.py:188} INFO - Downloaded GOOGL/1771533672.json -> /tmp/minio_downloads/1771533672.json
[2026-02-19T20:46:54.809+0000] {logging_mixin.py:188} INFO - Downloaded GOOGL/1771533680.json -> /tmp/minio_downloads/1771533680.json
[2026-02-19T20:46:54.814+0000] {logging_mixin.py:188} INFO - Downloaded GOOGL/1771533688.json -> /tmp/minio_downloads/1771533688.json
[2026-02-19T20:46:54.820+0000] {logging_mixin.py:188} INFO - Downloaded GOOGL/1771533696.json -> /tmp/minio_downloads/1771533696.json
[2026-02-19T20:46:54.823+0000] {logging_mixin.py:188} INFO - Downloaded GOOGL/1771533704.json -> /tmp/minio_downloads/1771533704.json
[2026-02-19T20:46:54.827+0000] {logging_mixin.py:188} INFO - Downloaded GOOGL/1771533712.json -> /tmp/minio_downloads/1771533712.json
[2026-02-19T20:46:54.831+0000] {logging_mixin.py:188} INFO - Downloaded GOOGL/1771533720.json -> /tmp/minio_downloads/1771533720.json
[2026-02-19T20:46:54.835+0000] {logging_mixin.py:188} INFO - Downloaded GOOGL/1771533728.json -> /tmp/minio_downloads/1771533728.json
[2026-02-19T20:46:54.838+0000] {logging_mixin.py:188} INFO - Downloaded GOOGL/1771533736.json -> /tmp/minio_downloads/1771533736.json
[2026-02-19T20:46:54.842+0000] {logging_mixin.py:188} INFO - Downloaded GOOGL/1771533744.json -> /tmp/minio_downloads/1771533744.json
[2026-02-19T20:46:54.846+0000] {logging_mixin.py:188} INFO - Downloaded GOOGL/1771533753.json -> /tmp/minio_downloads/1771533753.json
[2026-02-19T20:46:54.850+0000] {logging_mixin.py:188} INFO - Downloaded GOOGL/1771533761.json -> /tmp/minio_downloads/1771533761.json
[2026-02-19T20:46:54.853+0000] {logging_mixin.py:188} INFO - Downloaded GOOGL/1771533769.json -> /tmp/minio_downloads/1771533769.json
[2026-02-19T20:46:54.857+0000] {logging_mixin.py:188} INFO - Downloaded GOOGL/1771533778.json -> /tmp/minio_downloads/1771533778.json
[2026-02-19T20:46:54.860+0000] {logging_mixin.py:188} INFO - Downloaded GOOGL/1771533786.json -> /tmp/minio_downloads/1771533786.json
[2026-02-19T20:46:54.864+0000] {logging_mixin.py:188} INFO - Downloaded GOOGL/1771533794.json -> /tmp/minio_downloads/1771533794.json
[2026-02-19T20:46:54.867+0000] {logging_mixin.py:188} INFO - Downloaded GOOGL/1771533803.json -> /tmp/minio_downloads/1771533803.json
[2026-02-19T20:46:54.871+0000] {logging_mixin.py:188} INFO - Downloaded GOOGL/1771533810.json -> /tmp/minio_downloads/1771533810.json
[2026-02-19T20:46:54.875+0000] {logging_mixin.py:188} INFO - Downloaded GOOGL/1771533818.json -> /tmp/minio_downloads/1771533818.json
[2026-02-19T20:46:54.888+0000] {logging_mixin.py:188} INFO - Downloaded GOOGL/1771533826.json -> /tmp/minio_downloads/1771533826.json
[2026-02-19T20:46:54.895+0000] {logging_mixin.py:188} INFO - Downloaded GOOGL/1771533834.json -> /tmp/minio_downloads/1771533834.json
[2026-02-19T20:46:54.899+0000] {logging_mixin.py:188} INFO - Downloaded GOOGL/1771533843.json -> /tmp/minio_downloads/1771533843.json
[2026-02-19T20:46:54.903+0000] {logging_mixin.py:188} INFO - Downloaded GOOGL/1771533851.json -> /tmp/minio_downloads/1771533851.json
[2026-02-19T20:46:54.907+0000] {logging_mixin.py:188} INFO - Downloaded GOOGL/1771533859.json -> /tmp/minio_downloads/1771533859.json
[2026-02-19T20:46:54.910+0000] {logging_mixin.py:188} INFO - Downloaded GOOGL/1771533866.json -> /tmp/minio_downloads/1771533866.json
[2026-02-19T20:46:54.914+0000] {logging_mixin.py:188} INFO - Downloaded GOOGL/1771533874.json -> /tmp/minio_downloads/1771533874.json
[2026-02-19T20:46:54.918+0000] {logging_mixin.py:188} INFO - Downloaded GOOGL/1771533882.json -> /tmp/minio_downloads/1771533882.json
[2026-02-19T20:46:54.922+0000] {logging_mixin.py:188} INFO - Downloaded GOOGL/1771533890.json -> /tmp/minio_downloads/1771533890.json
[2026-02-19T20:46:54.925+0000] {logging_mixin.py:188} INFO - Downloaded GOOGL/1771533898.json -> /tmp/minio_downloads/1771533898.json
[2026-02-19T20:46:54.928+0000] {logging_mixin.py:188} INFO - Downloaded GOOGL/1771533906.json -> /tmp/minio_downloads/1771533906.json
[2026-02-19T20:46:54.932+0000] {logging_mixin.py:188} INFO - Downloaded GOOGL/1771533914.json -> /tmp/minio_downloads/1771533914.json
[2026-02-19T20:46:54.935+0000] {logging_mixin.py:188} INFO - Downloaded GOOGL/1771533922.json -> /tmp/minio_downloads/1771533922.json
[2026-02-19T20:46:54.939+0000] {logging_mixin.py:188} INFO - Downloaded GOOGL/1771533931.json -> /tmp/minio_downloads/1771533931.json
[2026-02-19T20:46:54.943+0000] {logging_mixin.py:188} INFO - Downloaded GOOGL/1771533939.json -> /tmp/minio_downloads/1771533939.json
[2026-02-19T20:46:54.946+0000] {logging_mixin.py:188} INFO - Downloaded GOOGL/1771533947.json -> /tmp/minio_downloads/1771533947.json
[2026-02-19T20:46:54.949+0000] {logging_mixin.py:188} INFO - Downloaded GOOGL/1771533954.json -> /tmp/minio_downloads/1771533954.json
[2026-02-19T20:46:54.952+0000] {logging_mixin.py:188} INFO - Downloaded GOOGL/1771533963.json -> /tmp/minio_downloads/1771533963.json
[2026-02-19T20:46:54.956+0000] {logging_mixin.py:188} INFO - Downloaded GOOGL/1771533970.json -> /tmp/minio_downloads/1771533970.json
[2026-02-19T20:46:54.960+0000] {logging_mixin.py:188} INFO - Downloaded GOOGL/1771533978.json -> /tmp/minio_downloads/1771533978.json
[2026-02-19T20:46:54.963+0000] {logging_mixin.py:188} INFO - Downloaded GOOGL/1771533986.json -> /tmp/minio_downloads/1771533986.json
[2026-02-19T20:46:54.967+0000] {logging_mixin.py:188} INFO - Downloaded GOOGL/1771533994.json -> /tmp/minio_downloads/1771533994.json
[2026-02-19T20:46:54.970+0000] {logging_mixin.py:188} INFO - Downloaded GOOGL/1771534002.json -> /tmp/minio_downloads/1771534002.json
[2026-02-19T20:46:54.974+0000] {logging_mixin.py:188} INFO - Downloaded GOOGL/1771534010.json -> /tmp/minio_downloads/1771534010.json
[2026-02-19T20:46:54.977+0000] {logging_mixin.py:188} INFO - Downloaded MSFT/1771533416.json -> /tmp/minio_downloads/1771533416.json
[2026-02-19T20:46:54.981+0000] {logging_mixin.py:188} INFO - Downloaded MSFT/1771533424.json -> /tmp/minio_downloads/1771533424.json
[2026-02-19T20:46:54.984+0000] {logging_mixin.py:188} INFO - Downloaded MSFT/1771533432.json -> /tmp/minio_downloads/1771533432.json
[2026-02-19T20:46:54.989+0000] {logging_mixin.py:188} INFO - Downloaded MSFT/1771533440.json -> /tmp/minio_downloads/1771533440.json
[2026-02-19T20:46:54.992+0000] {logging_mixin.py:188} INFO - Downloaded MSFT/1771533448.json -> /tmp/minio_downloads/1771533448.json
[2026-02-19T20:46:54.997+0000] {logging_mixin.py:188} INFO - Downloaded MSFT/1771533456.json -> /tmp/minio_downloads/1771533456.json
[2026-02-19T20:46:55.001+0000] {logging_mixin.py:188} INFO - Downloaded MSFT/1771533464.json -> /tmp/minio_downloads/1771533464.json
[2026-02-19T20:46:55.005+0000] {logging_mixin.py:188} INFO - Downloaded MSFT/1771533472.json -> /tmp/minio_downloads/1771533472.json
[2026-02-19T20:46:55.009+0000] {logging_mixin.py:188} INFO - Downloaded MSFT/1771533479.json -> /tmp/minio_downloads/1771533479.json
[2026-02-19T20:46:55.013+0000] {logging_mixin.py:188} INFO - Downloaded MSFT/1771533488.json -> /tmp/minio_downloads/1771533488.json
[2026-02-19T20:46:55.017+0000] {logging_mixin.py:188} INFO - Downloaded MSFT/1771533496.json -> /tmp/minio_downloads/1771533496.json
[2026-02-19T20:46:55.022+0000] {logging_mixin.py:188} INFO - Downloaded MSFT/1771533504.json -> /tmp/minio_downloads/1771533504.json
[2026-02-19T20:46:55.026+0000] {logging_mixin.py:188} INFO - Downloaded MSFT/1771533511.json -> /tmp/minio_downloads/1771533511.json
[2026-02-19T20:46:55.030+0000] {logging_mixin.py:188} INFO - Downloaded MSFT/1771533519.json -> /tmp/minio_downloads/1771533519.json
[2026-02-19T20:46:55.034+0000] {logging_mixin.py:188} INFO - Downloaded MSFT/1771533527.json -> /tmp/minio_downloads/1771533527.json
[2026-02-19T20:46:55.038+0000] {logging_mixin.py:188} INFO - Downloaded MSFT/1771533535.json -> /tmp/minio_downloads/1771533535.json
[2026-02-19T20:46:55.042+0000] {logging_mixin.py:188} INFO - Downloaded MSFT/1771533543.json -> /tmp/minio_downloads/1771533543.json
[2026-02-19T20:46:55.046+0000] {logging_mixin.py:188} INFO - Downloaded MSFT/1771533551.json -> /tmp/minio_downloads/1771533551.json
[2026-02-19T20:46:55.050+0000] {logging_mixin.py:188} INFO - Downloaded MSFT/1771533559.json -> /tmp/minio_downloads/1771533559.json
[2026-02-19T20:46:55.054+0000] {logging_mixin.py:188} INFO - Downloaded MSFT/1771533567.json -> /tmp/minio_downloads/1771533567.json
[2026-02-19T20:46:55.058+0000] {logging_mixin.py:188} INFO - Downloaded MSFT/1771533575.json -> /tmp/minio_downloads/1771533575.json
[2026-02-19T20:46:55.062+0000] {logging_mixin.py:188} INFO - Downloaded MSFT/1771533583.json -> /tmp/minio_downloads/1771533583.json
[2026-02-19T20:46:55.066+0000] {logging_mixin.py:188} INFO - Downloaded MSFT/1771533591.json -> /tmp/minio_downloads/1771533591.json
[2026-02-19T20:46:55.069+0000] {logging_mixin.py:188} INFO - Downloaded MSFT/1771533599.json -> /tmp/minio_downloads/1771533599.json
[2026-02-19T20:46:55.074+0000] {logging_mixin.py:188} INFO - Downloaded MSFT/1771533607.json -> /tmp/minio_downloads/1771533607.json
[2026-02-19T20:46:55.078+0000] {logging_mixin.py:188} INFO - Downloaded MSFT/1771533615.json -> /tmp/minio_downloads/1771533615.json
[2026-02-19T20:46:55.082+0000] {logging_mixin.py:188} INFO - Downloaded MSFT/1771533623.json -> /tmp/minio_downloads/1771533623.json
[2026-02-19T20:46:55.086+0000] {logging_mixin.py:188} INFO - Downloaded MSFT/1771533631.json -> /tmp/minio_downloads/1771533631.json
[2026-02-19T20:46:55.090+0000] {logging_mixin.py:188} INFO - Downloaded MSFT/1771533639.json -> /tmp/minio_downloads/1771533639.json
[2026-02-19T20:46:55.095+0000] {logging_mixin.py:188} INFO - Downloaded MSFT/1771533647.json -> /tmp/minio_downloads/1771533647.json
[2026-02-19T20:46:55.099+0000] {logging_mixin.py:188} INFO - Downloaded MSFT/1771533655.json -> /tmp/minio_downloads/1771533655.json
[2026-02-19T20:46:55.103+0000] {logging_mixin.py:188} INFO - Downloaded MSFT/1771533663.json -> /tmp/minio_downloads/1771533663.json
[2026-02-19T20:46:55.106+0000] {logging_mixin.py:188} INFO - Downloaded MSFT/1771533671.json -> /tmp/minio_downloads/1771533671.json
[2026-02-19T20:46:55.110+0000] {logging_mixin.py:188} INFO - Downloaded MSFT/1771533679.json -> /tmp/minio_downloads/1771533679.json
[2026-02-19T20:46:55.114+0000] {logging_mixin.py:188} INFO - Downloaded MSFT/1771533687.json -> /tmp/minio_downloads/1771533687.json
[2026-02-19T20:46:55.117+0000] {logging_mixin.py:188} INFO - Downloaded MSFT/1771533695.json -> /tmp/minio_downloads/1771533695.json
[2026-02-19T20:46:55.121+0000] {logging_mixin.py:188} INFO - Downloaded MSFT/1771533703.json -> /tmp/minio_downloads/1771533703.json
[2026-02-19T20:46:55.125+0000] {logging_mixin.py:188} INFO - Downloaded MSFT/1771533711.json -> /tmp/minio_downloads/1771533711.json
[2026-02-19T20:46:55.129+0000] {logging_mixin.py:188} INFO - Downloaded MSFT/1771533719.json -> /tmp/minio_downloads/1771533719.json
[2026-02-19T20:46:55.133+0000] {logging_mixin.py:188} INFO - Downloaded MSFT/1771533727.json -> /tmp/minio_downloads/1771533727.json
[2026-02-19T20:46:55.136+0000] {logging_mixin.py:188} INFO - Downloaded MSFT/1771533735.json -> /tmp/minio_downloads/1771533735.json
[2026-02-19T20:46:55.141+0000] {logging_mixin.py:188} INFO - Downloaded MSFT/1771533743.json -> /tmp/minio_downloads/1771533743.json
[2026-02-19T20:46:55.144+0000] {logging_mixin.py:188} INFO - Downloaded MSFT/1771533752.json -> /tmp/minio_downloads/1771533752.json
[2026-02-19T20:46:55.148+0000] {logging_mixin.py:188} INFO - Downloaded MSFT/1771533760.json -> /tmp/minio_downloads/1771533760.json
[2026-02-19T20:46:55.152+0000] {logging_mixin.py:188} INFO - Downloaded MSFT/1771533768.json -> /tmp/minio_downloads/1771533768.json
[2026-02-19T20:46:55.156+0000] {logging_mixin.py:188} INFO - Downloaded MSFT/1771533777.json -> /tmp/minio_downloads/1771533777.json
[2026-02-19T20:46:55.160+0000] {logging_mixin.py:188} INFO - Downloaded MSFT/1771533785.json -> /tmp/minio_downloads/1771533785.json
[2026-02-19T20:46:55.164+0000] {logging_mixin.py:188} INFO - Downloaded MSFT/1771533793.json -> /tmp/minio_downloads/1771533793.json
[2026-02-19T20:46:55.168+0000] {logging_mixin.py:188} INFO - Downloaded MSFT/1771533801.json -> /tmp/minio_downloads/1771533801.json
[2026-02-19T20:46:55.172+0000] {logging_mixin.py:188} INFO - Downloaded MSFT/1771533810.json -> /tmp/minio_downloads/1771533810.json
[2026-02-19T20:46:55.175+0000] {logging_mixin.py:188} INFO - Downloaded MSFT/1771533818.json -> /tmp/minio_downloads/1771533818.json
[2026-02-19T20:46:55.178+0000] {logging_mixin.py:188} INFO - Downloaded MSFT/1771533826.json -> /tmp/minio_downloads/1771533826.json
[2026-02-19T20:46:55.182+0000] {logging_mixin.py:188} INFO - Downloaded MSFT/1771533833.json -> /tmp/minio_downloads/1771533833.json
[2026-02-19T20:46:55.185+0000] {logging_mixin.py:188} INFO - Downloaded MSFT/1771533842.json -> /tmp/minio_downloads/1771533842.json
[2026-02-19T20:46:55.189+0000] {logging_mixin.py:188} INFO - Downloaded MSFT/1771533850.json -> /tmp/minio_downloads/1771533850.json
[2026-02-19T20:46:55.192+0000] {logging_mixin.py:188} INFO - Downloaded MSFT/1771533858.json -> /tmp/minio_downloads/1771533858.json
[2026-02-19T20:46:55.196+0000] {logging_mixin.py:188} INFO - Downloaded MSFT/1771533866.json -> /tmp/minio_downloads/1771533866.json
[2026-02-19T20:46:55.200+0000] {logging_mixin.py:188} INFO - Downloaded MSFT/1771533873.json -> /tmp/minio_downloads/1771533873.json
[2026-02-19T20:46:55.203+0000] {logging_mixin.py:188} INFO - Downloaded MSFT/1771533881.json -> /tmp/minio_downloads/1771533881.json
[2026-02-19T20:46:55.207+0000] {logging_mixin.py:188} INFO - Downloaded MSFT/1771533889.json -> /tmp/minio_downloads/1771533889.json
[2026-02-19T20:46:55.211+0000] {logging_mixin.py:188} INFO - Downloaded MSFT/1771533897.json -> /tmp/minio_downloads/1771533897.json
[2026-02-19T20:46:55.215+0000] {logging_mixin.py:188} INFO - Downloaded MSFT/1771533905.json -> /tmp/minio_downloads/1771533905.json
[2026-02-19T20:46:55.220+0000] {logging_mixin.py:188} INFO - Downloaded MSFT/1771533913.json -> /tmp/minio_downloads/1771533913.json
[2026-02-19T20:46:55.226+0000] {logging_mixin.py:188} INFO - Downloaded MSFT/1771533922.json -> /tmp/minio_downloads/1771533922.json
[2026-02-19T20:46:55.230+0000] {logging_mixin.py:188} INFO - Downloaded MSFT/1771533930.json -> /tmp/minio_downloads/1771533930.json
[2026-02-19T20:46:55.235+0000] {logging_mixin.py:188} INFO - Downloaded MSFT/1771533938.json -> /tmp/minio_downloads/1771533938.json
[2026-02-19T20:46:55.239+0000] {logging_mixin.py:188} INFO - Downloaded MSFT/1771533946.json -> /tmp/minio_downloads/1771533946.json
[2026-02-19T20:46:55.244+0000] {logging_mixin.py:188} INFO - Downloaded MSFT/1771533954.json -> /tmp/minio_downloads/1771533954.json
[2026-02-19T20:46:55.248+0000] {logging_mixin.py:188} INFO - Downloaded MSFT/1771533962.json -> /tmp/minio_downloads/1771533962.json
[2026-02-19T20:46:55.251+0000] {logging_mixin.py:188} INFO - Downloaded MSFT/1771533970.json -> /tmp/minio_downloads/1771533970.json
[2026-02-19T20:46:55.255+0000] {logging_mixin.py:188} INFO - Downloaded MSFT/1771533978.json -> /tmp/minio_downloads/1771533978.json
[2026-02-19T20:46:55.259+0000] {logging_mixin.py:188} INFO - Downloaded MSFT/1771533986.json -> /tmp/minio_downloads/1771533986.json
[2026-02-19T20:46:55.262+0000] {logging_mixin.py:188} INFO - Downloaded MSFT/1771533993.json -> /tmp/minio_downloads/1771533993.json
[2026-02-19T20:46:55.266+0000] {logging_mixin.py:188} INFO - Downloaded MSFT/1771534001.json -> /tmp/minio_downloads/1771534001.json
[2026-02-19T20:46:55.269+0000] {logging_mixin.py:188} INFO - Downloaded MSFT/1771534009.json -> /tmp/minio_downloads/1771534009.json
[2026-02-19T20:46:55.272+0000] {logging_mixin.py:188} INFO - Downloaded TSLA/1771533417.json -> /tmp/minio_downloads/1771533417.json
[2026-02-19T20:46:55.275+0000] {logging_mixin.py:188} INFO - Downloaded TSLA/1771533424.json -> /tmp/minio_downloads/1771533424.json
[2026-02-19T20:46:55.279+0000] {logging_mixin.py:188} INFO - Downloaded TSLA/1771533433.json -> /tmp/minio_downloads/1771533433.json
[2026-02-19T20:46:55.282+0000] {logging_mixin.py:188} INFO - Downloaded TSLA/1771533440.json -> /tmp/minio_downloads/1771533440.json
[2026-02-19T20:46:55.285+0000] {logging_mixin.py:188} INFO - Downloaded TSLA/1771533448.json -> /tmp/minio_downloads/1771533448.json
[2026-02-19T20:46:55.289+0000] {logging_mixin.py:188} INFO - Downloaded TSLA/1771533456.json -> /tmp/minio_downloads/1771533456.json
[2026-02-19T20:46:55.292+0000] {logging_mixin.py:188} INFO - Downloaded TSLA/1771533464.json -> /tmp/minio_downloads/1771533464.json
[2026-02-19T20:46:55.295+0000] {logging_mixin.py:188} INFO - Downloaded TSLA/1771533472.json -> /tmp/minio_downloads/1771533472.json
[2026-02-19T20:46:55.299+0000] {logging_mixin.py:188} INFO - Downloaded TSLA/1771533480.json -> /tmp/minio_downloads/1771533480.json
[2026-02-19T20:46:55.302+0000] {logging_mixin.py:188} INFO - Downloaded TSLA/1771533488.json -> /tmp/minio_downloads/1771533488.json
[2026-02-19T20:46:55.306+0000] {logging_mixin.py:188} INFO - Downloaded TSLA/1771533496.json -> /tmp/minio_downloads/1771533496.json
[2026-02-19T20:46:55.309+0000] {logging_mixin.py:188} INFO - Downloaded TSLA/1771533504.json -> /tmp/minio_downloads/1771533504.json
[2026-02-19T20:46:55.312+0000] {logging_mixin.py:188} INFO - Downloaded TSLA/1771533512.json -> /tmp/minio_downloads/1771533512.json
[2026-02-19T20:46:55.316+0000] {logging_mixin.py:188} INFO - Downloaded TSLA/1771533520.json -> /tmp/minio_downloads/1771533520.json
[2026-02-19T20:46:55.319+0000] {logging_mixin.py:188} INFO - Downloaded TSLA/1771533528.json -> /tmp/minio_downloads/1771533528.json
[2026-02-19T20:46:55.322+0000] {logging_mixin.py:188} INFO - Downloaded TSLA/1771533536.json -> /tmp/minio_downloads/1771533536.json
[2026-02-19T20:46:55.326+0000] {logging_mixin.py:188} INFO - Downloaded TSLA/1771533544.json -> /tmp/minio_downloads/1771533544.json
[2026-02-19T20:46:55.329+0000] {logging_mixin.py:188} INFO - Downloaded TSLA/1771533552.json -> /tmp/minio_downloads/1771533552.json
[2026-02-19T20:46:55.332+0000] {logging_mixin.py:188} INFO - Downloaded TSLA/1771533560.json -> /tmp/minio_downloads/1771533560.json
[2026-02-19T20:46:55.336+0000] {logging_mixin.py:188} INFO - Downloaded TSLA/1771533567.json -> /tmp/minio_downloads/1771533567.json
[2026-02-19T20:46:55.339+0000] {logging_mixin.py:188} INFO - Downloaded TSLA/1771533575.json -> /tmp/minio_downloads/1771533575.json
[2026-02-19T20:46:55.342+0000] {logging_mixin.py:188} INFO - Downloaded TSLA/1771533583.json -> /tmp/minio_downloads/1771533583.json
[2026-02-19T20:46:55.345+0000] {logging_mixin.py:188} INFO - Downloaded TSLA/1771533591.json -> /tmp/minio_downloads/1771533591.json
[2026-02-19T20:46:55.349+0000] {logging_mixin.py:188} INFO - Downloaded TSLA/1771533599.json -> /tmp/minio_downloads/1771533599.json
[2026-02-19T20:46:55.352+0000] {logging_mixin.py:188} INFO - Downloaded TSLA/1771533607.json -> /tmp/minio_downloads/1771533607.json
[2026-02-19T20:46:55.355+0000] {logging_mixin.py:188} INFO - Downloaded TSLA/1771533616.json -> /tmp/minio_downloads/1771533616.json
[2026-02-19T20:46:55.358+0000] {logging_mixin.py:188} INFO - Downloaded TSLA/1771533624.json -> /tmp/minio_downloads/1771533624.json
[2026-02-19T20:46:55.361+0000] {logging_mixin.py:188} INFO - Downloaded TSLA/1771533632.json -> /tmp/minio_downloads/1771533632.json
[2026-02-19T20:46:55.364+0000] {logging_mixin.py:188} INFO - Downloaded TSLA/1771533640.json -> /tmp/minio_downloads/1771533640.json
[2026-02-19T20:46:55.367+0000] {logging_mixin.py:188} INFO - Downloaded TSLA/1771533647.json -> /tmp/minio_downloads/1771533647.json
[2026-02-19T20:46:55.370+0000] {logging_mixin.py:188} INFO - Downloaded TSLA/1771533655.json -> /tmp/minio_downloads/1771533655.json
[2026-02-19T20:46:55.373+0000] {logging_mixin.py:188} INFO - Downloaded TSLA/1771533664.json -> /tmp/minio_downloads/1771533664.json
[2026-02-19T20:46:55.377+0000] {logging_mixin.py:188} INFO - Downloaded TSLA/1771533672.json -> /tmp/minio_downloads/1771533672.json
[2026-02-19T20:46:55.380+0000] {logging_mixin.py:188} INFO - Downloaded TSLA/1771533680.json -> /tmp/minio_downloads/1771533680.json
[2026-02-19T20:46:55.383+0000] {logging_mixin.py:188} INFO - Downloaded TSLA/1771533688.json -> /tmp/minio_downloads/1771533688.json
[2026-02-19T20:46:55.386+0000] {logging_mixin.py:188} INFO - Downloaded TSLA/1771533695.json -> /tmp/minio_downloads/1771533695.json
[2026-02-19T20:46:55.389+0000] {logging_mixin.py:188} INFO - Downloaded TSLA/1771533703.json -> /tmp/minio_downloads/1771533703.json
[2026-02-19T20:46:55.392+0000] {logging_mixin.py:188} INFO - Downloaded TSLA/1771533712.json -> /tmp/minio_downloads/1771533712.json
[2026-02-19T20:46:55.396+0000] {logging_mixin.py:188} INFO - Downloaded TSLA/1771533719.json -> /tmp/minio_downloads/1771533719.json
[2026-02-19T20:46:55.399+0000] {logging_mixin.py:188} INFO - Downloaded TSLA/1771533727.json -> /tmp/minio_downloads/1771533727.json
[2026-02-19T20:46:55.401+0000] {logging_mixin.py:188} INFO - Downloaded TSLA/1771533735.json -> /tmp/minio_downloads/1771533735.json
[2026-02-19T20:46:55.404+0000] {logging_mixin.py:188} INFO - Downloaded TSLA/1771533743.json -> /tmp/minio_downloads/1771533743.json
[2026-02-19T20:46:55.407+0000] {logging_mixin.py:188} INFO - Downloaded TSLA/1771533752.json -> /tmp/minio_downloads/1771533752.json
[2026-02-19T20:46:55.410+0000] {logging_mixin.py:188} INFO - Downloaded TSLA/1771533760.json -> /tmp/minio_downloads/1771533760.json
[2026-02-19T20:46:55.413+0000] {logging_mixin.py:188} INFO - Downloaded TSLA/1771533769.json -> /tmp/minio_downloads/1771533769.json
[2026-02-19T20:46:55.416+0000] {logging_mixin.py:188} INFO - Downloaded TSLA/1771533778.json -> /tmp/minio_downloads/1771533778.json
[2026-02-19T20:46:55.419+0000] {logging_mixin.py:188} INFO - Downloaded TSLA/1771533786.json -> /tmp/minio_downloads/1771533786.json
[2026-02-19T20:46:55.422+0000] {logging_mixin.py:188} INFO - Downloaded TSLA/1771533794.json -> /tmp/minio_downloads/1771533794.json
[2026-02-19T20:46:55.425+0000] {logging_mixin.py:188} INFO - Downloaded TSLA/1771533802.json -> /tmp/minio_downloads/1771533802.json
[2026-02-19T20:46:55.428+0000] {logging_mixin.py:188} INFO - Downloaded TSLA/1771533810.json -> /tmp/minio_downloads/1771533810.json
[2026-02-19T20:46:55.431+0000] {logging_mixin.py:188} INFO - Downloaded TSLA/1771533818.json -> /tmp/minio_downloads/1771533818.json
[2026-02-19T20:46:55.434+0000] {logging_mixin.py:188} INFO - Downloaded TSLA/1771533826.json -> /tmp/minio_downloads/1771533826.json
[2026-02-19T20:46:55.437+0000] {logging_mixin.py:188} INFO - Downloaded TSLA/1771533834.json -> /tmp/minio_downloads/1771533834.json
[2026-02-19T20:46:55.440+0000] {logging_mixin.py:188} INFO - Downloaded TSLA/1771533842.json -> /tmp/minio_downloads/1771533842.json
[2026-02-19T20:46:55.443+0000] {logging_mixin.py:188} INFO - Downloaded TSLA/1771533850.json -> /tmp/minio_downloads/1771533850.json
[2026-02-19T20:46:55.447+0000] {logging_mixin.py:188} INFO - Downloaded TSLA/1771533858.json -> /tmp/minio_downloads/1771533858.json
[2026-02-19T20:46:55.450+0000] {logging_mixin.py:188} INFO - Downloaded TSLA/1771533866.json -> /tmp/minio_downloads/1771533866.json
[2026-02-19T20:46:55.453+0000] {logging_mixin.py:188} INFO - Downloaded TSLA/1771533874.json -> /tmp/minio_downloads/1771533874.json
[2026-02-19T20:46:55.456+0000] {logging_mixin.py:188} INFO - Downloaded TSLA/1771533882.json -> /tmp/minio_downloads/1771533882.json
[2026-02-19T20:46:55.459+0000] {logging_mixin.py:188} INFO - Downloaded TSLA/1771533889.json -> /tmp/minio_downloads/1771533889.json
[2026-02-19T20:46:55.462+0000] {logging_mixin.py:188} INFO - Downloaded TSLA/1771533897.json -> /tmp/minio_downloads/1771533897.json
[2026-02-19T20:46:55.465+0000] {logging_mixin.py:188} INFO - Downloaded TSLA/1771533905.json -> /tmp/minio_downloads/1771533905.json
[2026-02-19T20:46:55.469+0000] {logging_mixin.py:188} INFO - Downloaded TSLA/1771533913.json -> /tmp/minio_downloads/1771533913.json
[2026-02-19T20:46:55.472+0000] {logging_mixin.py:188} INFO - Downloaded TSLA/1771533922.json -> /tmp/minio_downloads/1771533922.json
[2026-02-19T20:46:55.475+0000] {logging_mixin.py:188} INFO - Downloaded TSLA/1771533931.json -> /tmp/minio_downloads/1771533931.json
[2026-02-19T20:46:55.478+0000] {logging_mixin.py:188} INFO - Downloaded TSLA/1771533938.json -> /tmp/minio_downloads/1771533938.json
[2026-02-19T20:46:55.481+0000] {logging_mixin.py:188} INFO - Downloaded TSLA/1771533946.json -> /tmp/minio_downloads/1771533946.json
[2026-02-19T20:46:55.485+0000] {logging_mixin.py:188} INFO - Downloaded TSLA/1771533954.json -> /tmp/minio_downloads/1771533954.json
[2026-02-19T20:46:55.488+0000] {logging_mixin.py:188} INFO - Downloaded TSLA/1771533962.json -> /tmp/minio_downloads/1771533962.json
[2026-02-19T20:46:55.491+0000] {logging_mixin.py:188} INFO - Downloaded TSLA/1771533970.json -> /tmp/minio_downloads/1771533970.json
[2026-02-19T20:46:55.494+0000] {logging_mixin.py:188} INFO - Downloaded TSLA/1771533978.json -> /tmp/minio_downloads/1771533978.json
[2026-02-19T20:46:55.497+0000] {logging_mixin.py:188} INFO - Downloaded TSLA/1771533986.json -> /tmp/minio_downloads/1771533986.json
[2026-02-19T20:46:55.500+0000] {logging_mixin.py:188} INFO - Downloaded TSLA/1771533994.json -> /tmp/minio_downloads/1771533994.json
[2026-02-19T20:46:55.503+0000] {logging_mixin.py:188} INFO - Downloaded TSLA/1771534002.json -> /tmp/minio_downloads/1771534002.json
[2026-02-19T20:46:55.506+0000] {logging_mixin.py:188} INFO - Downloaded TSLA/1771534009.json -> /tmp/minio_downloads/1771534009.json
[2026-02-19T20:46:55.507+0000] {python.py:237} INFO - Done. Returned value was: ['/tmp/minio_downloads/1771533416.json', '/tmp/minio_downloads/1771533424.json', '/tmp/minio_downloads/1771533432.json', '/tmp/minio_downloads/1771533440.json', '/tmp/minio_downloads/1771533447.json', '/tmp/minio_downloads/1771533455.json', '/tmp/minio_downloads/1771533463.json', '/tmp/minio_downloads/1771533471.json', '/tmp/minio_downloads/1771533479.json', '/tmp/minio_downloads/1771533487.json', '/tmp/minio_downloads/1771533495.json', '/tmp/minio_downloads/1771533503.json', '/tmp/minio_downloads/1771533511.json', '/tmp/minio_downloads/1771533519.json', '/tmp/minio_downloads/1771533527.json', '/tmp/minio_downloads/1771533535.json', '/tmp/minio_downloads/1771533543.json', '/tmp/minio_downloads/1771533551.json', '/tmp/minio_downloads/1771533559.json', '/tmp/minio_downloads/1771533567.json', '/tmp/minio_downloads/1771533574.json', '/tmp/minio_downloads/1771533582.json', '/tmp/minio_downloads/1771533590.json', '/tmp/minio_downloads/1771533598.json', '/tmp/minio_downloads/1771533606.json', '/tmp/minio_downloads/1771533615.json', '/tmp/minio_downloads/1771533623.json', '/tmp/minio_downloads/1771533631.json', '/tmp/minio_downloads/1771533639.json', '/tmp/minio_downloads/1771533647.json', '/tmp/minio_downloads/1771533655.json', '/tmp/minio_downloads/1771533663.json', '/tmp/minio_downloads/1771533671.json', '/tmp/minio_downloads/1771533679.json', '/tmp/minio_downloads/1771533687.json', '/tmp/minio_downloads/1771533695.json', '/tmp/minio_downloads/1771533703.json', '/tmp/minio_downloads/1771533711.json', '/tmp/minio_downloads/1771533719.json', '/tmp/minio_downloads/1771533727.json', '/tmp/minio_downloads/1771533734.json', '/tmp/minio_downloads/1771533743.json', '/tmp/minio_downloads/1771533751.json', '/tmp/minio_downloads/1771533760.json', '/tmp/minio_downloads/1771533768.json', '/tmp/minio_downloads/1771533777.json', '/tmp/minio_downloads/1771533785.json', '/tmp/minio_downloads/1771533793.json', '/tmp/minio_downloads/1771533801.json', '/tmp/minio_downloads/1771533809.json', '/tmp/minio_downloads/1771533817.json', '/tmp/minio_downloads/1771533825.json', '/tmp/minio_downloads/1771533833.json', '/tmp/minio_downloads/1771533841.json', '/tmp/minio_downloads/1771533849.json', '/tmp/minio_downloads/1771533857.json', '/tmp/minio_downloads/1771533865.json', '/tmp/minio_downloads/1771533873.json', '/tmp/minio_downloads/1771533881.json', '/tmp/minio_downloads/1771533889.json', '/tmp/minio_downloads/1771533897.json', '/tmp/minio_downloads/1771533904.json', '/tmp/minio_downloads/1771533912.json', '/tmp/minio_downloads/1771533920.json', '/tmp/minio_downloads/1771533930.json', '/tmp/minio_downloads/1771533938.json', '/tmp/minio_downloads/1771533946.json', '/tmp/minio_downloads/1771533953.json', '/tmp/minio_downloads/1771533961.json', '/tmp/minio_downloads/1771533969.json', '/tmp/minio_downloads/1771533977.json', '/tmp/minio_downloads/1771533985.json', '/tmp/minio_downloads/1771533993.json', '/tmp/minio_downloads/1771534001.json', '/tmp/minio_downloads/1771534009.json', '/tmp/minio_downloads/1771533417.json', '/tmp/minio_downloads/1771533425.json', '/tmp/minio_downloads/1771533433.json', '/tmp/minio_downloads/1771533441.json', '/tmp/minio_downloads/1771533449.json', '/tmp/minio_downloads/1771533457.json', '/tmp/minio_downloads/1771533465.json', '/tmp/minio_downloads/1771533473.json', '/tmp/minio_downloads/1771533481.json', '/tmp/minio_downloads/1771533489.json', '/tmp/minio_downloads/1771533497.json', '/tmp/minio_downloads/1771533505.json', '/tmp/minio_downloads/1771533513.json', '/tmp/minio_downloads/1771533520.json', '/tmp/minio_downloads/1771533529.json', '/tmp/minio_downloads/1771533536.json', '/tmp/minio_downloads/1771533545.json', '/tmp/minio_downloads/1771533552.json', '/tmp/minio_downloads/1771533560.json', '/tmp/minio_downloads/1771533568.json', '/tmp/minio_downloads/1771533576.json', '/tmp/minio_downloads/1771533584.json', '/tmp/minio_downloads/1771533592.json', '/tmp/minio_downloads/1771533600.json', '/tmp/minio_downloads/1771533608.json', '/tmp/minio_downloads/1771533617.json', '/tmp/minio_downloads/1771533624.json', '/tmp/minio_downloads/1771533632.json', '/tmp/minio_downloads/1771533640.json', '/tmp/minio_downloads/1771533648.json', '/tmp/minio_downloads/1771533656.json', '/tmp/minio_downloads/1771533665.json', '/tmp/minio_downloads/1771533672.json', '/tmp/minio_downloads/1771533680.json', '/tmp/minio_downloads/1771533688.json', '/tmp/minio_downloads/1771533696.json', '/tmp/minio_downloads/1771533704.json', '/tmp/minio_downloads/1771533712.json', '/tmp/minio_downloads/1771533720.json', '/tmp/minio_downloads/1771533728.json', '/tmp/minio_downloads/1771533736.json', '/tmp/minio_downloads/1771533745.json', '/tmp/minio_downloads/1771533753.json', '/tmp/minio_downloads/1771533761.json', '/tmp/minio_downloads/1771533770.json', '/tmp/minio_downloads/1771533778.json', '/tmp/minio_downloads/1771533786.json', '/tmp/minio_downloads/1771533794.json', '/tmp/minio_downloads/1771533803.json', '/tmp/minio_downloads/1771533811.json', '/tmp/minio_downloads/1771533819.json', '/tmp/minio_downloads/1771533827.json', '/tmp/minio_downloads/1771533835.json', '/tmp/minio_downloads/1771533843.json', '/tmp/minio_downloads/1771533851.json', '/tmp/minio_downloads/1771533859.json', '/tmp/minio_downloads/1771533867.json', '/tmp/minio_downloads/1771533874.json', '/tmp/minio_downloads/1771533882.json', '/tmp/minio_downloads/1771533890.json', '/tmp/minio_downloads/1771533898.json', '/tmp/minio_downloads/1771533906.json', '/tmp/minio_downloads/1771533914.json', '/tmp/minio_downloads/1771533923.json', '/tmp/minio_downloads/1771533931.json', '/tmp/minio_downloads/1771533939.json', '/tmp/minio_downloads/1771533947.json', '/tmp/minio_downloads/1771533955.json', '/tmp/minio_downloads/1771533963.json', '/tmp/minio_downloads/1771533971.json', '/tmp/minio_downloads/1771533979.json', '/tmp/minio_downloads/1771533987.json', '/tmp/minio_downloads/1771533994.json', '/tmp/minio_downloads/1771534002.json', '/tmp/minio_downloads/1771534010.json', '/tmp/minio_downloads/1771533417.json', '/tmp/minio_downloads/1771533425.json', '/tmp/minio_downloads/1771533433.json', '/tmp/minio_downloads/1771533441.json', '/tmp/minio_downloads/1771533449.json', '/tmp/minio_downloads/1771533456.json', '/tmp/minio_downloads/1771533464.json', '/tmp/minio_downloads/1771533472.json', '/tmp/minio_downloads/1771533480.json', '/tmp/minio_downloads/1771533488.json', '/tmp/minio_downloads/1771533496.json', '/tmp/minio_downloads/1771533504.json', '/tmp/minio_downloads/1771533512.json', '/tmp/minio_downloads/1771533520.json', '/tmp/minio_downloads/1771533528.json', '/tmp/minio_downloads/1771533536.json', '/tmp/minio_downloads/1771533544.json', '/tmp/minio_downloads/1771533552.json', '/tmp/minio_downloads/1771533560.json', '/tmp/minio_downloads/1771533568.json', '/tmp/minio_downloads/1771533576.json', '/tmp/minio_downloads/1771533583.json', '/tmp/minio_downloads/1771533591.json', '/tmp/minio_downloads/1771533600.json', '/tmp/minio_downloads/1771533608.json', '/tmp/minio_downloads/1771533616.json', '/tmp/minio_downloads/1771533624.json', '/tmp/minio_downloads/1771533632.json', '/tmp/minio_downloads/1771533640.json', '/tmp/minio_downloads/1771533648.json', '/tmp/minio_downloads/1771533656.json', '/tmp/minio_downloads/1771533664.json', '/tmp/minio_downloads/1771533672.json', '/tmp/minio_downloads/1771533680.json', '/tmp/minio_downloads/1771533688.json', '/tmp/minio_downloads/1771533696.json', '/tmp/minio_downloads/1771533704.json', '/tmp/minio_downloads/1771533712.json', '/tmp/minio_downloads/1771533720.json', '/tmp/minio_downloads/1771533728.json', '/tmp/minio_downloads/1771533736.json', '/tmp/minio_downloads/1771533744.json', '/tmp/minio_downloads/1771533753.json', '/tmp/minio_downloads/1771533761.json', '/tmp/minio_downloads/1771533769.json', '/tmp/minio_downloads/1771533778.json', '/tmp/minio_downloads/1771533786.json', '/tmp/minio_downloads/1771533794.json', '/tmp/minio_downloads/1771533803.json', '/tmp/minio_downloads/1771533810.json', '/tmp/minio_downloads/1771533818.json', '/tmp/minio_downloads/1771533826.json', '/tmp/minio_downloads/1771533834.json', '/tmp/minio_downloads/1771533843.json', '/tmp/minio_downloads/1771533851.json', '/tmp/minio_downloads/1771533859.json', '/tmp/minio_downloads/1771533866.json', '/tmp/minio_downloads/1771533874.json', '/tmp/minio_downloads/1771533882.json', '/tmp/minio_downloads/1771533890.json', '/tmp/minio_downloads/1771533898.json', '/tmp/minio_downloads/1771533906.json', '/tmp/minio_downloads/1771533914.json', '/tmp/minio_downloads/1771533922.json', '/tmp/minio_downloads/1771533931.json', '/tmp/minio_downloads/1771533939.json', '/tmp/minio_downloads/1771533947.json', '/tmp/minio_downloads/1771533954.json', '/tmp/minio_downloads/1771533963.json', '/tmp/minio_downloads/1771533970.json', '/tmp/minio_downloads/1771533978.json', '/tmp/minio_downloads/1771533986.json', '/tmp/minio_downloads/1771533994.json', '/tmp/minio_downloads/1771534002.json', '/tmp/minio_downloads/1771534010.json', '/tmp/minio_downloads/1771533416.json', '/tmp/minio_downloads/1771533424.json', '/tmp/minio_downloads/1771533432.json', '/tmp/minio_downloads/1771533440.json', '/tmp/minio_downloads/1771533448.json', '/tmp/minio_downloads/1771533456.json', '/tmp/minio_downloads/1771533464.json', '/tmp/minio_downloads/1771533472.json', '/tmp/minio_downloads/1771533479.json', '/tmp/minio_downloads/1771533488.json', '/tmp/minio_downloads/1771533496.json', '/tmp/minio_downloads/1771533504.json', '/tmp/minio_downloads/1771533511.json', '/tmp/minio_downloads/1771533519.json', '/tmp/minio_downloads/1771533527.json', '/tmp/minio_downloads/1771533535.json', '/tmp/minio_downloads/1771533543.json', '/tmp/minio_downloads/1771533551.json', '/tmp/minio_downloads/1771533559.json', '/tmp/minio_downloads/1771533567.json', '/tmp/minio_downloads/1771533575.json', '/tmp/minio_downloads/1771533583.json', '/tmp/minio_downloads/1771533591.json', '/tmp/minio_downloads/1771533599.json', '/tmp/minio_downloads/1771533607.json', '/tmp/minio_downloads/1771533615.json', '/tmp/minio_downloads/1771533623.json', '/tmp/minio_downloads/1771533631.json', '/tmp/minio_downloads/1771533639.json', '/tmp/minio_downloads/1771533647.json', '/tmp/minio_downloads/1771533655.json', '/tmp/minio_downloads/1771533663.json', '/tmp/minio_downloads/1771533671.json', '/tmp/minio_downloads/1771533679.json', '/tmp/minio_downloads/1771533687.json', '/tmp/minio_downloads/1771533695.json', '/tmp/minio_downloads/1771533703.json', '/tmp/minio_downloads/1771533711.json', '/tmp/minio_downloads/1771533719.json', '/tmp/minio_downloads/1771533727.json', '/tmp/minio_downloads/1771533735.json', '/tmp/minio_downloads/1771533743.json', '/tmp/minio_downloads/1771533752.json', '/tmp/minio_downloads/1771533760.json', '/tmp/minio_downloads/1771533768.json', '/tmp/minio_downloads/1771533777.json', '/tmp/minio_downloads/1771533785.json', '/tmp/minio_downloads/1771533793.json', '/tmp/minio_downloads/1771533801.json', '/tmp/minio_downloads/1771533810.json', '/tmp/minio_downloads/1771533818.json', '/tmp/minio_downloads/1771533826.json', '/tmp/minio_downloads/1771533833.json', '/tmp/minio_downloads/1771533842.json', '/tmp/minio_downloads/1771533850.json', '/tmp/minio_downloads/1771533858.json', '/tmp/minio_downloads/1771533866.json', '/tmp/minio_downloads/1771533873.json', '/tmp/minio_downloads/1771533881.json', '/tmp/minio_downloads/1771533889.json', '/tmp/minio_downloads/1771533897.json', '/tmp/minio_downloads/1771533905.json', '/tmp/minio_downloads/1771533913.json', '/tmp/minio_downloads/1771533922.json', '/tmp/minio_downloads/1771533930.json', '/tmp/minio_downloads/1771533938.json', '/tmp/minio_downloads/1771533946.json', '/tmp/minio_downloads/1771533954.json', '/tmp/minio_downloads/1771533962.json', '/tmp/minio_downloads/1771533970.json', '/tmp/minio_downloads/1771533978.json', '/tmp/minio_downloads/1771533986.json', '/tmp/minio_downloads/1771533993.json', '/tmp/minio_downloads/1771534001.json', '/tmp/minio_downloads/1771534009.json', '/tmp/minio_downloads/1771533417.json', '/tmp/minio_downloads/1771533424.json', '/tmp/minio_downloads/1771533433.json', '/tmp/minio_downloads/1771533440.json', '/tmp/minio_downloads/1771533448.json', '/tmp/minio_downloads/1771533456.json', '/tmp/minio_downloads/1771533464.json', '/tmp/minio_downloads/1771533472.json', '/tmp/minio_downloads/1771533480.json', '/tmp/minio_downloads/1771533488.json', '/tmp/minio_downloads/1771533496.json', '/tmp/minio_downloads/1771533504.json', '/tmp/minio_downloads/1771533512.json', '/tmp/minio_downloads/1771533520.json', '/tmp/minio_downloads/1771533528.json', '/tmp/minio_downloads/1771533536.json', '/tmp/minio_downloads/1771533544.json', '/tmp/minio_downloads/1771533552.json', '/tmp/minio_downloads/1771533560.json', '/tmp/minio_downloads/1771533567.json', '/tmp/minio_downloads/1771533575.json', '/tmp/minio_downloads/1771533583.json', '/tmp/minio_downloads/1771533591.json', '/tmp/minio_downloads/1771533599.json', '/tmp/minio_downloads/1771533607.json', '/tmp/minio_downloads/1771533616.json', '/tmp/minio_downloads/1771533624.json', '/tmp/minio_downloads/1771533632.json', '/tmp/minio_downloads/1771533640.json', '/tmp/minio_downloads/1771533647.json', '/tmp/minio_downloads/1771533655.json', '/tmp/minio_downloads/1771533664.json', '/tmp/minio_downloads/1771533672.json', '/tmp/minio_downloads/1771533680.json', '/tmp/minio_downloads/1771533688.json', '/tmp/minio_downloads/1771533695.json', '/tmp/minio_downloads/1771533703.json', '/tmp/minio_downloads/1771533712.json', '/tmp/minio_downloads/1771533719.json', '/tmp/minio_downloads/1771533727.json', '/tmp/minio_downloads/1771533735.json', '/tmp/minio_downloads/1771533743.json', '/tmp/minio_downloads/1771533752.json', '/tmp/minio_downloads/1771533760.json', '/tmp/minio_downloads/1771533769.json', '/tmp/minio_downloads/1771533778.json', '/tmp/minio_downloads/1771533786.json', '/tmp/minio_downloads/1771533794.json', '/tmp/minio_downloads/1771533802.json', '/tmp/minio_downloads/1771533810.json', '/tmp/minio_downloads/1771533818.json', '/tmp/minio_downloads/1771533826.json', '/tmp/minio_downloads/1771533834.json', '/tmp/minio_downloads/1771533842.json', '/tmp/minio_downloads/1771533850.json', '/tmp/minio_downloads/1771533858.json', '/tmp/minio_downloads/1771533866.json', '/tmp/minio_downloads/1771533874.json', '/tmp/minio_downloads/1771533882.json', '/tmp/minio_downloads/1771533889.json', '/tmp/minio_downloads/1771533897.json', '/tmp/minio_downloads/1771533905.json', '/tmp/minio_downloads/1771533913.json', '/tmp/minio_downloads/1771533922.json', '/tmp/minio_downloads/1771533931.json', '/tmp/minio_downloads/1771533938.json', '/tmp/minio_downloads/1771533946.json', '/tmp/minio_downloads/1771533954.json', '/tmp/minio_downloads/1771533962.json', '/tmp/minio_downloads/1771533970.json', '/tmp/minio_downloads/1771533978.json', '/tmp/minio_downloads/1771533986.json', '/tmp/minio_downloads/1771533994.json', '/tmp/minio_downloads/1771534002.json', '/tmp/minio_downloads/1771534009.json']
[2026-02-19T20:46:55.508+0000] {taskinstance.py:441} INFO - ::group::Post task execution logs
[2026-02-19T20:46:55.532+0000] {taskinstance.py:1206} INFO - Marking task as SUCCESS. dag_id=minio_to_snowflake, task_id=download_minio, run_id=scheduled__2026-02-19T20:45:00+00:00, execution_date=20260219T204500, start_date=20260219T204653, end_date=20260219T204655
[2026-02-19T20:46:55.561+0000] {local_task_job_runner.py:243} INFO - Task exited with return code 0
[2026-02-19T20:46:55.575+0000] {taskinstance.py:3503} INFO - 1 downstream tasks scheduled from follow-on schedule check
[2026-02-19T20:46:55.576+0000] {local_task_job_runner.py:222} INFO - ::endgroup::
