[2026-02-18T11:08:43.563+0000] {processor.py:161} INFO - Started process (PID=33) to work on /opt/airflow/dags/minio_to_snowflak.py
[2026-02-18T11:08:43.564+0000] {processor.py:830} INFO - Processing file /opt/airflow/dags/minio_to_snowflak.py for tasks to queue
[2026-02-18T11:08:43.567+0000] {logging_mixin.py:188} INFO - [2026-02-18T11:08:43.567+0000] {dagbag.py:545} INFO - Filling up the DagBag from /opt/airflow/dags/minio_to_snowflak.py
[2026-02-18T11:08:45.277+0000] {processor.py:840} INFO - DAG(s) 'minio_to_snowflake' retrieved from /opt/airflow/dags/minio_to_snowflak.py
[2026-02-18T11:08:45.507+0000] {logging_mixin.py:188} INFO - [2026-02-18T11:08:45.505+0000] {override.py:1858} INFO - Created Permission View: can read on DAG:minio_to_snowflake
[2026-02-18T11:08:45.514+0000] {logging_mixin.py:188} INFO - [2026-02-18T11:08:45.513+0000] {override.py:1858} INFO - Created Permission View: can edit on DAG:minio_to_snowflake
[2026-02-18T11:08:45.519+0000] {logging_mixin.py:188} INFO - [2026-02-18T11:08:45.518+0000] {override.py:1858} INFO - Created Permission View: can delete on DAG:minio_to_snowflake
[2026-02-18T11:08:45.519+0000] {logging_mixin.py:188} INFO - [2026-02-18T11:08:45.519+0000] {dag.py:3089} INFO - Sync 1 DAGs
[2026-02-18T11:08:45.527+0000] {logging_mixin.py:188} INFO - [2026-02-18T11:08:45.527+0000] {dag.py:3111} INFO - Creating ORM DAG for minio_to_snowflake
[2026-02-18T11:08:45.535+0000] {logging_mixin.py:188} INFO - [2026-02-18T11:08:45.535+0000] {dag.py:3947} INFO - Setting next_dagrun for minio_to_snowflake to 2026-02-18 11:07:00+00:00, run_after=2026-02-18 11:08:00+00:00
[2026-02-18T11:08:45.544+0000] {processor.py:183} INFO - Processing /opt/airflow/dags/minio_to_snowflak.py took 1.987 seconds
[2026-02-18T11:09:15.812+0000] {processor.py:161} INFO - Started process (PID=36) to work on /opt/airflow/dags/minio_to_snowflak.py
[2026-02-18T11:09:15.813+0000] {processor.py:830} INFO - Processing file /opt/airflow/dags/minio_to_snowflak.py for tasks to queue
[2026-02-18T11:09:15.815+0000] {logging_mixin.py:188} INFO - [2026-02-18T11:09:15.815+0000] {dagbag.py:545} INFO - Filling up the DagBag from /opt/airflow/dags/minio_to_snowflak.py
[2026-02-18T11:09:16.219+0000] {processor.py:840} INFO - DAG(s) 'minio_to_snowflake' retrieved from /opt/airflow/dags/minio_to_snowflak.py
[2026-02-18T11:09:16.231+0000] {logging_mixin.py:188} INFO - [2026-02-18T11:09:16.231+0000] {dag.py:3089} INFO - Sync 1 DAGs
[2026-02-18T11:09:16.243+0000] {logging_mixin.py:188} INFO - [2026-02-18T11:09:16.243+0000] {dag.py:3947} INFO - Setting next_dagrun for minio_to_snowflake to 2026-02-18 11:08:00+00:00, run_after=2026-02-18 11:09:00+00:00
[2026-02-18T11:09:16.252+0000] {processor.py:183} INFO - Processing /opt/airflow/dags/minio_to_snowflak.py took 0.448 seconds
[2026-02-18T11:09:46.541+0000] {processor.py:161} INFO - Started process (PID=39) to work on /opt/airflow/dags/minio_to_snowflak.py
[2026-02-18T11:09:46.544+0000] {processor.py:830} INFO - Processing file /opt/airflow/dags/minio_to_snowflak.py for tasks to queue
[2026-02-18T11:09:46.549+0000] {logging_mixin.py:188} INFO - [2026-02-18T11:09:46.549+0000] {dagbag.py:545} INFO - Filling up the DagBag from /opt/airflow/dags/minio_to_snowflak.py
[2026-02-18T11:09:47.092+0000] {processor.py:840} INFO - DAG(s) 'minio_to_snowflake' retrieved from /opt/airflow/dags/minio_to_snowflak.py
[2026-02-18T11:09:47.111+0000] {logging_mixin.py:188} INFO - [2026-02-18T11:09:47.111+0000] {dag.py:3089} INFO - Sync 1 DAGs
[2026-02-18T11:09:47.124+0000] {logging_mixin.py:188} INFO - [2026-02-18T11:09:47.124+0000] {dag.py:3947} INFO - Setting next_dagrun for minio_to_snowflake to 2026-02-18 11:08:00+00:00, run_after=2026-02-18 11:09:00+00:00
[2026-02-18T11:09:47.134+0000] {processor.py:183} INFO - Processing /opt/airflow/dags/minio_to_snowflak.py took 0.608 seconds
[2026-02-18T11:10:17.272+0000] {processor.py:161} INFO - Started process (PID=42) to work on /opt/airflow/dags/minio_to_snowflak.py
[2026-02-18T11:10:17.274+0000] {processor.py:830} INFO - Processing file /opt/airflow/dags/minio_to_snowflak.py for tasks to queue
[2026-02-18T11:10:17.277+0000] {logging_mixin.py:188} INFO - [2026-02-18T11:10:17.276+0000] {dagbag.py:545} INFO - Filling up the DagBag from /opt/airflow/dags/minio_to_snowflak.py
[2026-02-18T11:10:17.668+0000] {processor.py:840} INFO - DAG(s) 'minio_to_snowflake' retrieved from /opt/airflow/dags/minio_to_snowflak.py
[2026-02-18T11:10:17.682+0000] {logging_mixin.py:188} INFO - [2026-02-18T11:10:17.682+0000] {dag.py:3089} INFO - Sync 1 DAGs
[2026-02-18T11:10:17.692+0000] {logging_mixin.py:188} INFO - [2026-02-18T11:10:17.692+0000] {dag.py:3947} INFO - Setting next_dagrun for minio_to_snowflake to 2026-02-18 11:09:00+00:00, run_after=2026-02-18 11:10:00+00:00
[2026-02-18T11:10:17.701+0000] {processor.py:183} INFO - Processing /opt/airflow/dags/minio_to_snowflak.py took 0.439 seconds
[2026-02-18T11:10:47.964+0000] {processor.py:161} INFO - Started process (PID=45) to work on /opt/airflow/dags/minio_to_snowflak.py
[2026-02-18T11:10:47.965+0000] {processor.py:830} INFO - Processing file /opt/airflow/dags/minio_to_snowflak.py for tasks to queue
[2026-02-18T11:10:47.966+0000] {logging_mixin.py:188} INFO - [2026-02-18T11:10:47.966+0000] {dagbag.py:545} INFO - Filling up the DagBag from /opt/airflow/dags/minio_to_snowflak.py
[2026-02-18T11:10:48.305+0000] {processor.py:840} INFO - DAG(s) 'minio_to_snowflake' retrieved from /opt/airflow/dags/minio_to_snowflak.py
[2026-02-18T11:10:48.316+0000] {logging_mixin.py:188} INFO - [2026-02-18T11:10:48.316+0000] {dag.py:3089} INFO - Sync 1 DAGs
[2026-02-18T11:10:48.325+0000] {logging_mixin.py:188} INFO - [2026-02-18T11:10:48.325+0000] {dag.py:3947} INFO - Setting next_dagrun for minio_to_snowflake to 2026-02-18 11:09:00+00:00, run_after=2026-02-18 11:10:00+00:00
[2026-02-18T11:10:48.332+0000] {processor.py:183} INFO - Processing /opt/airflow/dags/minio_to_snowflak.py took 0.372 seconds
[2026-02-18T11:11:18.590+0000] {processor.py:161} INFO - Started process (PID=65) to work on /opt/airflow/dags/minio_to_snowflak.py
[2026-02-18T11:11:18.592+0000] {processor.py:830} INFO - Processing file /opt/airflow/dags/minio_to_snowflak.py for tasks to queue
[2026-02-18T11:11:18.595+0000] {logging_mixin.py:188} INFO - [2026-02-18T11:11:18.595+0000] {dagbag.py:545} INFO - Filling up the DagBag from /opt/airflow/dags/minio_to_snowflak.py
[2026-02-18T11:11:18.972+0000] {processor.py:840} INFO - DAG(s) 'minio_to_snowflake' retrieved from /opt/airflow/dags/minio_to_snowflak.py
[2026-02-18T11:11:18.980+0000] {logging_mixin.py:188} INFO - [2026-02-18T11:11:18.979+0000] {dag.py:3089} INFO - Sync 1 DAGs
[2026-02-18T11:11:18.989+0000] {logging_mixin.py:188} INFO - [2026-02-18T11:11:18.989+0000] {dag.py:3947} INFO - Setting next_dagrun for minio_to_snowflake to 2026-02-18 11:10:00+00:00, run_after=2026-02-18 11:11:00+00:00
[2026-02-18T11:11:18.998+0000] {processor.py:183} INFO - Processing /opt/airflow/dags/minio_to_snowflak.py took 0.422 seconds
[2026-02-18T11:11:49.262+0000] {processor.py:161} INFO - Started process (PID=68) to work on /opt/airflow/dags/minio_to_snowflak.py
[2026-02-18T11:11:49.263+0000] {processor.py:830} INFO - Processing file /opt/airflow/dags/minio_to_snowflak.py for tasks to queue
[2026-02-18T11:11:49.265+0000] {logging_mixin.py:188} INFO - [2026-02-18T11:11:49.264+0000] {dagbag.py:545} INFO - Filling up the DagBag from /opt/airflow/dags/minio_to_snowflak.py
[2026-02-18T11:11:49.650+0000] {processor.py:840} INFO - DAG(s) 'minio_to_snowflake' retrieved from /opt/airflow/dags/minio_to_snowflak.py
[2026-02-18T11:11:49.696+0000] {logging_mixin.py:188} INFO - [2026-02-18T11:11:49.695+0000] {dag.py:3089} INFO - Sync 1 DAGs
[2026-02-18T11:11:49.705+0000] {logging_mixin.py:188} INFO - [2026-02-18T11:11:49.705+0000] {dag.py:3947} INFO - Setting next_dagrun for minio_to_snowflake to 2026-02-18 11:10:00+00:00, run_after=2026-02-18 11:11:00+00:00
[2026-02-18T11:11:49.714+0000] {processor.py:183} INFO - Processing /opt/airflow/dags/minio_to_snowflak.py took 0.459 seconds
[2026-02-18T11:12:19.950+0000] {processor.py:161} INFO - Started process (PID=71) to work on /opt/airflow/dags/minio_to_snowflak.py
[2026-02-18T11:12:19.952+0000] {processor.py:830} INFO - Processing file /opt/airflow/dags/minio_to_snowflak.py for tasks to queue
[2026-02-18T11:12:19.953+0000] {logging_mixin.py:188} INFO - [2026-02-18T11:12:19.953+0000] {dagbag.py:545} INFO - Filling up the DagBag from /opt/airflow/dags/minio_to_snowflak.py
[2026-02-18T11:12:20.343+0000] {processor.py:840} INFO - DAG(s) 'minio_to_snowflake' retrieved from /opt/airflow/dags/minio_to_snowflak.py
[2026-02-18T11:12:20.357+0000] {logging_mixin.py:188} INFO - [2026-02-18T11:12:20.356+0000] {dag.py:3089} INFO - Sync 1 DAGs
[2026-02-18T11:12:20.368+0000] {logging_mixin.py:188} INFO - [2026-02-18T11:12:20.368+0000] {dag.py:3947} INFO - Setting next_dagrun for minio_to_snowflake to 2026-02-18 11:11:00+00:00, run_after=2026-02-18 11:12:00+00:00
[2026-02-18T11:12:20.377+0000] {processor.py:183} INFO - Processing /opt/airflow/dags/minio_to_snowflak.py took 0.435 seconds
[2026-02-18T11:12:50.642+0000] {processor.py:161} INFO - Started process (PID=74) to work on /opt/airflow/dags/minio_to_snowflak.py
[2026-02-18T11:12:50.644+0000] {processor.py:830} INFO - Processing file /opt/airflow/dags/minio_to_snowflak.py for tasks to queue
[2026-02-18T11:12:50.647+0000] {logging_mixin.py:188} INFO - [2026-02-18T11:12:50.646+0000] {dagbag.py:545} INFO - Filling up the DagBag from /opt/airflow/dags/minio_to_snowflak.py
[2026-02-18T11:12:51.007+0000] {processor.py:840} INFO - DAG(s) 'minio_to_snowflake' retrieved from /opt/airflow/dags/minio_to_snowflak.py
[2026-02-18T11:12:51.021+0000] {logging_mixin.py:188} INFO - [2026-02-18T11:12:51.020+0000] {dag.py:3089} INFO - Sync 1 DAGs
[2026-02-18T11:12:51.030+0000] {logging_mixin.py:188} INFO - [2026-02-18T11:12:51.030+0000] {dag.py:3947} INFO - Setting next_dagrun for minio_to_snowflake to 2026-02-18 11:11:00+00:00, run_after=2026-02-18 11:12:00+00:00
[2026-02-18T11:12:51.037+0000] {processor.py:183} INFO - Processing /opt/airflow/dags/minio_to_snowflak.py took 0.404 seconds
[2026-02-18T11:13:21.287+0000] {processor.py:161} INFO - Started process (PID=77) to work on /opt/airflow/dags/minio_to_snowflak.py
[2026-02-18T11:13:21.289+0000] {processor.py:830} INFO - Processing file /opt/airflow/dags/minio_to_snowflak.py for tasks to queue
[2026-02-18T11:13:21.295+0000] {logging_mixin.py:188} INFO - [2026-02-18T11:13:21.294+0000] {dagbag.py:545} INFO - Filling up the DagBag from /opt/airflow/dags/minio_to_snowflak.py
[2026-02-18T11:13:21.873+0000] {processor.py:840} INFO - DAG(s) 'minio_to_snowflake' retrieved from /opt/airflow/dags/minio_to_snowflak.py
[2026-02-18T11:13:21.890+0000] {logging_mixin.py:188} INFO - [2026-02-18T11:13:21.889+0000] {dag.py:3089} INFO - Sync 1 DAGs
[2026-02-18T11:13:21.902+0000] {logging_mixin.py:188} INFO - [2026-02-18T11:13:21.902+0000] {dag.py:3947} INFO - Setting next_dagrun for minio_to_snowflake to 2026-02-18 11:12:00+00:00, run_after=2026-02-18 11:13:00+00:00
[2026-02-18T11:13:21.913+0000] {processor.py:183} INFO - Processing /opt/airflow/dags/minio_to_snowflak.py took 0.638 seconds
[2026-02-18T11:13:52.093+0000] {processor.py:161} INFO - Started process (PID=80) to work on /opt/airflow/dags/minio_to_snowflak.py
[2026-02-18T11:13:52.094+0000] {processor.py:830} INFO - Processing file /opt/airflow/dags/minio_to_snowflak.py for tasks to queue
[2026-02-18T11:13:52.096+0000] {logging_mixin.py:188} INFO - [2026-02-18T11:13:52.096+0000] {dagbag.py:545} INFO - Filling up the DagBag from /opt/airflow/dags/minio_to_snowflak.py
[2026-02-18T11:13:52.472+0000] {processor.py:840} INFO - DAG(s) 'minio_to_snowflake' retrieved from /opt/airflow/dags/minio_to_snowflak.py
[2026-02-18T11:13:52.485+0000] {logging_mixin.py:188} INFO - [2026-02-18T11:13:52.485+0000] {dag.py:3089} INFO - Sync 1 DAGs
[2026-02-18T11:13:52.495+0000] {logging_mixin.py:188} INFO - [2026-02-18T11:13:52.495+0000] {dag.py:3947} INFO - Setting next_dagrun for minio_to_snowflake to 2026-02-18 11:12:00+00:00, run_after=2026-02-18 11:13:00+00:00
[2026-02-18T11:13:52.516+0000] {processor.py:183} INFO - Processing /opt/airflow/dags/minio_to_snowflak.py took 0.428 seconds
[2026-02-18T11:14:22.876+0000] {processor.py:161} INFO - Started process (PID=83) to work on /opt/airflow/dags/minio_to_snowflak.py
[2026-02-18T11:14:22.887+0000] {processor.py:830} INFO - Processing file /opt/airflow/dags/minio_to_snowflak.py for tasks to queue
[2026-02-18T11:14:22.892+0000] {logging_mixin.py:188} INFO - [2026-02-18T11:14:22.891+0000] {dagbag.py:545} INFO - Filling up the DagBag from /opt/airflow/dags/minio_to_snowflak.py
[2026-02-18T11:14:23.432+0000] {processor.py:840} INFO - DAG(s) 'minio_to_snowflake' retrieved from /opt/airflow/dags/minio_to_snowflak.py
[2026-02-18T11:14:23.446+0000] {logging_mixin.py:188} INFO - [2026-02-18T11:14:23.446+0000] {dag.py:3089} INFO - Sync 1 DAGs
[2026-02-18T11:14:23.457+0000] {logging_mixin.py:188} INFO - [2026-02-18T11:14:23.457+0000] {dag.py:3947} INFO - Setting next_dagrun for minio_to_snowflake to 2026-02-18 11:13:00+00:00, run_after=2026-02-18 11:14:00+00:00
[2026-02-18T11:14:23.465+0000] {processor.py:183} INFO - Processing /opt/airflow/dags/minio_to_snowflak.py took 0.601 seconds
[2026-02-18T11:14:53.613+0000] {processor.py:161} INFO - Started process (PID=86) to work on /opt/airflow/dags/minio_to_snowflak.py
[2026-02-18T11:14:53.614+0000] {processor.py:830} INFO - Processing file /opt/airflow/dags/minio_to_snowflak.py for tasks to queue
[2026-02-18T11:14:53.616+0000] {logging_mixin.py:188} INFO - [2026-02-18T11:14:53.616+0000] {dagbag.py:545} INFO - Filling up the DagBag from /opt/airflow/dags/minio_to_snowflak.py
[2026-02-18T11:14:53.973+0000] {processor.py:840} INFO - DAG(s) 'minio_to_snowflake' retrieved from /opt/airflow/dags/minio_to_snowflak.py
[2026-02-18T11:14:53.987+0000] {logging_mixin.py:188} INFO - [2026-02-18T11:14:53.986+0000] {dag.py:3089} INFO - Sync 1 DAGs
[2026-02-18T11:14:53.998+0000] {logging_mixin.py:188} INFO - [2026-02-18T11:14:53.998+0000] {dag.py:3947} INFO - Setting next_dagrun for minio_to_snowflake to 2026-02-18 11:13:00+00:00, run_after=2026-02-18 11:14:00+00:00
[2026-02-18T11:14:54.006+0000] {processor.py:183} INFO - Processing /opt/airflow/dags/minio_to_snowflak.py took 0.398 seconds
[2026-02-18T11:15:24.231+0000] {processor.py:161} INFO - Started process (PID=89) to work on /opt/airflow/dags/minio_to_snowflak.py
[2026-02-18T11:15:24.233+0000] {processor.py:830} INFO - Processing file /opt/airflow/dags/minio_to_snowflak.py for tasks to queue
[2026-02-18T11:15:24.236+0000] {logging_mixin.py:188} INFO - [2026-02-18T11:15:24.235+0000] {dagbag.py:545} INFO - Filling up the DagBag from /opt/airflow/dags/minio_to_snowflak.py
[2026-02-18T11:15:24.601+0000] {processor.py:840} INFO - DAG(s) 'minio_to_snowflake' retrieved from /opt/airflow/dags/minio_to_snowflak.py
[2026-02-18T11:15:24.614+0000] {logging_mixin.py:188} INFO - [2026-02-18T11:15:24.613+0000] {dag.py:3089} INFO - Sync 1 DAGs
[2026-02-18T11:15:24.623+0000] {logging_mixin.py:188} INFO - [2026-02-18T11:15:24.623+0000] {dag.py:3947} INFO - Setting next_dagrun for minio_to_snowflake to 2026-02-18 11:14:00+00:00, run_after=2026-02-18 11:15:00+00:00
[2026-02-18T11:15:24.632+0000] {processor.py:183} INFO - Processing /opt/airflow/dags/minio_to_snowflak.py took 0.407 seconds
[2026-02-18T11:15:54.891+0000] {processor.py:161} INFO - Started process (PID=92) to work on /opt/airflow/dags/minio_to_snowflak.py
[2026-02-18T11:15:54.893+0000] {processor.py:830} INFO - Processing file /opt/airflow/dags/minio_to_snowflak.py for tasks to queue
[2026-02-18T11:15:54.899+0000] {logging_mixin.py:188} INFO - [2026-02-18T11:15:54.898+0000] {dagbag.py:545} INFO - Filling up the DagBag from /opt/airflow/dags/minio_to_snowflak.py
[2026-02-18T11:15:55.416+0000] {processor.py:840} INFO - DAG(s) 'minio_to_snowflake' retrieved from /opt/airflow/dags/minio_to_snowflak.py
[2026-02-18T11:15:55.433+0000] {logging_mixin.py:188} INFO - [2026-02-18T11:15:55.433+0000] {dag.py:3089} INFO - Sync 1 DAGs
[2026-02-18T11:15:55.444+0000] {logging_mixin.py:188} INFO - [2026-02-18T11:15:55.444+0000] {dag.py:3947} INFO - Setting next_dagrun for minio_to_snowflake to 2026-02-18 11:14:00+00:00, run_after=2026-02-18 11:15:00+00:00
[2026-02-18T11:15:55.453+0000] {processor.py:183} INFO - Processing /opt/airflow/dags/minio_to_snowflak.py took 0.575 seconds
[2026-02-18T11:16:25.752+0000] {processor.py:161} INFO - Started process (PID=95) to work on /opt/airflow/dags/minio_to_snowflak.py
[2026-02-18T11:16:25.753+0000] {processor.py:830} INFO - Processing file /opt/airflow/dags/minio_to_snowflak.py for tasks to queue
[2026-02-18T11:16:25.755+0000] {logging_mixin.py:188} INFO - [2026-02-18T11:16:25.755+0000] {dagbag.py:545} INFO - Filling up the DagBag from /opt/airflow/dags/minio_to_snowflak.py
[2026-02-18T11:16:26.211+0000] {processor.py:840} INFO - DAG(s) 'minio_to_snowflake' retrieved from /opt/airflow/dags/minio_to_snowflak.py
[2026-02-18T11:16:26.229+0000] {logging_mixin.py:188} INFO - [2026-02-18T11:16:26.228+0000] {dag.py:3089} INFO - Sync 1 DAGs
[2026-02-18T11:16:26.238+0000] {logging_mixin.py:188} INFO - [2026-02-18T11:16:26.238+0000] {dag.py:3947} INFO - Setting next_dagrun for minio_to_snowflake to 2026-02-18 11:15:00+00:00, run_after=2026-02-18 11:16:00+00:00
[2026-02-18T11:16:26.248+0000] {processor.py:183} INFO - Processing /opt/airflow/dags/minio_to_snowflak.py took 0.503 seconds
[2026-02-18T11:16:56.300+0000] {processor.py:161} INFO - Started process (PID=98) to work on /opt/airflow/dags/minio_to_snowflak.py
[2026-02-18T11:16:56.301+0000] {processor.py:830} INFO - Processing file /opt/airflow/dags/minio_to_snowflak.py for tasks to queue
[2026-02-18T11:16:56.305+0000] {logging_mixin.py:188} INFO - [2026-02-18T11:16:56.304+0000] {dagbag.py:545} INFO - Filling up the DagBag from /opt/airflow/dags/minio_to_snowflak.py
[2026-02-18T11:16:56.843+0000] {processor.py:840} INFO - DAG(s) 'minio_to_snowflake' retrieved from /opt/airflow/dags/minio_to_snowflak.py
[2026-02-18T11:16:56.860+0000] {logging_mixin.py:188} INFO - [2026-02-18T11:16:56.859+0000] {dag.py:3089} INFO - Sync 1 DAGs
[2026-02-18T11:16:56.872+0000] {logging_mixin.py:188} INFO - [2026-02-18T11:16:56.872+0000] {dag.py:3947} INFO - Setting next_dagrun for minio_to_snowflake to 2026-02-18 11:15:00+00:00, run_after=2026-02-18 11:16:00+00:00
[2026-02-18T11:16:56.880+0000] {processor.py:183} INFO - Processing /opt/airflow/dags/minio_to_snowflak.py took 0.589 seconds
[2026-02-18T11:17:27.112+0000] {processor.py:161} INFO - Started process (PID=101) to work on /opt/airflow/dags/minio_to_snowflak.py
[2026-02-18T11:17:27.113+0000] {processor.py:830} INFO - Processing file /opt/airflow/dags/minio_to_snowflak.py for tasks to queue
[2026-02-18T11:17:27.116+0000] {logging_mixin.py:188} INFO - [2026-02-18T11:17:27.115+0000] {dagbag.py:545} INFO - Filling up the DagBag from /opt/airflow/dags/minio_to_snowflak.py
[2026-02-18T11:17:27.568+0000] {processor.py:840} INFO - DAG(s) 'minio_to_snowflake' retrieved from /opt/airflow/dags/minio_to_snowflak.py
[2026-02-18T11:17:27.585+0000] {logging_mixin.py:188} INFO - [2026-02-18T11:17:27.584+0000] {dag.py:3089} INFO - Sync 1 DAGs
[2026-02-18T11:17:27.598+0000] {logging_mixin.py:188} INFO - [2026-02-18T11:17:27.597+0000] {dag.py:3947} INFO - Setting next_dagrun for minio_to_snowflake to 2026-02-18 11:16:00+00:00, run_after=2026-02-18 11:17:00+00:00
[2026-02-18T11:17:27.607+0000] {processor.py:183} INFO - Processing /opt/airflow/dags/minio_to_snowflak.py took 0.503 seconds
[2026-02-18T11:17:57.833+0000] {processor.py:161} INFO - Started process (PID=104) to work on /opt/airflow/dags/minio_to_snowflak.py
[2026-02-18T11:17:57.835+0000] {processor.py:830} INFO - Processing file /opt/airflow/dags/minio_to_snowflak.py for tasks to queue
[2026-02-18T11:17:57.840+0000] {logging_mixin.py:188} INFO - [2026-02-18T11:17:57.839+0000] {dagbag.py:545} INFO - Filling up the DagBag from /opt/airflow/dags/minio_to_snowflak.py
[2026-02-18T11:17:58.301+0000] {processor.py:840} INFO - DAG(s) 'minio_to_snowflake' retrieved from /opt/airflow/dags/minio_to_snowflak.py
[2026-02-18T11:17:58.316+0000] {logging_mixin.py:188} INFO - [2026-02-18T11:17:58.315+0000] {dag.py:3089} INFO - Sync 1 DAGs
[2026-02-18T11:17:58.326+0000] {logging_mixin.py:188} INFO - [2026-02-18T11:17:58.326+0000] {dag.py:3947} INFO - Setting next_dagrun for minio_to_snowflake to 2026-02-18 11:16:00+00:00, run_after=2026-02-18 11:17:00+00:00
[2026-02-18T11:17:58.334+0000] {processor.py:183} INFO - Processing /opt/airflow/dags/minio_to_snowflak.py took 0.512 seconds
[2026-02-18T11:18:11.433+0000] {processor.py:161} INFO - Started process (PID=107) to work on /opt/airflow/dags/minio_to_snowflak.py
[2026-02-18T11:18:11.435+0000] {processor.py:830} INFO - Processing file /opt/airflow/dags/minio_to_snowflak.py for tasks to queue
[2026-02-18T11:18:11.438+0000] {logging_mixin.py:188} INFO - [2026-02-18T11:18:11.437+0000] {dagbag.py:545} INFO - Filling up the DagBag from /opt/airflow/dags/minio_to_snowflak.py
[2026-02-18T11:18:11.819+0000] {processor.py:840} INFO - DAG(s) 'minio_to_snowflake' retrieved from /opt/airflow/dags/minio_to_snowflak.py
[2026-02-18T11:18:11.868+0000] {logging_mixin.py:188} INFO - [2026-02-18T11:18:11.868+0000] {dag.py:3089} INFO - Sync 1 DAGs
[2026-02-18T11:18:11.878+0000] {logging_mixin.py:188} INFO - [2026-02-18T11:18:11.878+0000] {dag.py:3947} INFO - Setting next_dagrun for minio_to_snowflake to 2026-02-18 11:17:00+00:00, run_after=2026-02-18 11:18:00+00:00
[2026-02-18T11:18:11.889+0000] {processor.py:183} INFO - Processing /opt/airflow/dags/minio_to_snowflak.py took 0.463 seconds
[2026-02-18T11:18:42.159+0000] {processor.py:161} INFO - Started process (PID=110) to work on /opt/airflow/dags/minio_to_snowflak.py
[2026-02-18T11:18:42.160+0000] {processor.py:830} INFO - Processing file /opt/airflow/dags/minio_to_snowflak.py for tasks to queue
[2026-02-18T11:18:42.162+0000] {logging_mixin.py:188} INFO - [2026-02-18T11:18:42.162+0000] {dagbag.py:545} INFO - Filling up the DagBag from /opt/airflow/dags/minio_to_snowflak.py
[2026-02-18T11:18:42.590+0000] {processor.py:840} INFO - DAG(s) 'minio_to_snowflake' retrieved from /opt/airflow/dags/minio_to_snowflak.py
[2026-02-18T11:18:42.606+0000] {logging_mixin.py:188} INFO - [2026-02-18T11:18:42.606+0000] {dag.py:3089} INFO - Sync 1 DAGs
[2026-02-18T11:18:42.618+0000] {logging_mixin.py:188} INFO - [2026-02-18T11:18:42.618+0000] {dag.py:3947} INFO - Setting next_dagrun for minio_to_snowflake to 2026-02-18 11:17:00+00:00, run_after=2026-02-18 11:18:00+00:00
[2026-02-18T11:18:42.627+0000] {processor.py:183} INFO - Processing /opt/airflow/dags/minio_to_snowflak.py took 0.482 seconds
[2026-02-18T11:19:12.905+0000] {processor.py:161} INFO - Started process (PID=113) to work on /opt/airflow/dags/minio_to_snowflak.py
[2026-02-18T11:19:12.907+0000] {processor.py:830} INFO - Processing file /opt/airflow/dags/minio_to_snowflak.py for tasks to queue
[2026-02-18T11:19:12.909+0000] {logging_mixin.py:188} INFO - [2026-02-18T11:19:12.908+0000] {dagbag.py:545} INFO - Filling up the DagBag from /opt/airflow/dags/minio_to_snowflak.py
[2026-02-18T11:19:13.367+0000] {processor.py:840} INFO - DAG(s) 'minio_to_snowflake' retrieved from /opt/airflow/dags/minio_to_snowflak.py
[2026-02-18T11:19:13.383+0000] {logging_mixin.py:188} INFO - [2026-02-18T11:19:13.382+0000] {dag.py:3089} INFO - Sync 1 DAGs
[2026-02-18T11:19:13.395+0000] {logging_mixin.py:188} INFO - [2026-02-18T11:19:13.395+0000] {dag.py:3947} INFO - Setting next_dagrun for minio_to_snowflake to 2026-02-18 11:18:00+00:00, run_after=2026-02-18 11:19:00+00:00
[2026-02-18T11:19:13.404+0000] {processor.py:183} INFO - Processing /opt/airflow/dags/minio_to_snowflak.py took 0.508 seconds
[2026-02-18T11:19:43.607+0000] {processor.py:161} INFO - Started process (PID=2142) to work on /opt/airflow/dags/minio_to_snowflak.py
[2026-02-18T11:19:43.609+0000] {processor.py:830} INFO - Processing file /opt/airflow/dags/minio_to_snowflak.py for tasks to queue
[2026-02-18T11:19:43.611+0000] {logging_mixin.py:188} INFO - [2026-02-18T11:19:43.611+0000] {dagbag.py:545} INFO - Filling up the DagBag from /opt/airflow/dags/minio_to_snowflak.py
[2026-02-18T11:19:44.010+0000] {processor.py:840} INFO - DAG(s) 'minio_to_snowflake' retrieved from /opt/airflow/dags/minio_to_snowflak.py
[2026-02-18T11:19:44.022+0000] {logging_mixin.py:188} INFO - [2026-02-18T11:19:44.022+0000] {dag.py:3089} INFO - Sync 1 DAGs
[2026-02-18T11:19:44.037+0000] {logging_mixin.py:188} INFO - [2026-02-18T11:19:44.037+0000] {dag.py:3947} INFO - Setting next_dagrun for minio_to_snowflake to 2026-02-18 11:19:00+00:00, run_after=2026-02-18 11:20:00+00:00
[2026-02-18T11:19:44.045+0000] {processor.py:183} INFO - Processing /opt/airflow/dags/minio_to_snowflak.py took 0.445 seconds
[2026-02-18T11:20:14.220+0000] {processor.py:161} INFO - Started process (PID=4171) to work on /opt/airflow/dags/minio_to_snowflak.py
[2026-02-18T11:20:14.221+0000] {processor.py:830} INFO - Processing file /opt/airflow/dags/minio_to_snowflak.py for tasks to queue
[2026-02-18T11:20:14.222+0000] {logging_mixin.py:188} INFO - [2026-02-18T11:20:14.222+0000] {dagbag.py:545} INFO - Filling up the DagBag from /opt/airflow/dags/minio_to_snowflak.py
[2026-02-18T11:20:14.657+0000] {processor.py:840} INFO - DAG(s) 'minio_to_snowflake' retrieved from /opt/airflow/dags/minio_to_snowflak.py
[2026-02-18T11:20:14.670+0000] {logging_mixin.py:188} INFO - [2026-02-18T11:20:14.669+0000] {dag.py:3089} INFO - Sync 1 DAGs
[2026-02-18T11:20:14.681+0000] {logging_mixin.py:188} INFO - [2026-02-18T11:20:14.681+0000] {dag.py:3947} INFO - Setting next_dagrun for minio_to_snowflake to 2026-02-18 11:20:00+00:00, run_after=2026-02-18 11:21:00+00:00
[2026-02-18T11:20:14.688+0000] {processor.py:183} INFO - Processing /opt/airflow/dags/minio_to_snowflak.py took 0.473 seconds
[2026-02-18T11:20:44.930+0000] {processor.py:161} INFO - Started process (PID=4174) to work on /opt/airflow/dags/minio_to_snowflak.py
[2026-02-18T11:20:44.932+0000] {processor.py:830} INFO - Processing file /opt/airflow/dags/minio_to_snowflak.py for tasks to queue
[2026-02-18T11:20:44.934+0000] {logging_mixin.py:188} INFO - [2026-02-18T11:20:44.934+0000] {dagbag.py:545} INFO - Filling up the DagBag from /opt/airflow/dags/minio_to_snowflak.py
[2026-02-18T11:20:45.447+0000] {processor.py:840} INFO - DAG(s) 'minio_to_snowflake' retrieved from /opt/airflow/dags/minio_to_snowflak.py
[2026-02-18T11:20:45.464+0000] {logging_mixin.py:188} INFO - [2026-02-18T11:20:45.464+0000] {dag.py:3089} INFO - Sync 1 DAGs
[2026-02-18T11:20:45.476+0000] {logging_mixin.py:188} INFO - [2026-02-18T11:20:45.476+0000] {dag.py:3947} INFO - Setting next_dagrun for minio_to_snowflake to 2026-02-18 11:20:00+00:00, run_after=2026-02-18 11:21:00+00:00
[2026-02-18T11:20:45.485+0000] {processor.py:183} INFO - Processing /opt/airflow/dags/minio_to_snowflak.py took 0.564 seconds
[2026-02-18T11:21:15.684+0000] {processor.py:161} INFO - Started process (PID=6203) to work on /opt/airflow/dags/minio_to_snowflak.py
[2026-02-18T11:21:15.685+0000] {processor.py:830} INFO - Processing file /opt/airflow/dags/minio_to_snowflak.py for tasks to queue
[2026-02-18T11:21:15.690+0000] {logging_mixin.py:188} INFO - [2026-02-18T11:21:15.689+0000] {dagbag.py:545} INFO - Filling up the DagBag from /opt/airflow/dags/minio_to_snowflak.py
[2026-02-18T11:21:16.124+0000] {processor.py:840} INFO - DAG(s) 'minio_to_snowflake' retrieved from /opt/airflow/dags/minio_to_snowflak.py
[2026-02-18T11:21:16.136+0000] {logging_mixin.py:188} INFO - [2026-02-18T11:21:16.135+0000] {dag.py:3089} INFO - Sync 1 DAGs
[2026-02-18T11:21:16.146+0000] {logging_mixin.py:188} INFO - [2026-02-18T11:21:16.145+0000] {dag.py:3947} INFO - Setting next_dagrun for minio_to_snowflake to 2026-02-18 11:21:00+00:00, run_after=2026-02-18 11:22:00+00:00
[2026-02-18T11:21:16.153+0000] {processor.py:183} INFO - Processing /opt/airflow/dags/minio_to_snowflak.py took 0.479 seconds
[2026-02-18T11:21:46.379+0000] {processor.py:161} INFO - Started process (PID=6206) to work on /opt/airflow/dags/minio_to_snowflak.py
[2026-02-18T11:21:46.382+0000] {processor.py:830} INFO - Processing file /opt/airflow/dags/minio_to_snowflak.py for tasks to queue
[2026-02-18T11:21:46.385+0000] {logging_mixin.py:188} INFO - [2026-02-18T11:21:46.385+0000] {dagbag.py:545} INFO - Filling up the DagBag from /opt/airflow/dags/minio_to_snowflak.py
[2026-02-18T11:21:46.872+0000] {processor.py:840} INFO - DAG(s) 'minio_to_snowflake' retrieved from /opt/airflow/dags/minio_to_snowflak.py
[2026-02-18T11:21:46.888+0000] {logging_mixin.py:188} INFO - [2026-02-18T11:21:46.888+0000] {dag.py:3089} INFO - Sync 1 DAGs
[2026-02-18T11:21:46.904+0000] {logging_mixin.py:188} INFO - [2026-02-18T11:21:46.904+0000] {dag.py:3947} INFO - Setting next_dagrun for minio_to_snowflake to 2026-02-18 11:21:00+00:00, run_after=2026-02-18 11:22:00+00:00
[2026-02-18T11:21:46.913+0000] {processor.py:183} INFO - Processing /opt/airflow/dags/minio_to_snowflak.py took 0.547 seconds
[2026-02-18T11:22:17.163+0000] {processor.py:161} INFO - Started process (PID=8235) to work on /opt/airflow/dags/minio_to_snowflak.py
[2026-02-18T11:22:17.164+0000] {processor.py:830} INFO - Processing file /opt/airflow/dags/minio_to_snowflak.py for tasks to queue
[2026-02-18T11:22:17.168+0000] {logging_mixin.py:188} INFO - [2026-02-18T11:22:17.167+0000] {dagbag.py:545} INFO - Filling up the DagBag from /opt/airflow/dags/minio_to_snowflak.py
[2026-02-18T11:22:17.557+0000] {processor.py:840} INFO - DAG(s) 'minio_to_snowflake' retrieved from /opt/airflow/dags/minio_to_snowflak.py
[2026-02-18T11:22:17.572+0000] {logging_mixin.py:188} INFO - [2026-02-18T11:22:17.571+0000] {dag.py:3089} INFO - Sync 1 DAGs
[2026-02-18T11:22:17.584+0000] {logging_mixin.py:188} INFO - [2026-02-18T11:22:17.584+0000] {dag.py:3947} INFO - Setting next_dagrun for minio_to_snowflake to 2026-02-18 11:22:00+00:00, run_after=2026-02-18 11:23:00+00:00
[2026-02-18T11:22:17.592+0000] {processor.py:183} INFO - Processing /opt/airflow/dags/minio_to_snowflak.py took 0.438 seconds
[2026-02-18T11:22:47.882+0000] {processor.py:161} INFO - Started process (PID=8238) to work on /opt/airflow/dags/minio_to_snowflak.py
[2026-02-18T11:22:47.883+0000] {processor.py:830} INFO - Processing file /opt/airflow/dags/minio_to_snowflak.py for tasks to queue
[2026-02-18T11:22:47.885+0000] {logging_mixin.py:188} INFO - [2026-02-18T11:22:47.884+0000] {dagbag.py:545} INFO - Filling up the DagBag from /opt/airflow/dags/minio_to_snowflak.py
[2026-02-18T11:22:48.287+0000] {processor.py:840} INFO - DAG(s) 'minio_to_snowflake' retrieved from /opt/airflow/dags/minio_to_snowflak.py
[2026-02-18T11:22:48.299+0000] {logging_mixin.py:188} INFO - [2026-02-18T11:22:48.299+0000] {dag.py:3089} INFO - Sync 1 DAGs
[2026-02-18T11:22:48.308+0000] {logging_mixin.py:188} INFO - [2026-02-18T11:22:48.308+0000] {dag.py:3947} INFO - Setting next_dagrun for minio_to_snowflake to 2026-02-18 11:22:00+00:00, run_after=2026-02-18 11:23:00+00:00
[2026-02-18T11:22:48.315+0000] {processor.py:183} INFO - Processing /opt/airflow/dags/minio_to_snowflak.py took 0.438 seconds
[2026-02-18T11:23:18.555+0000] {processor.py:161} INFO - Started process (PID=10267) to work on /opt/airflow/dags/minio_to_snowflak.py
[2026-02-18T11:23:18.557+0000] {processor.py:830} INFO - Processing file /opt/airflow/dags/minio_to_snowflak.py for tasks to queue
[2026-02-18T11:23:18.561+0000] {logging_mixin.py:188} INFO - [2026-02-18T11:23:18.561+0000] {dagbag.py:545} INFO - Filling up the DagBag from /opt/airflow/dags/minio_to_snowflak.py
[2026-02-18T11:23:19.005+0000] {processor.py:840} INFO - DAG(s) 'minio_to_snowflake' retrieved from /opt/airflow/dags/minio_to_snowflak.py
[2026-02-18T11:23:19.019+0000] {logging_mixin.py:188} INFO - [2026-02-18T11:23:19.019+0000] {dag.py:3089} INFO - Sync 1 DAGs
[2026-02-18T11:23:19.029+0000] {logging_mixin.py:188} INFO - [2026-02-18T11:23:19.029+0000] {dag.py:3947} INFO - Setting next_dagrun for minio_to_snowflake to 2026-02-18 11:23:00+00:00, run_after=2026-02-18 11:24:00+00:00
[2026-02-18T11:23:19.037+0000] {processor.py:183} INFO - Processing /opt/airflow/dags/minio_to_snowflak.py took 0.493 seconds
[2026-02-18T11:23:49.295+0000] {processor.py:161} INFO - Started process (PID=10270) to work on /opt/airflow/dags/minio_to_snowflak.py
[2026-02-18T11:23:49.297+0000] {processor.py:830} INFO - Processing file /opt/airflow/dags/minio_to_snowflak.py for tasks to queue
[2026-02-18T11:23:49.300+0000] {logging_mixin.py:188} INFO - [2026-02-18T11:23:49.299+0000] {dagbag.py:545} INFO - Filling up the DagBag from /opt/airflow/dags/minio_to_snowflak.py
[2026-02-18T11:23:49.815+0000] {processor.py:840} INFO - DAG(s) 'minio_to_snowflake' retrieved from /opt/airflow/dags/minio_to_snowflak.py
[2026-02-18T11:23:49.836+0000] {logging_mixin.py:188} INFO - [2026-02-18T11:23:49.835+0000] {dag.py:3089} INFO - Sync 1 DAGs
[2026-02-18T11:23:49.850+0000] {logging_mixin.py:188} INFO - [2026-02-18T11:23:49.850+0000] {dag.py:3947} INFO - Setting next_dagrun for minio_to_snowflake to 2026-02-18 11:23:00+00:00, run_after=2026-02-18 11:24:00+00:00
[2026-02-18T11:23:49.861+0000] {processor.py:183} INFO - Processing /opt/airflow/dags/minio_to_snowflak.py took 0.574 seconds
[2026-02-18T11:24:20.088+0000] {processor.py:161} INFO - Started process (PID=12299) to work on /opt/airflow/dags/minio_to_snowflak.py
[2026-02-18T11:24:20.092+0000] {processor.py:830} INFO - Processing file /opt/airflow/dags/minio_to_snowflak.py for tasks to queue
[2026-02-18T11:24:20.097+0000] {logging_mixin.py:188} INFO - [2026-02-18T11:24:20.096+0000] {dagbag.py:545} INFO - Filling up the DagBag from /opt/airflow/dags/minio_to_snowflak.py
[2026-02-18T11:24:20.604+0000] {processor.py:840} INFO - DAG(s) 'minio_to_snowflake' retrieved from /opt/airflow/dags/minio_to_snowflak.py
[2026-02-18T11:24:20.620+0000] {logging_mixin.py:188} INFO - [2026-02-18T11:24:20.619+0000] {dag.py:3089} INFO - Sync 1 DAGs
[2026-02-18T11:24:20.631+0000] {logging_mixin.py:188} INFO - [2026-02-18T11:24:20.631+0000] {dag.py:3947} INFO - Setting next_dagrun for minio_to_snowflake to 2026-02-18 11:24:00+00:00, run_after=2026-02-18 11:25:00+00:00
[2026-02-18T11:24:20.640+0000] {processor.py:183} INFO - Processing /opt/airflow/dags/minio_to_snowflak.py took 0.573 seconds
[2026-02-18T11:24:50.862+0000] {processor.py:161} INFO - Started process (PID=12315) to work on /opt/airflow/dags/minio_to_snowflak.py
[2026-02-18T11:24:50.863+0000] {processor.py:830} INFO - Processing file /opt/airflow/dags/minio_to_snowflak.py for tasks to queue
[2026-02-18T11:24:50.864+0000] {logging_mixin.py:188} INFO - [2026-02-18T11:24:50.864+0000] {dagbag.py:545} INFO - Filling up the DagBag from /opt/airflow/dags/minio_to_snowflak.py
[2026-02-18T11:24:51.289+0000] {processor.py:840} INFO - DAG(s) 'minio_to_snowflake' retrieved from /opt/airflow/dags/minio_to_snowflak.py
[2026-02-18T11:24:51.304+0000] {logging_mixin.py:188} INFO - [2026-02-18T11:24:51.304+0000] {dag.py:3089} INFO - Sync 1 DAGs
[2026-02-18T11:24:51.316+0000] {logging_mixin.py:188} INFO - [2026-02-18T11:24:51.316+0000] {dag.py:3947} INFO - Setting next_dagrun for minio_to_snowflake to 2026-02-18 11:24:00+00:00, run_after=2026-02-18 11:25:00+00:00
[2026-02-18T11:24:51.325+0000] {processor.py:183} INFO - Processing /opt/airflow/dags/minio_to_snowflak.py took 0.472 seconds
[2026-02-18T11:25:21.472+0000] {processor.py:161} INFO - Started process (PID=14357) to work on /opt/airflow/dags/minio_to_snowflak.py
[2026-02-18T11:25:21.475+0000] {processor.py:830} INFO - Processing file /opt/airflow/dags/minio_to_snowflak.py for tasks to queue
[2026-02-18T11:25:21.480+0000] {logging_mixin.py:188} INFO - [2026-02-18T11:25:21.479+0000] {dagbag.py:545} INFO - Filling up the DagBag from /opt/airflow/dags/minio_to_snowflak.py
[2026-02-18T11:25:21.895+0000] {processor.py:840} INFO - DAG(s) 'minio_to_snowflake' retrieved from /opt/airflow/dags/minio_to_snowflak.py
[2026-02-18T11:25:21.909+0000] {logging_mixin.py:188} INFO - [2026-02-18T11:25:21.908+0000] {dag.py:3089} INFO - Sync 1 DAGs
[2026-02-18T11:25:21.918+0000] {logging_mixin.py:188} INFO - [2026-02-18T11:25:21.918+0000] {dag.py:3947} INFO - Setting next_dagrun for minio_to_snowflake to 2026-02-18 11:25:00+00:00, run_after=2026-02-18 11:26:00+00:00
[2026-02-18T11:25:21.925+0000] {processor.py:183} INFO - Processing /opt/airflow/dags/minio_to_snowflak.py took 0.464 seconds
[2026-02-18T11:25:52.144+0000] {processor.py:161} INFO - Started process (PID=14360) to work on /opt/airflow/dags/minio_to_snowflak.py
[2026-02-18T11:25:52.147+0000] {processor.py:830} INFO - Processing file /opt/airflow/dags/minio_to_snowflak.py for tasks to queue
[2026-02-18T11:25:52.153+0000] {logging_mixin.py:188} INFO - [2026-02-18T11:25:52.152+0000] {dagbag.py:545} INFO - Filling up the DagBag from /opt/airflow/dags/minio_to_snowflak.py
[2026-02-18T11:25:52.763+0000] {processor.py:840} INFO - DAG(s) 'minio_to_snowflake' retrieved from /opt/airflow/dags/minio_to_snowflak.py
[2026-02-18T11:25:52.791+0000] {logging_mixin.py:188} INFO - [2026-02-18T11:25:52.790+0000] {dag.py:3089} INFO - Sync 1 DAGs
[2026-02-18T11:25:52.805+0000] {logging_mixin.py:188} INFO - [2026-02-18T11:25:52.805+0000] {dag.py:3947} INFO - Setting next_dagrun for minio_to_snowflake to 2026-02-18 11:25:00+00:00, run_after=2026-02-18 11:26:00+00:00
[2026-02-18T11:25:52.817+0000] {processor.py:183} INFO - Processing /opt/airflow/dags/minio_to_snowflak.py took 0.690 seconds
[2026-02-18T11:26:23.040+0000] {processor.py:161} INFO - Started process (PID=16402) to work on /opt/airflow/dags/minio_to_snowflak.py
[2026-02-18T11:26:23.042+0000] {processor.py:830} INFO - Processing file /opt/airflow/dags/minio_to_snowflak.py for tasks to queue
[2026-02-18T11:26:23.044+0000] {logging_mixin.py:188} INFO - [2026-02-18T11:26:23.043+0000] {dagbag.py:545} INFO - Filling up the DagBag from /opt/airflow/dags/minio_to_snowflak.py
[2026-02-18T11:26:23.422+0000] {processor.py:840} INFO - DAG(s) 'minio_to_snowflake' retrieved from /opt/airflow/dags/minio_to_snowflak.py
[2026-02-18T11:26:23.434+0000] {logging_mixin.py:188} INFO - [2026-02-18T11:26:23.434+0000] {dag.py:3089} INFO - Sync 1 DAGs
[2026-02-18T11:26:23.447+0000] {logging_mixin.py:188} INFO - [2026-02-18T11:26:23.446+0000] {dag.py:3947} INFO - Setting next_dagrun for minio_to_snowflake to 2026-02-18 11:26:00+00:00, run_after=2026-02-18 11:27:00+00:00
[2026-02-18T11:26:23.456+0000] {processor.py:183} INFO - Processing /opt/airflow/dags/minio_to_snowflak.py took 0.419 seconds
[2026-02-18T11:26:53.737+0000] {processor.py:161} INFO - Started process (PID=16405) to work on /opt/airflow/dags/minio_to_snowflak.py
[2026-02-18T11:26:53.739+0000] {processor.py:830} INFO - Processing file /opt/airflow/dags/minio_to_snowflak.py for tasks to queue
[2026-02-18T11:26:53.744+0000] {logging_mixin.py:188} INFO - [2026-02-18T11:26:53.743+0000] {dagbag.py:545} INFO - Filling up the DagBag from /opt/airflow/dags/minio_to_snowflak.py
[2026-02-18T11:26:54.370+0000] {processor.py:840} INFO - DAG(s) 'minio_to_snowflake' retrieved from /opt/airflow/dags/minio_to_snowflak.py
[2026-02-18T11:26:54.396+0000] {logging_mixin.py:188} INFO - [2026-02-18T11:26:54.395+0000] {dag.py:3089} INFO - Sync 1 DAGs
[2026-02-18T11:26:54.410+0000] {logging_mixin.py:188} INFO - [2026-02-18T11:26:54.410+0000] {dag.py:3947} INFO - Setting next_dagrun for minio_to_snowflake to 2026-02-18 11:26:00+00:00, run_after=2026-02-18 11:27:00+00:00
[2026-02-18T11:26:54.421+0000] {processor.py:183} INFO - Processing /opt/airflow/dags/minio_to_snowflak.py took 0.694 seconds
[2026-02-18T11:27:24.651+0000] {processor.py:161} INFO - Started process (PID=18447) to work on /opt/airflow/dags/minio_to_snowflak.py
[2026-02-18T11:27:24.654+0000] {processor.py:830} INFO - Processing file /opt/airflow/dags/minio_to_snowflak.py for tasks to queue
[2026-02-18T11:27:24.659+0000] {logging_mixin.py:188} INFO - [2026-02-18T11:27:24.658+0000] {dagbag.py:545} INFO - Filling up the DagBag from /opt/airflow/dags/minio_to_snowflak.py
[2026-02-18T11:27:25.133+0000] {processor.py:840} INFO - DAG(s) 'minio_to_snowflake' retrieved from /opt/airflow/dags/minio_to_snowflak.py
[2026-02-18T11:27:25.146+0000] {logging_mixin.py:188} INFO - [2026-02-18T11:27:25.146+0000] {dag.py:3089} INFO - Sync 1 DAGs
[2026-02-18T11:27:25.155+0000] {logging_mixin.py:188} INFO - [2026-02-18T11:27:25.155+0000] {dag.py:3947} INFO - Setting next_dagrun for minio_to_snowflake to 2026-02-18 11:27:00+00:00, run_after=2026-02-18 11:28:00+00:00
[2026-02-18T11:27:25.163+0000] {processor.py:183} INFO - Processing /opt/airflow/dags/minio_to_snowflak.py took 0.523 seconds
[2026-02-18T11:27:55.411+0000] {processor.py:161} INFO - Started process (PID=18450) to work on /opt/airflow/dags/minio_to_snowflak.py
[2026-02-18T11:27:55.416+0000] {processor.py:830} INFO - Processing file /opt/airflow/dags/minio_to_snowflak.py for tasks to queue
[2026-02-18T11:27:55.425+0000] {logging_mixin.py:188} INFO - [2026-02-18T11:27:55.424+0000] {dagbag.py:545} INFO - Filling up the DagBag from /opt/airflow/dags/minio_to_snowflak.py
[2026-02-18T11:27:56.049+0000] {processor.py:840} INFO - DAG(s) 'minio_to_snowflake' retrieved from /opt/airflow/dags/minio_to_snowflak.py
[2026-02-18T11:27:56.068+0000] {logging_mixin.py:188} INFO - [2026-02-18T11:27:56.068+0000] {dag.py:3089} INFO - Sync 1 DAGs
[2026-02-18T11:27:56.082+0000] {logging_mixin.py:188} INFO - [2026-02-18T11:27:56.082+0000] {dag.py:3947} INFO - Setting next_dagrun for minio_to_snowflake to 2026-02-18 11:27:00+00:00, run_after=2026-02-18 11:28:00+00:00
[2026-02-18T11:27:56.092+0000] {processor.py:183} INFO - Processing /opt/airflow/dags/minio_to_snowflak.py took 0.701 seconds
[2026-02-18T11:28:26.185+0000] {processor.py:161} INFO - Started process (PID=20492) to work on /opt/airflow/dags/minio_to_snowflak.py
[2026-02-18T11:28:26.189+0000] {processor.py:830} INFO - Processing file /opt/airflow/dags/minio_to_snowflak.py for tasks to queue
[2026-02-18T11:28:26.194+0000] {logging_mixin.py:188} INFO - [2026-02-18T11:28:26.193+0000] {dagbag.py:545} INFO - Filling up the DagBag from /opt/airflow/dags/minio_to_snowflak.py
[2026-02-18T11:28:26.675+0000] {processor.py:840} INFO - DAG(s) 'minio_to_snowflake' retrieved from /opt/airflow/dags/minio_to_snowflak.py
[2026-02-18T11:28:26.690+0000] {logging_mixin.py:188} INFO - [2026-02-18T11:28:26.690+0000] {dag.py:3089} INFO - Sync 1 DAGs
[2026-02-18T11:28:26.701+0000] {logging_mixin.py:188} INFO - [2026-02-18T11:28:26.701+0000] {dag.py:3947} INFO - Setting next_dagrun for minio_to_snowflake to 2026-02-18 11:28:00+00:00, run_after=2026-02-18 11:29:00+00:00
[2026-02-18T11:28:26.710+0000] {processor.py:183} INFO - Processing /opt/airflow/dags/minio_to_snowflak.py took 0.541 seconds
[2026-02-18T11:28:56.972+0000] {processor.py:161} INFO - Started process (PID=20495) to work on /opt/airflow/dags/minio_to_snowflak.py
[2026-02-18T11:28:56.975+0000] {processor.py:830} INFO - Processing file /opt/airflow/dags/minio_to_snowflak.py for tasks to queue
[2026-02-18T11:28:56.980+0000] {logging_mixin.py:188} INFO - [2026-02-18T11:28:56.979+0000] {dagbag.py:545} INFO - Filling up the DagBag from /opt/airflow/dags/minio_to_snowflak.py
[2026-02-18T11:28:57.536+0000] {processor.py:840} INFO - DAG(s) 'minio_to_snowflake' retrieved from /opt/airflow/dags/minio_to_snowflak.py
[2026-02-18T11:28:57.550+0000] {logging_mixin.py:188} INFO - [2026-02-18T11:28:57.550+0000] {dag.py:3089} INFO - Sync 1 DAGs
[2026-02-18T11:28:57.565+0000] {logging_mixin.py:188} INFO - [2026-02-18T11:28:57.565+0000] {dag.py:3947} INFO - Setting next_dagrun for minio_to_snowflake to 2026-02-18 11:28:00+00:00, run_after=2026-02-18 11:29:00+00:00
[2026-02-18T11:28:57.574+0000] {processor.py:183} INFO - Processing /opt/airflow/dags/minio_to_snowflak.py took 0.616 seconds
[2026-02-18T11:29:27.896+0000] {processor.py:161} INFO - Started process (PID=22537) to work on /opt/airflow/dags/minio_to_snowflak.py
[2026-02-18T11:29:27.898+0000] {processor.py:830} INFO - Processing file /opt/airflow/dags/minio_to_snowflak.py for tasks to queue
[2026-02-18T11:29:27.901+0000] {logging_mixin.py:188} INFO - [2026-02-18T11:29:27.901+0000] {dagbag.py:545} INFO - Filling up the DagBag from /opt/airflow/dags/minio_to_snowflak.py
[2026-02-18T11:29:28.451+0000] {processor.py:840} INFO - DAG(s) 'minio_to_snowflake' retrieved from /opt/airflow/dags/minio_to_snowflak.py
[2026-02-18T11:29:28.474+0000] {logging_mixin.py:188} INFO - [2026-02-18T11:29:28.474+0000] {dag.py:3089} INFO - Sync 1 DAGs
[2026-02-18T11:29:28.489+0000] {logging_mixin.py:188} INFO - [2026-02-18T11:29:28.489+0000] {dag.py:3947} INFO - Setting next_dagrun for minio_to_snowflake to 2026-02-18 11:29:00+00:00, run_after=2026-02-18 11:30:00+00:00
[2026-02-18T11:29:28.502+0000] {processor.py:183} INFO - Processing /opt/airflow/dags/minio_to_snowflak.py took 0.614 seconds
[2026-02-18T11:29:58.772+0000] {processor.py:161} INFO - Started process (PID=22540) to work on /opt/airflow/dags/minio_to_snowflak.py
[2026-02-18T11:29:58.775+0000] {processor.py:830} INFO - Processing file /opt/airflow/dags/minio_to_snowflak.py for tasks to queue
[2026-02-18T11:29:58.779+0000] {logging_mixin.py:188} INFO - [2026-02-18T11:29:58.778+0000] {dagbag.py:545} INFO - Filling up the DagBag from /opt/airflow/dags/minio_to_snowflak.py
[2026-02-18T11:29:59.360+0000] {processor.py:840} INFO - DAG(s) 'minio_to_snowflake' retrieved from /opt/airflow/dags/minio_to_snowflak.py
[2026-02-18T11:29:59.379+0000] {logging_mixin.py:188} INFO - [2026-02-18T11:29:59.377+0000] {dag.py:3089} INFO - Sync 1 DAGs
[2026-02-18T11:29:59.394+0000] {logging_mixin.py:188} INFO - [2026-02-18T11:29:59.393+0000] {dag.py:3947} INFO - Setting next_dagrun for minio_to_snowflake to 2026-02-18 11:29:00+00:00, run_after=2026-02-18 11:30:00+00:00
[2026-02-18T11:29:59.403+0000] {processor.py:183} INFO - Processing /opt/airflow/dags/minio_to_snowflak.py took 0.651 seconds
[2026-02-18T11:30:29.610+0000] {processor.py:161} INFO - Started process (PID=24582) to work on /opt/airflow/dags/minio_to_snowflak.py
[2026-02-18T11:30:29.612+0000] {processor.py:830} INFO - Processing file /opt/airflow/dags/minio_to_snowflak.py for tasks to queue
[2026-02-18T11:30:29.615+0000] {logging_mixin.py:188} INFO - [2026-02-18T11:30:29.615+0000] {dagbag.py:545} INFO - Filling up the DagBag from /opt/airflow/dags/minio_to_snowflak.py
[2026-02-18T11:30:30.045+0000] {processor.py:840} INFO - DAG(s) 'minio_to_snowflake' retrieved from /opt/airflow/dags/minio_to_snowflak.py
[2026-02-18T11:30:30.059+0000] {logging_mixin.py:188} INFO - [2026-02-18T11:30:30.058+0000] {dag.py:3089} INFO - Sync 1 DAGs
[2026-02-18T11:30:30.070+0000] {logging_mixin.py:188} INFO - [2026-02-18T11:30:30.070+0000] {dag.py:3947} INFO - Setting next_dagrun for minio_to_snowflake to 2026-02-18 11:30:00+00:00, run_after=2026-02-18 11:31:00+00:00
[2026-02-18T11:30:30.078+0000] {processor.py:183} INFO - Processing /opt/airflow/dags/minio_to_snowflak.py took 0.477 seconds
[2026-02-18T11:31:00.323+0000] {processor.py:161} INFO - Started process (PID=24586) to work on /opt/airflow/dags/minio_to_snowflak.py
[2026-02-18T11:31:00.324+0000] {processor.py:830} INFO - Processing file /opt/airflow/dags/minio_to_snowflak.py for tasks to queue
[2026-02-18T11:31:00.326+0000] {logging_mixin.py:188} INFO - [2026-02-18T11:31:00.326+0000] {dagbag.py:545} INFO - Filling up the DagBag from /opt/airflow/dags/minio_to_snowflak.py
[2026-02-18T11:31:00.856+0000] {processor.py:840} INFO - DAG(s) 'minio_to_snowflake' retrieved from /opt/airflow/dags/minio_to_snowflak.py
[2026-02-18T11:31:00.873+0000] {logging_mixin.py:188} INFO - [2026-02-18T11:31:00.873+0000] {dag.py:3089} INFO - Sync 1 DAGs
[2026-02-18T11:31:00.884+0000] {logging_mixin.py:188} INFO - [2026-02-18T11:31:00.884+0000] {dag.py:3947} INFO - Setting next_dagrun for minio_to_snowflake to 2026-02-18 11:31:00+00:00, run_after=2026-02-18 11:32:00+00:00
[2026-02-18T11:31:00.895+0000] {processor.py:183} INFO - Processing /opt/airflow/dags/minio_to_snowflak.py took 0.579 seconds
[2026-02-18T11:31:31.060+0000] {processor.py:161} INFO - Started process (PID=26627) to work on /opt/airflow/dags/minio_to_snowflak.py
[2026-02-18T11:31:31.061+0000] {processor.py:830} INFO - Processing file /opt/airflow/dags/minio_to_snowflak.py for tasks to queue
[2026-02-18T11:31:31.062+0000] {logging_mixin.py:188} INFO - [2026-02-18T11:31:31.062+0000] {dagbag.py:545} INFO - Filling up the DagBag from /opt/airflow/dags/minio_to_snowflak.py
[2026-02-18T11:31:31.415+0000] {processor.py:840} INFO - DAG(s) 'minio_to_snowflake' retrieved from /opt/airflow/dags/minio_to_snowflak.py
[2026-02-18T11:31:31.427+0000] {logging_mixin.py:188} INFO - [2026-02-18T11:31:31.427+0000] {dag.py:3089} INFO - Sync 1 DAGs
[2026-02-18T11:31:31.437+0000] {logging_mixin.py:188} INFO - [2026-02-18T11:31:31.437+0000] {dag.py:3947} INFO - Setting next_dagrun for minio_to_snowflake to 2026-02-18 11:31:00+00:00, run_after=2026-02-18 11:32:00+00:00
[2026-02-18T11:31:31.445+0000] {processor.py:183} INFO - Processing /opt/airflow/dags/minio_to_snowflak.py took 0.389 seconds
[2026-02-18T11:32:01.689+0000] {processor.py:161} INFO - Started process (PID=26631) to work on /opt/airflow/dags/minio_to_snowflak.py
[2026-02-18T11:32:01.690+0000] {processor.py:830} INFO - Processing file /opt/airflow/dags/minio_to_snowflak.py for tasks to queue
[2026-02-18T11:32:01.693+0000] {logging_mixin.py:188} INFO - [2026-02-18T11:32:01.693+0000] {dagbag.py:545} INFO - Filling up the DagBag from /opt/airflow/dags/minio_to_snowflak.py
[2026-02-18T11:32:02.205+0000] {processor.py:840} INFO - DAG(s) 'minio_to_snowflake' retrieved from /opt/airflow/dags/minio_to_snowflak.py
[2026-02-18T11:32:02.221+0000] {logging_mixin.py:188} INFO - [2026-02-18T11:32:02.221+0000] {dag.py:3089} INFO - Sync 1 DAGs
[2026-02-18T11:32:02.234+0000] {logging_mixin.py:188} INFO - [2026-02-18T11:32:02.233+0000] {dag.py:3947} INFO - Setting next_dagrun for minio_to_snowflake to 2026-02-18 11:32:00+00:00, run_after=2026-02-18 11:33:00+00:00
[2026-02-18T11:32:02.242+0000] {processor.py:183} INFO - Processing /opt/airflow/dags/minio_to_snowflak.py took 0.559 seconds
[2026-02-18T11:32:32.426+0000] {processor.py:161} INFO - Started process (PID=28672) to work on /opt/airflow/dags/minio_to_snowflak.py
[2026-02-18T11:32:32.427+0000] {processor.py:830} INFO - Processing file /opt/airflow/dags/minio_to_snowflak.py for tasks to queue
[2026-02-18T11:32:32.428+0000] {logging_mixin.py:188} INFO - [2026-02-18T11:32:32.428+0000] {dagbag.py:545} INFO - Filling up the DagBag from /opt/airflow/dags/minio_to_snowflak.py
[2026-02-18T11:32:32.808+0000] {processor.py:840} INFO - DAG(s) 'minio_to_snowflake' retrieved from /opt/airflow/dags/minio_to_snowflak.py
[2026-02-18T11:32:32.821+0000] {logging_mixin.py:188} INFO - [2026-02-18T11:32:32.821+0000] {dag.py:3089} INFO - Sync 1 DAGs
[2026-02-18T11:32:32.832+0000] {logging_mixin.py:188} INFO - [2026-02-18T11:32:32.832+0000] {dag.py:3947} INFO - Setting next_dagrun for minio_to_snowflake to 2026-02-18 11:32:00+00:00, run_after=2026-02-18 11:33:00+00:00
[2026-02-18T11:32:32.840+0000] {processor.py:183} INFO - Processing /opt/airflow/dags/minio_to_snowflak.py took 0.417 seconds
[2026-02-18T11:33:03.070+0000] {processor.py:161} INFO - Started process (PID=28998) to work on /opt/airflow/dags/minio_to_snowflak.py
[2026-02-18T11:33:03.071+0000] {processor.py:830} INFO - Processing file /opt/airflow/dags/minio_to_snowflak.py for tasks to queue
[2026-02-18T11:33:03.074+0000] {logging_mixin.py:188} INFO - [2026-02-18T11:33:03.074+0000] {dagbag.py:545} INFO - Filling up the DagBag from /opt/airflow/dags/minio_to_snowflak.py
[2026-02-18T11:33:03.620+0000] {processor.py:840} INFO - DAG(s) 'minio_to_snowflake' retrieved from /opt/airflow/dags/minio_to_snowflak.py
[2026-02-18T11:33:03.652+0000] {logging_mixin.py:188} INFO - [2026-02-18T11:33:03.648+0000] {dag.py:3089} INFO - Sync 1 DAGs
[2026-02-18T11:33:03.672+0000] {logging_mixin.py:188} INFO - [2026-02-18T11:33:03.672+0000] {dag.py:3947} INFO - Setting next_dagrun for minio_to_snowflake to 2026-02-18 11:33:00+00:00, run_after=2026-02-18 11:34:00+00:00
[2026-02-18T11:33:03.685+0000] {processor.py:183} INFO - Processing /opt/airflow/dags/minio_to_snowflak.py took 0.623 seconds
[2026-02-18T11:33:33.929+0000] {processor.py:161} INFO - Started process (PID=30717) to work on /opt/airflow/dags/minio_to_snowflak.py
[2026-02-18T11:33:33.931+0000] {processor.py:830} INFO - Processing file /opt/airflow/dags/minio_to_snowflak.py for tasks to queue
[2026-02-18T11:33:33.937+0000] {logging_mixin.py:188} INFO - [2026-02-18T11:33:33.936+0000] {dagbag.py:545} INFO - Filling up the DagBag from /opt/airflow/dags/minio_to_snowflak.py
[2026-02-18T11:33:34.486+0000] {processor.py:840} INFO - DAG(s) 'minio_to_snowflake' retrieved from /opt/airflow/dags/minio_to_snowflak.py
[2026-02-18T11:33:34.507+0000] {logging_mixin.py:188} INFO - [2026-02-18T11:33:34.506+0000] {dag.py:3089} INFO - Sync 1 DAGs
[2026-02-18T11:33:34.518+0000] {logging_mixin.py:188} INFO - [2026-02-18T11:33:34.518+0000] {dag.py:3947} INFO - Setting next_dagrun for minio_to_snowflake to 2026-02-18 11:33:00+00:00, run_after=2026-02-18 11:34:00+00:00
[2026-02-18T11:33:34.527+0000] {processor.py:183} INFO - Processing /opt/airflow/dags/minio_to_snowflak.py took 0.610 seconds
[2026-02-18T11:34:04.758+0000] {processor.py:161} INFO - Started process (PID=31889) to work on /opt/airflow/dags/minio_to_snowflak.py
[2026-02-18T11:34:04.759+0000] {processor.py:830} INFO - Processing file /opt/airflow/dags/minio_to_snowflak.py for tasks to queue
[2026-02-18T11:34:04.761+0000] {logging_mixin.py:188} INFO - [2026-02-18T11:34:04.761+0000] {dagbag.py:545} INFO - Filling up the DagBag from /opt/airflow/dags/minio_to_snowflak.py
[2026-02-18T11:34:05.257+0000] {processor.py:840} INFO - DAG(s) 'minio_to_snowflake' retrieved from /opt/airflow/dags/minio_to_snowflak.py
[2026-02-18T11:34:05.272+0000] {logging_mixin.py:188} INFO - [2026-02-18T11:34:05.271+0000] {dag.py:3089} INFO - Sync 1 DAGs
[2026-02-18T11:34:05.284+0000] {logging_mixin.py:188} INFO - [2026-02-18T11:34:05.283+0000] {dag.py:3947} INFO - Setting next_dagrun for minio_to_snowflake to 2026-02-18 11:34:00+00:00, run_after=2026-02-18 11:35:00+00:00
[2026-02-18T11:34:05.305+0000] {processor.py:183} INFO - Processing /opt/airflow/dags/minio_to_snowflak.py took 0.554 seconds
[2026-02-18T11:34:35.572+0000] {processor.py:161} INFO - Started process (PID=32762) to work on /opt/airflow/dags/minio_to_snowflak.py
[2026-02-18T11:34:35.575+0000] {processor.py:830} INFO - Processing file /opt/airflow/dags/minio_to_snowflak.py for tasks to queue
[2026-02-18T11:34:35.578+0000] {logging_mixin.py:188} INFO - [2026-02-18T11:34:35.577+0000] {dagbag.py:545} INFO - Filling up the DagBag from /opt/airflow/dags/minio_to_snowflak.py
[2026-02-18T11:34:36.143+0000] {processor.py:840} INFO - DAG(s) 'minio_to_snowflake' retrieved from /opt/airflow/dags/minio_to_snowflak.py
[2026-02-18T11:34:36.159+0000] {logging_mixin.py:188} INFO - [2026-02-18T11:34:36.159+0000] {dag.py:3089} INFO - Sync 1 DAGs
[2026-02-18T11:34:36.170+0000] {logging_mixin.py:188} INFO - [2026-02-18T11:34:36.170+0000] {dag.py:3947} INFO - Setting next_dagrun for minio_to_snowflake to 2026-02-18 11:34:00+00:00, run_after=2026-02-18 11:35:00+00:00
[2026-02-18T11:34:36.188+0000] {processor.py:183} INFO - Processing /opt/airflow/dags/minio_to_snowflak.py took 0.626 seconds
[2026-02-18T11:35:06.351+0000] {processor.py:161} INFO - Started process (PID=34778) to work on /opt/airflow/dags/minio_to_snowflak.py
[2026-02-18T11:35:06.351+0000] {processor.py:830} INFO - Processing file /opt/airflow/dags/minio_to_snowflak.py for tasks to queue
[2026-02-18T11:35:06.352+0000] {logging_mixin.py:188} INFO - [2026-02-18T11:35:06.352+0000] {dagbag.py:545} INFO - Filling up the DagBag from /opt/airflow/dags/minio_to_snowflak.py
[2026-02-18T11:35:06.761+0000] {processor.py:840} INFO - DAG(s) 'minio_to_snowflake' retrieved from /opt/airflow/dags/minio_to_snowflak.py
[2026-02-18T11:35:06.773+0000] {logging_mixin.py:188} INFO - [2026-02-18T11:35:06.772+0000] {dag.py:3089} INFO - Sync 1 DAGs
[2026-02-18T11:35:06.783+0000] {logging_mixin.py:188} INFO - [2026-02-18T11:35:06.783+0000] {dag.py:3947} INFO - Setting next_dagrun for minio_to_snowflake to 2026-02-18 11:35:00+00:00, run_after=2026-02-18 11:36:00+00:00
[2026-02-18T11:35:06.792+0000] {processor.py:183} INFO - Processing /opt/airflow/dags/minio_to_snowflak.py took 0.445 seconds
[2026-02-18T11:35:37.064+0000] {processor.py:161} INFO - Started process (PID=34807) to work on /opt/airflow/dags/minio_to_snowflak.py
[2026-02-18T11:35:37.065+0000] {processor.py:830} INFO - Processing file /opt/airflow/dags/minio_to_snowflak.py for tasks to queue
[2026-02-18T11:35:37.067+0000] {logging_mixin.py:188} INFO - [2026-02-18T11:35:37.066+0000] {dagbag.py:545} INFO - Filling up the DagBag from /opt/airflow/dags/minio_to_snowflak.py
[2026-02-18T11:35:37.442+0000] {processor.py:840} INFO - DAG(s) 'minio_to_snowflake' retrieved from /opt/airflow/dags/minio_to_snowflak.py
[2026-02-18T11:35:37.454+0000] {logging_mixin.py:188} INFO - [2026-02-18T11:35:37.454+0000] {dag.py:3089} INFO - Sync 1 DAGs
[2026-02-18T11:35:37.464+0000] {logging_mixin.py:188} INFO - [2026-02-18T11:35:37.464+0000] {dag.py:3947} INFO - Setting next_dagrun for minio_to_snowflake to 2026-02-18 11:35:00+00:00, run_after=2026-02-18 11:36:00+00:00
[2026-02-18T11:35:37.471+0000] {processor.py:183} INFO - Processing /opt/airflow/dags/minio_to_snowflak.py took 0.414 seconds
[2026-02-18T11:36:07.669+0000] {processor.py:161} INFO - Started process (PID=36836) to work on /opt/airflow/dags/minio_to_snowflak.py
[2026-02-18T11:36:07.670+0000] {processor.py:830} INFO - Processing file /opt/airflow/dags/minio_to_snowflak.py for tasks to queue
[2026-02-18T11:36:07.672+0000] {logging_mixin.py:188} INFO - [2026-02-18T11:36:07.672+0000] {dagbag.py:545} INFO - Filling up the DagBag from /opt/airflow/dags/minio_to_snowflak.py
[2026-02-18T11:36:08.033+0000] {processor.py:840} INFO - DAG(s) 'minio_to_snowflake' retrieved from /opt/airflow/dags/minio_to_snowflak.py
[2026-02-18T11:36:08.046+0000] {logging_mixin.py:188} INFO - [2026-02-18T11:36:08.046+0000] {dag.py:3089} INFO - Sync 1 DAGs
[2026-02-18T11:36:08.056+0000] {logging_mixin.py:188} INFO - [2026-02-18T11:36:08.056+0000] {dag.py:3947} INFO - Setting next_dagrun for minio_to_snowflake to 2026-02-18 11:36:00+00:00, run_after=2026-02-18 11:37:00+00:00
[2026-02-18T11:36:08.064+0000] {processor.py:183} INFO - Processing /opt/airflow/dags/minio_to_snowflak.py took 0.399 seconds
