[2026-02-19T20:48:23.201+0000] {local_task_job_runner.py:120} INFO - ::group::Pre task execution logs
[2026-02-19T20:48:23.219+0000] {taskinstance.py:2076} INFO - Dependencies all met for dep_context=non-requeueable deps ti=<TaskInstance: minio_to_snowflake.download_minio scheduled__2026-02-19T20:47:00+00:00 [queued]>
[2026-02-19T20:48:23.223+0000] {taskinstance.py:2076} INFO - Dependencies all met for dep_context=requeueable deps ti=<TaskInstance: minio_to_snowflake.download_minio scheduled__2026-02-19T20:47:00+00:00 [queued]>
[2026-02-19T20:48:23.223+0000] {taskinstance.py:2306} INFO - Starting attempt 1 of 2
[2026-02-19T20:48:23.231+0000] {taskinstance.py:2330} INFO - Executing <Task(PythonOperator): download_minio> on 2026-02-19 20:47:00+00:00
[2026-02-19T20:48:23.241+0000] {standard_task_runner.py:90} INFO - Running: ['***', 'tasks', 'run', 'minio_to_snowflake', 'download_minio', 'scheduled__2026-02-19T20:47:00+00:00', '--job-id', '164', '--raw', '--subdir', 'DAGS_FOLDER/minio_to_snowflake.py', '--cfg-path', '/tmp/tmpst0gmtnd']
[2026-02-19T20:48:23.245+0000] {standard_task_runner.py:91} INFO - Job 164: Subtask download_minio
[2026-02-19T20:48:23.244+0000] {logging_mixin.py:188} WARNING - /home/***/.local/lib/python3.12/site-packages/***/task/task_runner/standard_task_runner.py:62 DeprecationWarning: This process (pid=26169) is multi-threaded, use of fork() may lead to deadlocks in the child.
[2026-02-19T20:48:23.247+0000] {standard_task_runner.py:64} INFO - Started process 26181 to run task
[2026-02-19T20:48:23.297+0000] {task_command.py:426} INFO - Running <TaskInstance: minio_to_snowflake.download_minio scheduled__2026-02-19T20:47:00+00:00 [running]> on host 0c2666b81705
[2026-02-19T20:48:23.350+0000] {taskinstance.py:2648} INFO - Exporting env vars: AIRFLOW_CTX_DAG_OWNER='***' AIRFLOW_CTX_DAG_ID='minio_to_snowflake' AIRFLOW_CTX_TASK_ID='download_minio' AIRFLOW_CTX_EXECUTION_DATE='2026-02-19T20:47:00+00:00' AIRFLOW_CTX_TRY_NUMBER='1' AIRFLOW_CTX_DAG_RUN_ID='scheduled__2026-02-19T20:47:00+00:00'
[2026-02-19T20:48:23.350+0000] {taskinstance.py:430} INFO - ::endgroup::
[2026-02-19T20:48:23.576+0000] {logging_mixin.py:188} INFO - Downloaded AAPL/1771533416.json -> /tmp/minio_downloads/1771533416.json
[2026-02-19T20:48:23.580+0000] {logging_mixin.py:188} INFO - Downloaded AAPL/1771533424.json -> /tmp/minio_downloads/1771533424.json
[2026-02-19T20:48:23.583+0000] {logging_mixin.py:188} INFO - Downloaded AAPL/1771533432.json -> /tmp/minio_downloads/1771533432.json
[2026-02-19T20:48:23.586+0000] {logging_mixin.py:188} INFO - Downloaded AAPL/1771533440.json -> /tmp/minio_downloads/1771533440.json
[2026-02-19T20:48:23.589+0000] {logging_mixin.py:188} INFO - Downloaded AAPL/1771533447.json -> /tmp/minio_downloads/1771533447.json
[2026-02-19T20:48:23.594+0000] {logging_mixin.py:188} INFO - Downloaded AAPL/1771533455.json -> /tmp/minio_downloads/1771533455.json
[2026-02-19T20:48:23.597+0000] {logging_mixin.py:188} INFO - Downloaded AAPL/1771533463.json -> /tmp/minio_downloads/1771533463.json
[2026-02-19T20:48:23.600+0000] {logging_mixin.py:188} INFO - Downloaded AAPL/1771533471.json -> /tmp/minio_downloads/1771533471.json
[2026-02-19T20:48:23.603+0000] {logging_mixin.py:188} INFO - Downloaded AAPL/1771533479.json -> /tmp/minio_downloads/1771533479.json
[2026-02-19T20:48:23.606+0000] {logging_mixin.py:188} INFO - Downloaded AAPL/1771533487.json -> /tmp/minio_downloads/1771533487.json
[2026-02-19T20:48:23.610+0000] {logging_mixin.py:188} INFO - Downloaded AAPL/1771533495.json -> /tmp/minio_downloads/1771533495.json
[2026-02-19T20:48:23.613+0000] {logging_mixin.py:188} INFO - Downloaded AAPL/1771533503.json -> /tmp/minio_downloads/1771533503.json
[2026-02-19T20:48:23.616+0000] {logging_mixin.py:188} INFO - Downloaded AAPL/1771533511.json -> /tmp/minio_downloads/1771533511.json
[2026-02-19T20:48:23.619+0000] {logging_mixin.py:188} INFO - Downloaded AAPL/1771533519.json -> /tmp/minio_downloads/1771533519.json
[2026-02-19T20:48:23.623+0000] {logging_mixin.py:188} INFO - Downloaded AAPL/1771533527.json -> /tmp/minio_downloads/1771533527.json
[2026-02-19T20:48:23.628+0000] {logging_mixin.py:188} INFO - Downloaded AAPL/1771533535.json -> /tmp/minio_downloads/1771533535.json
[2026-02-19T20:48:23.631+0000] {logging_mixin.py:188} INFO - Downloaded AAPL/1771533543.json -> /tmp/minio_downloads/1771533543.json
[2026-02-19T20:48:23.635+0000] {logging_mixin.py:188} INFO - Downloaded AAPL/1771533551.json -> /tmp/minio_downloads/1771533551.json
[2026-02-19T20:48:23.638+0000] {logging_mixin.py:188} INFO - Downloaded AAPL/1771533559.json -> /tmp/minio_downloads/1771533559.json
[2026-02-19T20:48:23.641+0000] {logging_mixin.py:188} INFO - Downloaded AAPL/1771533567.json -> /tmp/minio_downloads/1771533567.json
[2026-02-19T20:48:23.645+0000] {logging_mixin.py:188} INFO - Downloaded AAPL/1771533574.json -> /tmp/minio_downloads/1771533574.json
[2026-02-19T20:48:23.648+0000] {logging_mixin.py:188} INFO - Downloaded AAPL/1771533582.json -> /tmp/minio_downloads/1771533582.json
[2026-02-19T20:48:23.651+0000] {logging_mixin.py:188} INFO - Downloaded AAPL/1771533590.json -> /tmp/minio_downloads/1771533590.json
[2026-02-19T20:48:23.654+0000] {logging_mixin.py:188} INFO - Downloaded AAPL/1771533598.json -> /tmp/minio_downloads/1771533598.json
[2026-02-19T20:48:23.657+0000] {logging_mixin.py:188} INFO - Downloaded AAPL/1771533606.json -> /tmp/minio_downloads/1771533606.json
[2026-02-19T20:48:23.660+0000] {logging_mixin.py:188} INFO - Downloaded AAPL/1771533615.json -> /tmp/minio_downloads/1771533615.json
[2026-02-19T20:48:23.664+0000] {logging_mixin.py:188} INFO - Downloaded AAPL/1771533623.json -> /tmp/minio_downloads/1771533623.json
[2026-02-19T20:48:23.667+0000] {logging_mixin.py:188} INFO - Downloaded AAPL/1771533631.json -> /tmp/minio_downloads/1771533631.json
[2026-02-19T20:48:23.670+0000] {logging_mixin.py:188} INFO - Downloaded AAPL/1771533639.json -> /tmp/minio_downloads/1771533639.json
[2026-02-19T20:48:23.674+0000] {logging_mixin.py:188} INFO - Downloaded AAPL/1771533647.json -> /tmp/minio_downloads/1771533647.json
[2026-02-19T20:48:23.677+0000] {logging_mixin.py:188} INFO - Downloaded AAPL/1771533655.json -> /tmp/minio_downloads/1771533655.json
[2026-02-19T20:48:23.680+0000] {logging_mixin.py:188} INFO - Downloaded AAPL/1771533663.json -> /tmp/minio_downloads/1771533663.json
[2026-02-19T20:48:23.683+0000] {logging_mixin.py:188} INFO - Downloaded AAPL/1771533671.json -> /tmp/minio_downloads/1771533671.json
[2026-02-19T20:48:23.687+0000] {logging_mixin.py:188} INFO - Downloaded AAPL/1771533679.json -> /tmp/minio_downloads/1771533679.json
[2026-02-19T20:48:23.690+0000] {logging_mixin.py:188} INFO - Downloaded AAPL/1771533687.json -> /tmp/minio_downloads/1771533687.json
[2026-02-19T20:48:23.693+0000] {logging_mixin.py:188} INFO - Downloaded AAPL/1771533695.json -> /tmp/minio_downloads/1771533695.json
[2026-02-19T20:48:23.696+0000] {logging_mixin.py:188} INFO - Downloaded AAPL/1771533703.json -> /tmp/minio_downloads/1771533703.json
[2026-02-19T20:48:23.699+0000] {logging_mixin.py:188} INFO - Downloaded AAPL/1771533711.json -> /tmp/minio_downloads/1771533711.json
[2026-02-19T20:48:23.702+0000] {logging_mixin.py:188} INFO - Downloaded AAPL/1771533719.json -> /tmp/minio_downloads/1771533719.json
[2026-02-19T20:48:23.705+0000] {logging_mixin.py:188} INFO - Downloaded AAPL/1771533727.json -> /tmp/minio_downloads/1771533727.json
[2026-02-19T20:48:23.708+0000] {logging_mixin.py:188} INFO - Downloaded AAPL/1771533734.json -> /tmp/minio_downloads/1771533734.json
[2026-02-19T20:48:23.711+0000] {logging_mixin.py:188} INFO - Downloaded AAPL/1771533743.json -> /tmp/minio_downloads/1771533743.json
[2026-02-19T20:48:23.714+0000] {logging_mixin.py:188} INFO - Downloaded AAPL/1771533751.json -> /tmp/minio_downloads/1771533751.json
[2026-02-19T20:48:23.717+0000] {logging_mixin.py:188} INFO - Downloaded AAPL/1771533760.json -> /tmp/minio_downloads/1771533760.json
[2026-02-19T20:48:23.720+0000] {logging_mixin.py:188} INFO - Downloaded AAPL/1771533768.json -> /tmp/minio_downloads/1771533768.json
[2026-02-19T20:48:23.723+0000] {logging_mixin.py:188} INFO - Downloaded AAPL/1771533777.json -> /tmp/minio_downloads/1771533777.json
[2026-02-19T20:48:23.726+0000] {logging_mixin.py:188} INFO - Downloaded AAPL/1771533785.json -> /tmp/minio_downloads/1771533785.json
[2026-02-19T20:48:23.729+0000] {logging_mixin.py:188} INFO - Downloaded AAPL/1771533793.json -> /tmp/minio_downloads/1771533793.json
[2026-02-19T20:48:23.731+0000] {logging_mixin.py:188} INFO - Downloaded AAPL/1771533801.json -> /tmp/minio_downloads/1771533801.json
[2026-02-19T20:48:23.735+0000] {logging_mixin.py:188} INFO - Downloaded AAPL/1771533809.json -> /tmp/minio_downloads/1771533809.json
[2026-02-19T20:48:23.738+0000] {logging_mixin.py:188} INFO - Downloaded AAPL/1771533817.json -> /tmp/minio_downloads/1771533817.json
[2026-02-19T20:48:23.741+0000] {logging_mixin.py:188} INFO - Downloaded AAPL/1771533825.json -> /tmp/minio_downloads/1771533825.json
[2026-02-19T20:48:23.744+0000] {logging_mixin.py:188} INFO - Downloaded AAPL/1771533833.json -> /tmp/minio_downloads/1771533833.json
[2026-02-19T20:48:23.747+0000] {logging_mixin.py:188} INFO - Downloaded AAPL/1771533841.json -> /tmp/minio_downloads/1771533841.json
[2026-02-19T20:48:23.750+0000] {logging_mixin.py:188} INFO - Downloaded AAPL/1771533849.json -> /tmp/minio_downloads/1771533849.json
[2026-02-19T20:48:23.754+0000] {logging_mixin.py:188} INFO - Downloaded AAPL/1771533857.json -> /tmp/minio_downloads/1771533857.json
[2026-02-19T20:48:23.758+0000] {logging_mixin.py:188} INFO - Downloaded AAPL/1771533865.json -> /tmp/minio_downloads/1771533865.json
[2026-02-19T20:48:23.762+0000] {logging_mixin.py:188} INFO - Downloaded AAPL/1771533873.json -> /tmp/minio_downloads/1771533873.json
[2026-02-19T20:48:23.766+0000] {logging_mixin.py:188} INFO - Downloaded AAPL/1771533881.json -> /tmp/minio_downloads/1771533881.json
[2026-02-19T20:48:23.769+0000] {logging_mixin.py:188} INFO - Downloaded AAPL/1771533889.json -> /tmp/minio_downloads/1771533889.json
[2026-02-19T20:48:23.772+0000] {logging_mixin.py:188} INFO - Downloaded AAPL/1771533897.json -> /tmp/minio_downloads/1771533897.json
[2026-02-19T20:48:23.775+0000] {logging_mixin.py:188} INFO - Downloaded AAPL/1771533904.json -> /tmp/minio_downloads/1771533904.json
[2026-02-19T20:48:23.778+0000] {logging_mixin.py:188} INFO - Downloaded AAPL/1771533912.json -> /tmp/minio_downloads/1771533912.json
[2026-02-19T20:48:23.782+0000] {logging_mixin.py:188} INFO - Downloaded AAPL/1771533920.json -> /tmp/minio_downloads/1771533920.json
[2026-02-19T20:48:23.786+0000] {logging_mixin.py:188} INFO - Downloaded AAPL/1771533930.json -> /tmp/minio_downloads/1771533930.json
[2026-02-19T20:48:23.789+0000] {logging_mixin.py:188} INFO - Downloaded AAPL/1771533938.json -> /tmp/minio_downloads/1771533938.json
[2026-02-19T20:48:23.793+0000] {logging_mixin.py:188} INFO - Downloaded AAPL/1771533946.json -> /tmp/minio_downloads/1771533946.json
[2026-02-19T20:48:23.796+0000] {logging_mixin.py:188} INFO - Downloaded AAPL/1771533953.json -> /tmp/minio_downloads/1771533953.json
[2026-02-19T20:48:23.799+0000] {logging_mixin.py:188} INFO - Downloaded AAPL/1771533961.json -> /tmp/minio_downloads/1771533961.json
[2026-02-19T20:48:23.803+0000] {logging_mixin.py:188} INFO - Downloaded AAPL/1771533969.json -> /tmp/minio_downloads/1771533969.json
[2026-02-19T20:48:23.806+0000] {logging_mixin.py:188} INFO - Downloaded AAPL/1771533977.json -> /tmp/minio_downloads/1771533977.json
[2026-02-19T20:48:23.809+0000] {logging_mixin.py:188} INFO - Downloaded AAPL/1771533985.json -> /tmp/minio_downloads/1771533985.json
[2026-02-19T20:48:23.812+0000] {logging_mixin.py:188} INFO - Downloaded AAPL/1771533993.json -> /tmp/minio_downloads/1771533993.json
[2026-02-19T20:48:23.815+0000] {logging_mixin.py:188} INFO - Downloaded AAPL/1771534001.json -> /tmp/minio_downloads/1771534001.json
[2026-02-19T20:48:23.818+0000] {logging_mixin.py:188} INFO - Downloaded AAPL/1771534009.json -> /tmp/minio_downloads/1771534009.json
[2026-02-19T20:48:23.821+0000] {logging_mixin.py:188} INFO - Downloaded AAPL/1771534016.json -> /tmp/minio_downloads/1771534016.json
[2026-02-19T20:48:23.825+0000] {logging_mixin.py:188} INFO - Downloaded AAPL/1771534024.json -> /tmp/minio_downloads/1771534024.json
[2026-02-19T20:48:23.829+0000] {logging_mixin.py:188} INFO - Downloaded AAPL/1771534032.json -> /tmp/minio_downloads/1771534032.json
[2026-02-19T20:48:23.832+0000] {logging_mixin.py:188} INFO - Downloaded AAPL/1771534040.json -> /tmp/minio_downloads/1771534040.json
[2026-02-19T20:48:23.835+0000] {logging_mixin.py:188} INFO - Downloaded AAPL/1771534048.json -> /tmp/minio_downloads/1771534048.json
[2026-02-19T20:48:23.837+0000] {logging_mixin.py:188} INFO - Downloaded AAPL/1771534056.json -> /tmp/minio_downloads/1771534056.json
[2026-02-19T20:48:23.840+0000] {logging_mixin.py:188} INFO - Downloaded AAPL/1771534064.json -> /tmp/minio_downloads/1771534064.json
[2026-02-19T20:48:23.844+0000] {logging_mixin.py:188} INFO - Downloaded AAPL/1771534071.json -> /tmp/minio_downloads/1771534071.json
[2026-02-19T20:48:23.846+0000] {logging_mixin.py:188} INFO - Downloaded AAPL/1771534079.json -> /tmp/minio_downloads/1771534079.json
[2026-02-19T20:48:23.849+0000] {logging_mixin.py:188} INFO - Downloaded AAPL/1771534087.json -> /tmp/minio_downloads/1771534087.json
[2026-02-19T20:48:23.853+0000] {logging_mixin.py:188} INFO - Downloaded AAPL/1771534095.json -> /tmp/minio_downloads/1771534095.json
[2026-02-19T20:48:23.855+0000] {logging_mixin.py:188} INFO - Downloaded AAPL/1771534103.json -> /tmp/minio_downloads/1771534103.json
[2026-02-19T20:48:23.858+0000] {logging_mixin.py:188} INFO - Downloaded AMZN/1771533417.json -> /tmp/minio_downloads/1771533417.json
[2026-02-19T20:48:23.861+0000] {logging_mixin.py:188} INFO - Downloaded AMZN/1771533425.json -> /tmp/minio_downloads/1771533425.json
[2026-02-19T20:48:23.864+0000] {logging_mixin.py:188} INFO - Downloaded AMZN/1771533433.json -> /tmp/minio_downloads/1771533433.json
[2026-02-19T20:48:23.868+0000] {logging_mixin.py:188} INFO - Downloaded AMZN/1771533441.json -> /tmp/minio_downloads/1771533441.json
[2026-02-19T20:48:23.871+0000] {logging_mixin.py:188} INFO - Downloaded AMZN/1771533449.json -> /tmp/minio_downloads/1771533449.json
[2026-02-19T20:48:23.874+0000] {logging_mixin.py:188} INFO - Downloaded AMZN/1771533457.json -> /tmp/minio_downloads/1771533457.json
[2026-02-19T20:48:23.877+0000] {logging_mixin.py:188} INFO - Downloaded AMZN/1771533465.json -> /tmp/minio_downloads/1771533465.json
[2026-02-19T20:48:23.880+0000] {logging_mixin.py:188} INFO - Downloaded AMZN/1771533473.json -> /tmp/minio_downloads/1771533473.json
[2026-02-19T20:48:23.883+0000] {logging_mixin.py:188} INFO - Downloaded AMZN/1771533481.json -> /tmp/minio_downloads/1771533481.json
[2026-02-19T20:48:23.886+0000] {logging_mixin.py:188} INFO - Downloaded AMZN/1771533489.json -> /tmp/minio_downloads/1771533489.json
[2026-02-19T20:48:23.889+0000] {logging_mixin.py:188} INFO - Downloaded AMZN/1771533497.json -> /tmp/minio_downloads/1771533497.json
[2026-02-19T20:48:23.892+0000] {logging_mixin.py:188} INFO - Downloaded AMZN/1771533505.json -> /tmp/minio_downloads/1771533505.json
[2026-02-19T20:48:23.895+0000] {logging_mixin.py:188} INFO - Downloaded AMZN/1771533513.json -> /tmp/minio_downloads/1771533513.json
[2026-02-19T20:48:23.898+0000] {logging_mixin.py:188} INFO - Downloaded AMZN/1771533520.json -> /tmp/minio_downloads/1771533520.json
[2026-02-19T20:48:23.901+0000] {logging_mixin.py:188} INFO - Downloaded AMZN/1771533529.json -> /tmp/minio_downloads/1771533529.json
[2026-02-19T20:48:23.905+0000] {logging_mixin.py:188} INFO - Downloaded AMZN/1771533536.json -> /tmp/minio_downloads/1771533536.json
[2026-02-19T20:48:23.908+0000] {logging_mixin.py:188} INFO - Downloaded AMZN/1771533545.json -> /tmp/minio_downloads/1771533545.json
[2026-02-19T20:48:23.911+0000] {logging_mixin.py:188} INFO - Downloaded AMZN/1771533552.json -> /tmp/minio_downloads/1771533552.json
[2026-02-19T20:48:23.915+0000] {logging_mixin.py:188} INFO - Downloaded AMZN/1771533560.json -> /tmp/minio_downloads/1771533560.json
[2026-02-19T20:48:23.918+0000] {logging_mixin.py:188} INFO - Downloaded AMZN/1771533568.json -> /tmp/minio_downloads/1771533568.json
[2026-02-19T20:48:23.921+0000] {logging_mixin.py:188} INFO - Downloaded AMZN/1771533576.json -> /tmp/minio_downloads/1771533576.json
[2026-02-19T20:48:23.925+0000] {logging_mixin.py:188} INFO - Downloaded AMZN/1771533584.json -> /tmp/minio_downloads/1771533584.json
[2026-02-19T20:48:23.928+0000] {logging_mixin.py:188} INFO - Downloaded AMZN/1771533592.json -> /tmp/minio_downloads/1771533592.json
[2026-02-19T20:48:23.931+0000] {logging_mixin.py:188} INFO - Downloaded AMZN/1771533600.json -> /tmp/minio_downloads/1771533600.json
[2026-02-19T20:48:23.934+0000] {logging_mixin.py:188} INFO - Downloaded AMZN/1771533608.json -> /tmp/minio_downloads/1771533608.json
[2026-02-19T20:48:23.937+0000] {logging_mixin.py:188} INFO - Downloaded AMZN/1771533617.json -> /tmp/minio_downloads/1771533617.json
[2026-02-19T20:48:23.940+0000] {logging_mixin.py:188} INFO - Downloaded AMZN/1771533624.json -> /tmp/minio_downloads/1771533624.json
[2026-02-19T20:48:23.942+0000] {logging_mixin.py:188} INFO - Downloaded AMZN/1771533632.json -> /tmp/minio_downloads/1771533632.json
[2026-02-19T20:48:23.945+0000] {logging_mixin.py:188} INFO - Downloaded AMZN/1771533640.json -> /tmp/minio_downloads/1771533640.json
[2026-02-19T20:48:23.949+0000] {logging_mixin.py:188} INFO - Downloaded AMZN/1771533648.json -> /tmp/minio_downloads/1771533648.json
[2026-02-19T20:48:23.952+0000] {logging_mixin.py:188} INFO - Downloaded AMZN/1771533656.json -> /tmp/minio_downloads/1771533656.json
[2026-02-19T20:48:23.955+0000] {logging_mixin.py:188} INFO - Downloaded AMZN/1771533665.json -> /tmp/minio_downloads/1771533665.json
[2026-02-19T20:48:23.957+0000] {logging_mixin.py:188} INFO - Downloaded AMZN/1771533672.json -> /tmp/minio_downloads/1771533672.json
[2026-02-19T20:48:23.960+0000] {logging_mixin.py:188} INFO - Downloaded AMZN/1771533680.json -> /tmp/minio_downloads/1771533680.json
[2026-02-19T20:48:23.963+0000] {logging_mixin.py:188} INFO - Downloaded AMZN/1771533688.json -> /tmp/minio_downloads/1771533688.json
[2026-02-19T20:48:23.967+0000] {logging_mixin.py:188} INFO - Downloaded AMZN/1771533696.json -> /tmp/minio_downloads/1771533696.json
[2026-02-19T20:48:23.969+0000] {logging_mixin.py:188} INFO - Downloaded AMZN/1771533704.json -> /tmp/minio_downloads/1771533704.json
[2026-02-19T20:48:23.972+0000] {logging_mixin.py:188} INFO - Downloaded AMZN/1771533712.json -> /tmp/minio_downloads/1771533712.json
[2026-02-19T20:48:23.975+0000] {logging_mixin.py:188} INFO - Downloaded AMZN/1771533720.json -> /tmp/minio_downloads/1771533720.json
[2026-02-19T20:48:23.978+0000] {logging_mixin.py:188} INFO - Downloaded AMZN/1771533728.json -> /tmp/minio_downloads/1771533728.json
[2026-02-19T20:48:23.981+0000] {logging_mixin.py:188} INFO - Downloaded AMZN/1771533736.json -> /tmp/minio_downloads/1771533736.json
[2026-02-19T20:48:23.984+0000] {logging_mixin.py:188} INFO - Downloaded AMZN/1771533745.json -> /tmp/minio_downloads/1771533745.json
[2026-02-19T20:48:23.987+0000] {logging_mixin.py:188} INFO - Downloaded AMZN/1771533753.json -> /tmp/minio_downloads/1771533753.json
[2026-02-19T20:48:23.991+0000] {logging_mixin.py:188} INFO - Downloaded AMZN/1771533761.json -> /tmp/minio_downloads/1771533761.json
[2026-02-19T20:48:23.994+0000] {logging_mixin.py:188} INFO - Downloaded AMZN/1771533770.json -> /tmp/minio_downloads/1771533770.json
[2026-02-19T20:48:23.998+0000] {logging_mixin.py:188} INFO - Downloaded AMZN/1771533778.json -> /tmp/minio_downloads/1771533778.json
[2026-02-19T20:48:24.003+0000] {logging_mixin.py:188} INFO - Downloaded AMZN/1771533786.json -> /tmp/minio_downloads/1771533786.json
[2026-02-19T20:48:24.006+0000] {logging_mixin.py:188} INFO - Downloaded AMZN/1771533794.json -> /tmp/minio_downloads/1771533794.json
[2026-02-19T20:48:24.009+0000] {logging_mixin.py:188} INFO - Downloaded AMZN/1771533803.json -> /tmp/minio_downloads/1771533803.json
[2026-02-19T20:48:24.012+0000] {logging_mixin.py:188} INFO - Downloaded AMZN/1771533811.json -> /tmp/minio_downloads/1771533811.json
[2026-02-19T20:48:24.016+0000] {logging_mixin.py:188} INFO - Downloaded AMZN/1771533819.json -> /tmp/minio_downloads/1771533819.json
[2026-02-19T20:48:24.019+0000] {logging_mixin.py:188} INFO - Downloaded AMZN/1771533827.json -> /tmp/minio_downloads/1771533827.json
[2026-02-19T20:48:24.023+0000] {logging_mixin.py:188} INFO - Downloaded AMZN/1771533835.json -> /tmp/minio_downloads/1771533835.json
[2026-02-19T20:48:24.026+0000] {logging_mixin.py:188} INFO - Downloaded AMZN/1771533843.json -> /tmp/minio_downloads/1771533843.json
[2026-02-19T20:48:24.029+0000] {logging_mixin.py:188} INFO - Downloaded AMZN/1771533851.json -> /tmp/minio_downloads/1771533851.json
[2026-02-19T20:48:24.032+0000] {logging_mixin.py:188} INFO - Downloaded AMZN/1771533859.json -> /tmp/minio_downloads/1771533859.json
[2026-02-19T20:48:24.035+0000] {logging_mixin.py:188} INFO - Downloaded AMZN/1771533867.json -> /tmp/minio_downloads/1771533867.json
[2026-02-19T20:48:24.038+0000] {logging_mixin.py:188} INFO - Downloaded AMZN/1771533874.json -> /tmp/minio_downloads/1771533874.json
[2026-02-19T20:48:24.041+0000] {logging_mixin.py:188} INFO - Downloaded AMZN/1771533882.json -> /tmp/minio_downloads/1771533882.json
[2026-02-19T20:48:24.044+0000] {logging_mixin.py:188} INFO - Downloaded AMZN/1771533890.json -> /tmp/minio_downloads/1771533890.json
[2026-02-19T20:48:24.047+0000] {logging_mixin.py:188} INFO - Downloaded AMZN/1771533898.json -> /tmp/minio_downloads/1771533898.json
[2026-02-19T20:48:24.050+0000] {logging_mixin.py:188} INFO - Downloaded AMZN/1771533906.json -> /tmp/minio_downloads/1771533906.json
[2026-02-19T20:48:24.053+0000] {logging_mixin.py:188} INFO - Downloaded AMZN/1771533914.json -> /tmp/minio_downloads/1771533914.json
[2026-02-19T20:48:24.057+0000] {logging_mixin.py:188} INFO - Downloaded AMZN/1771533923.json -> /tmp/minio_downloads/1771533923.json
[2026-02-19T20:48:24.060+0000] {logging_mixin.py:188} INFO - Downloaded AMZN/1771533931.json -> /tmp/minio_downloads/1771533931.json
[2026-02-19T20:48:24.062+0000] {logging_mixin.py:188} INFO - Downloaded AMZN/1771533939.json -> /tmp/minio_downloads/1771533939.json
[2026-02-19T20:48:24.065+0000] {logging_mixin.py:188} INFO - Downloaded AMZN/1771533947.json -> /tmp/minio_downloads/1771533947.json
[2026-02-19T20:48:24.068+0000] {logging_mixin.py:188} INFO - Downloaded AMZN/1771533955.json -> /tmp/minio_downloads/1771533955.json
[2026-02-19T20:48:24.071+0000] {logging_mixin.py:188} INFO - Downloaded AMZN/1771533963.json -> /tmp/minio_downloads/1771533963.json
[2026-02-19T20:48:24.074+0000] {logging_mixin.py:188} INFO - Downloaded AMZN/1771533971.json -> /tmp/minio_downloads/1771533971.json
[2026-02-19T20:48:24.077+0000] {logging_mixin.py:188} INFO - Downloaded AMZN/1771533979.json -> /tmp/minio_downloads/1771533979.json
[2026-02-19T20:48:24.080+0000] {logging_mixin.py:188} INFO - Downloaded AMZN/1771533987.json -> /tmp/minio_downloads/1771533987.json
[2026-02-19T20:48:24.083+0000] {logging_mixin.py:188} INFO - Downloaded AMZN/1771533994.json -> /tmp/minio_downloads/1771533994.json
[2026-02-19T20:48:24.086+0000] {logging_mixin.py:188} INFO - Downloaded AMZN/1771534002.json -> /tmp/minio_downloads/1771534002.json
[2026-02-19T20:48:24.088+0000] {logging_mixin.py:188} INFO - Downloaded AMZN/1771534010.json -> /tmp/minio_downloads/1771534010.json
[2026-02-19T20:48:24.091+0000] {logging_mixin.py:188} INFO - Downloaded AMZN/1771534018.json -> /tmp/minio_downloads/1771534018.json
[2026-02-19T20:48:24.094+0000] {logging_mixin.py:188} INFO - Downloaded AMZN/1771534026.json -> /tmp/minio_downloads/1771534026.json
[2026-02-19T20:48:24.097+0000] {logging_mixin.py:188} INFO - Downloaded AMZN/1771534034.json -> /tmp/minio_downloads/1771534034.json
[2026-02-19T20:48:24.100+0000] {logging_mixin.py:188} INFO - Downloaded AMZN/1771534042.json -> /tmp/minio_downloads/1771534042.json
[2026-02-19T20:48:24.103+0000] {logging_mixin.py:188} INFO - Downloaded AMZN/1771534049.json -> /tmp/minio_downloads/1771534049.json
[2026-02-19T20:48:24.106+0000] {logging_mixin.py:188} INFO - Downloaded AMZN/1771534057.json -> /tmp/minio_downloads/1771534057.json
[2026-02-19T20:48:24.109+0000] {logging_mixin.py:188} INFO - Downloaded AMZN/1771534065.json -> /tmp/minio_downloads/1771534065.json
[2026-02-19T20:48:24.112+0000] {logging_mixin.py:188} INFO - Downloaded AMZN/1771534073.json -> /tmp/minio_downloads/1771534073.json
[2026-02-19T20:48:24.115+0000] {logging_mixin.py:188} INFO - Downloaded AMZN/1771534081.json -> /tmp/minio_downloads/1771534081.json
[2026-02-19T20:48:24.118+0000] {logging_mixin.py:188} INFO - Downloaded AMZN/1771534089.json -> /tmp/minio_downloads/1771534089.json
[2026-02-19T20:48:24.120+0000] {logging_mixin.py:188} INFO - Downloaded AMZN/1771534097.json -> /tmp/minio_downloads/1771534097.json
[2026-02-19T20:48:24.123+0000] {logging_mixin.py:188} INFO - Downloaded GOOGL/1771533417.json -> /tmp/minio_downloads/1771533417.json
[2026-02-19T20:48:24.126+0000] {logging_mixin.py:188} INFO - Downloaded GOOGL/1771533425.json -> /tmp/minio_downloads/1771533425.json
[2026-02-19T20:48:24.129+0000] {logging_mixin.py:188} INFO - Downloaded GOOGL/1771533433.json -> /tmp/minio_downloads/1771533433.json
[2026-02-19T20:48:24.132+0000] {logging_mixin.py:188} INFO - Downloaded GOOGL/1771533441.json -> /tmp/minio_downloads/1771533441.json
[2026-02-19T20:48:24.135+0000] {logging_mixin.py:188} INFO - Downloaded GOOGL/1771533449.json -> /tmp/minio_downloads/1771533449.json
[2026-02-19T20:48:24.139+0000] {logging_mixin.py:188} INFO - Downloaded GOOGL/1771533456.json -> /tmp/minio_downloads/1771533456.json
[2026-02-19T20:48:24.142+0000] {logging_mixin.py:188} INFO - Downloaded GOOGL/1771533464.json -> /tmp/minio_downloads/1771533464.json
[2026-02-19T20:48:24.145+0000] {logging_mixin.py:188} INFO - Downloaded GOOGL/1771533472.json -> /tmp/minio_downloads/1771533472.json
[2026-02-19T20:48:24.148+0000] {logging_mixin.py:188} INFO - Downloaded GOOGL/1771533480.json -> /tmp/minio_downloads/1771533480.json
[2026-02-19T20:48:24.150+0000] {logging_mixin.py:188} INFO - Downloaded GOOGL/1771533488.json -> /tmp/minio_downloads/1771533488.json
[2026-02-19T20:48:24.153+0000] {logging_mixin.py:188} INFO - Downloaded GOOGL/1771533496.json -> /tmp/minio_downloads/1771533496.json
[2026-02-19T20:48:24.156+0000] {logging_mixin.py:188} INFO - Downloaded GOOGL/1771533504.json -> /tmp/minio_downloads/1771533504.json
[2026-02-19T20:48:24.159+0000] {logging_mixin.py:188} INFO - Downloaded GOOGL/1771533512.json -> /tmp/minio_downloads/1771533512.json
[2026-02-19T20:48:24.162+0000] {logging_mixin.py:188} INFO - Downloaded GOOGL/1771533520.json -> /tmp/minio_downloads/1771533520.json
[2026-02-19T20:48:24.165+0000] {logging_mixin.py:188} INFO - Downloaded GOOGL/1771533528.json -> /tmp/minio_downloads/1771533528.json
[2026-02-19T20:48:24.168+0000] {logging_mixin.py:188} INFO - Downloaded GOOGL/1771533536.json -> /tmp/minio_downloads/1771533536.json
[2026-02-19T20:48:24.171+0000] {logging_mixin.py:188} INFO - Downloaded GOOGL/1771533544.json -> /tmp/minio_downloads/1771533544.json
[2026-02-19T20:48:24.174+0000] {logging_mixin.py:188} INFO - Downloaded GOOGL/1771533552.json -> /tmp/minio_downloads/1771533552.json
[2026-02-19T20:48:24.177+0000] {logging_mixin.py:188} INFO - Downloaded GOOGL/1771533560.json -> /tmp/minio_downloads/1771533560.json
[2026-02-19T20:48:24.180+0000] {logging_mixin.py:188} INFO - Downloaded GOOGL/1771533568.json -> /tmp/minio_downloads/1771533568.json
[2026-02-19T20:48:24.182+0000] {logging_mixin.py:188} INFO - Downloaded GOOGL/1771533576.json -> /tmp/minio_downloads/1771533576.json
[2026-02-19T20:48:24.185+0000] {logging_mixin.py:188} INFO - Downloaded GOOGL/1771533583.json -> /tmp/minio_downloads/1771533583.json
[2026-02-19T20:48:24.190+0000] {logging_mixin.py:188} INFO - Downloaded GOOGL/1771533591.json -> /tmp/minio_downloads/1771533591.json
[2026-02-19T20:48:24.193+0000] {logging_mixin.py:188} INFO - Downloaded GOOGL/1771533600.json -> /tmp/minio_downloads/1771533600.json
[2026-02-19T20:48:24.196+0000] {logging_mixin.py:188} INFO - Downloaded GOOGL/1771533608.json -> /tmp/minio_downloads/1771533608.json
[2026-02-19T20:48:24.199+0000] {logging_mixin.py:188} INFO - Downloaded GOOGL/1771533616.json -> /tmp/minio_downloads/1771533616.json
[2026-02-19T20:48:24.202+0000] {logging_mixin.py:188} INFO - Downloaded GOOGL/1771533624.json -> /tmp/minio_downloads/1771533624.json
[2026-02-19T20:48:24.205+0000] {logging_mixin.py:188} INFO - Downloaded GOOGL/1771533632.json -> /tmp/minio_downloads/1771533632.json
[2026-02-19T20:48:24.208+0000] {logging_mixin.py:188} INFO - Downloaded GOOGL/1771533640.json -> /tmp/minio_downloads/1771533640.json
[2026-02-19T20:48:24.211+0000] {logging_mixin.py:188} INFO - Downloaded GOOGL/1771533648.json -> /tmp/minio_downloads/1771533648.json
[2026-02-19T20:48:24.214+0000] {logging_mixin.py:188} INFO - Downloaded GOOGL/1771533656.json -> /tmp/minio_downloads/1771533656.json
[2026-02-19T20:48:24.217+0000] {logging_mixin.py:188} INFO - Downloaded GOOGL/1771533664.json -> /tmp/minio_downloads/1771533664.json
[2026-02-19T20:48:24.220+0000] {logging_mixin.py:188} INFO - Downloaded GOOGL/1771533672.json -> /tmp/minio_downloads/1771533672.json
[2026-02-19T20:48:24.223+0000] {logging_mixin.py:188} INFO - Downloaded GOOGL/1771533680.json -> /tmp/minio_downloads/1771533680.json
[2026-02-19T20:48:24.227+0000] {logging_mixin.py:188} INFO - Downloaded GOOGL/1771533688.json -> /tmp/minio_downloads/1771533688.json
[2026-02-19T20:48:24.230+0000] {logging_mixin.py:188} INFO - Downloaded GOOGL/1771533696.json -> /tmp/minio_downloads/1771533696.json
[2026-02-19T20:48:24.233+0000] {logging_mixin.py:188} INFO - Downloaded GOOGL/1771533704.json -> /tmp/minio_downloads/1771533704.json
[2026-02-19T20:48:24.236+0000] {logging_mixin.py:188} INFO - Downloaded GOOGL/1771533712.json -> /tmp/minio_downloads/1771533712.json
[2026-02-19T20:48:24.239+0000] {logging_mixin.py:188} INFO - Downloaded GOOGL/1771533720.json -> /tmp/minio_downloads/1771533720.json
[2026-02-19T20:48:24.242+0000] {logging_mixin.py:188} INFO - Downloaded GOOGL/1771533728.json -> /tmp/minio_downloads/1771533728.json
[2026-02-19T20:48:24.245+0000] {logging_mixin.py:188} INFO - Downloaded GOOGL/1771533736.json -> /tmp/minio_downloads/1771533736.json
[2026-02-19T20:48:24.248+0000] {logging_mixin.py:188} INFO - Downloaded GOOGL/1771533744.json -> /tmp/minio_downloads/1771533744.json
[2026-02-19T20:48:24.251+0000] {logging_mixin.py:188} INFO - Downloaded GOOGL/1771533753.json -> /tmp/minio_downloads/1771533753.json
[2026-02-19T20:48:24.253+0000] {logging_mixin.py:188} INFO - Downloaded GOOGL/1771533761.json -> /tmp/minio_downloads/1771533761.json
[2026-02-19T20:48:24.257+0000] {logging_mixin.py:188} INFO - Downloaded GOOGL/1771533769.json -> /tmp/minio_downloads/1771533769.json
[2026-02-19T20:48:24.260+0000] {logging_mixin.py:188} INFO - Downloaded GOOGL/1771533778.json -> /tmp/minio_downloads/1771533778.json
[2026-02-19T20:48:24.263+0000] {logging_mixin.py:188} INFO - Downloaded GOOGL/1771533786.json -> /tmp/minio_downloads/1771533786.json
[2026-02-19T20:48:24.266+0000] {logging_mixin.py:188} INFO - Downloaded GOOGL/1771533794.json -> /tmp/minio_downloads/1771533794.json
[2026-02-19T20:48:24.269+0000] {logging_mixin.py:188} INFO - Downloaded GOOGL/1771533803.json -> /tmp/minio_downloads/1771533803.json
[2026-02-19T20:48:24.272+0000] {logging_mixin.py:188} INFO - Downloaded GOOGL/1771533810.json -> /tmp/minio_downloads/1771533810.json
[2026-02-19T20:48:24.277+0000] {logging_mixin.py:188} INFO - Downloaded GOOGL/1771533818.json -> /tmp/minio_downloads/1771533818.json
[2026-02-19T20:48:24.281+0000] {logging_mixin.py:188} INFO - Downloaded GOOGL/1771533826.json -> /tmp/minio_downloads/1771533826.json
[2026-02-19T20:48:24.284+0000] {logging_mixin.py:188} INFO - Downloaded GOOGL/1771533834.json -> /tmp/minio_downloads/1771533834.json
[2026-02-19T20:48:24.288+0000] {logging_mixin.py:188} INFO - Downloaded GOOGL/1771533843.json -> /tmp/minio_downloads/1771533843.json
[2026-02-19T20:48:24.292+0000] {logging_mixin.py:188} INFO - Downloaded GOOGL/1771533851.json -> /tmp/minio_downloads/1771533851.json
[2026-02-19T20:48:24.295+0000] {logging_mixin.py:188} INFO - Downloaded GOOGL/1771533859.json -> /tmp/minio_downloads/1771533859.json
[2026-02-19T20:48:24.298+0000] {logging_mixin.py:188} INFO - Downloaded GOOGL/1771533866.json -> /tmp/minio_downloads/1771533866.json
[2026-02-19T20:48:24.301+0000] {logging_mixin.py:188} INFO - Downloaded GOOGL/1771533874.json -> /tmp/minio_downloads/1771533874.json
[2026-02-19T20:48:24.305+0000] {logging_mixin.py:188} INFO - Downloaded GOOGL/1771533882.json -> /tmp/minio_downloads/1771533882.json
[2026-02-19T20:48:24.308+0000] {logging_mixin.py:188} INFO - Downloaded GOOGL/1771533890.json -> /tmp/minio_downloads/1771533890.json
[2026-02-19T20:48:24.311+0000] {logging_mixin.py:188} INFO - Downloaded GOOGL/1771533898.json -> /tmp/minio_downloads/1771533898.json
[2026-02-19T20:48:24.315+0000] {logging_mixin.py:188} INFO - Downloaded GOOGL/1771533906.json -> /tmp/minio_downloads/1771533906.json
[2026-02-19T20:48:24.319+0000] {logging_mixin.py:188} INFO - Downloaded GOOGL/1771533914.json -> /tmp/minio_downloads/1771533914.json
[2026-02-19T20:48:24.322+0000] {logging_mixin.py:188} INFO - Downloaded GOOGL/1771533922.json -> /tmp/minio_downloads/1771533922.json
[2026-02-19T20:48:24.326+0000] {logging_mixin.py:188} INFO - Downloaded GOOGL/1771533931.json -> /tmp/minio_downloads/1771533931.json
[2026-02-19T20:48:24.330+0000] {logging_mixin.py:188} INFO - Downloaded GOOGL/1771533939.json -> /tmp/minio_downloads/1771533939.json
[2026-02-19T20:48:24.334+0000] {logging_mixin.py:188} INFO - Downloaded GOOGL/1771533947.json -> /tmp/minio_downloads/1771533947.json
[2026-02-19T20:48:24.338+0000] {logging_mixin.py:188} INFO - Downloaded GOOGL/1771533954.json -> /tmp/minio_downloads/1771533954.json
[2026-02-19T20:48:24.340+0000] {logging_mixin.py:188} INFO - Downloaded GOOGL/1771533963.json -> /tmp/minio_downloads/1771533963.json
[2026-02-19T20:48:24.344+0000] {logging_mixin.py:188} INFO - Downloaded GOOGL/1771533970.json -> /tmp/minio_downloads/1771533970.json
[2026-02-19T20:48:24.348+0000] {logging_mixin.py:188} INFO - Downloaded GOOGL/1771533978.json -> /tmp/minio_downloads/1771533978.json
[2026-02-19T20:48:24.352+0000] {logging_mixin.py:188} INFO - Downloaded GOOGL/1771533986.json -> /tmp/minio_downloads/1771533986.json
[2026-02-19T20:48:24.355+0000] {logging_mixin.py:188} INFO - Downloaded GOOGL/1771533994.json -> /tmp/minio_downloads/1771533994.json
[2026-02-19T20:48:24.358+0000] {logging_mixin.py:188} INFO - Downloaded GOOGL/1771534002.json -> /tmp/minio_downloads/1771534002.json
[2026-02-19T20:48:24.361+0000] {logging_mixin.py:188} INFO - Downloaded GOOGL/1771534010.json -> /tmp/minio_downloads/1771534010.json
[2026-02-19T20:48:24.365+0000] {logging_mixin.py:188} INFO - Downloaded GOOGL/1771534017.json -> /tmp/minio_downloads/1771534017.json
[2026-02-19T20:48:24.368+0000] {logging_mixin.py:188} INFO - Downloaded GOOGL/1771534026.json -> /tmp/minio_downloads/1771534026.json
[2026-02-19T20:48:24.371+0000] {logging_mixin.py:188} INFO - Downloaded GOOGL/1771534033.json -> /tmp/minio_downloads/1771534033.json
[2026-02-19T20:48:24.374+0000] {logging_mixin.py:188} INFO - Downloaded GOOGL/1771534041.json -> /tmp/minio_downloads/1771534041.json
[2026-02-19T20:48:24.378+0000] {logging_mixin.py:188} INFO - Downloaded GOOGL/1771534049.json -> /tmp/minio_downloads/1771534049.json
[2026-02-19T20:48:24.381+0000] {logging_mixin.py:188} INFO - Downloaded GOOGL/1771534057.json -> /tmp/minio_downloads/1771534057.json
[2026-02-19T20:48:24.385+0000] {logging_mixin.py:188} INFO - Downloaded GOOGL/1771534065.json -> /tmp/minio_downloads/1771534065.json
[2026-02-19T20:48:24.387+0000] {logging_mixin.py:188} INFO - Downloaded GOOGL/1771534072.json -> /tmp/minio_downloads/1771534072.json
[2026-02-19T20:48:24.391+0000] {logging_mixin.py:188} INFO - Downloaded GOOGL/1771534080.json -> /tmp/minio_downloads/1771534080.json
[2026-02-19T20:48:24.394+0000] {logging_mixin.py:188} INFO - Downloaded GOOGL/1771534088.json -> /tmp/minio_downloads/1771534088.json
[2026-02-19T20:48:24.397+0000] {logging_mixin.py:188} INFO - Downloaded GOOGL/1771534096.json -> /tmp/minio_downloads/1771534096.json
[2026-02-19T20:48:24.400+0000] {logging_mixin.py:188} INFO - Downloaded MSFT/1771533416.json -> /tmp/minio_downloads/1771533416.json
[2026-02-19T20:48:24.403+0000] {logging_mixin.py:188} INFO - Downloaded MSFT/1771533424.json -> /tmp/minio_downloads/1771533424.json
[2026-02-19T20:48:24.406+0000] {logging_mixin.py:188} INFO - Downloaded MSFT/1771533432.json -> /tmp/minio_downloads/1771533432.json
[2026-02-19T20:48:24.409+0000] {logging_mixin.py:188} INFO - Downloaded MSFT/1771533440.json -> /tmp/minio_downloads/1771533440.json
[2026-02-19T20:48:24.413+0000] {logging_mixin.py:188} INFO - Downloaded MSFT/1771533448.json -> /tmp/minio_downloads/1771533448.json
[2026-02-19T20:48:24.416+0000] {logging_mixin.py:188} INFO - Downloaded MSFT/1771533456.json -> /tmp/minio_downloads/1771533456.json
[2026-02-19T20:48:24.419+0000] {logging_mixin.py:188} INFO - Downloaded MSFT/1771533464.json -> /tmp/minio_downloads/1771533464.json
[2026-02-19T20:48:24.422+0000] {logging_mixin.py:188} INFO - Downloaded MSFT/1771533472.json -> /tmp/minio_downloads/1771533472.json
[2026-02-19T20:48:24.425+0000] {logging_mixin.py:188} INFO - Downloaded MSFT/1771533479.json -> /tmp/minio_downloads/1771533479.json
[2026-02-19T20:48:24.428+0000] {logging_mixin.py:188} INFO - Downloaded MSFT/1771533488.json -> /tmp/minio_downloads/1771533488.json
[2026-02-19T20:48:24.432+0000] {logging_mixin.py:188} INFO - Downloaded MSFT/1771533496.json -> /tmp/minio_downloads/1771533496.json
[2026-02-19T20:48:24.435+0000] {logging_mixin.py:188} INFO - Downloaded MSFT/1771533504.json -> /tmp/minio_downloads/1771533504.json
[2026-02-19T20:48:24.438+0000] {logging_mixin.py:188} INFO - Downloaded MSFT/1771533511.json -> /tmp/minio_downloads/1771533511.json
[2026-02-19T20:48:24.441+0000] {logging_mixin.py:188} INFO - Downloaded MSFT/1771533519.json -> /tmp/minio_downloads/1771533519.json
[2026-02-19T20:48:24.445+0000] {logging_mixin.py:188} INFO - Downloaded MSFT/1771533527.json -> /tmp/minio_downloads/1771533527.json
[2026-02-19T20:48:24.448+0000] {logging_mixin.py:188} INFO - Downloaded MSFT/1771533535.json -> /tmp/minio_downloads/1771533535.json
[2026-02-19T20:48:24.451+0000] {logging_mixin.py:188} INFO - Downloaded MSFT/1771533543.json -> /tmp/minio_downloads/1771533543.json
[2026-02-19T20:48:24.454+0000] {logging_mixin.py:188} INFO - Downloaded MSFT/1771533551.json -> /tmp/minio_downloads/1771533551.json
[2026-02-19T20:48:24.457+0000] {logging_mixin.py:188} INFO - Downloaded MSFT/1771533559.json -> /tmp/minio_downloads/1771533559.json
[2026-02-19T20:48:24.460+0000] {logging_mixin.py:188} INFO - Downloaded MSFT/1771533567.json -> /tmp/minio_downloads/1771533567.json
[2026-02-19T20:48:24.463+0000] {logging_mixin.py:188} INFO - Downloaded MSFT/1771533575.json -> /tmp/minio_downloads/1771533575.json
[2026-02-19T20:48:24.466+0000] {logging_mixin.py:188} INFO - Downloaded MSFT/1771533583.json -> /tmp/minio_downloads/1771533583.json
[2026-02-19T20:48:24.469+0000] {logging_mixin.py:188} INFO - Downloaded MSFT/1771533591.json -> /tmp/minio_downloads/1771533591.json
[2026-02-19T20:48:24.473+0000] {logging_mixin.py:188} INFO - Downloaded MSFT/1771533599.json -> /tmp/minio_downloads/1771533599.json
[2026-02-19T20:48:24.476+0000] {logging_mixin.py:188} INFO - Downloaded MSFT/1771533607.json -> /tmp/minio_downloads/1771533607.json
[2026-02-19T20:48:24.479+0000] {logging_mixin.py:188} INFO - Downloaded MSFT/1771533615.json -> /tmp/minio_downloads/1771533615.json
[2026-02-19T20:48:24.482+0000] {logging_mixin.py:188} INFO - Downloaded MSFT/1771533623.json -> /tmp/minio_downloads/1771533623.json
[2026-02-19T20:48:24.485+0000] {logging_mixin.py:188} INFO - Downloaded MSFT/1771533631.json -> /tmp/minio_downloads/1771533631.json
[2026-02-19T20:48:24.488+0000] {logging_mixin.py:188} INFO - Downloaded MSFT/1771533639.json -> /tmp/minio_downloads/1771533639.json
[2026-02-19T20:48:24.491+0000] {logging_mixin.py:188} INFO - Downloaded MSFT/1771533647.json -> /tmp/minio_downloads/1771533647.json
[2026-02-19T20:48:24.494+0000] {logging_mixin.py:188} INFO - Downloaded MSFT/1771533655.json -> /tmp/minio_downloads/1771533655.json
[2026-02-19T20:48:24.497+0000] {logging_mixin.py:188} INFO - Downloaded MSFT/1771533663.json -> /tmp/minio_downloads/1771533663.json
[2026-02-19T20:48:24.500+0000] {logging_mixin.py:188} INFO - Downloaded MSFT/1771533671.json -> /tmp/minio_downloads/1771533671.json
[2026-02-19T20:48:24.503+0000] {logging_mixin.py:188} INFO - Downloaded MSFT/1771533679.json -> /tmp/minio_downloads/1771533679.json
[2026-02-19T20:48:24.506+0000] {logging_mixin.py:188} INFO - Downloaded MSFT/1771533687.json -> /tmp/minio_downloads/1771533687.json
[2026-02-19T20:48:24.509+0000] {logging_mixin.py:188} INFO - Downloaded MSFT/1771533695.json -> /tmp/minio_downloads/1771533695.json
[2026-02-19T20:48:24.512+0000] {logging_mixin.py:188} INFO - Downloaded MSFT/1771533703.json -> /tmp/minio_downloads/1771533703.json
[2026-02-19T20:48:24.515+0000] {logging_mixin.py:188} INFO - Downloaded MSFT/1771533711.json -> /tmp/minio_downloads/1771533711.json
[2026-02-19T20:48:24.518+0000] {logging_mixin.py:188} INFO - Downloaded MSFT/1771533719.json -> /tmp/minio_downloads/1771533719.json
[2026-02-19T20:48:24.521+0000] {logging_mixin.py:188} INFO - Downloaded MSFT/1771533727.json -> /tmp/minio_downloads/1771533727.json
[2026-02-19T20:48:24.524+0000] {logging_mixin.py:188} INFO - Downloaded MSFT/1771533735.json -> /tmp/minio_downloads/1771533735.json
[2026-02-19T20:48:24.527+0000] {logging_mixin.py:188} INFO - Downloaded MSFT/1771533743.json -> /tmp/minio_downloads/1771533743.json
[2026-02-19T20:48:24.530+0000] {logging_mixin.py:188} INFO - Downloaded MSFT/1771533752.json -> /tmp/minio_downloads/1771533752.json
[2026-02-19T20:48:24.533+0000] {logging_mixin.py:188} INFO - Downloaded MSFT/1771533760.json -> /tmp/minio_downloads/1771533760.json
[2026-02-19T20:48:24.535+0000] {logging_mixin.py:188} INFO - Downloaded MSFT/1771533768.json -> /tmp/minio_downloads/1771533768.json
[2026-02-19T20:48:24.538+0000] {logging_mixin.py:188} INFO - Downloaded MSFT/1771533777.json -> /tmp/minio_downloads/1771533777.json
[2026-02-19T20:48:24.541+0000] {logging_mixin.py:188} INFO - Downloaded MSFT/1771533785.json -> /tmp/minio_downloads/1771533785.json
[2026-02-19T20:48:24.544+0000] {logging_mixin.py:188} INFO - Downloaded MSFT/1771533793.json -> /tmp/minio_downloads/1771533793.json
[2026-02-19T20:48:24.547+0000] {logging_mixin.py:188} INFO - Downloaded MSFT/1771533801.json -> /tmp/minio_downloads/1771533801.json
[2026-02-19T20:48:24.551+0000] {logging_mixin.py:188} INFO - Downloaded MSFT/1771533810.json -> /tmp/minio_downloads/1771533810.json
[2026-02-19T20:48:24.554+0000] {logging_mixin.py:188} INFO - Downloaded MSFT/1771533818.json -> /tmp/minio_downloads/1771533818.json
[2026-02-19T20:48:24.557+0000] {logging_mixin.py:188} INFO - Downloaded MSFT/1771533826.json -> /tmp/minio_downloads/1771533826.json
[2026-02-19T20:48:24.560+0000] {logging_mixin.py:188} INFO - Downloaded MSFT/1771533833.json -> /tmp/minio_downloads/1771533833.json
[2026-02-19T20:48:24.564+0000] {logging_mixin.py:188} INFO - Downloaded MSFT/1771533842.json -> /tmp/minio_downloads/1771533842.json
[2026-02-19T20:48:24.567+0000] {logging_mixin.py:188} INFO - Downloaded MSFT/1771533850.json -> /tmp/minio_downloads/1771533850.json
[2026-02-19T20:48:24.570+0000] {logging_mixin.py:188} INFO - Downloaded MSFT/1771533858.json -> /tmp/minio_downloads/1771533858.json
[2026-02-19T20:48:24.573+0000] {logging_mixin.py:188} INFO - Downloaded MSFT/1771533866.json -> /tmp/minio_downloads/1771533866.json
[2026-02-19T20:48:24.576+0000] {logging_mixin.py:188} INFO - Downloaded MSFT/1771533873.json -> /tmp/minio_downloads/1771533873.json
[2026-02-19T20:48:24.580+0000] {logging_mixin.py:188} INFO - Downloaded MSFT/1771533881.json -> /tmp/minio_downloads/1771533881.json
[2026-02-19T20:48:24.583+0000] {logging_mixin.py:188} INFO - Downloaded MSFT/1771533889.json -> /tmp/minio_downloads/1771533889.json
[2026-02-19T20:48:24.586+0000] {logging_mixin.py:188} INFO - Downloaded MSFT/1771533897.json -> /tmp/minio_downloads/1771533897.json
[2026-02-19T20:48:24.589+0000] {logging_mixin.py:188} INFO - Downloaded MSFT/1771533905.json -> /tmp/minio_downloads/1771533905.json
[2026-02-19T20:48:24.592+0000] {logging_mixin.py:188} INFO - Downloaded MSFT/1771533913.json -> /tmp/minio_downloads/1771533913.json
[2026-02-19T20:48:24.596+0000] {logging_mixin.py:188} INFO - Downloaded MSFT/1771533922.json -> /tmp/minio_downloads/1771533922.json
[2026-02-19T20:48:24.599+0000] {logging_mixin.py:188} INFO - Downloaded MSFT/1771533930.json -> /tmp/minio_downloads/1771533930.json
[2026-02-19T20:48:24.602+0000] {logging_mixin.py:188} INFO - Downloaded MSFT/1771533938.json -> /tmp/minio_downloads/1771533938.json
[2026-02-19T20:48:24.606+0000] {logging_mixin.py:188} INFO - Downloaded MSFT/1771533946.json -> /tmp/minio_downloads/1771533946.json
[2026-02-19T20:48:24.609+0000] {logging_mixin.py:188} INFO - Downloaded MSFT/1771533954.json -> /tmp/minio_downloads/1771533954.json
[2026-02-19T20:48:24.612+0000] {logging_mixin.py:188} INFO - Downloaded MSFT/1771533962.json -> /tmp/minio_downloads/1771533962.json
[2026-02-19T20:48:24.615+0000] {logging_mixin.py:188} INFO - Downloaded MSFT/1771533970.json -> /tmp/minio_downloads/1771533970.json
[2026-02-19T20:48:24.619+0000] {logging_mixin.py:188} INFO - Downloaded MSFT/1771533978.json -> /tmp/minio_downloads/1771533978.json
[2026-02-19T20:48:24.622+0000] {logging_mixin.py:188} INFO - Downloaded MSFT/1771533986.json -> /tmp/minio_downloads/1771533986.json
[2026-02-19T20:48:24.625+0000] {logging_mixin.py:188} INFO - Downloaded MSFT/1771533993.json -> /tmp/minio_downloads/1771533993.json
[2026-02-19T20:48:24.628+0000] {logging_mixin.py:188} INFO - Downloaded MSFT/1771534001.json -> /tmp/minio_downloads/1771534001.json
[2026-02-19T20:48:24.631+0000] {logging_mixin.py:188} INFO - Downloaded MSFT/1771534009.json -> /tmp/minio_downloads/1771534009.json
[2026-02-19T20:48:24.634+0000] {logging_mixin.py:188} INFO - Downloaded MSFT/1771534017.json -> /tmp/minio_downloads/1771534017.json
[2026-02-19T20:48:24.638+0000] {logging_mixin.py:188} INFO - Downloaded MSFT/1771534025.json -> /tmp/minio_downloads/1771534025.json
[2026-02-19T20:48:24.642+0000] {logging_mixin.py:188} INFO - Downloaded MSFT/1771534033.json -> /tmp/minio_downloads/1771534033.json
[2026-02-19T20:48:24.645+0000] {logging_mixin.py:188} INFO - Downloaded MSFT/1771534040.json -> /tmp/minio_downloads/1771534040.json
[2026-02-19T20:48:24.648+0000] {logging_mixin.py:188} INFO - Downloaded MSFT/1771534048.json -> /tmp/minio_downloads/1771534048.json
[2026-02-19T20:48:24.651+0000] {logging_mixin.py:188} INFO - Downloaded MSFT/1771534056.json -> /tmp/minio_downloads/1771534056.json
[2026-02-19T20:48:24.654+0000] {logging_mixin.py:188} INFO - Downloaded MSFT/1771534064.json -> /tmp/minio_downloads/1771534064.json
[2026-02-19T20:48:24.657+0000] {logging_mixin.py:188} INFO - Downloaded MSFT/1771534072.json -> /tmp/minio_downloads/1771534072.json
[2026-02-19T20:48:24.660+0000] {logging_mixin.py:188} INFO - Downloaded MSFT/1771534080.json -> /tmp/minio_downloads/1771534080.json
[2026-02-19T20:48:24.663+0000] {logging_mixin.py:188} INFO - Downloaded MSFT/1771534088.json -> /tmp/minio_downloads/1771534088.json
[2026-02-19T20:48:24.666+0000] {logging_mixin.py:188} INFO - Downloaded MSFT/1771534095.json -> /tmp/minio_downloads/1771534095.json
[2026-02-19T20:48:24.669+0000] {logging_mixin.py:188} INFO - Downloaded TSLA/1771533417.json -> /tmp/minio_downloads/1771533417.json
[2026-02-19T20:48:24.672+0000] {logging_mixin.py:188} INFO - Downloaded TSLA/1771533424.json -> /tmp/minio_downloads/1771533424.json
[2026-02-19T20:48:24.675+0000] {logging_mixin.py:188} INFO - Downloaded TSLA/1771533433.json -> /tmp/minio_downloads/1771533433.json
[2026-02-19T20:48:24.678+0000] {logging_mixin.py:188} INFO - Downloaded TSLA/1771533440.json -> /tmp/minio_downloads/1771533440.json
[2026-02-19T20:48:24.681+0000] {logging_mixin.py:188} INFO - Downloaded TSLA/1771533448.json -> /tmp/minio_downloads/1771533448.json
[2026-02-19T20:48:24.684+0000] {logging_mixin.py:188} INFO - Downloaded TSLA/1771533456.json -> /tmp/minio_downloads/1771533456.json
[2026-02-19T20:48:24.687+0000] {logging_mixin.py:188} INFO - Downloaded TSLA/1771533464.json -> /tmp/minio_downloads/1771533464.json
[2026-02-19T20:48:24.690+0000] {logging_mixin.py:188} INFO - Downloaded TSLA/1771533472.json -> /tmp/minio_downloads/1771533472.json
[2026-02-19T20:48:24.693+0000] {logging_mixin.py:188} INFO - Downloaded TSLA/1771533480.json -> /tmp/minio_downloads/1771533480.json
[2026-02-19T20:48:24.696+0000] {logging_mixin.py:188} INFO - Downloaded TSLA/1771533488.json -> /tmp/minio_downloads/1771533488.json
[2026-02-19T20:48:24.699+0000] {logging_mixin.py:188} INFO - Downloaded TSLA/1771533496.json -> /tmp/minio_downloads/1771533496.json
[2026-02-19T20:48:24.702+0000] {logging_mixin.py:188} INFO - Downloaded TSLA/1771533504.json -> /tmp/minio_downloads/1771533504.json
[2026-02-19T20:48:24.705+0000] {logging_mixin.py:188} INFO - Downloaded TSLA/1771533512.json -> /tmp/minio_downloads/1771533512.json
[2026-02-19T20:48:24.710+0000] {logging_mixin.py:188} INFO - Downloaded TSLA/1771533520.json -> /tmp/minio_downloads/1771533520.json
[2026-02-19T20:48:24.714+0000] {logging_mixin.py:188} INFO - Downloaded TSLA/1771533528.json -> /tmp/minio_downloads/1771533528.json
[2026-02-19T20:48:24.717+0000] {logging_mixin.py:188} INFO - Downloaded TSLA/1771533536.json -> /tmp/minio_downloads/1771533536.json
[2026-02-19T20:48:24.720+0000] {logging_mixin.py:188} INFO - Downloaded TSLA/1771533544.json -> /tmp/minio_downloads/1771533544.json
[2026-02-19T20:48:24.723+0000] {logging_mixin.py:188} INFO - Downloaded TSLA/1771533552.json -> /tmp/minio_downloads/1771533552.json
[2026-02-19T20:48:24.726+0000] {logging_mixin.py:188} INFO - Downloaded TSLA/1771533560.json -> /tmp/minio_downloads/1771533560.json
[2026-02-19T20:48:24.729+0000] {logging_mixin.py:188} INFO - Downloaded TSLA/1771533567.json -> /tmp/minio_downloads/1771533567.json
[2026-02-19T20:48:24.732+0000] {logging_mixin.py:188} INFO - Downloaded TSLA/1771533575.json -> /tmp/minio_downloads/1771533575.json
[2026-02-19T20:48:24.735+0000] {logging_mixin.py:188} INFO - Downloaded TSLA/1771533583.json -> /tmp/minio_downloads/1771533583.json
[2026-02-19T20:48:24.739+0000] {logging_mixin.py:188} INFO - Downloaded TSLA/1771533591.json -> /tmp/minio_downloads/1771533591.json
[2026-02-19T20:48:24.742+0000] {logging_mixin.py:188} INFO - Downloaded TSLA/1771533599.json -> /tmp/minio_downloads/1771533599.json
[2026-02-19T20:48:24.745+0000] {logging_mixin.py:188} INFO - Downloaded TSLA/1771533607.json -> /tmp/minio_downloads/1771533607.json
[2026-02-19T20:48:24.749+0000] {logging_mixin.py:188} INFO - Downloaded TSLA/1771533616.json -> /tmp/minio_downloads/1771533616.json
[2026-02-19T20:48:24.752+0000] {logging_mixin.py:188} INFO - Downloaded TSLA/1771533624.json -> /tmp/minio_downloads/1771533624.json
[2026-02-19T20:48:24.755+0000] {logging_mixin.py:188} INFO - Downloaded TSLA/1771533632.json -> /tmp/minio_downloads/1771533632.json
[2026-02-19T20:48:24.758+0000] {logging_mixin.py:188} INFO - Downloaded TSLA/1771533640.json -> /tmp/minio_downloads/1771533640.json
[2026-02-19T20:48:24.761+0000] {logging_mixin.py:188} INFO - Downloaded TSLA/1771533647.json -> /tmp/minio_downloads/1771533647.json
[2026-02-19T20:48:24.764+0000] {logging_mixin.py:188} INFO - Downloaded TSLA/1771533655.json -> /tmp/minio_downloads/1771533655.json
[2026-02-19T20:48:24.767+0000] {logging_mixin.py:188} INFO - Downloaded TSLA/1771533664.json -> /tmp/minio_downloads/1771533664.json
[2026-02-19T20:48:24.770+0000] {logging_mixin.py:188} INFO - Downloaded TSLA/1771533672.json -> /tmp/minio_downloads/1771533672.json
[2026-02-19T20:48:24.773+0000] {logging_mixin.py:188} INFO - Downloaded TSLA/1771533680.json -> /tmp/minio_downloads/1771533680.json
[2026-02-19T20:48:24.776+0000] {logging_mixin.py:188} INFO - Downloaded TSLA/1771533688.json -> /tmp/minio_downloads/1771533688.json
[2026-02-19T20:48:24.779+0000] {logging_mixin.py:188} INFO - Downloaded TSLA/1771533695.json -> /tmp/minio_downloads/1771533695.json
[2026-02-19T20:48:24.783+0000] {logging_mixin.py:188} INFO - Downloaded TSLA/1771533703.json -> /tmp/minio_downloads/1771533703.json
[2026-02-19T20:48:24.786+0000] {logging_mixin.py:188} INFO - Downloaded TSLA/1771533712.json -> /tmp/minio_downloads/1771533712.json
[2026-02-19T20:48:24.790+0000] {logging_mixin.py:188} INFO - Downloaded TSLA/1771533719.json -> /tmp/minio_downloads/1771533719.json
[2026-02-19T20:48:24.796+0000] {logging_mixin.py:188} INFO - Downloaded TSLA/1771533727.json -> /tmp/minio_downloads/1771533727.json
[2026-02-19T20:48:24.801+0000] {logging_mixin.py:188} INFO - Downloaded TSLA/1771533735.json -> /tmp/minio_downloads/1771533735.json
[2026-02-19T20:48:24.805+0000] {logging_mixin.py:188} INFO - Downloaded TSLA/1771533743.json -> /tmp/minio_downloads/1771533743.json
[2026-02-19T20:48:24.809+0000] {logging_mixin.py:188} INFO - Downloaded TSLA/1771533752.json -> /tmp/minio_downloads/1771533752.json
[2026-02-19T20:48:24.813+0000] {logging_mixin.py:188} INFO - Downloaded TSLA/1771533760.json -> /tmp/minio_downloads/1771533760.json
[2026-02-19T20:48:24.817+0000] {logging_mixin.py:188} INFO - Downloaded TSLA/1771533769.json -> /tmp/minio_downloads/1771533769.json
[2026-02-19T20:48:24.821+0000] {logging_mixin.py:188} INFO - Downloaded TSLA/1771533778.json -> /tmp/minio_downloads/1771533778.json
[2026-02-19T20:48:24.826+0000] {logging_mixin.py:188} INFO - Downloaded TSLA/1771533786.json -> /tmp/minio_downloads/1771533786.json
[2026-02-19T20:48:24.829+0000] {logging_mixin.py:188} INFO - Downloaded TSLA/1771533794.json -> /tmp/minio_downloads/1771533794.json
[2026-02-19T20:48:24.833+0000] {logging_mixin.py:188} INFO - Downloaded TSLA/1771533802.json -> /tmp/minio_downloads/1771533802.json
[2026-02-19T20:48:24.836+0000] {logging_mixin.py:188} INFO - Downloaded TSLA/1771533810.json -> /tmp/minio_downloads/1771533810.json
[2026-02-19T20:48:24.840+0000] {logging_mixin.py:188} INFO - Downloaded TSLA/1771533818.json -> /tmp/minio_downloads/1771533818.json
[2026-02-19T20:48:24.843+0000] {logging_mixin.py:188} INFO - Downloaded TSLA/1771533826.json -> /tmp/minio_downloads/1771533826.json
[2026-02-19T20:48:24.846+0000] {logging_mixin.py:188} INFO - Downloaded TSLA/1771533834.json -> /tmp/minio_downloads/1771533834.json
[2026-02-19T20:48:24.849+0000] {logging_mixin.py:188} INFO - Downloaded TSLA/1771533842.json -> /tmp/minio_downloads/1771533842.json
[2026-02-19T20:48:24.852+0000] {logging_mixin.py:188} INFO - Downloaded TSLA/1771533850.json -> /tmp/minio_downloads/1771533850.json
[2026-02-19T20:48:24.855+0000] {logging_mixin.py:188} INFO - Downloaded TSLA/1771533858.json -> /tmp/minio_downloads/1771533858.json
[2026-02-19T20:48:24.858+0000] {logging_mixin.py:188} INFO - Downloaded TSLA/1771533866.json -> /tmp/minio_downloads/1771533866.json
[2026-02-19T20:48:24.861+0000] {logging_mixin.py:188} INFO - Downloaded TSLA/1771533874.json -> /tmp/minio_downloads/1771533874.json
[2026-02-19T20:48:24.864+0000] {logging_mixin.py:188} INFO - Downloaded TSLA/1771533882.json -> /tmp/minio_downloads/1771533882.json
[2026-02-19T20:48:24.867+0000] {logging_mixin.py:188} INFO - Downloaded TSLA/1771533889.json -> /tmp/minio_downloads/1771533889.json
[2026-02-19T20:48:24.870+0000] {logging_mixin.py:188} INFO - Downloaded TSLA/1771533897.json -> /tmp/minio_downloads/1771533897.json
[2026-02-19T20:48:24.873+0000] {logging_mixin.py:188} INFO - Downloaded TSLA/1771533905.json -> /tmp/minio_downloads/1771533905.json
[2026-02-19T20:48:24.876+0000] {logging_mixin.py:188} INFO - Downloaded TSLA/1771533913.json -> /tmp/minio_downloads/1771533913.json
[2026-02-19T20:48:24.879+0000] {logging_mixin.py:188} INFO - Downloaded TSLA/1771533922.json -> /tmp/minio_downloads/1771533922.json
[2026-02-19T20:48:24.882+0000] {logging_mixin.py:188} INFO - Downloaded TSLA/1771533931.json -> /tmp/minio_downloads/1771533931.json
[2026-02-19T20:48:24.885+0000] {logging_mixin.py:188} INFO - Downloaded TSLA/1771533938.json -> /tmp/minio_downloads/1771533938.json
[2026-02-19T20:48:24.888+0000] {logging_mixin.py:188} INFO - Downloaded TSLA/1771533946.json -> /tmp/minio_downloads/1771533946.json
[2026-02-19T20:48:24.891+0000] {logging_mixin.py:188} INFO - Downloaded TSLA/1771533954.json -> /tmp/minio_downloads/1771533954.json
[2026-02-19T20:48:24.894+0000] {logging_mixin.py:188} INFO - Downloaded TSLA/1771533962.json -> /tmp/minio_downloads/1771533962.json
[2026-02-19T20:48:24.897+0000] {logging_mixin.py:188} INFO - Downloaded TSLA/1771533970.json -> /tmp/minio_downloads/1771533970.json
[2026-02-19T20:48:24.899+0000] {logging_mixin.py:188} INFO - Downloaded TSLA/1771533978.json -> /tmp/minio_downloads/1771533978.json
[2026-02-19T20:48:24.902+0000] {logging_mixin.py:188} INFO - Downloaded TSLA/1771533986.json -> /tmp/minio_downloads/1771533986.json
[2026-02-19T20:48:24.906+0000] {logging_mixin.py:188} INFO - Downloaded TSLA/1771533994.json -> /tmp/minio_downloads/1771533994.json
[2026-02-19T20:48:24.909+0000] {logging_mixin.py:188} INFO - Downloaded TSLA/1771534002.json -> /tmp/minio_downloads/1771534002.json
[2026-02-19T20:48:24.912+0000] {logging_mixin.py:188} INFO - Downloaded TSLA/1771534009.json -> /tmp/minio_downloads/1771534009.json
[2026-02-19T20:48:24.915+0000] {logging_mixin.py:188} INFO - Downloaded TSLA/1771534017.json -> /tmp/minio_downloads/1771534017.json
[2026-02-19T20:48:24.918+0000] {logging_mixin.py:188} INFO - Downloaded TSLA/1771534025.json -> /tmp/minio_downloads/1771534025.json
[2026-02-19T20:48:24.921+0000] {logging_mixin.py:188} INFO - Downloaded TSLA/1771534033.json -> /tmp/minio_downloads/1771534033.json
[2026-02-19T20:48:24.924+0000] {logging_mixin.py:188} INFO - Downloaded TSLA/1771534041.json -> /tmp/minio_downloads/1771534041.json
[2026-02-19T20:48:24.927+0000] {logging_mixin.py:188} INFO - Downloaded TSLA/1771534049.json -> /tmp/minio_downloads/1771534049.json
[2026-02-19T20:48:24.930+0000] {logging_mixin.py:188} INFO - Downloaded TSLA/1771534056.json -> /tmp/minio_downloads/1771534056.json
[2026-02-19T20:48:24.933+0000] {logging_mixin.py:188} INFO - Downloaded TSLA/1771534064.json -> /tmp/minio_downloads/1771534064.json
[2026-02-19T20:48:24.936+0000] {logging_mixin.py:188} INFO - Downloaded TSLA/1771534072.json -> /tmp/minio_downloads/1771534072.json
[2026-02-19T20:48:24.940+0000] {logging_mixin.py:188} INFO - Downloaded TSLA/1771534080.json -> /tmp/minio_downloads/1771534080.json
[2026-02-19T20:48:24.943+0000] {logging_mixin.py:188} INFO - Downloaded TSLA/1771534088.json -> /tmp/minio_downloads/1771534088.json
[2026-02-19T20:48:24.946+0000] {logging_mixin.py:188} INFO - Downloaded TSLA/1771534096.json -> /tmp/minio_downloads/1771534096.json
[2026-02-19T20:48:24.947+0000] {python.py:237} INFO - Done. Returned value was: ['/tmp/minio_downloads/1771533416.json', '/tmp/minio_downloads/1771533424.json', '/tmp/minio_downloads/1771533432.json', '/tmp/minio_downloads/1771533440.json', '/tmp/minio_downloads/1771533447.json', '/tmp/minio_downloads/1771533455.json', '/tmp/minio_downloads/1771533463.json', '/tmp/minio_downloads/1771533471.json', '/tmp/minio_downloads/1771533479.json', '/tmp/minio_downloads/1771533487.json', '/tmp/minio_downloads/1771533495.json', '/tmp/minio_downloads/1771533503.json', '/tmp/minio_downloads/1771533511.json', '/tmp/minio_downloads/1771533519.json', '/tmp/minio_downloads/1771533527.json', '/tmp/minio_downloads/1771533535.json', '/tmp/minio_downloads/1771533543.json', '/tmp/minio_downloads/1771533551.json', '/tmp/minio_downloads/1771533559.json', '/tmp/minio_downloads/1771533567.json', '/tmp/minio_downloads/1771533574.json', '/tmp/minio_downloads/1771533582.json', '/tmp/minio_downloads/1771533590.json', '/tmp/minio_downloads/1771533598.json', '/tmp/minio_downloads/1771533606.json', '/tmp/minio_downloads/1771533615.json', '/tmp/minio_downloads/1771533623.json', '/tmp/minio_downloads/1771533631.json', '/tmp/minio_downloads/1771533639.json', '/tmp/minio_downloads/1771533647.json', '/tmp/minio_downloads/1771533655.json', '/tmp/minio_downloads/1771533663.json', '/tmp/minio_downloads/1771533671.json', '/tmp/minio_downloads/1771533679.json', '/tmp/minio_downloads/1771533687.json', '/tmp/minio_downloads/1771533695.json', '/tmp/minio_downloads/1771533703.json', '/tmp/minio_downloads/1771533711.json', '/tmp/minio_downloads/1771533719.json', '/tmp/minio_downloads/1771533727.json', '/tmp/minio_downloads/1771533734.json', '/tmp/minio_downloads/1771533743.json', '/tmp/minio_downloads/1771533751.json', '/tmp/minio_downloads/1771533760.json', '/tmp/minio_downloads/1771533768.json', '/tmp/minio_downloads/1771533777.json', '/tmp/minio_downloads/1771533785.json', '/tmp/minio_downloads/1771533793.json', '/tmp/minio_downloads/1771533801.json', '/tmp/minio_downloads/1771533809.json', '/tmp/minio_downloads/1771533817.json', '/tmp/minio_downloads/1771533825.json', '/tmp/minio_downloads/1771533833.json', '/tmp/minio_downloads/1771533841.json', '/tmp/minio_downloads/1771533849.json', '/tmp/minio_downloads/1771533857.json', '/tmp/minio_downloads/1771533865.json', '/tmp/minio_downloads/1771533873.json', '/tmp/minio_downloads/1771533881.json', '/tmp/minio_downloads/1771533889.json', '/tmp/minio_downloads/1771533897.json', '/tmp/minio_downloads/1771533904.json', '/tmp/minio_downloads/1771533912.json', '/tmp/minio_downloads/1771533920.json', '/tmp/minio_downloads/1771533930.json', '/tmp/minio_downloads/1771533938.json', '/tmp/minio_downloads/1771533946.json', '/tmp/minio_downloads/1771533953.json', '/tmp/minio_downloads/1771533961.json', '/tmp/minio_downloads/1771533969.json', '/tmp/minio_downloads/1771533977.json', '/tmp/minio_downloads/1771533985.json', '/tmp/minio_downloads/1771533993.json', '/tmp/minio_downloads/1771534001.json', '/tmp/minio_downloads/1771534009.json', '/tmp/minio_downloads/1771534016.json', '/tmp/minio_downloads/1771534024.json', '/tmp/minio_downloads/1771534032.json', '/tmp/minio_downloads/1771534040.json', '/tmp/minio_downloads/1771534048.json', '/tmp/minio_downloads/1771534056.json', '/tmp/minio_downloads/1771534064.json', '/tmp/minio_downloads/1771534071.json', '/tmp/minio_downloads/1771534079.json', '/tmp/minio_downloads/1771534087.json', '/tmp/minio_downloads/1771534095.json', '/tmp/minio_downloads/1771534103.json', '/tmp/minio_downloads/1771533417.json', '/tmp/minio_downloads/1771533425.json', '/tmp/minio_downloads/1771533433.json', '/tmp/minio_downloads/1771533441.json', '/tmp/minio_downloads/1771533449.json', '/tmp/minio_downloads/1771533457.json', '/tmp/minio_downloads/1771533465.json', '/tmp/minio_downloads/1771533473.json', '/tmp/minio_downloads/1771533481.json', '/tmp/minio_downloads/1771533489.json', '/tmp/minio_downloads/1771533497.json', '/tmp/minio_downloads/1771533505.json', '/tmp/minio_downloads/1771533513.json', '/tmp/minio_downloads/1771533520.json', '/tmp/minio_downloads/1771533529.json', '/tmp/minio_downloads/1771533536.json', '/tmp/minio_downloads/1771533545.json', '/tmp/minio_downloads/1771533552.json', '/tmp/minio_downloads/1771533560.json', '/tmp/minio_downloads/1771533568.json', '/tmp/minio_downloads/1771533576.json', '/tmp/minio_downloads/1771533584.json', '/tmp/minio_downloads/1771533592.json', '/tmp/minio_downloads/1771533600.json', '/tmp/minio_downloads/1771533608.json', '/tmp/minio_downloads/1771533617.json', '/tmp/minio_downloads/1771533624.json', '/tmp/minio_downloads/1771533632.json', '/tmp/minio_downloads/1771533640.json', '/tmp/minio_downloads/1771533648.json', '/tmp/minio_downloads/1771533656.json', '/tmp/minio_downloads/1771533665.json', '/tmp/minio_downloads/1771533672.json', '/tmp/minio_downloads/1771533680.json', '/tmp/minio_downloads/1771533688.json', '/tmp/minio_downloads/1771533696.json', '/tmp/minio_downloads/1771533704.json', '/tmp/minio_downloads/1771533712.json', '/tmp/minio_downloads/1771533720.json', '/tmp/minio_downloads/1771533728.json', '/tmp/minio_downloads/1771533736.json', '/tmp/minio_downloads/1771533745.json', '/tmp/minio_downloads/1771533753.json', '/tmp/minio_downloads/1771533761.json', '/tmp/minio_downloads/1771533770.json', '/tmp/minio_downloads/1771533778.json', '/tmp/minio_downloads/1771533786.json', '/tmp/minio_downloads/1771533794.json', '/tmp/minio_downloads/1771533803.json', '/tmp/minio_downloads/1771533811.json', '/tmp/minio_downloads/1771533819.json', '/tmp/minio_downloads/1771533827.json', '/tmp/minio_downloads/1771533835.json', '/tmp/minio_downloads/1771533843.json', '/tmp/minio_downloads/1771533851.json', '/tmp/minio_downloads/1771533859.json', '/tmp/minio_downloads/1771533867.json', '/tmp/minio_downloads/1771533874.json', '/tmp/minio_downloads/1771533882.json', '/tmp/minio_downloads/1771533890.json', '/tmp/minio_downloads/1771533898.json', '/tmp/minio_downloads/1771533906.json', '/tmp/minio_downloads/1771533914.json', '/tmp/minio_downloads/1771533923.json', '/tmp/minio_downloads/1771533931.json', '/tmp/minio_downloads/1771533939.json', '/tmp/minio_downloads/1771533947.json', '/tmp/minio_downloads/1771533955.json', '/tmp/minio_downloads/1771533963.json', '/tmp/minio_downloads/1771533971.json', '/tmp/minio_downloads/1771533979.json', '/tmp/minio_downloads/1771533987.json', '/tmp/minio_downloads/1771533994.json', '/tmp/minio_downloads/1771534002.json', '/tmp/minio_downloads/1771534010.json', '/tmp/minio_downloads/1771534018.json', '/tmp/minio_downloads/1771534026.json', '/tmp/minio_downloads/1771534034.json', '/tmp/minio_downloads/1771534042.json', '/tmp/minio_downloads/1771534049.json', '/tmp/minio_downloads/1771534057.json', '/tmp/minio_downloads/1771534065.json', '/tmp/minio_downloads/1771534073.json', '/tmp/minio_downloads/1771534081.json', '/tmp/minio_downloads/1771534089.json', '/tmp/minio_downloads/1771534097.json', '/tmp/minio_downloads/1771533417.json', '/tmp/minio_downloads/1771533425.json', '/tmp/minio_downloads/1771533433.json', '/tmp/minio_downloads/1771533441.json', '/tmp/minio_downloads/1771533449.json', '/tmp/minio_downloads/1771533456.json', '/tmp/minio_downloads/1771533464.json', '/tmp/minio_downloads/1771533472.json', '/tmp/minio_downloads/1771533480.json', '/tmp/minio_downloads/1771533488.json', '/tmp/minio_downloads/1771533496.json', '/tmp/minio_downloads/1771533504.json', '/tmp/minio_downloads/1771533512.json', '/tmp/minio_downloads/1771533520.json', '/tmp/minio_downloads/1771533528.json', '/tmp/minio_downloads/1771533536.json', '/tmp/minio_downloads/1771533544.json', '/tmp/minio_downloads/1771533552.json', '/tmp/minio_downloads/1771533560.json', '/tmp/minio_downloads/1771533568.json', '/tmp/minio_downloads/1771533576.json', '/tmp/minio_downloads/1771533583.json', '/tmp/minio_downloads/1771533591.json', '/tmp/minio_downloads/1771533600.json', '/tmp/minio_downloads/1771533608.json', '/tmp/minio_downloads/1771533616.json', '/tmp/minio_downloads/1771533624.json', '/tmp/minio_downloads/1771533632.json', '/tmp/minio_downloads/1771533640.json', '/tmp/minio_downloads/1771533648.json', '/tmp/minio_downloads/1771533656.json', '/tmp/minio_downloads/1771533664.json', '/tmp/minio_downloads/1771533672.json', '/tmp/minio_downloads/1771533680.json', '/tmp/minio_downloads/1771533688.json', '/tmp/minio_downloads/1771533696.json', '/tmp/minio_downloads/1771533704.json', '/tmp/minio_downloads/1771533712.json', '/tmp/minio_downloads/1771533720.json', '/tmp/minio_downloads/1771533728.json', '/tmp/minio_downloads/1771533736.json', '/tmp/minio_downloads/1771533744.json', '/tmp/minio_downloads/1771533753.json', '/tmp/minio_downloads/1771533761.json', '/tmp/minio_downloads/1771533769.json', '/tmp/minio_downloads/1771533778.json', '/tmp/minio_downloads/1771533786.json', '/tmp/minio_downloads/1771533794.json', '/tmp/minio_downloads/1771533803.json', '/tmp/minio_downloads/1771533810.json', '/tmp/minio_downloads/1771533818.json', '/tmp/minio_downloads/1771533826.json', '/tmp/minio_downloads/1771533834.json', '/tmp/minio_downloads/1771533843.json', '/tmp/minio_downloads/1771533851.json', '/tmp/minio_downloads/1771533859.json', '/tmp/minio_downloads/1771533866.json', '/tmp/minio_downloads/1771533874.json', '/tmp/minio_downloads/1771533882.json', '/tmp/minio_downloads/1771533890.json', '/tmp/minio_downloads/1771533898.json', '/tmp/minio_downloads/1771533906.json', '/tmp/minio_downloads/1771533914.json', '/tmp/minio_downloads/1771533922.json', '/tmp/minio_downloads/1771533931.json', '/tmp/minio_downloads/1771533939.json', '/tmp/minio_downloads/1771533947.json', '/tmp/minio_downloads/1771533954.json', '/tmp/minio_downloads/1771533963.json', '/tmp/minio_downloads/1771533970.json', '/tmp/minio_downloads/1771533978.json', '/tmp/minio_downloads/1771533986.json', '/tmp/minio_downloads/1771533994.json', '/tmp/minio_downloads/1771534002.json', '/tmp/minio_downloads/1771534010.json', '/tmp/minio_downloads/1771534017.json', '/tmp/minio_downloads/1771534026.json', '/tmp/minio_downloads/1771534033.json', '/tmp/minio_downloads/1771534041.json', '/tmp/minio_downloads/1771534049.json', '/tmp/minio_downloads/1771534057.json', '/tmp/minio_downloads/1771534065.json', '/tmp/minio_downloads/1771534072.json', '/tmp/minio_downloads/1771534080.json', '/tmp/minio_downloads/1771534088.json', '/tmp/minio_downloads/1771534096.json', '/tmp/minio_downloads/1771533416.json', '/tmp/minio_downloads/1771533424.json', '/tmp/minio_downloads/1771533432.json', '/tmp/minio_downloads/1771533440.json', '/tmp/minio_downloads/1771533448.json', '/tmp/minio_downloads/1771533456.json', '/tmp/minio_downloads/1771533464.json', '/tmp/minio_downloads/1771533472.json', '/tmp/minio_downloads/1771533479.json', '/tmp/minio_downloads/1771533488.json', '/tmp/minio_downloads/1771533496.json', '/tmp/minio_downloads/1771533504.json', '/tmp/minio_downloads/1771533511.json', '/tmp/minio_downloads/1771533519.json', '/tmp/minio_downloads/1771533527.json', '/tmp/minio_downloads/1771533535.json', '/tmp/minio_downloads/1771533543.json', '/tmp/minio_downloads/1771533551.json', '/tmp/minio_downloads/1771533559.json', '/tmp/minio_downloads/1771533567.json', '/tmp/minio_downloads/1771533575.json', '/tmp/minio_downloads/1771533583.json', '/tmp/minio_downloads/1771533591.json', '/tmp/minio_downloads/1771533599.json', '/tmp/minio_downloads/1771533607.json', '/tmp/minio_downloads/1771533615.json', '/tmp/minio_downloads/1771533623.json', '/tmp/minio_downloads/1771533631.json', '/tmp/minio_downloads/1771533639.json', '/tmp/minio_downloads/1771533647.json', '/tmp/minio_downloads/1771533655.json', '/tmp/minio_downloads/1771533663.json', '/tmp/minio_downloads/1771533671.json', '/tmp/minio_downloads/1771533679.json', '/tmp/minio_downloads/1771533687.json', '/tmp/minio_downloads/1771533695.json', '/tmp/minio_downloads/1771533703.json', '/tmp/minio_downloads/1771533711.json', '/tmp/minio_downloads/1771533719.json', '/tmp/minio_downloads/1771533727.json', '/tmp/minio_downloads/1771533735.json', '/tmp/minio_downloads/1771533743.json', '/tmp/minio_downloads/1771533752.json', '/tmp/minio_downloads/1771533760.json', '/tmp/minio_downloads/1771533768.json', '/tmp/minio_downloads/1771533777.json', '/tmp/minio_downloads/1771533785.json', '/tmp/minio_downloads/1771533793.json', '/tmp/minio_downloads/1771533801.json', '/tmp/minio_downloads/1771533810.json', '/tmp/minio_downloads/1771533818.json', '/tmp/minio_downloads/1771533826.json', '/tmp/minio_downloads/1771533833.json', '/tmp/minio_downloads/1771533842.json', '/tmp/minio_downloads/1771533850.json', '/tmp/minio_downloads/1771533858.json', '/tmp/minio_downloads/1771533866.json', '/tmp/minio_downloads/1771533873.json', '/tmp/minio_downloads/1771533881.json', '/tmp/minio_downloads/1771533889.json', '/tmp/minio_downloads/1771533897.json', '/tmp/minio_downloads/1771533905.json', '/tmp/minio_downloads/1771533913.json', '/tmp/minio_downloads/1771533922.json', '/tmp/minio_downloads/1771533930.json', '/tmp/minio_downloads/1771533938.json', '/tmp/minio_downloads/1771533946.json', '/tmp/minio_downloads/1771533954.json', '/tmp/minio_downloads/1771533962.json', '/tmp/minio_downloads/1771533970.json', '/tmp/minio_downloads/1771533978.json', '/tmp/minio_downloads/1771533986.json', '/tmp/minio_downloads/1771533993.json', '/tmp/minio_downloads/1771534001.json', '/tmp/minio_downloads/1771534009.json', '/tmp/minio_downloads/1771534017.json', '/tmp/minio_downloads/1771534025.json', '/tmp/minio_downloads/1771534033.json', '/tmp/minio_downloads/1771534040.json', '/tmp/minio_downloads/1771534048.json', '/tmp/minio_downloads/1771534056.json', '/tmp/minio_downloads/1771534064.json', '/tmp/minio_downloads/1771534072.json', '/tmp/minio_downloads/1771534080.json', '/tmp/minio_downloads/1771534088.json', '/tmp/minio_downloads/1771534095.json', '/tmp/minio_downloads/1771533417.json', '/tmp/minio_downloads/1771533424.json', '/tmp/minio_downloads/1771533433.json', '/tmp/minio_downloads/1771533440.json', '/tmp/minio_downloads/1771533448.json', '/tmp/minio_downloads/1771533456.json', '/tmp/minio_downloads/1771533464.json', '/tmp/minio_downloads/1771533472.json', '/tmp/minio_downloads/1771533480.json', '/tmp/minio_downloads/1771533488.json', '/tmp/minio_downloads/1771533496.json', '/tmp/minio_downloads/1771533504.json', '/tmp/minio_downloads/1771533512.json', '/tmp/minio_downloads/1771533520.json', '/tmp/minio_downloads/1771533528.json', '/tmp/minio_downloads/1771533536.json', '/tmp/minio_downloads/1771533544.json', '/tmp/minio_downloads/1771533552.json', '/tmp/minio_downloads/1771533560.json', '/tmp/minio_downloads/1771533567.json', '/tmp/minio_downloads/1771533575.json', '/tmp/minio_downloads/1771533583.json', '/tmp/minio_downloads/1771533591.json', '/tmp/minio_downloads/1771533599.json', '/tmp/minio_downloads/1771533607.json', '/tmp/minio_downloads/1771533616.json', '/tmp/minio_downloads/1771533624.json', '/tmp/minio_downloads/1771533632.json', '/tmp/minio_downloads/1771533640.json', '/tmp/minio_downloads/1771533647.json', '/tmp/minio_downloads/1771533655.json', '/tmp/minio_downloads/1771533664.json', '/tmp/minio_downloads/1771533672.json', '/tmp/minio_downloads/1771533680.json', '/tmp/minio_downloads/1771533688.json', '/tmp/minio_downloads/1771533695.json', '/tmp/minio_downloads/1771533703.json', '/tmp/minio_downloads/1771533712.json', '/tmp/minio_downloads/1771533719.json', '/tmp/minio_downloads/1771533727.json', '/tmp/minio_downloads/1771533735.json', '/tmp/minio_downloads/1771533743.json', '/tmp/minio_downloads/1771533752.json', '/tmp/minio_downloads/1771533760.json', '/tmp/minio_downloads/1771533769.json', '/tmp/minio_downloads/1771533778.json', '/tmp/minio_downloads/1771533786.json', '/tmp/minio_downloads/1771533794.json', '/tmp/minio_downloads/1771533802.json', '/tmp/minio_downloads/1771533810.json', '/tmp/minio_downloads/1771533818.json', '/tmp/minio_downloads/1771533826.json', '/tmp/minio_downloads/1771533834.json', '/tmp/minio_downloads/1771533842.json', '/tmp/minio_downloads/1771533850.json', '/tmp/minio_downloads/1771533858.json', '/tmp/minio_downloads/1771533866.json', '/tmp/minio_downloads/1771533874.json', '/tmp/minio_downloads/1771533882.json', '/tmp/minio_downloads/1771533889.json', '/tmp/minio_downloads/1771533897.json', '/tmp/minio_downloads/1771533905.json', '/tmp/minio_downloads/1771533913.json', '/tmp/minio_downloads/1771533922.json', '/tmp/minio_downloads/1771533931.json', '/tmp/minio_downloads/1771533938.json', '/tmp/minio_downloads/1771533946.json', '/tmp/minio_downloads/1771533954.json', '/tmp/minio_downloads/1771533962.json', '/tmp/minio_downloads/1771533970.json', '/tmp/minio_downloads/1771533978.json', '/tmp/minio_downloads/1771533986.json', '/tmp/minio_downloads/1771533994.json', '/tmp/minio_downloads/1771534002.json', '/tmp/minio_downloads/1771534009.json', '/tmp/minio_downloads/1771534017.json', '/tmp/minio_downloads/1771534025.json', '/tmp/minio_downloads/1771534033.json', '/tmp/minio_downloads/1771534041.json', '/tmp/minio_downloads/1771534049.json', '/tmp/minio_downloads/1771534056.json', '/tmp/minio_downloads/1771534064.json', '/tmp/minio_downloads/1771534072.json', '/tmp/minio_downloads/1771534080.json', '/tmp/minio_downloads/1771534088.json', '/tmp/minio_downloads/1771534096.json']
[2026-02-19T20:48:24.948+0000] {taskinstance.py:441} INFO - ::group::Post task execution logs
[2026-02-19T20:48:24.963+0000] {taskinstance.py:1206} INFO - Marking task as SUCCESS. dag_id=minio_to_snowflake, task_id=download_minio, run_id=scheduled__2026-02-19T20:47:00+00:00, execution_date=20260219T204700, start_date=20260219T204823, end_date=20260219T204824
[2026-02-19T20:48:24.984+0000] {local_task_job_runner.py:243} INFO - Task exited with return code 0
[2026-02-19T20:48:24.996+0000] {taskinstance.py:3503} INFO - 1 downstream tasks scheduled from follow-on schedule check
[2026-02-19T20:48:24.997+0000] {local_task_job_runner.py:222} INFO - ::endgroup::
