[2026-02-19T20:42:02.184+0000] {local_task_job_runner.py:120} INFO - ::group::Pre task execution logs
[2026-02-19T20:42:02.205+0000] {taskinstance.py:2076} INFO - Dependencies all met for dep_context=non-requeueable deps ti=<TaskInstance: minio_to_snowflake.download_minio scheduled__2026-02-19T20:41:00+00:00 [queued]>
[2026-02-19T20:42:02.209+0000] {taskinstance.py:2076} INFO - Dependencies all met for dep_context=requeueable deps ti=<TaskInstance: minio_to_snowflake.download_minio scheduled__2026-02-19T20:41:00+00:00 [queued]>
[2026-02-19T20:42:02.210+0000] {taskinstance.py:2306} INFO - Starting attempt 1 of 2
[2026-02-19T20:42:02.217+0000] {taskinstance.py:2330} INFO - Executing <Task(PythonOperator): download_minio> on 2026-02-19 20:41:00+00:00
[2026-02-19T20:42:02.222+0000] {standard_task_runner.py:90} INFO - Running: ['***', 'tasks', 'run', 'minio_to_snowflake', 'download_minio', 'scheduled__2026-02-19T20:41:00+00:00', '--job-id', '151', '--raw', '--subdir', 'DAGS_FOLDER/minio_to_snowflake.py', '--cfg-path', '/tmp/tmp59ud7h1i']
[2026-02-19T20:42:02.225+0000] {standard_task_runner.py:91} INFO - Job 151: Subtask download_minio
[2026-02-19T20:42:02.224+0000] {logging_mixin.py:188} WARNING - /home/***/.local/lib/python3.12/site-packages/***/task/task_runner/standard_task_runner.py:62 DeprecationWarning: This process (pid=22482) is multi-threaded, use of fork() may lead to deadlocks in the child.
[2026-02-19T20:42:02.226+0000] {standard_task_runner.py:64} INFO - Started process 22494 to run task
[2026-02-19T20:42:02.269+0000] {task_command.py:426} INFO - Running <TaskInstance: minio_to_snowflake.download_minio scheduled__2026-02-19T20:41:00+00:00 [running]> on host 0c2666b81705
[2026-02-19T20:42:02.333+0000] {taskinstance.py:2648} INFO - Exporting env vars: AIRFLOW_CTX_DAG_OWNER='***' AIRFLOW_CTX_DAG_ID='minio_to_snowflake' AIRFLOW_CTX_TASK_ID='download_minio' AIRFLOW_CTX_EXECUTION_DATE='2026-02-19T20:41:00+00:00' AIRFLOW_CTX_TRY_NUMBER='1' AIRFLOW_CTX_DAG_RUN_ID='scheduled__2026-02-19T20:41:00+00:00'
[2026-02-19T20:42:02.333+0000] {taskinstance.py:430} INFO - ::endgroup::
[2026-02-19T20:42:02.593+0000] {logging_mixin.py:188} INFO - Downloaded AAPL/1771533416.json -> /tmp/minio_downloads/1771533416.json
[2026-02-19T20:42:02.597+0000] {logging_mixin.py:188} INFO - Downloaded AAPL/1771533424.json -> /tmp/minio_downloads/1771533424.json
[2026-02-19T20:42:02.601+0000] {logging_mixin.py:188} INFO - Downloaded AAPL/1771533432.json -> /tmp/minio_downloads/1771533432.json
[2026-02-19T20:42:02.604+0000] {logging_mixin.py:188} INFO - Downloaded AAPL/1771533440.json -> /tmp/minio_downloads/1771533440.json
[2026-02-19T20:42:02.608+0000] {logging_mixin.py:188} INFO - Downloaded AAPL/1771533447.json -> /tmp/minio_downloads/1771533447.json
[2026-02-19T20:42:02.612+0000] {logging_mixin.py:188} INFO - Downloaded AAPL/1771533455.json -> /tmp/minio_downloads/1771533455.json
[2026-02-19T20:42:02.616+0000] {logging_mixin.py:188} INFO - Downloaded AAPL/1771533463.json -> /tmp/minio_downloads/1771533463.json
[2026-02-19T20:42:02.621+0000] {logging_mixin.py:188} INFO - Downloaded AAPL/1771533471.json -> /tmp/minio_downloads/1771533471.json
[2026-02-19T20:42:02.625+0000] {logging_mixin.py:188} INFO - Downloaded AAPL/1771533479.json -> /tmp/minio_downloads/1771533479.json
[2026-02-19T20:42:02.629+0000] {logging_mixin.py:188} INFO - Downloaded AAPL/1771533487.json -> /tmp/minio_downloads/1771533487.json
[2026-02-19T20:42:02.633+0000] {logging_mixin.py:188} INFO - Downloaded AAPL/1771533495.json -> /tmp/minio_downloads/1771533495.json
[2026-02-19T20:42:02.637+0000] {logging_mixin.py:188} INFO - Downloaded AAPL/1771533503.json -> /tmp/minio_downloads/1771533503.json
[2026-02-19T20:42:02.640+0000] {logging_mixin.py:188} INFO - Downloaded AAPL/1771533511.json -> /tmp/minio_downloads/1771533511.json
[2026-02-19T20:42:02.644+0000] {logging_mixin.py:188} INFO - Downloaded AAPL/1771533519.json -> /tmp/minio_downloads/1771533519.json
[2026-02-19T20:42:02.647+0000] {logging_mixin.py:188} INFO - Downloaded AAPL/1771533527.json -> /tmp/minio_downloads/1771533527.json
[2026-02-19T20:42:02.651+0000] {logging_mixin.py:188} INFO - Downloaded AAPL/1771533535.json -> /tmp/minio_downloads/1771533535.json
[2026-02-19T20:42:02.654+0000] {logging_mixin.py:188} INFO - Downloaded AAPL/1771533543.json -> /tmp/minio_downloads/1771533543.json
[2026-02-19T20:42:02.658+0000] {logging_mixin.py:188} INFO - Downloaded AAPL/1771533551.json -> /tmp/minio_downloads/1771533551.json
[2026-02-19T20:42:02.661+0000] {logging_mixin.py:188} INFO - Downloaded AAPL/1771533559.json -> /tmp/minio_downloads/1771533559.json
[2026-02-19T20:42:02.666+0000] {logging_mixin.py:188} INFO - Downloaded AAPL/1771533567.json -> /tmp/minio_downloads/1771533567.json
[2026-02-19T20:42:02.670+0000] {logging_mixin.py:188} INFO - Downloaded AAPL/1771533574.json -> /tmp/minio_downloads/1771533574.json
[2026-02-19T20:42:02.674+0000] {logging_mixin.py:188} INFO - Downloaded AAPL/1771533582.json -> /tmp/minio_downloads/1771533582.json
[2026-02-19T20:42:02.679+0000] {logging_mixin.py:188} INFO - Downloaded AAPL/1771533590.json -> /tmp/minio_downloads/1771533590.json
[2026-02-19T20:42:02.683+0000] {logging_mixin.py:188} INFO - Downloaded AAPL/1771533598.json -> /tmp/minio_downloads/1771533598.json
[2026-02-19T20:42:02.686+0000] {logging_mixin.py:188} INFO - Downloaded AAPL/1771533606.json -> /tmp/minio_downloads/1771533606.json
[2026-02-19T20:42:02.689+0000] {logging_mixin.py:188} INFO - Downloaded AAPL/1771533615.json -> /tmp/minio_downloads/1771533615.json
[2026-02-19T20:42:02.692+0000] {logging_mixin.py:188} INFO - Downloaded AAPL/1771533623.json -> /tmp/minio_downloads/1771533623.json
[2026-02-19T20:42:02.696+0000] {logging_mixin.py:188} INFO - Downloaded AAPL/1771533631.json -> /tmp/minio_downloads/1771533631.json
[2026-02-19T20:42:02.700+0000] {logging_mixin.py:188} INFO - Downloaded AAPL/1771533639.json -> /tmp/minio_downloads/1771533639.json
[2026-02-19T20:42:02.703+0000] {logging_mixin.py:188} INFO - Downloaded AAPL/1771533647.json -> /tmp/minio_downloads/1771533647.json
[2026-02-19T20:42:02.708+0000] {logging_mixin.py:188} INFO - Downloaded AAPL/1771533655.json -> /tmp/minio_downloads/1771533655.json
[2026-02-19T20:42:02.716+0000] {logging_mixin.py:188} INFO - Downloaded AAPL/1771533663.json -> /tmp/minio_downloads/1771533663.json
[2026-02-19T20:42:02.720+0000] {logging_mixin.py:188} INFO - Downloaded AAPL/1771533671.json -> /tmp/minio_downloads/1771533671.json
[2026-02-19T20:42:02.724+0000] {logging_mixin.py:188} INFO - Downloaded AAPL/1771533679.json -> /tmp/minio_downloads/1771533679.json
[2026-02-19T20:42:02.728+0000] {logging_mixin.py:188} INFO - Downloaded AAPL/1771533687.json -> /tmp/minio_downloads/1771533687.json
[2026-02-19T20:42:02.732+0000] {logging_mixin.py:188} INFO - Downloaded AAPL/1771533695.json -> /tmp/minio_downloads/1771533695.json
[2026-02-19T20:42:02.735+0000] {logging_mixin.py:188} INFO - Downloaded AAPL/1771533703.json -> /tmp/minio_downloads/1771533703.json
[2026-02-19T20:42:02.739+0000] {logging_mixin.py:188} INFO - Downloaded AAPL/1771533711.json -> /tmp/minio_downloads/1771533711.json
[2026-02-19T20:42:02.743+0000] {logging_mixin.py:188} INFO - Downloaded AAPL/1771533719.json -> /tmp/minio_downloads/1771533719.json
[2026-02-19T20:42:02.747+0000] {logging_mixin.py:188} INFO - Downloaded AMZN/1771533417.json -> /tmp/minio_downloads/1771533417.json
[2026-02-19T20:42:02.750+0000] {logging_mixin.py:188} INFO - Downloaded AMZN/1771533425.json -> /tmp/minio_downloads/1771533425.json
[2026-02-19T20:42:02.755+0000] {logging_mixin.py:188} INFO - Downloaded AMZN/1771533433.json -> /tmp/minio_downloads/1771533433.json
[2026-02-19T20:42:02.759+0000] {logging_mixin.py:188} INFO - Downloaded AMZN/1771533441.json -> /tmp/minio_downloads/1771533441.json
[2026-02-19T20:42:02.762+0000] {logging_mixin.py:188} INFO - Downloaded AMZN/1771533449.json -> /tmp/minio_downloads/1771533449.json
[2026-02-19T20:42:02.765+0000] {logging_mixin.py:188} INFO - Downloaded AMZN/1771533457.json -> /tmp/minio_downloads/1771533457.json
[2026-02-19T20:42:02.768+0000] {logging_mixin.py:188} INFO - Downloaded AMZN/1771533465.json -> /tmp/minio_downloads/1771533465.json
[2026-02-19T20:42:02.771+0000] {logging_mixin.py:188} INFO - Downloaded AMZN/1771533473.json -> /tmp/minio_downloads/1771533473.json
[2026-02-19T20:42:02.774+0000] {logging_mixin.py:188} INFO - Downloaded AMZN/1771533481.json -> /tmp/minio_downloads/1771533481.json
[2026-02-19T20:42:02.778+0000] {logging_mixin.py:188} INFO - Downloaded AMZN/1771533489.json -> /tmp/minio_downloads/1771533489.json
[2026-02-19T20:42:02.781+0000] {logging_mixin.py:188} INFO - Downloaded AMZN/1771533497.json -> /tmp/minio_downloads/1771533497.json
[2026-02-19T20:42:02.785+0000] {logging_mixin.py:188} INFO - Downloaded AMZN/1771533505.json -> /tmp/minio_downloads/1771533505.json
[2026-02-19T20:42:02.788+0000] {logging_mixin.py:188} INFO - Downloaded AMZN/1771533513.json -> /tmp/minio_downloads/1771533513.json
[2026-02-19T20:42:02.792+0000] {logging_mixin.py:188} INFO - Downloaded AMZN/1771533520.json -> /tmp/minio_downloads/1771533520.json
[2026-02-19T20:42:02.795+0000] {logging_mixin.py:188} INFO - Downloaded AMZN/1771533529.json -> /tmp/minio_downloads/1771533529.json
[2026-02-19T20:42:02.799+0000] {logging_mixin.py:188} INFO - Downloaded AMZN/1771533536.json -> /tmp/minio_downloads/1771533536.json
[2026-02-19T20:42:02.803+0000] {logging_mixin.py:188} INFO - Downloaded AMZN/1771533545.json -> /tmp/minio_downloads/1771533545.json
[2026-02-19T20:42:02.807+0000] {logging_mixin.py:188} INFO - Downloaded AMZN/1771533552.json -> /tmp/minio_downloads/1771533552.json
[2026-02-19T20:42:02.811+0000] {logging_mixin.py:188} INFO - Downloaded AMZN/1771533560.json -> /tmp/minio_downloads/1771533560.json
[2026-02-19T20:42:02.814+0000] {logging_mixin.py:188} INFO - Downloaded AMZN/1771533568.json -> /tmp/minio_downloads/1771533568.json
[2026-02-19T20:42:02.818+0000] {logging_mixin.py:188} INFO - Downloaded AMZN/1771533576.json -> /tmp/minio_downloads/1771533576.json
[2026-02-19T20:42:02.822+0000] {logging_mixin.py:188} INFO - Downloaded AMZN/1771533584.json -> /tmp/minio_downloads/1771533584.json
[2026-02-19T20:42:02.827+0000] {logging_mixin.py:188} INFO - Downloaded AMZN/1771533592.json -> /tmp/minio_downloads/1771533592.json
[2026-02-19T20:42:02.831+0000] {logging_mixin.py:188} INFO - Downloaded AMZN/1771533600.json -> /tmp/minio_downloads/1771533600.json
[2026-02-19T20:42:02.834+0000] {logging_mixin.py:188} INFO - Downloaded AMZN/1771533608.json -> /tmp/minio_downloads/1771533608.json
[2026-02-19T20:42:02.838+0000] {logging_mixin.py:188} INFO - Downloaded AMZN/1771533617.json -> /tmp/minio_downloads/1771533617.json
[2026-02-19T20:42:02.842+0000] {logging_mixin.py:188} INFO - Downloaded AMZN/1771533624.json -> /tmp/minio_downloads/1771533624.json
[2026-02-19T20:42:02.846+0000] {logging_mixin.py:188} INFO - Downloaded AMZN/1771533632.json -> /tmp/minio_downloads/1771533632.json
[2026-02-19T20:42:02.849+0000] {logging_mixin.py:188} INFO - Downloaded AMZN/1771533640.json -> /tmp/minio_downloads/1771533640.json
[2026-02-19T20:42:02.853+0000] {logging_mixin.py:188} INFO - Downloaded AMZN/1771533648.json -> /tmp/minio_downloads/1771533648.json
[2026-02-19T20:42:02.856+0000] {logging_mixin.py:188} INFO - Downloaded AMZN/1771533656.json -> /tmp/minio_downloads/1771533656.json
[2026-02-19T20:42:02.860+0000] {logging_mixin.py:188} INFO - Downloaded AMZN/1771533665.json -> /tmp/minio_downloads/1771533665.json
[2026-02-19T20:42:02.863+0000] {logging_mixin.py:188} INFO - Downloaded AMZN/1771533672.json -> /tmp/minio_downloads/1771533672.json
[2026-02-19T20:42:02.866+0000] {logging_mixin.py:188} INFO - Downloaded AMZN/1771533680.json -> /tmp/minio_downloads/1771533680.json
[2026-02-19T20:42:02.870+0000] {logging_mixin.py:188} INFO - Downloaded AMZN/1771533688.json -> /tmp/minio_downloads/1771533688.json
[2026-02-19T20:42:02.874+0000] {logging_mixin.py:188} INFO - Downloaded AMZN/1771533696.json -> /tmp/minio_downloads/1771533696.json
[2026-02-19T20:42:02.878+0000] {logging_mixin.py:188} INFO - Downloaded AMZN/1771533704.json -> /tmp/minio_downloads/1771533704.json
[2026-02-19T20:42:02.882+0000] {logging_mixin.py:188} INFO - Downloaded AMZN/1771533712.json -> /tmp/minio_downloads/1771533712.json
[2026-02-19T20:42:02.887+0000] {logging_mixin.py:188} INFO - Downloaded AMZN/1771533720.json -> /tmp/minio_downloads/1771533720.json
[2026-02-19T20:42:02.891+0000] {logging_mixin.py:188} INFO - Downloaded GOOGL/1771533417.json -> /tmp/minio_downloads/1771533417.json
[2026-02-19T20:42:02.895+0000] {logging_mixin.py:188} INFO - Downloaded GOOGL/1771533425.json -> /tmp/minio_downloads/1771533425.json
[2026-02-19T20:42:02.899+0000] {logging_mixin.py:188} INFO - Downloaded GOOGL/1771533433.json -> /tmp/minio_downloads/1771533433.json
[2026-02-19T20:42:02.904+0000] {logging_mixin.py:188} INFO - Downloaded GOOGL/1771533441.json -> /tmp/minio_downloads/1771533441.json
[2026-02-19T20:42:02.908+0000] {logging_mixin.py:188} INFO - Downloaded GOOGL/1771533449.json -> /tmp/minio_downloads/1771533449.json
[2026-02-19T20:42:02.912+0000] {logging_mixin.py:188} INFO - Downloaded GOOGL/1771533456.json -> /tmp/minio_downloads/1771533456.json
[2026-02-19T20:42:02.916+0000] {logging_mixin.py:188} INFO - Downloaded GOOGL/1771533464.json -> /tmp/minio_downloads/1771533464.json
[2026-02-19T20:42:02.920+0000] {logging_mixin.py:188} INFO - Downloaded GOOGL/1771533472.json -> /tmp/minio_downloads/1771533472.json
[2026-02-19T20:42:02.923+0000] {logging_mixin.py:188} INFO - Downloaded GOOGL/1771533480.json -> /tmp/minio_downloads/1771533480.json
[2026-02-19T20:42:02.926+0000] {logging_mixin.py:188} INFO - Downloaded GOOGL/1771533488.json -> /tmp/minio_downloads/1771533488.json
[2026-02-19T20:42:02.929+0000] {logging_mixin.py:188} INFO - Downloaded GOOGL/1771533496.json -> /tmp/minio_downloads/1771533496.json
[2026-02-19T20:42:02.933+0000] {logging_mixin.py:188} INFO - Downloaded GOOGL/1771533504.json -> /tmp/minio_downloads/1771533504.json
[2026-02-19T20:42:02.937+0000] {logging_mixin.py:188} INFO - Downloaded GOOGL/1771533512.json -> /tmp/minio_downloads/1771533512.json
[2026-02-19T20:42:02.941+0000] {logging_mixin.py:188} INFO - Downloaded GOOGL/1771533520.json -> /tmp/minio_downloads/1771533520.json
[2026-02-19T20:42:02.945+0000] {logging_mixin.py:188} INFO - Downloaded GOOGL/1771533528.json -> /tmp/minio_downloads/1771533528.json
[2026-02-19T20:42:02.949+0000] {logging_mixin.py:188} INFO - Downloaded GOOGL/1771533536.json -> /tmp/minio_downloads/1771533536.json
[2026-02-19T20:42:02.955+0000] {logging_mixin.py:188} INFO - Downloaded GOOGL/1771533544.json -> /tmp/minio_downloads/1771533544.json
[2026-02-19T20:42:02.959+0000] {logging_mixin.py:188} INFO - Downloaded GOOGL/1771533552.json -> /tmp/minio_downloads/1771533552.json
[2026-02-19T20:42:02.964+0000] {logging_mixin.py:188} INFO - Downloaded GOOGL/1771533560.json -> /tmp/minio_downloads/1771533560.json
[2026-02-19T20:42:02.967+0000] {logging_mixin.py:188} INFO - Downloaded GOOGL/1771533568.json -> /tmp/minio_downloads/1771533568.json
[2026-02-19T20:42:02.971+0000] {logging_mixin.py:188} INFO - Downloaded GOOGL/1771533576.json -> /tmp/minio_downloads/1771533576.json
[2026-02-19T20:42:02.976+0000] {logging_mixin.py:188} INFO - Downloaded GOOGL/1771533583.json -> /tmp/minio_downloads/1771533583.json
[2026-02-19T20:42:02.980+0000] {logging_mixin.py:188} INFO - Downloaded GOOGL/1771533591.json -> /tmp/minio_downloads/1771533591.json
[2026-02-19T20:42:02.983+0000] {logging_mixin.py:188} INFO - Downloaded GOOGL/1771533600.json -> /tmp/minio_downloads/1771533600.json
[2026-02-19T20:42:02.986+0000] {logging_mixin.py:188} INFO - Downloaded GOOGL/1771533608.json -> /tmp/minio_downloads/1771533608.json
[2026-02-19T20:42:02.989+0000] {logging_mixin.py:188} INFO - Downloaded GOOGL/1771533616.json -> /tmp/minio_downloads/1771533616.json
[2026-02-19T20:42:02.992+0000] {logging_mixin.py:188} INFO - Downloaded GOOGL/1771533624.json -> /tmp/minio_downloads/1771533624.json
[2026-02-19T20:42:02.996+0000] {logging_mixin.py:188} INFO - Downloaded GOOGL/1771533632.json -> /tmp/minio_downloads/1771533632.json
[2026-02-19T20:42:03.000+0000] {logging_mixin.py:188} INFO - Downloaded GOOGL/1771533640.json -> /tmp/minio_downloads/1771533640.json
[2026-02-19T20:42:03.004+0000] {logging_mixin.py:188} INFO - Downloaded GOOGL/1771533648.json -> /tmp/minio_downloads/1771533648.json
[2026-02-19T20:42:03.009+0000] {logging_mixin.py:188} INFO - Downloaded GOOGL/1771533656.json -> /tmp/minio_downloads/1771533656.json
[2026-02-19T20:42:03.012+0000] {logging_mixin.py:188} INFO - Downloaded GOOGL/1771533664.json -> /tmp/minio_downloads/1771533664.json
[2026-02-19T20:42:03.016+0000] {logging_mixin.py:188} INFO - Downloaded GOOGL/1771533672.json -> /tmp/minio_downloads/1771533672.json
[2026-02-19T20:42:03.019+0000] {logging_mixin.py:188} INFO - Downloaded GOOGL/1771533680.json -> /tmp/minio_downloads/1771533680.json
[2026-02-19T20:42:03.023+0000] {logging_mixin.py:188} INFO - Downloaded GOOGL/1771533688.json -> /tmp/minio_downloads/1771533688.json
[2026-02-19T20:42:03.027+0000] {logging_mixin.py:188} INFO - Downloaded GOOGL/1771533696.json -> /tmp/minio_downloads/1771533696.json
[2026-02-19T20:42:03.031+0000] {logging_mixin.py:188} INFO - Downloaded GOOGL/1771533704.json -> /tmp/minio_downloads/1771533704.json
[2026-02-19T20:42:03.036+0000] {logging_mixin.py:188} INFO - Downloaded GOOGL/1771533712.json -> /tmp/minio_downloads/1771533712.json
[2026-02-19T20:42:03.040+0000] {logging_mixin.py:188} INFO - Downloaded GOOGL/1771533720.json -> /tmp/minio_downloads/1771533720.json
[2026-02-19T20:42:03.044+0000] {logging_mixin.py:188} INFO - Downloaded MSFT/1771533416.json -> /tmp/minio_downloads/1771533416.json
[2026-02-19T20:42:03.047+0000] {logging_mixin.py:188} INFO - Downloaded MSFT/1771533424.json -> /tmp/minio_downloads/1771533424.json
[2026-02-19T20:42:03.050+0000] {logging_mixin.py:188} INFO - Downloaded MSFT/1771533432.json -> /tmp/minio_downloads/1771533432.json
[2026-02-19T20:42:03.054+0000] {logging_mixin.py:188} INFO - Downloaded MSFT/1771533440.json -> /tmp/minio_downloads/1771533440.json
[2026-02-19T20:42:03.058+0000] {logging_mixin.py:188} INFO - Downloaded MSFT/1771533448.json -> /tmp/minio_downloads/1771533448.json
[2026-02-19T20:42:03.062+0000] {logging_mixin.py:188} INFO - Downloaded MSFT/1771533456.json -> /tmp/minio_downloads/1771533456.json
[2026-02-19T20:42:03.065+0000] {logging_mixin.py:188} INFO - Downloaded MSFT/1771533464.json -> /tmp/minio_downloads/1771533464.json
[2026-02-19T20:42:03.068+0000] {logging_mixin.py:188} INFO - Downloaded MSFT/1771533472.json -> /tmp/minio_downloads/1771533472.json
[2026-02-19T20:42:03.072+0000] {logging_mixin.py:188} INFO - Downloaded MSFT/1771533479.json -> /tmp/minio_downloads/1771533479.json
[2026-02-19T20:42:03.075+0000] {logging_mixin.py:188} INFO - Downloaded MSFT/1771533488.json -> /tmp/minio_downloads/1771533488.json
[2026-02-19T20:42:03.078+0000] {logging_mixin.py:188} INFO - Downloaded MSFT/1771533496.json -> /tmp/minio_downloads/1771533496.json
[2026-02-19T20:42:03.082+0000] {logging_mixin.py:188} INFO - Downloaded MSFT/1771533504.json -> /tmp/minio_downloads/1771533504.json
[2026-02-19T20:42:03.086+0000] {logging_mixin.py:188} INFO - Downloaded MSFT/1771533511.json -> /tmp/minio_downloads/1771533511.json
[2026-02-19T20:42:03.090+0000] {logging_mixin.py:188} INFO - Downloaded MSFT/1771533519.json -> /tmp/minio_downloads/1771533519.json
[2026-02-19T20:42:03.094+0000] {logging_mixin.py:188} INFO - Downloaded MSFT/1771533527.json -> /tmp/minio_downloads/1771533527.json
[2026-02-19T20:42:03.098+0000] {logging_mixin.py:188} INFO - Downloaded MSFT/1771533535.json -> /tmp/minio_downloads/1771533535.json
[2026-02-19T20:42:03.102+0000] {logging_mixin.py:188} INFO - Downloaded MSFT/1771533543.json -> /tmp/minio_downloads/1771533543.json
[2026-02-19T20:42:03.106+0000] {logging_mixin.py:188} INFO - Downloaded MSFT/1771533551.json -> /tmp/minio_downloads/1771533551.json
[2026-02-19T20:42:03.110+0000] {logging_mixin.py:188} INFO - Downloaded MSFT/1771533559.json -> /tmp/minio_downloads/1771533559.json
[2026-02-19T20:42:03.114+0000] {logging_mixin.py:188} INFO - Downloaded MSFT/1771533567.json -> /tmp/minio_downloads/1771533567.json
[2026-02-19T20:42:03.117+0000] {logging_mixin.py:188} INFO - Downloaded MSFT/1771533575.json -> /tmp/minio_downloads/1771533575.json
[2026-02-19T20:42:03.120+0000] {logging_mixin.py:188} INFO - Downloaded MSFT/1771533583.json -> /tmp/minio_downloads/1771533583.json
[2026-02-19T20:42:03.123+0000] {logging_mixin.py:188} INFO - Downloaded MSFT/1771533591.json -> /tmp/minio_downloads/1771533591.json
[2026-02-19T20:42:03.127+0000] {logging_mixin.py:188} INFO - Downloaded MSFT/1771533599.json -> /tmp/minio_downloads/1771533599.json
[2026-02-19T20:42:03.130+0000] {logging_mixin.py:188} INFO - Downloaded MSFT/1771533607.json -> /tmp/minio_downloads/1771533607.json
[2026-02-19T20:42:03.134+0000] {logging_mixin.py:188} INFO - Downloaded MSFT/1771533615.json -> /tmp/minio_downloads/1771533615.json
[2026-02-19T20:42:03.137+0000] {logging_mixin.py:188} INFO - Downloaded MSFT/1771533623.json -> /tmp/minio_downloads/1771533623.json
[2026-02-19T20:42:03.141+0000] {logging_mixin.py:188} INFO - Downloaded MSFT/1771533631.json -> /tmp/minio_downloads/1771533631.json
[2026-02-19T20:42:03.145+0000] {logging_mixin.py:188} INFO - Downloaded MSFT/1771533639.json -> /tmp/minio_downloads/1771533639.json
[2026-02-19T20:42:03.149+0000] {logging_mixin.py:188} INFO - Downloaded MSFT/1771533647.json -> /tmp/minio_downloads/1771533647.json
[2026-02-19T20:42:03.162+0000] {logging_mixin.py:188} INFO - Downloaded MSFT/1771533655.json -> /tmp/minio_downloads/1771533655.json
[2026-02-19T20:42:03.174+0000] {logging_mixin.py:188} INFO - Downloaded MSFT/1771533663.json -> /tmp/minio_downloads/1771533663.json
[2026-02-19T20:42:03.181+0000] {logging_mixin.py:188} INFO - Downloaded MSFT/1771533671.json -> /tmp/minio_downloads/1771533671.json
[2026-02-19T20:42:03.188+0000] {logging_mixin.py:188} INFO - Downloaded MSFT/1771533679.json -> /tmp/minio_downloads/1771533679.json
[2026-02-19T20:42:03.194+0000] {logging_mixin.py:188} INFO - Downloaded MSFT/1771533687.json -> /tmp/minio_downloads/1771533687.json
[2026-02-19T20:42:03.198+0000] {logging_mixin.py:188} INFO - Downloaded MSFT/1771533695.json -> /tmp/minio_downloads/1771533695.json
[2026-02-19T20:42:03.201+0000] {logging_mixin.py:188} INFO - Downloaded MSFT/1771533703.json -> /tmp/minio_downloads/1771533703.json
[2026-02-19T20:42:03.205+0000] {logging_mixin.py:188} INFO - Downloaded MSFT/1771533711.json -> /tmp/minio_downloads/1771533711.json
[2026-02-19T20:42:03.209+0000] {logging_mixin.py:188} INFO - Downloaded MSFT/1771533719.json -> /tmp/minio_downloads/1771533719.json
[2026-02-19T20:42:03.213+0000] {logging_mixin.py:188} INFO - Downloaded TSLA/1771533417.json -> /tmp/minio_downloads/1771533417.json
[2026-02-19T20:42:03.216+0000] {logging_mixin.py:188} INFO - Downloaded TSLA/1771533424.json -> /tmp/minio_downloads/1771533424.json
[2026-02-19T20:42:03.220+0000] {logging_mixin.py:188} INFO - Downloaded TSLA/1771533433.json -> /tmp/minio_downloads/1771533433.json
[2026-02-19T20:42:03.224+0000] {logging_mixin.py:188} INFO - Downloaded TSLA/1771533440.json -> /tmp/minio_downloads/1771533440.json
[2026-02-19T20:42:03.229+0000] {logging_mixin.py:188} INFO - Downloaded TSLA/1771533448.json -> /tmp/minio_downloads/1771533448.json
[2026-02-19T20:42:03.233+0000] {logging_mixin.py:188} INFO - Downloaded TSLA/1771533456.json -> /tmp/minio_downloads/1771533456.json
[2026-02-19T20:42:03.236+0000] {logging_mixin.py:188} INFO - Downloaded TSLA/1771533464.json -> /tmp/minio_downloads/1771533464.json
[2026-02-19T20:42:03.240+0000] {logging_mixin.py:188} INFO - Downloaded TSLA/1771533472.json -> /tmp/minio_downloads/1771533472.json
[2026-02-19T20:42:03.244+0000] {logging_mixin.py:188} INFO - Downloaded TSLA/1771533480.json -> /tmp/minio_downloads/1771533480.json
[2026-02-19T20:42:03.248+0000] {logging_mixin.py:188} INFO - Downloaded TSLA/1771533488.json -> /tmp/minio_downloads/1771533488.json
[2026-02-19T20:42:03.251+0000] {logging_mixin.py:188} INFO - Downloaded TSLA/1771533496.json -> /tmp/minio_downloads/1771533496.json
[2026-02-19T20:42:03.255+0000] {logging_mixin.py:188} INFO - Downloaded TSLA/1771533504.json -> /tmp/minio_downloads/1771533504.json
[2026-02-19T20:42:03.259+0000] {logging_mixin.py:188} INFO - Downloaded TSLA/1771533512.json -> /tmp/minio_downloads/1771533512.json
[2026-02-19T20:42:03.264+0000] {logging_mixin.py:188} INFO - Downloaded TSLA/1771533520.json -> /tmp/minio_downloads/1771533520.json
[2026-02-19T20:42:03.268+0000] {logging_mixin.py:188} INFO - Downloaded TSLA/1771533528.json -> /tmp/minio_downloads/1771533528.json
[2026-02-19T20:42:03.272+0000] {logging_mixin.py:188} INFO - Downloaded TSLA/1771533536.json -> /tmp/minio_downloads/1771533536.json
[2026-02-19T20:42:03.277+0000] {logging_mixin.py:188} INFO - Downloaded TSLA/1771533544.json -> /tmp/minio_downloads/1771533544.json
[2026-02-19T20:42:03.280+0000] {logging_mixin.py:188} INFO - Downloaded TSLA/1771533552.json -> /tmp/minio_downloads/1771533552.json
[2026-02-19T20:42:03.284+0000] {logging_mixin.py:188} INFO - Downloaded TSLA/1771533560.json -> /tmp/minio_downloads/1771533560.json
[2026-02-19T20:42:03.288+0000] {logging_mixin.py:188} INFO - Downloaded TSLA/1771533567.json -> /tmp/minio_downloads/1771533567.json
[2026-02-19T20:42:03.292+0000] {logging_mixin.py:188} INFO - Downloaded TSLA/1771533575.json -> /tmp/minio_downloads/1771533575.json
[2026-02-19T20:42:03.297+0000] {logging_mixin.py:188} INFO - Downloaded TSLA/1771533583.json -> /tmp/minio_downloads/1771533583.json
[2026-02-19T20:42:03.301+0000] {logging_mixin.py:188} INFO - Downloaded TSLA/1771533591.json -> /tmp/minio_downloads/1771533591.json
[2026-02-19T20:42:03.305+0000] {logging_mixin.py:188} INFO - Downloaded TSLA/1771533599.json -> /tmp/minio_downloads/1771533599.json
[2026-02-19T20:42:03.309+0000] {logging_mixin.py:188} INFO - Downloaded TSLA/1771533607.json -> /tmp/minio_downloads/1771533607.json
[2026-02-19T20:42:03.313+0000] {logging_mixin.py:188} INFO - Downloaded TSLA/1771533616.json -> /tmp/minio_downloads/1771533616.json
[2026-02-19T20:42:03.317+0000] {logging_mixin.py:188} INFO - Downloaded TSLA/1771533624.json -> /tmp/minio_downloads/1771533624.json
[2026-02-19T20:42:03.321+0000] {logging_mixin.py:188} INFO - Downloaded TSLA/1771533632.json -> /tmp/minio_downloads/1771533632.json
[2026-02-19T20:42:03.325+0000] {logging_mixin.py:188} INFO - Downloaded TSLA/1771533640.json -> /tmp/minio_downloads/1771533640.json
[2026-02-19T20:42:03.329+0000] {logging_mixin.py:188} INFO - Downloaded TSLA/1771533647.json -> /tmp/minio_downloads/1771533647.json
[2026-02-19T20:42:03.333+0000] {logging_mixin.py:188} INFO - Downloaded TSLA/1771533655.json -> /tmp/minio_downloads/1771533655.json
[2026-02-19T20:42:03.336+0000] {logging_mixin.py:188} INFO - Downloaded TSLA/1771533664.json -> /tmp/minio_downloads/1771533664.json
[2026-02-19T20:42:03.340+0000] {logging_mixin.py:188} INFO - Downloaded TSLA/1771533672.json -> /tmp/minio_downloads/1771533672.json
[2026-02-19T20:42:03.344+0000] {logging_mixin.py:188} INFO - Downloaded TSLA/1771533680.json -> /tmp/minio_downloads/1771533680.json
[2026-02-19T20:42:03.347+0000] {logging_mixin.py:188} INFO - Downloaded TSLA/1771533688.json -> /tmp/minio_downloads/1771533688.json
[2026-02-19T20:42:03.351+0000] {logging_mixin.py:188} INFO - Downloaded TSLA/1771533695.json -> /tmp/minio_downloads/1771533695.json
[2026-02-19T20:42:03.354+0000] {logging_mixin.py:188} INFO - Downloaded TSLA/1771533703.json -> /tmp/minio_downloads/1771533703.json
[2026-02-19T20:42:03.358+0000] {logging_mixin.py:188} INFO - Downloaded TSLA/1771533712.json -> /tmp/minio_downloads/1771533712.json
[2026-02-19T20:42:03.363+0000] {logging_mixin.py:188} INFO - Downloaded TSLA/1771533719.json -> /tmp/minio_downloads/1771533719.json
[2026-02-19T20:42:03.363+0000] {python.py:237} INFO - Done. Returned value was: ['/tmp/minio_downloads/1771533416.json', '/tmp/minio_downloads/1771533424.json', '/tmp/minio_downloads/1771533432.json', '/tmp/minio_downloads/1771533440.json', '/tmp/minio_downloads/1771533447.json', '/tmp/minio_downloads/1771533455.json', '/tmp/minio_downloads/1771533463.json', '/tmp/minio_downloads/1771533471.json', '/tmp/minio_downloads/1771533479.json', '/tmp/minio_downloads/1771533487.json', '/tmp/minio_downloads/1771533495.json', '/tmp/minio_downloads/1771533503.json', '/tmp/minio_downloads/1771533511.json', '/tmp/minio_downloads/1771533519.json', '/tmp/minio_downloads/1771533527.json', '/tmp/minio_downloads/1771533535.json', '/tmp/minio_downloads/1771533543.json', '/tmp/minio_downloads/1771533551.json', '/tmp/minio_downloads/1771533559.json', '/tmp/minio_downloads/1771533567.json', '/tmp/minio_downloads/1771533574.json', '/tmp/minio_downloads/1771533582.json', '/tmp/minio_downloads/1771533590.json', '/tmp/minio_downloads/1771533598.json', '/tmp/minio_downloads/1771533606.json', '/tmp/minio_downloads/1771533615.json', '/tmp/minio_downloads/1771533623.json', '/tmp/minio_downloads/1771533631.json', '/tmp/minio_downloads/1771533639.json', '/tmp/minio_downloads/1771533647.json', '/tmp/minio_downloads/1771533655.json', '/tmp/minio_downloads/1771533663.json', '/tmp/minio_downloads/1771533671.json', '/tmp/minio_downloads/1771533679.json', '/tmp/minio_downloads/1771533687.json', '/tmp/minio_downloads/1771533695.json', '/tmp/minio_downloads/1771533703.json', '/tmp/minio_downloads/1771533711.json', '/tmp/minio_downloads/1771533719.json', '/tmp/minio_downloads/1771533417.json', '/tmp/minio_downloads/1771533425.json', '/tmp/minio_downloads/1771533433.json', '/tmp/minio_downloads/1771533441.json', '/tmp/minio_downloads/1771533449.json', '/tmp/minio_downloads/1771533457.json', '/tmp/minio_downloads/1771533465.json', '/tmp/minio_downloads/1771533473.json', '/tmp/minio_downloads/1771533481.json', '/tmp/minio_downloads/1771533489.json', '/tmp/minio_downloads/1771533497.json', '/tmp/minio_downloads/1771533505.json', '/tmp/minio_downloads/1771533513.json', '/tmp/minio_downloads/1771533520.json', '/tmp/minio_downloads/1771533529.json', '/tmp/minio_downloads/1771533536.json', '/tmp/minio_downloads/1771533545.json', '/tmp/minio_downloads/1771533552.json', '/tmp/minio_downloads/1771533560.json', '/tmp/minio_downloads/1771533568.json', '/tmp/minio_downloads/1771533576.json', '/tmp/minio_downloads/1771533584.json', '/tmp/minio_downloads/1771533592.json', '/tmp/minio_downloads/1771533600.json', '/tmp/minio_downloads/1771533608.json', '/tmp/minio_downloads/1771533617.json', '/tmp/minio_downloads/1771533624.json', '/tmp/minio_downloads/1771533632.json', '/tmp/minio_downloads/1771533640.json', '/tmp/minio_downloads/1771533648.json', '/tmp/minio_downloads/1771533656.json', '/tmp/minio_downloads/1771533665.json', '/tmp/minio_downloads/1771533672.json', '/tmp/minio_downloads/1771533680.json', '/tmp/minio_downloads/1771533688.json', '/tmp/minio_downloads/1771533696.json', '/tmp/minio_downloads/1771533704.json', '/tmp/minio_downloads/1771533712.json', '/tmp/minio_downloads/1771533720.json', '/tmp/minio_downloads/1771533417.json', '/tmp/minio_downloads/1771533425.json', '/tmp/minio_downloads/1771533433.json', '/tmp/minio_downloads/1771533441.json', '/tmp/minio_downloads/1771533449.json', '/tmp/minio_downloads/1771533456.json', '/tmp/minio_downloads/1771533464.json', '/tmp/minio_downloads/1771533472.json', '/tmp/minio_downloads/1771533480.json', '/tmp/minio_downloads/1771533488.json', '/tmp/minio_downloads/1771533496.json', '/tmp/minio_downloads/1771533504.json', '/tmp/minio_downloads/1771533512.json', '/tmp/minio_downloads/1771533520.json', '/tmp/minio_downloads/1771533528.json', '/tmp/minio_downloads/1771533536.json', '/tmp/minio_downloads/1771533544.json', '/tmp/minio_downloads/1771533552.json', '/tmp/minio_downloads/1771533560.json', '/tmp/minio_downloads/1771533568.json', '/tmp/minio_downloads/1771533576.json', '/tmp/minio_downloads/1771533583.json', '/tmp/minio_downloads/1771533591.json', '/tmp/minio_downloads/1771533600.json', '/tmp/minio_downloads/1771533608.json', '/tmp/minio_downloads/1771533616.json', '/tmp/minio_downloads/1771533624.json', '/tmp/minio_downloads/1771533632.json', '/tmp/minio_downloads/1771533640.json', '/tmp/minio_downloads/1771533648.json', '/tmp/minio_downloads/1771533656.json', '/tmp/minio_downloads/1771533664.json', '/tmp/minio_downloads/1771533672.json', '/tmp/minio_downloads/1771533680.json', '/tmp/minio_downloads/1771533688.json', '/tmp/minio_downloads/1771533696.json', '/tmp/minio_downloads/1771533704.json', '/tmp/minio_downloads/1771533712.json', '/tmp/minio_downloads/1771533720.json', '/tmp/minio_downloads/1771533416.json', '/tmp/minio_downloads/1771533424.json', '/tmp/minio_downloads/1771533432.json', '/tmp/minio_downloads/1771533440.json', '/tmp/minio_downloads/1771533448.json', '/tmp/minio_downloads/1771533456.json', '/tmp/minio_downloads/1771533464.json', '/tmp/minio_downloads/1771533472.json', '/tmp/minio_downloads/1771533479.json', '/tmp/minio_downloads/1771533488.json', '/tmp/minio_downloads/1771533496.json', '/tmp/minio_downloads/1771533504.json', '/tmp/minio_downloads/1771533511.json', '/tmp/minio_downloads/1771533519.json', '/tmp/minio_downloads/1771533527.json', '/tmp/minio_downloads/1771533535.json', '/tmp/minio_downloads/1771533543.json', '/tmp/minio_downloads/1771533551.json', '/tmp/minio_downloads/1771533559.json', '/tmp/minio_downloads/1771533567.json', '/tmp/minio_downloads/1771533575.json', '/tmp/minio_downloads/1771533583.json', '/tmp/minio_downloads/1771533591.json', '/tmp/minio_downloads/1771533599.json', '/tmp/minio_downloads/1771533607.json', '/tmp/minio_downloads/1771533615.json', '/tmp/minio_downloads/1771533623.json', '/tmp/minio_downloads/1771533631.json', '/tmp/minio_downloads/1771533639.json', '/tmp/minio_downloads/1771533647.json', '/tmp/minio_downloads/1771533655.json', '/tmp/minio_downloads/1771533663.json', '/tmp/minio_downloads/1771533671.json', '/tmp/minio_downloads/1771533679.json', '/tmp/minio_downloads/1771533687.json', '/tmp/minio_downloads/1771533695.json', '/tmp/minio_downloads/1771533703.json', '/tmp/minio_downloads/1771533711.json', '/tmp/minio_downloads/1771533719.json', '/tmp/minio_downloads/1771533417.json', '/tmp/minio_downloads/1771533424.json', '/tmp/minio_downloads/1771533433.json', '/tmp/minio_downloads/1771533440.json', '/tmp/minio_downloads/1771533448.json', '/tmp/minio_downloads/1771533456.json', '/tmp/minio_downloads/1771533464.json', '/tmp/minio_downloads/1771533472.json', '/tmp/minio_downloads/1771533480.json', '/tmp/minio_downloads/1771533488.json', '/tmp/minio_downloads/1771533496.json', '/tmp/minio_downloads/1771533504.json', '/tmp/minio_downloads/1771533512.json', '/tmp/minio_downloads/1771533520.json', '/tmp/minio_downloads/1771533528.json', '/tmp/minio_downloads/1771533536.json', '/tmp/minio_downloads/1771533544.json', '/tmp/minio_downloads/1771533552.json', '/tmp/minio_downloads/1771533560.json', '/tmp/minio_downloads/1771533567.json', '/tmp/minio_downloads/1771533575.json', '/tmp/minio_downloads/1771533583.json', '/tmp/minio_downloads/1771533591.json', '/tmp/minio_downloads/1771533599.json', '/tmp/minio_downloads/1771533607.json', '/tmp/minio_downloads/1771533616.json', '/tmp/minio_downloads/1771533624.json', '/tmp/minio_downloads/1771533632.json', '/tmp/minio_downloads/1771533640.json', '/tmp/minio_downloads/1771533647.json', '/tmp/minio_downloads/1771533655.json', '/tmp/minio_downloads/1771533664.json', '/tmp/minio_downloads/1771533672.json', '/tmp/minio_downloads/1771533680.json', '/tmp/minio_downloads/1771533688.json', '/tmp/minio_downloads/1771533695.json', '/tmp/minio_downloads/1771533703.json', '/tmp/minio_downloads/1771533712.json', '/tmp/minio_downloads/1771533719.json']
[2026-02-19T20:42:03.364+0000] {taskinstance.py:441} INFO - ::group::Post task execution logs
[2026-02-19T20:42:03.388+0000] {taskinstance.py:1206} INFO - Marking task as SUCCESS. dag_id=minio_to_snowflake, task_id=download_minio, run_id=scheduled__2026-02-19T20:41:00+00:00, execution_date=20260219T204100, start_date=20260219T204202, end_date=20260219T204203
[2026-02-19T20:42:03.402+0000] {local_task_job_runner.py:243} INFO - Task exited with return code 0
[2026-02-19T20:42:03.416+0000] {taskinstance.py:3503} INFO - 1 downstream tasks scheduled from follow-on schedule check
[2026-02-19T20:42:03.417+0000] {local_task_job_runner.py:222} INFO - ::endgroup::
