[2026-02-19T20:38:42.260+0000] {local_task_job_runner.py:120} INFO - ::group::Pre task execution logs
[2026-02-19T20:38:42.281+0000] {taskinstance.py:2076} INFO - Dependencies all met for dep_context=non-requeueable deps ti=<TaskInstance: minio_to_snowflake.download_minio scheduled__2026-02-19T20:37:00+00:00 [queued]>
[2026-02-19T20:38:42.285+0000] {taskinstance.py:2076} INFO - Dependencies all met for dep_context=requeueable deps ti=<TaskInstance: minio_to_snowflake.download_minio scheduled__2026-02-19T20:37:00+00:00 [queued]>
[2026-02-19T20:38:42.285+0000] {taskinstance.py:2306} INFO - Starting attempt 1 of 2
[2026-02-19T20:38:42.292+0000] {taskinstance.py:2330} INFO - Executing <Task(PythonOperator): download_minio> on 2026-02-19 20:37:00+00:00
[2026-02-19T20:38:42.301+0000] {standard_task_runner.py:90} INFO - Running: ['***', 'tasks', 'run', 'minio_to_snowflake', 'download_minio', 'scheduled__2026-02-19T20:37:00+00:00', '--job-id', '143', '--raw', '--subdir', 'DAGS_FOLDER/minio_to_snowflake.py', '--cfg-path', '/tmp/tmpo8fzigg9']
[2026-02-19T20:38:42.303+0000] {logging_mixin.py:188} WARNING - /home/***/.local/lib/python3.12/site-packages/***/task/task_runner/standard_task_runner.py:62 DeprecationWarning: This process (pid=21505) is multi-threaded, use of fork() may lead to deadlocks in the child.
[2026-02-19T20:38:42.304+0000] {standard_task_runner.py:64} INFO - Started process 21517 to run task
[2026-02-19T20:38:42.304+0000] {standard_task_runner.py:91} INFO - Job 143: Subtask download_minio
[2026-02-19T20:38:42.345+0000] {task_command.py:426} INFO - Running <TaskInstance: minio_to_snowflake.download_minio scheduled__2026-02-19T20:37:00+00:00 [running]> on host 0c2666b81705
[2026-02-19T20:38:42.402+0000] {taskinstance.py:2648} INFO - Exporting env vars: AIRFLOW_CTX_DAG_OWNER='***' AIRFLOW_CTX_DAG_ID='minio_to_snowflake' AIRFLOW_CTX_TASK_ID='download_minio' AIRFLOW_CTX_EXECUTION_DATE='2026-02-19T20:37:00+00:00' AIRFLOW_CTX_TRY_NUMBER='1' AIRFLOW_CTX_DAG_RUN_ID='scheduled__2026-02-19T20:37:00+00:00'
[2026-02-19T20:38:42.403+0000] {taskinstance.py:430} INFO - ::endgroup::
[2026-02-19T20:38:42.700+0000] {logging_mixin.py:188} INFO - Downloaded AAPL/1771533416.json -> /tmp/minio_downloads/1771533416.json
[2026-02-19T20:38:42.705+0000] {logging_mixin.py:188} INFO - Downloaded AAPL/1771533424.json -> /tmp/minio_downloads/1771533424.json
[2026-02-19T20:38:42.709+0000] {logging_mixin.py:188} INFO - Downloaded AAPL/1771533432.json -> /tmp/minio_downloads/1771533432.json
[2026-02-19T20:38:42.713+0000] {logging_mixin.py:188} INFO - Downloaded AAPL/1771533440.json -> /tmp/minio_downloads/1771533440.json
[2026-02-19T20:38:42.717+0000] {logging_mixin.py:188} INFO - Downloaded AAPL/1771533447.json -> /tmp/minio_downloads/1771533447.json
[2026-02-19T20:38:42.721+0000] {logging_mixin.py:188} INFO - Downloaded AAPL/1771533455.json -> /tmp/minio_downloads/1771533455.json
[2026-02-19T20:38:42.724+0000] {logging_mixin.py:188} INFO - Downloaded AAPL/1771533463.json -> /tmp/minio_downloads/1771533463.json
[2026-02-19T20:38:42.727+0000] {logging_mixin.py:188} INFO - Downloaded AAPL/1771533471.json -> /tmp/minio_downloads/1771533471.json
[2026-02-19T20:38:42.731+0000] {logging_mixin.py:188} INFO - Downloaded AAPL/1771533479.json -> /tmp/minio_downloads/1771533479.json
[2026-02-19T20:38:42.734+0000] {logging_mixin.py:188} INFO - Downloaded AAPL/1771533487.json -> /tmp/minio_downloads/1771533487.json
[2026-02-19T20:38:42.737+0000] {logging_mixin.py:188} INFO - Downloaded AAPL/1771533495.json -> /tmp/minio_downloads/1771533495.json
[2026-02-19T20:38:42.740+0000] {logging_mixin.py:188} INFO - Downloaded AAPL/1771533503.json -> /tmp/minio_downloads/1771533503.json
[2026-02-19T20:38:42.743+0000] {logging_mixin.py:188} INFO - Downloaded AAPL/1771533511.json -> /tmp/minio_downloads/1771533511.json
[2026-02-19T20:38:42.747+0000] {logging_mixin.py:188} INFO - Downloaded AAPL/1771533519.json -> /tmp/minio_downloads/1771533519.json
[2026-02-19T20:38:42.750+0000] {logging_mixin.py:188} INFO - Downloaded AMZN/1771533417.json -> /tmp/minio_downloads/1771533417.json
[2026-02-19T20:38:42.753+0000] {logging_mixin.py:188} INFO - Downloaded AMZN/1771533425.json -> /tmp/minio_downloads/1771533425.json
[2026-02-19T20:38:42.757+0000] {logging_mixin.py:188} INFO - Downloaded AMZN/1771533433.json -> /tmp/minio_downloads/1771533433.json
[2026-02-19T20:38:42.761+0000] {logging_mixin.py:188} INFO - Downloaded AMZN/1771533441.json -> /tmp/minio_downloads/1771533441.json
[2026-02-19T20:38:42.765+0000] {logging_mixin.py:188} INFO - Downloaded AMZN/1771533449.json -> /tmp/minio_downloads/1771533449.json
[2026-02-19T20:38:42.770+0000] {logging_mixin.py:188} INFO - Downloaded AMZN/1771533457.json -> /tmp/minio_downloads/1771533457.json
[2026-02-19T20:38:42.775+0000] {logging_mixin.py:188} INFO - Downloaded AMZN/1771533465.json -> /tmp/minio_downloads/1771533465.json
[2026-02-19T20:38:42.779+0000] {logging_mixin.py:188} INFO - Downloaded AMZN/1771533473.json -> /tmp/minio_downloads/1771533473.json
[2026-02-19T20:38:42.783+0000] {logging_mixin.py:188} INFO - Downloaded AMZN/1771533481.json -> /tmp/minio_downloads/1771533481.json
[2026-02-19T20:38:42.787+0000] {logging_mixin.py:188} INFO - Downloaded AMZN/1771533489.json -> /tmp/minio_downloads/1771533489.json
[2026-02-19T20:38:42.791+0000] {logging_mixin.py:188} INFO - Downloaded AMZN/1771533497.json -> /tmp/minio_downloads/1771533497.json
[2026-02-19T20:38:42.795+0000] {logging_mixin.py:188} INFO - Downloaded AMZN/1771533505.json -> /tmp/minio_downloads/1771533505.json
[2026-02-19T20:38:42.799+0000] {logging_mixin.py:188} INFO - Downloaded AMZN/1771533513.json -> /tmp/minio_downloads/1771533513.json
[2026-02-19T20:38:42.804+0000] {logging_mixin.py:188} INFO - Downloaded AMZN/1771533520.json -> /tmp/minio_downloads/1771533520.json
[2026-02-19T20:38:42.809+0000] {logging_mixin.py:188} INFO - Downloaded GOOGL/1771533417.json -> /tmp/minio_downloads/1771533417.json
[2026-02-19T20:38:42.815+0000] {logging_mixin.py:188} INFO - Downloaded GOOGL/1771533425.json -> /tmp/minio_downloads/1771533425.json
[2026-02-19T20:38:42.819+0000] {logging_mixin.py:188} INFO - Downloaded GOOGL/1771533433.json -> /tmp/minio_downloads/1771533433.json
[2026-02-19T20:38:42.822+0000] {logging_mixin.py:188} INFO - Downloaded GOOGL/1771533441.json -> /tmp/minio_downloads/1771533441.json
[2026-02-19T20:38:42.825+0000] {logging_mixin.py:188} INFO - Downloaded GOOGL/1771533449.json -> /tmp/minio_downloads/1771533449.json
[2026-02-19T20:38:42.828+0000] {logging_mixin.py:188} INFO - Downloaded GOOGL/1771533456.json -> /tmp/minio_downloads/1771533456.json
[2026-02-19T20:38:42.832+0000] {logging_mixin.py:188} INFO - Downloaded GOOGL/1771533464.json -> /tmp/minio_downloads/1771533464.json
[2026-02-19T20:38:42.835+0000] {logging_mixin.py:188} INFO - Downloaded GOOGL/1771533472.json -> /tmp/minio_downloads/1771533472.json
[2026-02-19T20:38:42.838+0000] {logging_mixin.py:188} INFO - Downloaded GOOGL/1771533480.json -> /tmp/minio_downloads/1771533480.json
[2026-02-19T20:38:42.841+0000] {logging_mixin.py:188} INFO - Downloaded GOOGL/1771533488.json -> /tmp/minio_downloads/1771533488.json
[2026-02-19T20:38:42.844+0000] {logging_mixin.py:188} INFO - Downloaded GOOGL/1771533496.json -> /tmp/minio_downloads/1771533496.json
[2026-02-19T20:38:42.847+0000] {logging_mixin.py:188} INFO - Downloaded GOOGL/1771533504.json -> /tmp/minio_downloads/1771533504.json
[2026-02-19T20:38:42.850+0000] {logging_mixin.py:188} INFO - Downloaded GOOGL/1771533512.json -> /tmp/minio_downloads/1771533512.json
[2026-02-19T20:38:42.853+0000] {logging_mixin.py:188} INFO - Downloaded GOOGL/1771533520.json -> /tmp/minio_downloads/1771533520.json
[2026-02-19T20:38:42.856+0000] {logging_mixin.py:188} INFO - Downloaded MSFT/1771533416.json -> /tmp/minio_downloads/1771533416.json
[2026-02-19T20:38:42.860+0000] {logging_mixin.py:188} INFO - Downloaded MSFT/1771533424.json -> /tmp/minio_downloads/1771533424.json
[2026-02-19T20:38:42.863+0000] {logging_mixin.py:188} INFO - Downloaded MSFT/1771533432.json -> /tmp/minio_downloads/1771533432.json
[2026-02-19T20:38:42.866+0000] {logging_mixin.py:188} INFO - Downloaded MSFT/1771533440.json -> /tmp/minio_downloads/1771533440.json
[2026-02-19T20:38:42.870+0000] {logging_mixin.py:188} INFO - Downloaded MSFT/1771533448.json -> /tmp/minio_downloads/1771533448.json
[2026-02-19T20:38:42.873+0000] {logging_mixin.py:188} INFO - Downloaded MSFT/1771533456.json -> /tmp/minio_downloads/1771533456.json
[2026-02-19T20:38:42.876+0000] {logging_mixin.py:188} INFO - Downloaded MSFT/1771533464.json -> /tmp/minio_downloads/1771533464.json
[2026-02-19T20:38:42.879+0000] {logging_mixin.py:188} INFO - Downloaded MSFT/1771533472.json -> /tmp/minio_downloads/1771533472.json
[2026-02-19T20:38:42.882+0000] {logging_mixin.py:188} INFO - Downloaded MSFT/1771533479.json -> /tmp/minio_downloads/1771533479.json
[2026-02-19T20:38:42.885+0000] {logging_mixin.py:188} INFO - Downloaded MSFT/1771533488.json -> /tmp/minio_downloads/1771533488.json
[2026-02-19T20:38:42.889+0000] {logging_mixin.py:188} INFO - Downloaded MSFT/1771533496.json -> /tmp/minio_downloads/1771533496.json
[2026-02-19T20:38:42.892+0000] {logging_mixin.py:188} INFO - Downloaded MSFT/1771533504.json -> /tmp/minio_downloads/1771533504.json
[2026-02-19T20:38:42.897+0000] {logging_mixin.py:188} INFO - Downloaded MSFT/1771533511.json -> /tmp/minio_downloads/1771533511.json
[2026-02-19T20:38:42.901+0000] {logging_mixin.py:188} INFO - Downloaded MSFT/1771533519.json -> /tmp/minio_downloads/1771533519.json
[2026-02-19T20:38:42.904+0000] {logging_mixin.py:188} INFO - Downloaded TSLA/1771533417.json -> /tmp/minio_downloads/1771533417.json
[2026-02-19T20:38:42.908+0000] {logging_mixin.py:188} INFO - Downloaded TSLA/1771533424.json -> /tmp/minio_downloads/1771533424.json
[2026-02-19T20:38:42.912+0000] {logging_mixin.py:188} INFO - Downloaded TSLA/1771533433.json -> /tmp/minio_downloads/1771533433.json
[2026-02-19T20:38:42.916+0000] {logging_mixin.py:188} INFO - Downloaded TSLA/1771533440.json -> /tmp/minio_downloads/1771533440.json
[2026-02-19T20:38:42.920+0000] {logging_mixin.py:188} INFO - Downloaded TSLA/1771533448.json -> /tmp/minio_downloads/1771533448.json
[2026-02-19T20:38:42.923+0000] {logging_mixin.py:188} INFO - Downloaded TSLA/1771533456.json -> /tmp/minio_downloads/1771533456.json
[2026-02-19T20:38:42.926+0000] {logging_mixin.py:188} INFO - Downloaded TSLA/1771533464.json -> /tmp/minio_downloads/1771533464.json
[2026-02-19T20:38:42.929+0000] {logging_mixin.py:188} INFO - Downloaded TSLA/1771533472.json -> /tmp/minio_downloads/1771533472.json
[2026-02-19T20:38:42.932+0000] {logging_mixin.py:188} INFO - Downloaded TSLA/1771533480.json -> /tmp/minio_downloads/1771533480.json
[2026-02-19T20:38:42.935+0000] {logging_mixin.py:188} INFO - Downloaded TSLA/1771533488.json -> /tmp/minio_downloads/1771533488.json
[2026-02-19T20:38:42.938+0000] {logging_mixin.py:188} INFO - Downloaded TSLA/1771533496.json -> /tmp/minio_downloads/1771533496.json
[2026-02-19T20:38:42.942+0000] {logging_mixin.py:188} INFO - Downloaded TSLA/1771533504.json -> /tmp/minio_downloads/1771533504.json
[2026-02-19T20:38:42.945+0000] {logging_mixin.py:188} INFO - Downloaded TSLA/1771533512.json -> /tmp/minio_downloads/1771533512.json
[2026-02-19T20:38:42.948+0000] {logging_mixin.py:188} INFO - Downloaded TSLA/1771533520.json -> /tmp/minio_downloads/1771533520.json
[2026-02-19T20:38:42.949+0000] {python.py:237} INFO - Done. Returned value was: ['/tmp/minio_downloads/1771533416.json', '/tmp/minio_downloads/1771533424.json', '/tmp/minio_downloads/1771533432.json', '/tmp/minio_downloads/1771533440.json', '/tmp/minio_downloads/1771533447.json', '/tmp/minio_downloads/1771533455.json', '/tmp/minio_downloads/1771533463.json', '/tmp/minio_downloads/1771533471.json', '/tmp/minio_downloads/1771533479.json', '/tmp/minio_downloads/1771533487.json', '/tmp/minio_downloads/1771533495.json', '/tmp/minio_downloads/1771533503.json', '/tmp/minio_downloads/1771533511.json', '/tmp/minio_downloads/1771533519.json', '/tmp/minio_downloads/1771533417.json', '/tmp/minio_downloads/1771533425.json', '/tmp/minio_downloads/1771533433.json', '/tmp/minio_downloads/1771533441.json', '/tmp/minio_downloads/1771533449.json', '/tmp/minio_downloads/1771533457.json', '/tmp/minio_downloads/1771533465.json', '/tmp/minio_downloads/1771533473.json', '/tmp/minio_downloads/1771533481.json', '/tmp/minio_downloads/1771533489.json', '/tmp/minio_downloads/1771533497.json', '/tmp/minio_downloads/1771533505.json', '/tmp/minio_downloads/1771533513.json', '/tmp/minio_downloads/1771533520.json', '/tmp/minio_downloads/1771533417.json', '/tmp/minio_downloads/1771533425.json', '/tmp/minio_downloads/1771533433.json', '/tmp/minio_downloads/1771533441.json', '/tmp/minio_downloads/1771533449.json', '/tmp/minio_downloads/1771533456.json', '/tmp/minio_downloads/1771533464.json', '/tmp/minio_downloads/1771533472.json', '/tmp/minio_downloads/1771533480.json', '/tmp/minio_downloads/1771533488.json', '/tmp/minio_downloads/1771533496.json', '/tmp/minio_downloads/1771533504.json', '/tmp/minio_downloads/1771533512.json', '/tmp/minio_downloads/1771533520.json', '/tmp/minio_downloads/1771533416.json', '/tmp/minio_downloads/1771533424.json', '/tmp/minio_downloads/1771533432.json', '/tmp/minio_downloads/1771533440.json', '/tmp/minio_downloads/1771533448.json', '/tmp/minio_downloads/1771533456.json', '/tmp/minio_downloads/1771533464.json', '/tmp/minio_downloads/1771533472.json', '/tmp/minio_downloads/1771533479.json', '/tmp/minio_downloads/1771533488.json', '/tmp/minio_downloads/1771533496.json', '/tmp/minio_downloads/1771533504.json', '/tmp/minio_downloads/1771533511.json', '/tmp/minio_downloads/1771533519.json', '/tmp/minio_downloads/1771533417.json', '/tmp/minio_downloads/1771533424.json', '/tmp/minio_downloads/1771533433.json', '/tmp/minio_downloads/1771533440.json', '/tmp/minio_downloads/1771533448.json', '/tmp/minio_downloads/1771533456.json', '/tmp/minio_downloads/1771533464.json', '/tmp/minio_downloads/1771533472.json', '/tmp/minio_downloads/1771533480.json', '/tmp/minio_downloads/1771533488.json', '/tmp/minio_downloads/1771533496.json', '/tmp/minio_downloads/1771533504.json', '/tmp/minio_downloads/1771533512.json', '/tmp/minio_downloads/1771533520.json']
[2026-02-19T20:38:42.949+0000] {taskinstance.py:441} INFO - ::group::Post task execution logs
[2026-02-19T20:38:42.967+0000] {taskinstance.py:1206} INFO - Marking task as SUCCESS. dag_id=minio_to_snowflake, task_id=download_minio, run_id=scheduled__2026-02-19T20:37:00+00:00, execution_date=20260219T203700, start_date=20260219T203842, end_date=20260219T203842
[2026-02-19T20:38:42.979+0000] {local_task_job_runner.py:243} INFO - Task exited with return code 0
[2026-02-19T20:38:42.990+0000] {taskinstance.py:3503} INFO - 1 downstream tasks scheduled from follow-on schedule check
[2026-02-19T20:38:42.991+0000] {local_task_job_runner.py:222} INFO - ::endgroup::
