[2026-02-19T20:45:02.489+0000] {local_task_job_runner.py:120} INFO - ::group::Pre task execution logs
[2026-02-19T20:45:02.506+0000] {taskinstance.py:2076} INFO - Dependencies all met for dep_context=non-requeueable deps ti=<TaskInstance: minio_to_snowflake.download_minio scheduled__2026-02-19T20:44:00+00:00 [queued]>
[2026-02-19T20:45:02.509+0000] {taskinstance.py:2076} INFO - Dependencies all met for dep_context=requeueable deps ti=<TaskInstance: minio_to_snowflake.download_minio scheduled__2026-02-19T20:44:00+00:00 [queued]>
[2026-02-19T20:45:02.509+0000] {taskinstance.py:2306} INFO - Starting attempt 1 of 2
[2026-02-19T20:45:02.515+0000] {taskinstance.py:2330} INFO - Executing <Task(PythonOperator): download_minio> on 2026-02-19 20:44:00+00:00
[2026-02-19T20:45:02.523+0000] {logging_mixin.py:188} WARNING - /home/***/.local/lib/python3.12/site-packages/***/task/task_runner/standard_task_runner.py:62 DeprecationWarning: This process (pid=23993) is multi-threaded, use of fork() may lead to deadlocks in the child.
[2026-02-19T20:45:02.521+0000] {standard_task_runner.py:90} INFO - Running: ['***', 'tasks', 'run', 'minio_to_snowflake', 'download_minio', 'scheduled__2026-02-19T20:44:00+00:00', '--job-id', '159', '--raw', '--subdir', 'DAGS_FOLDER/minio_to_snowflake.py', '--cfg-path', '/tmp/tmppnqhsem3']
[2026-02-19T20:45:02.526+0000] {standard_task_runner.py:91} INFO - Job 159: Subtask download_minio
[2026-02-19T20:45:02.525+0000] {standard_task_runner.py:64} INFO - Started process 24005 to run task
[2026-02-19T20:45:02.568+0000] {task_command.py:426} INFO - Running <TaskInstance: minio_to_snowflake.download_minio scheduled__2026-02-19T20:44:00+00:00 [running]> on host 0c2666b81705
[2026-02-19T20:45:02.625+0000] {taskinstance.py:2648} INFO - Exporting env vars: AIRFLOW_CTX_DAG_OWNER='***' AIRFLOW_CTX_DAG_ID='minio_to_snowflake' AIRFLOW_CTX_TASK_ID='download_minio' AIRFLOW_CTX_EXECUTION_DATE='2026-02-19T20:44:00+00:00' AIRFLOW_CTX_TRY_NUMBER='1' AIRFLOW_CTX_DAG_RUN_ID='scheduled__2026-02-19T20:44:00+00:00'
[2026-02-19T20:45:02.626+0000] {taskinstance.py:430} INFO - ::endgroup::
[2026-02-19T20:45:02.869+0000] {logging_mixin.py:188} INFO - Downloaded AAPL/1771533416.json -> /tmp/minio_downloads/1771533416.json
[2026-02-19T20:45:02.873+0000] {logging_mixin.py:188} INFO - Downloaded AAPL/1771533424.json -> /tmp/minio_downloads/1771533424.json
[2026-02-19T20:45:02.876+0000] {logging_mixin.py:188} INFO - Downloaded AAPL/1771533432.json -> /tmp/minio_downloads/1771533432.json
[2026-02-19T20:45:02.880+0000] {logging_mixin.py:188} INFO - Downloaded AAPL/1771533440.json -> /tmp/minio_downloads/1771533440.json
[2026-02-19T20:45:02.883+0000] {logging_mixin.py:188} INFO - Downloaded AAPL/1771533447.json -> /tmp/minio_downloads/1771533447.json
[2026-02-19T20:45:02.886+0000] {logging_mixin.py:188} INFO - Downloaded AAPL/1771533455.json -> /tmp/minio_downloads/1771533455.json
[2026-02-19T20:45:02.889+0000] {logging_mixin.py:188} INFO - Downloaded AAPL/1771533463.json -> /tmp/minio_downloads/1771533463.json
[2026-02-19T20:45:02.892+0000] {logging_mixin.py:188} INFO - Downloaded AAPL/1771533471.json -> /tmp/minio_downloads/1771533471.json
[2026-02-19T20:45:02.895+0000] {logging_mixin.py:188} INFO - Downloaded AAPL/1771533479.json -> /tmp/minio_downloads/1771533479.json
[2026-02-19T20:45:02.899+0000] {logging_mixin.py:188} INFO - Downloaded AAPL/1771533487.json -> /tmp/minio_downloads/1771533487.json
[2026-02-19T20:45:02.902+0000] {logging_mixin.py:188} INFO - Downloaded AAPL/1771533495.json -> /tmp/minio_downloads/1771533495.json
[2026-02-19T20:45:02.905+0000] {logging_mixin.py:188} INFO - Downloaded AAPL/1771533503.json -> /tmp/minio_downloads/1771533503.json
[2026-02-19T20:45:02.908+0000] {logging_mixin.py:188} INFO - Downloaded AAPL/1771533511.json -> /tmp/minio_downloads/1771533511.json
[2026-02-19T20:45:02.912+0000] {logging_mixin.py:188} INFO - Downloaded AAPL/1771533519.json -> /tmp/minio_downloads/1771533519.json
[2026-02-19T20:45:02.915+0000] {logging_mixin.py:188} INFO - Downloaded AAPL/1771533527.json -> /tmp/minio_downloads/1771533527.json
[2026-02-19T20:45:02.918+0000] {logging_mixin.py:188} INFO - Downloaded AAPL/1771533535.json -> /tmp/minio_downloads/1771533535.json
[2026-02-19T20:45:02.922+0000] {logging_mixin.py:188} INFO - Downloaded AAPL/1771533543.json -> /tmp/minio_downloads/1771533543.json
[2026-02-19T20:45:02.926+0000] {logging_mixin.py:188} INFO - Downloaded AAPL/1771533551.json -> /tmp/minio_downloads/1771533551.json
[2026-02-19T20:45:02.929+0000] {logging_mixin.py:188} INFO - Downloaded AAPL/1771533559.json -> /tmp/minio_downloads/1771533559.json
[2026-02-19T20:45:02.933+0000] {logging_mixin.py:188} INFO - Downloaded AAPL/1771533567.json -> /tmp/minio_downloads/1771533567.json
[2026-02-19T20:45:02.936+0000] {logging_mixin.py:188} INFO - Downloaded AAPL/1771533574.json -> /tmp/minio_downloads/1771533574.json
[2026-02-19T20:45:02.939+0000] {logging_mixin.py:188} INFO - Downloaded AAPL/1771533582.json -> /tmp/minio_downloads/1771533582.json
[2026-02-19T20:45:02.943+0000] {logging_mixin.py:188} INFO - Downloaded AAPL/1771533590.json -> /tmp/minio_downloads/1771533590.json
[2026-02-19T20:45:02.946+0000] {logging_mixin.py:188} INFO - Downloaded AAPL/1771533598.json -> /tmp/minio_downloads/1771533598.json
[2026-02-19T20:45:02.949+0000] {logging_mixin.py:188} INFO - Downloaded AAPL/1771533606.json -> /tmp/minio_downloads/1771533606.json
[2026-02-19T20:45:02.952+0000] {logging_mixin.py:188} INFO - Downloaded AAPL/1771533615.json -> /tmp/minio_downloads/1771533615.json
[2026-02-19T20:45:02.956+0000] {logging_mixin.py:188} INFO - Downloaded AAPL/1771533623.json -> /tmp/minio_downloads/1771533623.json
[2026-02-19T20:45:02.959+0000] {logging_mixin.py:188} INFO - Downloaded AAPL/1771533631.json -> /tmp/minio_downloads/1771533631.json
[2026-02-19T20:45:02.962+0000] {logging_mixin.py:188} INFO - Downloaded AAPL/1771533639.json -> /tmp/minio_downloads/1771533639.json
[2026-02-19T20:45:02.965+0000] {logging_mixin.py:188} INFO - Downloaded AAPL/1771533647.json -> /tmp/minio_downloads/1771533647.json
[2026-02-19T20:45:02.970+0000] {logging_mixin.py:188} INFO - Downloaded AAPL/1771533655.json -> /tmp/minio_downloads/1771533655.json
[2026-02-19T20:45:02.972+0000] {logging_mixin.py:188} INFO - Downloaded AAPL/1771533663.json -> /tmp/minio_downloads/1771533663.json
[2026-02-19T20:45:02.976+0000] {logging_mixin.py:188} INFO - Downloaded AAPL/1771533671.json -> /tmp/minio_downloads/1771533671.json
[2026-02-19T20:45:02.979+0000] {logging_mixin.py:188} INFO - Downloaded AAPL/1771533679.json -> /tmp/minio_downloads/1771533679.json
[2026-02-19T20:45:02.982+0000] {logging_mixin.py:188} INFO - Downloaded AAPL/1771533687.json -> /tmp/minio_downloads/1771533687.json
[2026-02-19T20:45:02.985+0000] {logging_mixin.py:188} INFO - Downloaded AAPL/1771533695.json -> /tmp/minio_downloads/1771533695.json
[2026-02-19T20:45:02.989+0000] {logging_mixin.py:188} INFO - Downloaded AAPL/1771533703.json -> /tmp/minio_downloads/1771533703.json
[2026-02-19T20:45:02.993+0000] {logging_mixin.py:188} INFO - Downloaded AAPL/1771533711.json -> /tmp/minio_downloads/1771533711.json
[2026-02-19T20:45:02.996+0000] {logging_mixin.py:188} INFO - Downloaded AAPL/1771533719.json -> /tmp/minio_downloads/1771533719.json
[2026-02-19T20:45:02.999+0000] {logging_mixin.py:188} INFO - Downloaded AAPL/1771533727.json -> /tmp/minio_downloads/1771533727.json
[2026-02-19T20:45:03.002+0000] {logging_mixin.py:188} INFO - Downloaded AAPL/1771533734.json -> /tmp/minio_downloads/1771533734.json
[2026-02-19T20:45:03.005+0000] {logging_mixin.py:188} INFO - Downloaded AAPL/1771533743.json -> /tmp/minio_downloads/1771533743.json
[2026-02-19T20:45:03.008+0000] {logging_mixin.py:188} INFO - Downloaded AAPL/1771533751.json -> /tmp/minio_downloads/1771533751.json
[2026-02-19T20:45:03.011+0000] {logging_mixin.py:188} INFO - Downloaded AAPL/1771533760.json -> /tmp/minio_downloads/1771533760.json
[2026-02-19T20:45:03.015+0000] {logging_mixin.py:188} INFO - Downloaded AAPL/1771533768.json -> /tmp/minio_downloads/1771533768.json
[2026-02-19T20:45:03.018+0000] {logging_mixin.py:188} INFO - Downloaded AAPL/1771533777.json -> /tmp/minio_downloads/1771533777.json
[2026-02-19T20:45:03.021+0000] {logging_mixin.py:188} INFO - Downloaded AAPL/1771533785.json -> /tmp/minio_downloads/1771533785.json
[2026-02-19T20:45:03.023+0000] {logging_mixin.py:188} INFO - Downloaded AAPL/1771533793.json -> /tmp/minio_downloads/1771533793.json
[2026-02-19T20:45:03.026+0000] {logging_mixin.py:188} INFO - Downloaded AAPL/1771533801.json -> /tmp/minio_downloads/1771533801.json
[2026-02-19T20:45:03.030+0000] {logging_mixin.py:188} INFO - Downloaded AAPL/1771533809.json -> /tmp/minio_downloads/1771533809.json
[2026-02-19T20:45:03.033+0000] {logging_mixin.py:188} INFO - Downloaded AAPL/1771533817.json -> /tmp/minio_downloads/1771533817.json
[2026-02-19T20:45:03.037+0000] {logging_mixin.py:188} INFO - Downloaded AAPL/1771533825.json -> /tmp/minio_downloads/1771533825.json
[2026-02-19T20:45:03.040+0000] {logging_mixin.py:188} INFO - Downloaded AAPL/1771533833.json -> /tmp/minio_downloads/1771533833.json
[2026-02-19T20:45:03.043+0000] {logging_mixin.py:188} INFO - Downloaded AAPL/1771533841.json -> /tmp/minio_downloads/1771533841.json
[2026-02-19T20:45:03.046+0000] {logging_mixin.py:188} INFO - Downloaded AAPL/1771533849.json -> /tmp/minio_downloads/1771533849.json
[2026-02-19T20:45:03.049+0000] {logging_mixin.py:188} INFO - Downloaded AAPL/1771533857.json -> /tmp/minio_downloads/1771533857.json
[2026-02-19T20:45:03.051+0000] {logging_mixin.py:188} INFO - Downloaded AAPL/1771533865.json -> /tmp/minio_downloads/1771533865.json
[2026-02-19T20:45:03.054+0000] {logging_mixin.py:188} INFO - Downloaded AAPL/1771533873.json -> /tmp/minio_downloads/1771533873.json
[2026-02-19T20:45:03.057+0000] {logging_mixin.py:188} INFO - Downloaded AAPL/1771533881.json -> /tmp/minio_downloads/1771533881.json
[2026-02-19T20:45:03.060+0000] {logging_mixin.py:188} INFO - Downloaded AAPL/1771533889.json -> /tmp/minio_downloads/1771533889.json
[2026-02-19T20:45:03.064+0000] {logging_mixin.py:188} INFO - Downloaded AAPL/1771533897.json -> /tmp/minio_downloads/1771533897.json
[2026-02-19T20:45:03.067+0000] {logging_mixin.py:188} INFO - Downloaded AMZN/1771533417.json -> /tmp/minio_downloads/1771533417.json
[2026-02-19T20:45:03.071+0000] {logging_mixin.py:188} INFO - Downloaded AMZN/1771533425.json -> /tmp/minio_downloads/1771533425.json
[2026-02-19T20:45:03.074+0000] {logging_mixin.py:188} INFO - Downloaded AMZN/1771533433.json -> /tmp/minio_downloads/1771533433.json
[2026-02-19T20:45:03.077+0000] {logging_mixin.py:188} INFO - Downloaded AMZN/1771533441.json -> /tmp/minio_downloads/1771533441.json
[2026-02-19T20:45:03.080+0000] {logging_mixin.py:188} INFO - Downloaded AMZN/1771533449.json -> /tmp/minio_downloads/1771533449.json
[2026-02-19T20:45:03.084+0000] {logging_mixin.py:188} INFO - Downloaded AMZN/1771533457.json -> /tmp/minio_downloads/1771533457.json
[2026-02-19T20:45:03.087+0000] {logging_mixin.py:188} INFO - Downloaded AMZN/1771533465.json -> /tmp/minio_downloads/1771533465.json
[2026-02-19T20:45:03.091+0000] {logging_mixin.py:188} INFO - Downloaded AMZN/1771533473.json -> /tmp/minio_downloads/1771533473.json
[2026-02-19T20:45:03.095+0000] {logging_mixin.py:188} INFO - Downloaded AMZN/1771533481.json -> /tmp/minio_downloads/1771533481.json
[2026-02-19T20:45:03.099+0000] {logging_mixin.py:188} INFO - Downloaded AMZN/1771533489.json -> /tmp/minio_downloads/1771533489.json
[2026-02-19T20:45:03.102+0000] {logging_mixin.py:188} INFO - Downloaded AMZN/1771533497.json -> /tmp/minio_downloads/1771533497.json
[2026-02-19T20:45:03.106+0000] {logging_mixin.py:188} INFO - Downloaded AMZN/1771533505.json -> /tmp/minio_downloads/1771533505.json
[2026-02-19T20:45:03.109+0000] {logging_mixin.py:188} INFO - Downloaded AMZN/1771533513.json -> /tmp/minio_downloads/1771533513.json
[2026-02-19T20:45:03.113+0000] {logging_mixin.py:188} INFO - Downloaded AMZN/1771533520.json -> /tmp/minio_downloads/1771533520.json
[2026-02-19T20:45:03.116+0000] {logging_mixin.py:188} INFO - Downloaded AMZN/1771533529.json -> /tmp/minio_downloads/1771533529.json
[2026-02-19T20:45:03.120+0000] {logging_mixin.py:188} INFO - Downloaded AMZN/1771533536.json -> /tmp/minio_downloads/1771533536.json
[2026-02-19T20:45:03.123+0000] {logging_mixin.py:188} INFO - Downloaded AMZN/1771533545.json -> /tmp/minio_downloads/1771533545.json
[2026-02-19T20:45:03.126+0000] {logging_mixin.py:188} INFO - Downloaded AMZN/1771533552.json -> /tmp/minio_downloads/1771533552.json
[2026-02-19T20:45:03.129+0000] {logging_mixin.py:188} INFO - Downloaded AMZN/1771533560.json -> /tmp/minio_downloads/1771533560.json
[2026-02-19T20:45:03.132+0000] {logging_mixin.py:188} INFO - Downloaded AMZN/1771533568.json -> /tmp/minio_downloads/1771533568.json
[2026-02-19T20:45:03.135+0000] {logging_mixin.py:188} INFO - Downloaded AMZN/1771533576.json -> /tmp/minio_downloads/1771533576.json
[2026-02-19T20:45:03.138+0000] {logging_mixin.py:188} INFO - Downloaded AMZN/1771533584.json -> /tmp/minio_downloads/1771533584.json
[2026-02-19T20:45:03.141+0000] {logging_mixin.py:188} INFO - Downloaded AMZN/1771533592.json -> /tmp/minio_downloads/1771533592.json
[2026-02-19T20:45:03.144+0000] {logging_mixin.py:188} INFO - Downloaded AMZN/1771533600.json -> /tmp/minio_downloads/1771533600.json
[2026-02-19T20:45:03.147+0000] {logging_mixin.py:188} INFO - Downloaded AMZN/1771533608.json -> /tmp/minio_downloads/1771533608.json
[2026-02-19T20:45:03.150+0000] {logging_mixin.py:188} INFO - Downloaded AMZN/1771533617.json -> /tmp/minio_downloads/1771533617.json
[2026-02-19T20:45:03.154+0000] {logging_mixin.py:188} INFO - Downloaded AMZN/1771533624.json -> /tmp/minio_downloads/1771533624.json
[2026-02-19T20:45:03.160+0000] {logging_mixin.py:188} INFO - Downloaded AMZN/1771533632.json -> /tmp/minio_downloads/1771533632.json
[2026-02-19T20:45:03.163+0000] {logging_mixin.py:188} INFO - Downloaded AMZN/1771533640.json -> /tmp/minio_downloads/1771533640.json
[2026-02-19T20:45:03.166+0000] {logging_mixin.py:188} INFO - Downloaded AMZN/1771533648.json -> /tmp/minio_downloads/1771533648.json
[2026-02-19T20:45:03.170+0000] {logging_mixin.py:188} INFO - Downloaded AMZN/1771533656.json -> /tmp/minio_downloads/1771533656.json
[2026-02-19T20:45:03.175+0000] {logging_mixin.py:188} INFO - Downloaded AMZN/1771533665.json -> /tmp/minio_downloads/1771533665.json
[2026-02-19T20:45:03.178+0000] {logging_mixin.py:188} INFO - Downloaded AMZN/1771533672.json -> /tmp/minio_downloads/1771533672.json
[2026-02-19T20:45:03.181+0000] {logging_mixin.py:188} INFO - Downloaded AMZN/1771533680.json -> /tmp/minio_downloads/1771533680.json
[2026-02-19T20:45:03.185+0000] {logging_mixin.py:188} INFO - Downloaded AMZN/1771533688.json -> /tmp/minio_downloads/1771533688.json
[2026-02-19T20:45:03.188+0000] {logging_mixin.py:188} INFO - Downloaded AMZN/1771533696.json -> /tmp/minio_downloads/1771533696.json
[2026-02-19T20:45:03.191+0000] {logging_mixin.py:188} INFO - Downloaded AMZN/1771533704.json -> /tmp/minio_downloads/1771533704.json
[2026-02-19T20:45:03.195+0000] {logging_mixin.py:188} INFO - Downloaded AMZN/1771533712.json -> /tmp/minio_downloads/1771533712.json
[2026-02-19T20:45:03.197+0000] {logging_mixin.py:188} INFO - Downloaded AMZN/1771533720.json -> /tmp/minio_downloads/1771533720.json
[2026-02-19T20:45:03.200+0000] {logging_mixin.py:188} INFO - Downloaded AMZN/1771533728.json -> /tmp/minio_downloads/1771533728.json
[2026-02-19T20:45:03.203+0000] {logging_mixin.py:188} INFO - Downloaded AMZN/1771533736.json -> /tmp/minio_downloads/1771533736.json
[2026-02-19T20:45:03.206+0000] {logging_mixin.py:188} INFO - Downloaded AMZN/1771533745.json -> /tmp/minio_downloads/1771533745.json
[2026-02-19T20:45:03.210+0000] {logging_mixin.py:188} INFO - Downloaded AMZN/1771533753.json -> /tmp/minio_downloads/1771533753.json
[2026-02-19T20:45:03.213+0000] {logging_mixin.py:188} INFO - Downloaded AMZN/1771533761.json -> /tmp/minio_downloads/1771533761.json
[2026-02-19T20:45:03.215+0000] {logging_mixin.py:188} INFO - Downloaded AMZN/1771533770.json -> /tmp/minio_downloads/1771533770.json
[2026-02-19T20:45:03.219+0000] {logging_mixin.py:188} INFO - Downloaded AMZN/1771533778.json -> /tmp/minio_downloads/1771533778.json
[2026-02-19T20:45:03.222+0000] {logging_mixin.py:188} INFO - Downloaded AMZN/1771533786.json -> /tmp/minio_downloads/1771533786.json
[2026-02-19T20:45:03.225+0000] {logging_mixin.py:188} INFO - Downloaded AMZN/1771533794.json -> /tmp/minio_downloads/1771533794.json
[2026-02-19T20:45:03.228+0000] {logging_mixin.py:188} INFO - Downloaded AMZN/1771533803.json -> /tmp/minio_downloads/1771533803.json
[2026-02-19T20:45:03.230+0000] {logging_mixin.py:188} INFO - Downloaded AMZN/1771533811.json -> /tmp/minio_downloads/1771533811.json
[2026-02-19T20:45:03.233+0000] {logging_mixin.py:188} INFO - Downloaded AMZN/1771533819.json -> /tmp/minio_downloads/1771533819.json
[2026-02-19T20:45:03.236+0000] {logging_mixin.py:188} INFO - Downloaded AMZN/1771533827.json -> /tmp/minio_downloads/1771533827.json
[2026-02-19T20:45:03.240+0000] {logging_mixin.py:188} INFO - Downloaded AMZN/1771533835.json -> /tmp/minio_downloads/1771533835.json
[2026-02-19T20:45:03.243+0000] {logging_mixin.py:188} INFO - Downloaded AMZN/1771533843.json -> /tmp/minio_downloads/1771533843.json
[2026-02-19T20:45:03.246+0000] {logging_mixin.py:188} INFO - Downloaded AMZN/1771533851.json -> /tmp/minio_downloads/1771533851.json
[2026-02-19T20:45:03.249+0000] {logging_mixin.py:188} INFO - Downloaded AMZN/1771533859.json -> /tmp/minio_downloads/1771533859.json
[2026-02-19T20:45:03.253+0000] {logging_mixin.py:188} INFO - Downloaded AMZN/1771533867.json -> /tmp/minio_downloads/1771533867.json
[2026-02-19T20:45:03.256+0000] {logging_mixin.py:188} INFO - Downloaded AMZN/1771533874.json -> /tmp/minio_downloads/1771533874.json
[2026-02-19T20:45:03.259+0000] {logging_mixin.py:188} INFO - Downloaded AMZN/1771533882.json -> /tmp/minio_downloads/1771533882.json
[2026-02-19T20:45:03.262+0000] {logging_mixin.py:188} INFO - Downloaded AMZN/1771533890.json -> /tmp/minio_downloads/1771533890.json
[2026-02-19T20:45:03.265+0000] {logging_mixin.py:188} INFO - Downloaded AMZN/1771533898.json -> /tmp/minio_downloads/1771533898.json
[2026-02-19T20:45:03.268+0000] {logging_mixin.py:188} INFO - Downloaded GOOGL/1771533417.json -> /tmp/minio_downloads/1771533417.json
[2026-02-19T20:45:03.271+0000] {logging_mixin.py:188} INFO - Downloaded GOOGL/1771533425.json -> /tmp/minio_downloads/1771533425.json
[2026-02-19T20:45:03.274+0000] {logging_mixin.py:188} INFO - Downloaded GOOGL/1771533433.json -> /tmp/minio_downloads/1771533433.json
[2026-02-19T20:45:03.277+0000] {logging_mixin.py:188} INFO - Downloaded GOOGL/1771533441.json -> /tmp/minio_downloads/1771533441.json
[2026-02-19T20:45:03.280+0000] {logging_mixin.py:188} INFO - Downloaded GOOGL/1771533449.json -> /tmp/minio_downloads/1771533449.json
[2026-02-19T20:45:03.283+0000] {logging_mixin.py:188} INFO - Downloaded GOOGL/1771533456.json -> /tmp/minio_downloads/1771533456.json
[2026-02-19T20:45:03.286+0000] {logging_mixin.py:188} INFO - Downloaded GOOGL/1771533464.json -> /tmp/minio_downloads/1771533464.json
[2026-02-19T20:45:03.289+0000] {logging_mixin.py:188} INFO - Downloaded GOOGL/1771533472.json -> /tmp/minio_downloads/1771533472.json
[2026-02-19T20:45:03.292+0000] {logging_mixin.py:188} INFO - Downloaded GOOGL/1771533480.json -> /tmp/minio_downloads/1771533480.json
[2026-02-19T20:45:03.295+0000] {logging_mixin.py:188} INFO - Downloaded GOOGL/1771533488.json -> /tmp/minio_downloads/1771533488.json
[2026-02-19T20:45:03.298+0000] {logging_mixin.py:188} INFO - Downloaded GOOGL/1771533496.json -> /tmp/minio_downloads/1771533496.json
[2026-02-19T20:45:03.301+0000] {logging_mixin.py:188} INFO - Downloaded GOOGL/1771533504.json -> /tmp/minio_downloads/1771533504.json
[2026-02-19T20:45:03.304+0000] {logging_mixin.py:188} INFO - Downloaded GOOGL/1771533512.json -> /tmp/minio_downloads/1771533512.json
[2026-02-19T20:45:03.307+0000] {logging_mixin.py:188} INFO - Downloaded GOOGL/1771533520.json -> /tmp/minio_downloads/1771533520.json
[2026-02-19T20:45:03.310+0000] {logging_mixin.py:188} INFO - Downloaded GOOGL/1771533528.json -> /tmp/minio_downloads/1771533528.json
[2026-02-19T20:45:03.313+0000] {logging_mixin.py:188} INFO - Downloaded GOOGL/1771533536.json -> /tmp/minio_downloads/1771533536.json
[2026-02-19T20:45:03.316+0000] {logging_mixin.py:188} INFO - Downloaded GOOGL/1771533544.json -> /tmp/minio_downloads/1771533544.json
[2026-02-19T20:45:03.319+0000] {logging_mixin.py:188} INFO - Downloaded GOOGL/1771533552.json -> /tmp/minio_downloads/1771533552.json
[2026-02-19T20:45:03.323+0000] {logging_mixin.py:188} INFO - Downloaded GOOGL/1771533560.json -> /tmp/minio_downloads/1771533560.json
[2026-02-19T20:45:03.326+0000] {logging_mixin.py:188} INFO - Downloaded GOOGL/1771533568.json -> /tmp/minio_downloads/1771533568.json
[2026-02-19T20:45:03.329+0000] {logging_mixin.py:188} INFO - Downloaded GOOGL/1771533576.json -> /tmp/minio_downloads/1771533576.json
[2026-02-19T20:45:03.332+0000] {logging_mixin.py:188} INFO - Downloaded GOOGL/1771533583.json -> /tmp/minio_downloads/1771533583.json
[2026-02-19T20:45:03.335+0000] {logging_mixin.py:188} INFO - Downloaded GOOGL/1771533591.json -> /tmp/minio_downloads/1771533591.json
[2026-02-19T20:45:03.338+0000] {logging_mixin.py:188} INFO - Downloaded GOOGL/1771533600.json -> /tmp/minio_downloads/1771533600.json
[2026-02-19T20:45:03.341+0000] {logging_mixin.py:188} INFO - Downloaded GOOGL/1771533608.json -> /tmp/minio_downloads/1771533608.json
[2026-02-19T20:45:03.344+0000] {logging_mixin.py:188} INFO - Downloaded GOOGL/1771533616.json -> /tmp/minio_downloads/1771533616.json
[2026-02-19T20:45:03.347+0000] {logging_mixin.py:188} INFO - Downloaded GOOGL/1771533624.json -> /tmp/minio_downloads/1771533624.json
[2026-02-19T20:45:03.349+0000] {logging_mixin.py:188} INFO - Downloaded GOOGL/1771533632.json -> /tmp/minio_downloads/1771533632.json
[2026-02-19T20:45:03.352+0000] {logging_mixin.py:188} INFO - Downloaded GOOGL/1771533640.json -> /tmp/minio_downloads/1771533640.json
[2026-02-19T20:45:03.356+0000] {logging_mixin.py:188} INFO - Downloaded GOOGL/1771533648.json -> /tmp/minio_downloads/1771533648.json
[2026-02-19T20:45:03.358+0000] {logging_mixin.py:188} INFO - Downloaded GOOGL/1771533656.json -> /tmp/minio_downloads/1771533656.json
[2026-02-19T20:45:03.362+0000] {logging_mixin.py:188} INFO - Downloaded GOOGL/1771533664.json -> /tmp/minio_downloads/1771533664.json
[2026-02-19T20:45:03.365+0000] {logging_mixin.py:188} INFO - Downloaded GOOGL/1771533672.json -> /tmp/minio_downloads/1771533672.json
[2026-02-19T20:45:03.368+0000] {logging_mixin.py:188} INFO - Downloaded GOOGL/1771533680.json -> /tmp/minio_downloads/1771533680.json
[2026-02-19T20:45:03.372+0000] {logging_mixin.py:188} INFO - Downloaded GOOGL/1771533688.json -> /tmp/minio_downloads/1771533688.json
[2026-02-19T20:45:03.375+0000] {logging_mixin.py:188} INFO - Downloaded GOOGL/1771533696.json -> /tmp/minio_downloads/1771533696.json
[2026-02-19T20:45:03.384+0000] {logging_mixin.py:188} INFO - Downloaded GOOGL/1771533704.json -> /tmp/minio_downloads/1771533704.json
[2026-02-19T20:45:03.391+0000] {logging_mixin.py:188} INFO - Downloaded GOOGL/1771533712.json -> /tmp/minio_downloads/1771533712.json
[2026-02-19T20:45:03.396+0000] {logging_mixin.py:188} INFO - Downloaded GOOGL/1771533720.json -> /tmp/minio_downloads/1771533720.json
[2026-02-19T20:45:03.400+0000] {logging_mixin.py:188} INFO - Downloaded GOOGL/1771533728.json -> /tmp/minio_downloads/1771533728.json
[2026-02-19T20:45:03.403+0000] {logging_mixin.py:188} INFO - Downloaded GOOGL/1771533736.json -> /tmp/minio_downloads/1771533736.json
[2026-02-19T20:45:03.406+0000] {logging_mixin.py:188} INFO - Downloaded GOOGL/1771533744.json -> /tmp/minio_downloads/1771533744.json
[2026-02-19T20:45:03.410+0000] {logging_mixin.py:188} INFO - Downloaded GOOGL/1771533753.json -> /tmp/minio_downloads/1771533753.json
[2026-02-19T20:45:03.413+0000] {logging_mixin.py:188} INFO - Downloaded GOOGL/1771533761.json -> /tmp/minio_downloads/1771533761.json
[2026-02-19T20:45:03.416+0000] {logging_mixin.py:188} INFO - Downloaded GOOGL/1771533769.json -> /tmp/minio_downloads/1771533769.json
[2026-02-19T20:45:03.419+0000] {logging_mixin.py:188} INFO - Downloaded GOOGL/1771533778.json -> /tmp/minio_downloads/1771533778.json
[2026-02-19T20:45:03.423+0000] {logging_mixin.py:188} INFO - Downloaded GOOGL/1771533786.json -> /tmp/minio_downloads/1771533786.json
[2026-02-19T20:45:03.426+0000] {logging_mixin.py:188} INFO - Downloaded GOOGL/1771533794.json -> /tmp/minio_downloads/1771533794.json
[2026-02-19T20:45:03.429+0000] {logging_mixin.py:188} INFO - Downloaded GOOGL/1771533803.json -> /tmp/minio_downloads/1771533803.json
[2026-02-19T20:45:03.432+0000] {logging_mixin.py:188} INFO - Downloaded GOOGL/1771533810.json -> /tmp/minio_downloads/1771533810.json
[2026-02-19T20:45:03.435+0000] {logging_mixin.py:188} INFO - Downloaded GOOGL/1771533818.json -> /tmp/minio_downloads/1771533818.json
[2026-02-19T20:45:03.438+0000] {logging_mixin.py:188} INFO - Downloaded GOOGL/1771533826.json -> /tmp/minio_downloads/1771533826.json
[2026-02-19T20:45:03.442+0000] {logging_mixin.py:188} INFO - Downloaded GOOGL/1771533834.json -> /tmp/minio_downloads/1771533834.json
[2026-02-19T20:45:03.445+0000] {logging_mixin.py:188} INFO - Downloaded GOOGL/1771533843.json -> /tmp/minio_downloads/1771533843.json
[2026-02-19T20:45:03.448+0000] {logging_mixin.py:188} INFO - Downloaded GOOGL/1771533851.json -> /tmp/minio_downloads/1771533851.json
[2026-02-19T20:45:03.451+0000] {logging_mixin.py:188} INFO - Downloaded GOOGL/1771533859.json -> /tmp/minio_downloads/1771533859.json
[2026-02-19T20:45:03.455+0000] {logging_mixin.py:188} INFO - Downloaded GOOGL/1771533866.json -> /tmp/minio_downloads/1771533866.json
[2026-02-19T20:45:03.458+0000] {logging_mixin.py:188} INFO - Downloaded GOOGL/1771533874.json -> /tmp/minio_downloads/1771533874.json
[2026-02-19T20:45:03.461+0000] {logging_mixin.py:188} INFO - Downloaded GOOGL/1771533882.json -> /tmp/minio_downloads/1771533882.json
[2026-02-19T20:45:03.464+0000] {logging_mixin.py:188} INFO - Downloaded GOOGL/1771533890.json -> /tmp/minio_downloads/1771533890.json
[2026-02-19T20:45:03.466+0000] {logging_mixin.py:188} INFO - Downloaded GOOGL/1771533898.json -> /tmp/minio_downloads/1771533898.json
[2026-02-19T20:45:03.469+0000] {logging_mixin.py:188} INFO - Downloaded MSFT/1771533416.json -> /tmp/minio_downloads/1771533416.json
[2026-02-19T20:45:03.472+0000] {logging_mixin.py:188} INFO - Downloaded MSFT/1771533424.json -> /tmp/minio_downloads/1771533424.json
[2026-02-19T20:45:03.475+0000] {logging_mixin.py:188} INFO - Downloaded MSFT/1771533432.json -> /tmp/minio_downloads/1771533432.json
[2026-02-19T20:45:03.478+0000] {logging_mixin.py:188} INFO - Downloaded MSFT/1771533440.json -> /tmp/minio_downloads/1771533440.json
[2026-02-19T20:45:03.481+0000] {logging_mixin.py:188} INFO - Downloaded MSFT/1771533448.json -> /tmp/minio_downloads/1771533448.json
[2026-02-19T20:45:03.484+0000] {logging_mixin.py:188} INFO - Downloaded MSFT/1771533456.json -> /tmp/minio_downloads/1771533456.json
[2026-02-19T20:45:03.487+0000] {logging_mixin.py:188} INFO - Downloaded MSFT/1771533464.json -> /tmp/minio_downloads/1771533464.json
[2026-02-19T20:45:03.490+0000] {logging_mixin.py:188} INFO - Downloaded MSFT/1771533472.json -> /tmp/minio_downloads/1771533472.json
[2026-02-19T20:45:03.493+0000] {logging_mixin.py:188} INFO - Downloaded MSFT/1771533479.json -> /tmp/minio_downloads/1771533479.json
[2026-02-19T20:45:03.496+0000] {logging_mixin.py:188} INFO - Downloaded MSFT/1771533488.json -> /tmp/minio_downloads/1771533488.json
[2026-02-19T20:45:03.499+0000] {logging_mixin.py:188} INFO - Downloaded MSFT/1771533496.json -> /tmp/minio_downloads/1771533496.json
[2026-02-19T20:45:03.502+0000] {logging_mixin.py:188} INFO - Downloaded MSFT/1771533504.json -> /tmp/minio_downloads/1771533504.json
[2026-02-19T20:45:03.505+0000] {logging_mixin.py:188} INFO - Downloaded MSFT/1771533511.json -> /tmp/minio_downloads/1771533511.json
[2026-02-19T20:45:03.508+0000] {logging_mixin.py:188} INFO - Downloaded MSFT/1771533519.json -> /tmp/minio_downloads/1771533519.json
[2026-02-19T20:45:03.510+0000] {logging_mixin.py:188} INFO - Downloaded MSFT/1771533527.json -> /tmp/minio_downloads/1771533527.json
[2026-02-19T20:45:03.513+0000] {logging_mixin.py:188} INFO - Downloaded MSFT/1771533535.json -> /tmp/minio_downloads/1771533535.json
[2026-02-19T20:45:03.516+0000] {logging_mixin.py:188} INFO - Downloaded MSFT/1771533543.json -> /tmp/minio_downloads/1771533543.json
[2026-02-19T20:45:03.520+0000] {logging_mixin.py:188} INFO - Downloaded MSFT/1771533551.json -> /tmp/minio_downloads/1771533551.json
[2026-02-19T20:45:03.524+0000] {logging_mixin.py:188} INFO - Downloaded MSFT/1771533559.json -> /tmp/minio_downloads/1771533559.json
[2026-02-19T20:45:03.528+0000] {logging_mixin.py:188} INFO - Downloaded MSFT/1771533567.json -> /tmp/minio_downloads/1771533567.json
[2026-02-19T20:45:03.531+0000] {logging_mixin.py:188} INFO - Downloaded MSFT/1771533575.json -> /tmp/minio_downloads/1771533575.json
[2026-02-19T20:45:03.534+0000] {logging_mixin.py:188} INFO - Downloaded MSFT/1771533583.json -> /tmp/minio_downloads/1771533583.json
[2026-02-19T20:45:03.538+0000] {logging_mixin.py:188} INFO - Downloaded MSFT/1771533591.json -> /tmp/minio_downloads/1771533591.json
[2026-02-19T20:45:03.541+0000] {logging_mixin.py:188} INFO - Downloaded MSFT/1771533599.json -> /tmp/minio_downloads/1771533599.json
[2026-02-19T20:45:03.544+0000] {logging_mixin.py:188} INFO - Downloaded MSFT/1771533607.json -> /tmp/minio_downloads/1771533607.json
[2026-02-19T20:45:03.547+0000] {logging_mixin.py:188} INFO - Downloaded MSFT/1771533615.json -> /tmp/minio_downloads/1771533615.json
[2026-02-19T20:45:03.550+0000] {logging_mixin.py:188} INFO - Downloaded MSFT/1771533623.json -> /tmp/minio_downloads/1771533623.json
[2026-02-19T20:45:03.554+0000] {logging_mixin.py:188} INFO - Downloaded MSFT/1771533631.json -> /tmp/minio_downloads/1771533631.json
[2026-02-19T20:45:03.557+0000] {logging_mixin.py:188} INFO - Downloaded MSFT/1771533639.json -> /tmp/minio_downloads/1771533639.json
[2026-02-19T20:45:03.562+0000] {logging_mixin.py:188} INFO - Downloaded MSFT/1771533647.json -> /tmp/minio_downloads/1771533647.json
[2026-02-19T20:45:03.566+0000] {logging_mixin.py:188} INFO - Downloaded MSFT/1771533655.json -> /tmp/minio_downloads/1771533655.json
[2026-02-19T20:45:03.569+0000] {logging_mixin.py:188} INFO - Downloaded MSFT/1771533663.json -> /tmp/minio_downloads/1771533663.json
[2026-02-19T20:45:03.572+0000] {logging_mixin.py:188} INFO - Downloaded MSFT/1771533671.json -> /tmp/minio_downloads/1771533671.json
[2026-02-19T20:45:03.575+0000] {logging_mixin.py:188} INFO - Downloaded MSFT/1771533679.json -> /tmp/minio_downloads/1771533679.json
[2026-02-19T20:45:03.578+0000] {logging_mixin.py:188} INFO - Downloaded MSFT/1771533687.json -> /tmp/minio_downloads/1771533687.json
[2026-02-19T20:45:03.581+0000] {logging_mixin.py:188} INFO - Downloaded MSFT/1771533695.json -> /tmp/minio_downloads/1771533695.json
[2026-02-19T20:45:03.585+0000] {logging_mixin.py:188} INFO - Downloaded MSFT/1771533703.json -> /tmp/minio_downloads/1771533703.json
[2026-02-19T20:45:03.588+0000] {logging_mixin.py:188} INFO - Downloaded MSFT/1771533711.json -> /tmp/minio_downloads/1771533711.json
[2026-02-19T20:45:03.591+0000] {logging_mixin.py:188} INFO - Downloaded MSFT/1771533719.json -> /tmp/minio_downloads/1771533719.json
[2026-02-19T20:45:03.594+0000] {logging_mixin.py:188} INFO - Downloaded MSFT/1771533727.json -> /tmp/minio_downloads/1771533727.json
[2026-02-19T20:45:03.598+0000] {logging_mixin.py:188} INFO - Downloaded MSFT/1771533735.json -> /tmp/minio_downloads/1771533735.json
[2026-02-19T20:45:03.601+0000] {logging_mixin.py:188} INFO - Downloaded MSFT/1771533743.json -> /tmp/minio_downloads/1771533743.json
[2026-02-19T20:45:03.605+0000] {logging_mixin.py:188} INFO - Downloaded MSFT/1771533752.json -> /tmp/minio_downloads/1771533752.json
[2026-02-19T20:45:03.608+0000] {logging_mixin.py:188} INFO - Downloaded MSFT/1771533760.json -> /tmp/minio_downloads/1771533760.json
[2026-02-19T20:45:03.610+0000] {logging_mixin.py:188} INFO - Downloaded MSFT/1771533768.json -> /tmp/minio_downloads/1771533768.json
[2026-02-19T20:45:03.613+0000] {logging_mixin.py:188} INFO - Downloaded MSFT/1771533777.json -> /tmp/minio_downloads/1771533777.json
[2026-02-19T20:45:03.616+0000] {logging_mixin.py:188} INFO - Downloaded MSFT/1771533785.json -> /tmp/minio_downloads/1771533785.json
[2026-02-19T20:45:03.619+0000] {logging_mixin.py:188} INFO - Downloaded MSFT/1771533793.json -> /tmp/minio_downloads/1771533793.json
[2026-02-19T20:45:03.622+0000] {logging_mixin.py:188} INFO - Downloaded MSFT/1771533801.json -> /tmp/minio_downloads/1771533801.json
[2026-02-19T20:45:03.626+0000] {logging_mixin.py:188} INFO - Downloaded MSFT/1771533810.json -> /tmp/minio_downloads/1771533810.json
[2026-02-19T20:45:03.629+0000] {logging_mixin.py:188} INFO - Downloaded MSFT/1771533818.json -> /tmp/minio_downloads/1771533818.json
[2026-02-19T20:45:03.632+0000] {logging_mixin.py:188} INFO - Downloaded MSFT/1771533826.json -> /tmp/minio_downloads/1771533826.json
[2026-02-19T20:45:03.635+0000] {logging_mixin.py:188} INFO - Downloaded MSFT/1771533833.json -> /tmp/minio_downloads/1771533833.json
[2026-02-19T20:45:03.638+0000] {logging_mixin.py:188} INFO - Downloaded MSFT/1771533842.json -> /tmp/minio_downloads/1771533842.json
[2026-02-19T20:45:03.641+0000] {logging_mixin.py:188} INFO - Downloaded MSFT/1771533850.json -> /tmp/minio_downloads/1771533850.json
[2026-02-19T20:45:03.644+0000] {logging_mixin.py:188} INFO - Downloaded MSFT/1771533858.json -> /tmp/minio_downloads/1771533858.json
[2026-02-19T20:45:03.647+0000] {logging_mixin.py:188} INFO - Downloaded MSFT/1771533866.json -> /tmp/minio_downloads/1771533866.json
[2026-02-19T20:45:03.650+0000] {logging_mixin.py:188} INFO - Downloaded MSFT/1771533873.json -> /tmp/minio_downloads/1771533873.json
[2026-02-19T20:45:03.654+0000] {logging_mixin.py:188} INFO - Downloaded MSFT/1771533881.json -> /tmp/minio_downloads/1771533881.json
[2026-02-19T20:45:03.657+0000] {logging_mixin.py:188} INFO - Downloaded MSFT/1771533889.json -> /tmp/minio_downloads/1771533889.json
[2026-02-19T20:45:03.660+0000] {logging_mixin.py:188} INFO - Downloaded MSFT/1771533897.json -> /tmp/minio_downloads/1771533897.json
[2026-02-19T20:45:03.664+0000] {logging_mixin.py:188} INFO - Downloaded TSLA/1771533417.json -> /tmp/minio_downloads/1771533417.json
[2026-02-19T20:45:03.667+0000] {logging_mixin.py:188} INFO - Downloaded TSLA/1771533424.json -> /tmp/minio_downloads/1771533424.json
[2026-02-19T20:45:03.670+0000] {logging_mixin.py:188} INFO - Downloaded TSLA/1771533433.json -> /tmp/minio_downloads/1771533433.json
[2026-02-19T20:45:03.673+0000] {logging_mixin.py:188} INFO - Downloaded TSLA/1771533440.json -> /tmp/minio_downloads/1771533440.json
[2026-02-19T20:45:03.676+0000] {logging_mixin.py:188} INFO - Downloaded TSLA/1771533448.json -> /tmp/minio_downloads/1771533448.json
[2026-02-19T20:45:03.678+0000] {logging_mixin.py:188} INFO - Downloaded TSLA/1771533456.json -> /tmp/minio_downloads/1771533456.json
[2026-02-19T20:45:03.682+0000] {logging_mixin.py:188} INFO - Downloaded TSLA/1771533464.json -> /tmp/minio_downloads/1771533464.json
[2026-02-19T20:45:03.685+0000] {logging_mixin.py:188} INFO - Downloaded TSLA/1771533472.json -> /tmp/minio_downloads/1771533472.json
[2026-02-19T20:45:03.688+0000] {logging_mixin.py:188} INFO - Downloaded TSLA/1771533480.json -> /tmp/minio_downloads/1771533480.json
[2026-02-19T20:45:03.690+0000] {logging_mixin.py:188} INFO - Downloaded TSLA/1771533488.json -> /tmp/minio_downloads/1771533488.json
[2026-02-19T20:45:03.693+0000] {logging_mixin.py:188} INFO - Downloaded TSLA/1771533496.json -> /tmp/minio_downloads/1771533496.json
[2026-02-19T20:45:03.696+0000] {logging_mixin.py:188} INFO - Downloaded TSLA/1771533504.json -> /tmp/minio_downloads/1771533504.json
[2026-02-19T20:45:03.699+0000] {logging_mixin.py:188} INFO - Downloaded TSLA/1771533512.json -> /tmp/minio_downloads/1771533512.json
[2026-02-19T20:45:03.702+0000] {logging_mixin.py:188} INFO - Downloaded TSLA/1771533520.json -> /tmp/minio_downloads/1771533520.json
[2026-02-19T20:45:03.705+0000] {logging_mixin.py:188} INFO - Downloaded TSLA/1771533528.json -> /tmp/minio_downloads/1771533528.json
[2026-02-19T20:45:03.708+0000] {logging_mixin.py:188} INFO - Downloaded TSLA/1771533536.json -> /tmp/minio_downloads/1771533536.json
[2026-02-19T20:45:03.710+0000] {logging_mixin.py:188} INFO - Downloaded TSLA/1771533544.json -> /tmp/minio_downloads/1771533544.json
[2026-02-19T20:45:03.713+0000] {logging_mixin.py:188} INFO - Downloaded TSLA/1771533552.json -> /tmp/minio_downloads/1771533552.json
[2026-02-19T20:45:03.716+0000] {logging_mixin.py:188} INFO - Downloaded TSLA/1771533560.json -> /tmp/minio_downloads/1771533560.json
[2026-02-19T20:45:03.719+0000] {logging_mixin.py:188} INFO - Downloaded TSLA/1771533567.json -> /tmp/minio_downloads/1771533567.json
[2026-02-19T20:45:03.722+0000] {logging_mixin.py:188} INFO - Downloaded TSLA/1771533575.json -> /tmp/minio_downloads/1771533575.json
[2026-02-19T20:45:03.724+0000] {logging_mixin.py:188} INFO - Downloaded TSLA/1771533583.json -> /tmp/minio_downloads/1771533583.json
[2026-02-19T20:45:03.727+0000] {logging_mixin.py:188} INFO - Downloaded TSLA/1771533591.json -> /tmp/minio_downloads/1771533591.json
[2026-02-19T20:45:03.730+0000] {logging_mixin.py:188} INFO - Downloaded TSLA/1771533599.json -> /tmp/minio_downloads/1771533599.json
[2026-02-19T20:45:03.733+0000] {logging_mixin.py:188} INFO - Downloaded TSLA/1771533607.json -> /tmp/minio_downloads/1771533607.json
[2026-02-19T20:45:03.736+0000] {logging_mixin.py:188} INFO - Downloaded TSLA/1771533616.json -> /tmp/minio_downloads/1771533616.json
[2026-02-19T20:45:03.739+0000] {logging_mixin.py:188} INFO - Downloaded TSLA/1771533624.json -> /tmp/minio_downloads/1771533624.json
[2026-02-19T20:45:03.742+0000] {logging_mixin.py:188} INFO - Downloaded TSLA/1771533632.json -> /tmp/minio_downloads/1771533632.json
[2026-02-19T20:45:03.746+0000] {logging_mixin.py:188} INFO - Downloaded TSLA/1771533640.json -> /tmp/minio_downloads/1771533640.json
[2026-02-19T20:45:03.749+0000] {logging_mixin.py:188} INFO - Downloaded TSLA/1771533647.json -> /tmp/minio_downloads/1771533647.json
[2026-02-19T20:45:03.752+0000] {logging_mixin.py:188} INFO - Downloaded TSLA/1771533655.json -> /tmp/minio_downloads/1771533655.json
[2026-02-19T20:45:03.755+0000] {logging_mixin.py:188} INFO - Downloaded TSLA/1771533664.json -> /tmp/minio_downloads/1771533664.json
[2026-02-19T20:45:03.758+0000] {logging_mixin.py:188} INFO - Downloaded TSLA/1771533672.json -> /tmp/minio_downloads/1771533672.json
[2026-02-19T20:45:03.761+0000] {logging_mixin.py:188} INFO - Downloaded TSLA/1771533680.json -> /tmp/minio_downloads/1771533680.json
[2026-02-19T20:45:03.764+0000] {logging_mixin.py:188} INFO - Downloaded TSLA/1771533688.json -> /tmp/minio_downloads/1771533688.json
[2026-02-19T20:45:03.767+0000] {logging_mixin.py:188} INFO - Downloaded TSLA/1771533695.json -> /tmp/minio_downloads/1771533695.json
[2026-02-19T20:45:03.770+0000] {logging_mixin.py:188} INFO - Downloaded TSLA/1771533703.json -> /tmp/minio_downloads/1771533703.json
[2026-02-19T20:45:03.773+0000] {logging_mixin.py:188} INFO - Downloaded TSLA/1771533712.json -> /tmp/minio_downloads/1771533712.json
[2026-02-19T20:45:03.776+0000] {logging_mixin.py:188} INFO - Downloaded TSLA/1771533719.json -> /tmp/minio_downloads/1771533719.json
[2026-02-19T20:45:03.779+0000] {logging_mixin.py:188} INFO - Downloaded TSLA/1771533727.json -> /tmp/minio_downloads/1771533727.json
[2026-02-19T20:45:03.782+0000] {logging_mixin.py:188} INFO - Downloaded TSLA/1771533735.json -> /tmp/minio_downloads/1771533735.json
[2026-02-19T20:45:03.785+0000] {logging_mixin.py:188} INFO - Downloaded TSLA/1771533743.json -> /tmp/minio_downloads/1771533743.json
[2026-02-19T20:45:03.787+0000] {logging_mixin.py:188} INFO - Downloaded TSLA/1771533752.json -> /tmp/minio_downloads/1771533752.json
[2026-02-19T20:45:03.790+0000] {logging_mixin.py:188} INFO - Downloaded TSLA/1771533760.json -> /tmp/minio_downloads/1771533760.json
[2026-02-19T20:45:03.793+0000] {logging_mixin.py:188} INFO - Downloaded TSLA/1771533769.json -> /tmp/minio_downloads/1771533769.json
[2026-02-19T20:45:03.796+0000] {logging_mixin.py:188} INFO - Downloaded TSLA/1771533778.json -> /tmp/minio_downloads/1771533778.json
[2026-02-19T20:45:03.799+0000] {logging_mixin.py:188} INFO - Downloaded TSLA/1771533786.json -> /tmp/minio_downloads/1771533786.json
[2026-02-19T20:45:03.802+0000] {logging_mixin.py:188} INFO - Downloaded TSLA/1771533794.json -> /tmp/minio_downloads/1771533794.json
[2026-02-19T20:45:03.805+0000] {logging_mixin.py:188} INFO - Downloaded TSLA/1771533802.json -> /tmp/minio_downloads/1771533802.json
[2026-02-19T20:45:03.808+0000] {logging_mixin.py:188} INFO - Downloaded TSLA/1771533810.json -> /tmp/minio_downloads/1771533810.json
[2026-02-19T20:45:03.811+0000] {logging_mixin.py:188} INFO - Downloaded TSLA/1771533818.json -> /tmp/minio_downloads/1771533818.json
[2026-02-19T20:45:03.814+0000] {logging_mixin.py:188} INFO - Downloaded TSLA/1771533826.json -> /tmp/minio_downloads/1771533826.json
[2026-02-19T20:45:03.817+0000] {logging_mixin.py:188} INFO - Downloaded TSLA/1771533834.json -> /tmp/minio_downloads/1771533834.json
[2026-02-19T20:45:03.820+0000] {logging_mixin.py:188} INFO - Downloaded TSLA/1771533842.json -> /tmp/minio_downloads/1771533842.json
[2026-02-19T20:45:03.823+0000] {logging_mixin.py:188} INFO - Downloaded TSLA/1771533850.json -> /tmp/minio_downloads/1771533850.json
[2026-02-19T20:45:03.826+0000] {logging_mixin.py:188} INFO - Downloaded TSLA/1771533858.json -> /tmp/minio_downloads/1771533858.json
[2026-02-19T20:45:03.829+0000] {logging_mixin.py:188} INFO - Downloaded TSLA/1771533866.json -> /tmp/minio_downloads/1771533866.json
[2026-02-19T20:45:03.832+0000] {logging_mixin.py:188} INFO - Downloaded TSLA/1771533874.json -> /tmp/minio_downloads/1771533874.json
[2026-02-19T20:45:03.836+0000] {logging_mixin.py:188} INFO - Downloaded TSLA/1771533882.json -> /tmp/minio_downloads/1771533882.json
[2026-02-19T20:45:03.839+0000] {logging_mixin.py:188} INFO - Downloaded TSLA/1771533889.json -> /tmp/minio_downloads/1771533889.json
[2026-02-19T20:45:03.842+0000] {logging_mixin.py:188} INFO - Downloaded TSLA/1771533897.json -> /tmp/minio_downloads/1771533897.json
[2026-02-19T20:45:03.842+0000] {python.py:237} INFO - Done. Returned value was: ['/tmp/minio_downloads/1771533416.json', '/tmp/minio_downloads/1771533424.json', '/tmp/minio_downloads/1771533432.json', '/tmp/minio_downloads/1771533440.json', '/tmp/minio_downloads/1771533447.json', '/tmp/minio_downloads/1771533455.json', '/tmp/minio_downloads/1771533463.json', '/tmp/minio_downloads/1771533471.json', '/tmp/minio_downloads/1771533479.json', '/tmp/minio_downloads/1771533487.json', '/tmp/minio_downloads/1771533495.json', '/tmp/minio_downloads/1771533503.json', '/tmp/minio_downloads/1771533511.json', '/tmp/minio_downloads/1771533519.json', '/tmp/minio_downloads/1771533527.json', '/tmp/minio_downloads/1771533535.json', '/tmp/minio_downloads/1771533543.json', '/tmp/minio_downloads/1771533551.json', '/tmp/minio_downloads/1771533559.json', '/tmp/minio_downloads/1771533567.json', '/tmp/minio_downloads/1771533574.json', '/tmp/minio_downloads/1771533582.json', '/tmp/minio_downloads/1771533590.json', '/tmp/minio_downloads/1771533598.json', '/tmp/minio_downloads/1771533606.json', '/tmp/minio_downloads/1771533615.json', '/tmp/minio_downloads/1771533623.json', '/tmp/minio_downloads/1771533631.json', '/tmp/minio_downloads/1771533639.json', '/tmp/minio_downloads/1771533647.json', '/tmp/minio_downloads/1771533655.json', '/tmp/minio_downloads/1771533663.json', '/tmp/minio_downloads/1771533671.json', '/tmp/minio_downloads/1771533679.json', '/tmp/minio_downloads/1771533687.json', '/tmp/minio_downloads/1771533695.json', '/tmp/minio_downloads/1771533703.json', '/tmp/minio_downloads/1771533711.json', '/tmp/minio_downloads/1771533719.json', '/tmp/minio_downloads/1771533727.json', '/tmp/minio_downloads/1771533734.json', '/tmp/minio_downloads/1771533743.json', '/tmp/minio_downloads/1771533751.json', '/tmp/minio_downloads/1771533760.json', '/tmp/minio_downloads/1771533768.json', '/tmp/minio_downloads/1771533777.json', '/tmp/minio_downloads/1771533785.json', '/tmp/minio_downloads/1771533793.json', '/tmp/minio_downloads/1771533801.json', '/tmp/minio_downloads/1771533809.json', '/tmp/minio_downloads/1771533817.json', '/tmp/minio_downloads/1771533825.json', '/tmp/minio_downloads/1771533833.json', '/tmp/minio_downloads/1771533841.json', '/tmp/minio_downloads/1771533849.json', '/tmp/minio_downloads/1771533857.json', '/tmp/minio_downloads/1771533865.json', '/tmp/minio_downloads/1771533873.json', '/tmp/minio_downloads/1771533881.json', '/tmp/minio_downloads/1771533889.json', '/tmp/minio_downloads/1771533897.json', '/tmp/minio_downloads/1771533417.json', '/tmp/minio_downloads/1771533425.json', '/tmp/minio_downloads/1771533433.json', '/tmp/minio_downloads/1771533441.json', '/tmp/minio_downloads/1771533449.json', '/tmp/minio_downloads/1771533457.json', '/tmp/minio_downloads/1771533465.json', '/tmp/minio_downloads/1771533473.json', '/tmp/minio_downloads/1771533481.json', '/tmp/minio_downloads/1771533489.json', '/tmp/minio_downloads/1771533497.json', '/tmp/minio_downloads/1771533505.json', '/tmp/minio_downloads/1771533513.json', '/tmp/minio_downloads/1771533520.json', '/tmp/minio_downloads/1771533529.json', '/tmp/minio_downloads/1771533536.json', '/tmp/minio_downloads/1771533545.json', '/tmp/minio_downloads/1771533552.json', '/tmp/minio_downloads/1771533560.json', '/tmp/minio_downloads/1771533568.json', '/tmp/minio_downloads/1771533576.json', '/tmp/minio_downloads/1771533584.json', '/tmp/minio_downloads/1771533592.json', '/tmp/minio_downloads/1771533600.json', '/tmp/minio_downloads/1771533608.json', '/tmp/minio_downloads/1771533617.json', '/tmp/minio_downloads/1771533624.json', '/tmp/minio_downloads/1771533632.json', '/tmp/minio_downloads/1771533640.json', '/tmp/minio_downloads/1771533648.json', '/tmp/minio_downloads/1771533656.json', '/tmp/minio_downloads/1771533665.json', '/tmp/minio_downloads/1771533672.json', '/tmp/minio_downloads/1771533680.json', '/tmp/minio_downloads/1771533688.json', '/tmp/minio_downloads/1771533696.json', '/tmp/minio_downloads/1771533704.json', '/tmp/minio_downloads/1771533712.json', '/tmp/minio_downloads/1771533720.json', '/tmp/minio_downloads/1771533728.json', '/tmp/minio_downloads/1771533736.json', '/tmp/minio_downloads/1771533745.json', '/tmp/minio_downloads/1771533753.json', '/tmp/minio_downloads/1771533761.json', '/tmp/minio_downloads/1771533770.json', '/tmp/minio_downloads/1771533778.json', '/tmp/minio_downloads/1771533786.json', '/tmp/minio_downloads/1771533794.json', '/tmp/minio_downloads/1771533803.json', '/tmp/minio_downloads/1771533811.json', '/tmp/minio_downloads/1771533819.json', '/tmp/minio_downloads/1771533827.json', '/tmp/minio_downloads/1771533835.json', '/tmp/minio_downloads/1771533843.json', '/tmp/minio_downloads/1771533851.json', '/tmp/minio_downloads/1771533859.json', '/tmp/minio_downloads/1771533867.json', '/tmp/minio_downloads/1771533874.json', '/tmp/minio_downloads/1771533882.json', '/tmp/minio_downloads/1771533890.json', '/tmp/minio_downloads/1771533898.json', '/tmp/minio_downloads/1771533417.json', '/tmp/minio_downloads/1771533425.json', '/tmp/minio_downloads/1771533433.json', '/tmp/minio_downloads/1771533441.json', '/tmp/minio_downloads/1771533449.json', '/tmp/minio_downloads/1771533456.json', '/tmp/minio_downloads/1771533464.json', '/tmp/minio_downloads/1771533472.json', '/tmp/minio_downloads/1771533480.json', '/tmp/minio_downloads/1771533488.json', '/tmp/minio_downloads/1771533496.json', '/tmp/minio_downloads/1771533504.json', '/tmp/minio_downloads/1771533512.json', '/tmp/minio_downloads/1771533520.json', '/tmp/minio_downloads/1771533528.json', '/tmp/minio_downloads/1771533536.json', '/tmp/minio_downloads/1771533544.json', '/tmp/minio_downloads/1771533552.json', '/tmp/minio_downloads/1771533560.json', '/tmp/minio_downloads/1771533568.json', '/tmp/minio_downloads/1771533576.json', '/tmp/minio_downloads/1771533583.json', '/tmp/minio_downloads/1771533591.json', '/tmp/minio_downloads/1771533600.json', '/tmp/minio_downloads/1771533608.json', '/tmp/minio_downloads/1771533616.json', '/tmp/minio_downloads/1771533624.json', '/tmp/minio_downloads/1771533632.json', '/tmp/minio_downloads/1771533640.json', '/tmp/minio_downloads/1771533648.json', '/tmp/minio_downloads/1771533656.json', '/tmp/minio_downloads/1771533664.json', '/tmp/minio_downloads/1771533672.json', '/tmp/minio_downloads/1771533680.json', '/tmp/minio_downloads/1771533688.json', '/tmp/minio_downloads/1771533696.json', '/tmp/minio_downloads/1771533704.json', '/tmp/minio_downloads/1771533712.json', '/tmp/minio_downloads/1771533720.json', '/tmp/minio_downloads/1771533728.json', '/tmp/minio_downloads/1771533736.json', '/tmp/minio_downloads/1771533744.json', '/tmp/minio_downloads/1771533753.json', '/tmp/minio_downloads/1771533761.json', '/tmp/minio_downloads/1771533769.json', '/tmp/minio_downloads/1771533778.json', '/tmp/minio_downloads/1771533786.json', '/tmp/minio_downloads/1771533794.json', '/tmp/minio_downloads/1771533803.json', '/tmp/minio_downloads/1771533810.json', '/tmp/minio_downloads/1771533818.json', '/tmp/minio_downloads/1771533826.json', '/tmp/minio_downloads/1771533834.json', '/tmp/minio_downloads/1771533843.json', '/tmp/minio_downloads/1771533851.json', '/tmp/minio_downloads/1771533859.json', '/tmp/minio_downloads/1771533866.json', '/tmp/minio_downloads/1771533874.json', '/tmp/minio_downloads/1771533882.json', '/tmp/minio_downloads/1771533890.json', '/tmp/minio_downloads/1771533898.json', '/tmp/minio_downloads/1771533416.json', '/tmp/minio_downloads/1771533424.json', '/tmp/minio_downloads/1771533432.json', '/tmp/minio_downloads/1771533440.json', '/tmp/minio_downloads/1771533448.json', '/tmp/minio_downloads/1771533456.json', '/tmp/minio_downloads/1771533464.json', '/tmp/minio_downloads/1771533472.json', '/tmp/minio_downloads/1771533479.json', '/tmp/minio_downloads/1771533488.json', '/tmp/minio_downloads/1771533496.json', '/tmp/minio_downloads/1771533504.json', '/tmp/minio_downloads/1771533511.json', '/tmp/minio_downloads/1771533519.json', '/tmp/minio_downloads/1771533527.json', '/tmp/minio_downloads/1771533535.json', '/tmp/minio_downloads/1771533543.json', '/tmp/minio_downloads/1771533551.json', '/tmp/minio_downloads/1771533559.json', '/tmp/minio_downloads/1771533567.json', '/tmp/minio_downloads/1771533575.json', '/tmp/minio_downloads/1771533583.json', '/tmp/minio_downloads/1771533591.json', '/tmp/minio_downloads/1771533599.json', '/tmp/minio_downloads/1771533607.json', '/tmp/minio_downloads/1771533615.json', '/tmp/minio_downloads/1771533623.json', '/tmp/minio_downloads/1771533631.json', '/tmp/minio_downloads/1771533639.json', '/tmp/minio_downloads/1771533647.json', '/tmp/minio_downloads/1771533655.json', '/tmp/minio_downloads/1771533663.json', '/tmp/minio_downloads/1771533671.json', '/tmp/minio_downloads/1771533679.json', '/tmp/minio_downloads/1771533687.json', '/tmp/minio_downloads/1771533695.json', '/tmp/minio_downloads/1771533703.json', '/tmp/minio_downloads/1771533711.json', '/tmp/minio_downloads/1771533719.json', '/tmp/minio_downloads/1771533727.json', '/tmp/minio_downloads/1771533735.json', '/tmp/minio_downloads/1771533743.json', '/tmp/minio_downloads/1771533752.json', '/tmp/minio_downloads/1771533760.json', '/tmp/minio_downloads/1771533768.json', '/tmp/minio_downloads/1771533777.json', '/tmp/minio_downloads/1771533785.json', '/tmp/minio_downloads/1771533793.json', '/tmp/minio_downloads/1771533801.json', '/tmp/minio_downloads/1771533810.json', '/tmp/minio_downloads/1771533818.json', '/tmp/minio_downloads/1771533826.json', '/tmp/minio_downloads/1771533833.json', '/tmp/minio_downloads/1771533842.json', '/tmp/minio_downloads/1771533850.json', '/tmp/minio_downloads/1771533858.json', '/tmp/minio_downloads/1771533866.json', '/tmp/minio_downloads/1771533873.json', '/tmp/minio_downloads/1771533881.json', '/tmp/minio_downloads/1771533889.json', '/tmp/minio_downloads/1771533897.json', '/tmp/minio_downloads/1771533417.json', '/tmp/minio_downloads/1771533424.json', '/tmp/minio_downloads/1771533433.json', '/tmp/minio_downloads/1771533440.json', '/tmp/minio_downloads/1771533448.json', '/tmp/minio_downloads/1771533456.json', '/tmp/minio_downloads/1771533464.json', '/tmp/minio_downloads/1771533472.json', '/tmp/minio_downloads/1771533480.json', '/tmp/minio_downloads/1771533488.json', '/tmp/minio_downloads/1771533496.json', '/tmp/minio_downloads/1771533504.json', '/tmp/minio_downloads/1771533512.json', '/tmp/minio_downloads/1771533520.json', '/tmp/minio_downloads/1771533528.json', '/tmp/minio_downloads/1771533536.json', '/tmp/minio_downloads/1771533544.json', '/tmp/minio_downloads/1771533552.json', '/tmp/minio_downloads/1771533560.json', '/tmp/minio_downloads/1771533567.json', '/tmp/minio_downloads/1771533575.json', '/tmp/minio_downloads/1771533583.json', '/tmp/minio_downloads/1771533591.json', '/tmp/minio_downloads/1771533599.json', '/tmp/minio_downloads/1771533607.json', '/tmp/minio_downloads/1771533616.json', '/tmp/minio_downloads/1771533624.json', '/tmp/minio_downloads/1771533632.json', '/tmp/minio_downloads/1771533640.json', '/tmp/minio_downloads/1771533647.json', '/tmp/minio_downloads/1771533655.json', '/tmp/minio_downloads/1771533664.json', '/tmp/minio_downloads/1771533672.json', '/tmp/minio_downloads/1771533680.json', '/tmp/minio_downloads/1771533688.json', '/tmp/minio_downloads/1771533695.json', '/tmp/minio_downloads/1771533703.json', '/tmp/minio_downloads/1771533712.json', '/tmp/minio_downloads/1771533719.json', '/tmp/minio_downloads/1771533727.json', '/tmp/minio_downloads/1771533735.json', '/tmp/minio_downloads/1771533743.json', '/tmp/minio_downloads/1771533752.json', '/tmp/minio_downloads/1771533760.json', '/tmp/minio_downloads/1771533769.json', '/tmp/minio_downloads/1771533778.json', '/tmp/minio_downloads/1771533786.json', '/tmp/minio_downloads/1771533794.json', '/tmp/minio_downloads/1771533802.json', '/tmp/minio_downloads/1771533810.json', '/tmp/minio_downloads/1771533818.json', '/tmp/minio_downloads/1771533826.json', '/tmp/minio_downloads/1771533834.json', '/tmp/minio_downloads/1771533842.json', '/tmp/minio_downloads/1771533850.json', '/tmp/minio_downloads/1771533858.json', '/tmp/minio_downloads/1771533866.json', '/tmp/minio_downloads/1771533874.json', '/tmp/minio_downloads/1771533882.json', '/tmp/minio_downloads/1771533889.json', '/tmp/minio_downloads/1771533897.json']
[2026-02-19T20:45:03.843+0000] {taskinstance.py:441} INFO - ::group::Post task execution logs
[2026-02-19T20:45:03.870+0000] {taskinstance.py:1206} INFO - Marking task as SUCCESS. dag_id=minio_to_snowflake, task_id=download_minio, run_id=scheduled__2026-02-19T20:44:00+00:00, execution_date=20260219T204400, start_date=20260219T204502, end_date=20260219T204503
[2026-02-19T20:45:03.893+0000] {local_task_job_runner.py:243} INFO - Task exited with return code 0
[2026-02-19T20:45:03.908+0000] {taskinstance.py:3503} INFO - 1 downstream tasks scheduled from follow-on schedule check
[2026-02-19T20:45:03.909+0000] {local_task_job_runner.py:222} INFO - ::endgroup::
